<!DOCTYPE html PUBLIC "-//W3C//DTD XHTML 1.1//EN" "https://www.w3.org/TR/xhtml11/DTD/xhtml11.dtd">
<html xmlns="https://www.w3.org/1999/xhtml">
<head>
<meta http-equiv="content-type" content="text/html; charset=UTF-8"/>
<title>TestNG Report</title>
<style type="text/css">table {margin-bottom:10px;border-collapse:collapse;empty-cells:show}th,td {border:1px solid #009;padding:.25em .5em}th {vertical-align:bottom}td {vertical-align:top}table a {font-weight:bold}.stripe td {background-color: #E6EBF9}.num {text-align:right}.passedodd td {background-color: #3F3}.passedeven td {background-color: #0A0}.skippedodd td {background-color: #DDD}.skippedeven td {background-color: #CCC}.failedodd td,.attn {background-color: #F33}.failedeven td,.stripe .attn {background-color: #D00}.stacktrace {white-space:pre;font-family:monospace}.totop {font-size:85%;text-align:center;border-bottom:2px solid #000}.invisible {display:none}</style>
</head>
<body>
<table>
<tr><th>Test</th><th># Passed</th><th># Skipped</th><th># Retried</th><th># Failed</th><th>Time (ms)</th><th>Included Groups</th><th>Excluded Groups</th></tr>
<tr><th colspan="8">Default suite</th></tr>
<tr><td><a href="#t0">Default test</a></td><td class="num">16</td><td class="num">0</td><td class="num">0</td><td class="num attn">120</td><td class="num">169,784</td><td></td><td></td></tr>
</table>
<table id='summary'><thead><tr><th>Class</th><th>Method</th><th>Start</th><th>Time (ms)</th></tr></thead><tbody><tr><th colspan="4">Default suite</th></tr></tbody><tbody id="t0"><tr><th colspan="4">Default test &#8212; failed</th></tr><tr class="failedeven"><td rowspan="120">runners.TestRunner</td><td><a href="#m0">runScenario</a></td><td rowspan="120">1730232918419</td><td rowspan="120">51</td></tr><tr class="failedeven"><td><a href="#m1">runScenario</a></td></tr><tr class="failedeven"><td><a href="#m2">runScenario</a></td></tr><tr class="failedeven"><td><a href="#m3">runScenario</a></td></tr><tr class="failedeven"><td><a href="#m4">runScenario</a></td></tr><tr class="failedeven"><td><a href="#m5">runScenario</a></td></tr><tr class="failedeven"><td><a href="#m6">runScenario</a></td></tr><tr class="failedeven"><td><a href="#m7">runScenario</a></td></tr><tr class="failedeven"><td><a href="#m8">runScenario</a></td></tr><tr class="failedeven"><td><a href="#m9">runScenario</a></td></tr><tr class="failedeven"><td><a href="#m10">runScenario</a></td></tr><tr class="failedeven"><td><a href="#m11">runScenario</a></td></tr><tr class="failedeven"><td><a href="#m12">runScenario</a></td></tr><tr class="failedeven"><td><a href="#m13">runScenario</a></td></tr><tr class="failedeven"><td><a href="#m14">runScenario</a></td></tr><tr class="failedeven"><td><a href="#m15">runScenario</a></td></tr><tr class="failedeven"><td><a href="#m16">runScenario</a></td></tr><tr class="failedeven"><td><a href="#m17">runScenario</a></td></tr><tr class="failedeven"><td><a href="#m18">runScenario</a></td></tr><tr class="failedeven"><td><a href="#m19">runScenario</a></td></tr><tr class="failedeven"><td><a href="#m20">runScenario</a></td></tr><tr class="failedeven"><td><a href="#m21">runScenario</a></td></tr><tr class="failedeven"><td><a href="#m22">runScenario</a></td></tr><tr class="failedeven"><td><a href="#m23">runScenario</a></td></tr><tr class="failedeven"><td><a href="#m24">runScenario</a></td></tr><tr class="failedeven"><td><a href="#m25">runScenario</a></td></tr><tr class="failedeven"><td><a href="#m26">runScenario</a></td></tr><tr class="failedeven"><td><a href="#m27">runScenario</a></td></tr><tr class="failedeven"><td><a href="#m28">runScenario</a></td></tr><tr class="failedeven"><td><a href="#m29">runScenario</a></td></tr><tr class="failedeven"><td><a href="#m30">runScenario</a></td></tr><tr class="failedeven"><td><a href="#m31">runScenario</a></td></tr><tr class="failedeven"><td><a href="#m32">runScenario</a></td></tr><tr class="failedeven"><td><a href="#m33">runScenario</a></td></tr><tr class="failedeven"><td><a href="#m34">runScenario</a></td></tr><tr class="failedeven"><td><a href="#m35">runScenario</a></td></tr><tr class="failedeven"><td><a href="#m36">runScenario</a></td></tr><tr class="failedeven"><td><a href="#m37">runScenario</a></td></tr><tr class="failedeven"><td><a href="#m38">runScenario</a></td></tr><tr class="failedeven"><td><a href="#m39">runScenario</a></td></tr><tr class="failedeven"><td><a href="#m40">runScenario</a></td></tr><tr class="failedeven"><td><a href="#m41">runScenario</a></td></tr><tr class="failedeven"><td><a href="#m42">runScenario</a></td></tr><tr class="failedeven"><td><a href="#m43">runScenario</a></td></tr><tr class="failedeven"><td><a href="#m44">runScenario</a></td></tr><tr class="failedeven"><td><a href="#m45">runScenario</a></td></tr><tr class="failedeven"><td><a href="#m46">runScenario</a></td></tr><tr class="failedeven"><td><a href="#m47">runScenario</a></td></tr><tr class="failedeven"><td><a href="#m48">runScenario</a></td></tr><tr class="failedeven"><td><a href="#m49">runScenario</a></td></tr><tr class="failedeven"><td><a href="#m50">runScenario</a></td></tr><tr class="failedeven"><td><a href="#m51">runScenario</a></td></tr><tr class="failedeven"><td><a href="#m52">runScenario</a></td></tr><tr class="failedeven"><td><a href="#m53">runScenario</a></td></tr><tr class="failedeven"><td><a href="#m54">runScenario</a></td></tr><tr class="failedeven"><td><a href="#m55">runScenario</a></td></tr><tr class="failedeven"><td><a href="#m56">runScenario</a></td></tr><tr class="failedeven"><td><a href="#m57">runScenario</a></td></tr><tr class="failedeven"><td><a href="#m58">runScenario</a></td></tr><tr class="failedeven"><td><a href="#m59">runScenario</a></td></tr><tr class="failedeven"><td><a href="#m60">runScenario</a></td></tr><tr class="failedeven"><td><a href="#m61">runScenario</a></td></tr><tr class="failedeven"><td><a href="#m62">runScenario</a></td></tr><tr class="failedeven"><td><a href="#m63">runScenario</a></td></tr><tr class="failedeven"><td><a href="#m64">runScenario</a></td></tr><tr class="failedeven"><td><a href="#m65">runScenario</a></td></tr><tr class="failedeven"><td><a href="#m66">runScenario</a></td></tr><tr class="failedeven"><td><a href="#m67">runScenario</a></td></tr><tr class="failedeven"><td><a href="#m68">runScenario</a></td></tr><tr class="failedeven"><td><a href="#m69">runScenario</a></td></tr><tr class="failedeven"><td><a href="#m70">runScenario</a></td></tr><tr class="failedeven"><td><a href="#m71">runScenario</a></td></tr><tr class="failedeven"><td><a href="#m72">runScenario</a></td></tr><tr class="failedeven"><td><a href="#m73">runScenario</a></td></tr><tr class="failedeven"><td><a href="#m74">runScenario</a></td></tr><tr class="failedeven"><td><a href="#m75">runScenario</a></td></tr><tr class="failedeven"><td><a href="#m76">runScenario</a></td></tr><tr class="failedeven"><td><a href="#m77">runScenario</a></td></tr><tr class="failedeven"><td><a href="#m78">runScenario</a></td></tr><tr class="failedeven"><td><a href="#m79">runScenario</a></td></tr><tr class="failedeven"><td><a href="#m80">runScenario</a></td></tr><tr class="failedeven"><td><a href="#m81">runScenario</a></td></tr><tr class="failedeven"><td><a href="#m82">runScenario</a></td></tr><tr class="failedeven"><td><a href="#m83">runScenario</a></td></tr><tr class="failedeven"><td><a href="#m84">runScenario</a></td></tr><tr class="failedeven"><td><a href="#m85">runScenario</a></td></tr><tr class="failedeven"><td><a href="#m86">runScenario</a></td></tr><tr class="failedeven"><td><a href="#m87">runScenario</a></td></tr><tr class="failedeven"><td><a href="#m88">runScenario</a></td></tr><tr class="failedeven"><td><a href="#m89">runScenario</a></td></tr><tr class="failedeven"><td><a href="#m90">runScenario</a></td></tr><tr class="failedeven"><td><a href="#m91">runScenario</a></td></tr><tr class="failedeven"><td><a href="#m92">runScenario</a></td></tr><tr class="failedeven"><td><a href="#m93">runScenario</a></td></tr><tr class="failedeven"><td><a href="#m94">runScenario</a></td></tr><tr class="failedeven"><td><a href="#m95">runScenario</a></td></tr><tr class="failedeven"><td><a href="#m96">runScenario</a></td></tr><tr class="failedeven"><td><a href="#m97">runScenario</a></td></tr><tr class="failedeven"><td><a href="#m98">runScenario</a></td></tr><tr class="failedeven"><td><a href="#m99">runScenario</a></td></tr><tr class="failedeven"><td><a href="#m100">runScenario</a></td></tr><tr class="failedeven"><td><a href="#m101">runScenario</a></td></tr><tr class="failedeven"><td><a href="#m102">runScenario</a></td></tr><tr class="failedeven"><td><a href="#m103">runScenario</a></td></tr><tr class="failedeven"><td><a href="#m104">runScenario</a></td></tr><tr class="failedeven"><td><a href="#m105">runScenario</a></td></tr><tr class="failedeven"><td><a href="#m106">runScenario</a></td></tr><tr class="failedeven"><td><a href="#m107">runScenario</a></td></tr><tr class="failedeven"><td><a href="#m108">runScenario</a></td></tr><tr class="failedeven"><td><a href="#m109">runScenario</a></td></tr><tr class="failedeven"><td><a href="#m110">runScenario</a></td></tr><tr class="failedeven"><td><a href="#m111">runScenario</a></td></tr><tr class="failedeven"><td><a href="#m112">runScenario</a></td></tr><tr class="failedeven"><td><a href="#m113">runScenario</a></td></tr><tr class="failedeven"><td><a href="#m114">runScenario</a></td></tr><tr class="failedeven"><td><a href="#m115">runScenario</a></td></tr><tr class="failedeven"><td><a href="#m116">runScenario</a></td></tr><tr class="failedeven"><td><a href="#m117">runScenario</a></td></tr><tr class="failedeven"><td><a href="#m118">runScenario</a></td></tr><tr class="failedeven"><td><a href="#m119">runScenario</a></td></tr><tr><th colspan="4">Default test &#8212; passed</th></tr><tr class="passedeven"><td rowspan="16">runners.TestRunner</td><td><a href="#m120">runScenario</a></td><td rowspan="16">1730232926440</td><td rowspan="16">102</td></tr><tr class="passedeven"><td><a href="#m121">runScenario</a></td></tr><tr class="passedeven"><td><a href="#m122">runScenario</a></td></tr><tr class="passedeven"><td><a href="#m123">runScenario</a></td></tr><tr class="passedeven"><td><a href="#m124">runScenario</a></td></tr><tr class="passedeven"><td><a href="#m125">runScenario</a></td></tr><tr class="passedeven"><td><a href="#m126">runScenario</a></td></tr><tr class="passedeven"><td><a href="#m127">runScenario</a></td></tr><tr class="passedeven"><td><a href="#m128">runScenario</a></td></tr><tr class="passedeven"><td><a href="#m129">runScenario</a></td></tr><tr class="passedeven"><td><a href="#m130">runScenario</a></td></tr><tr class="passedeven"><td><a href="#m131">runScenario</a></td></tr><tr class="passedeven"><td><a href="#m132">runScenario</a></td></tr><tr class="passedeven"><td><a href="#m133">runScenario</a></td></tr><tr class="passedeven"><td><a href="#m134">runScenario</a></td></tr><tr class="passedeven"><td><a href="#m135">runScenario</a></td></tr></tbody>
</table>
<h2>Default test</h2><h3 id="m0">runners.TestRunner#runScenario</h3><table class="result"><tr class="param"><th>Parameter #1</th><th>Parameter #2</th></tr><tr class="param stripe"><td>&quot;verify login button action through keyboard&quot;</td><td>&quot;login&quot;</td></tr><tr><th colspan="2">Exception</th></tr><tr><td colspan="2"><div class="stacktrace">java.lang.NullPointerException: Cannot invoke &quot;org.openqa.selenium.WebDriver.findElement(org.openqa.selenium.By)&quot; because &quot;pageObjectModel.LoginPage.driver&quot; is null
	at pageObjectModel.LoginPage.validcredencialwithkeyboard(LoginPage.java:280)
	at stepDefinition.LoginSteps.admin_enter_valid_credentials_and_clicks_login_button_through_keyboard_vh(LoginSteps.java:179)
	at ✽.Admin enter valid credentials and clicks login button through keyboard vh(file:///C:/Users/banda/git/Team12_SeleniumHackathon/Team_12_LMS_Oct_2024/./src/test/resources/Features/01Login.feature:106)
</div></td></tr></table><p class="totop"><a href="#summary">back to summary</a></p>
<h3 id="m1">runners.TestRunner#runScenario</h3><table class="result"><tr class="param"><th>Parameter #1</th><th>Parameter #2</th></tr><tr class="param stripe"><td>&quot;validate no button on the confirm alert box&quot;</td><td>&quot;Batch Page Navigation&quot;</td></tr><tr><th colspan="2">Exception</th></tr><tr><td colspan="2"><div class="stacktrace">io.cucumber.java.PendingException: TODO: implement me
	at stepDefinition.BatchSteps.admin_is_on_the_batch_confirm_popup_page(BatchSteps.java:310)
	at ✽.Admin is on the batch confirm popup page(file:///C:/Users/banda/git/Team12_SeleniumHackathon/Team_12_LMS_Oct_2024/./src/test/resources/Features/04Batch.feature:152)
</div></td></tr></table><p class="totop"><a href="#summary">back to summary</a></p>
<h3 id="m2">runners.TestRunner#runScenario</h3><table class="result"><tr class="param"><th>Parameter #1</th><th>Parameter #2</th></tr><tr class="param stripe"><td>&quot;Verify text on the second text field&quot;</td><td>&quot;login&quot;</td></tr><tr><th colspan="2">Exception</th></tr><tr><td colspan="2"><div class="stacktrace">java.lang.NullPointerException: Cannot invoke &quot;org.openqa.selenium.WebDriver.findElements(org.openqa.selenium.By)&quot; because &quot;pageObjectModel.LoginPage.driver&quot; is null
	at pageObjectModel.LoginPage.Verifypassword(LoginPage.java:98)
	at stepDefinition.LoginSteps.admin_should_in_the_second_text_field_vh(LoginSteps.java:101)
	at ✽.Admin should &quot;Password&quot; in the second text field vh(file:///C:/Users/banda/git/Team12_SeleniumHackathon/Team_12_LMS_Oct_2024/./src/test/resources/Features/01Login.feature:56)
</div></td></tr></table><p class="totop"><a href="#summary">back to summary</a></p>
<h3 id="m3">runners.TestRunner#runScenario</h3><table class="result"><tr class="param"><th>Parameter #1</th><th>Parameter #2</th></tr><tr class="param stripe"><td>&quot;Verify checkboxes default state beside each Program names in the data table&quot;</td><td>&quot;Navigation&quot;</td></tr><tr><th colspan="2">Exception</th></tr><tr><td colspan="2"><div class="stacktrace">java.lang.NullPointerException: Cannot invoke &quot;org.openqa.selenium.WebDriver.manage()&quot; because &quot;pageObjectModel.ProgramPage.driver&quot; is null
	at pageObjectModel.ProgramPage.clickProgram(ProgramPage.java:164)
	at stepDefinition.ProgramSteps.admin_clicks_on_the_navigation_bar(ProgramSteps.java:30)
	at ✽.Admin clicks Program on the navigation bar SM(file:///C:/Users/banda/git/Team12_SeleniumHackathon/Team_12_LMS_Oct_2024/./src/test/resources/Features/03Program.feature:68)
</div></td></tr></table><p class="totop"><a href="#summary">back to summary</a></p>
<h3 id="m4">runners.TestRunner#runScenario</h3><table class="result"><tr class="param"><th>Parameter #1</th><th>Parameter #2</th></tr><tr class="param stripe"><td>&quot;Validate batchname prefix selected program name&quot;</td><td>&quot;Batch Page Navigation&quot;</td></tr><tr><th colspan="2">Exception</th></tr><tr><td colspan="2"><div class="stacktrace">io.cucumber.java.PendingException: TODO: implement me
	at stepDefinition.BatchSteps.admin_is_on_the_batch_details_pop_up_w_indow(BatchSteps.java:136)
	at ✽.Admin is on the Batch Details Pop Up WIndow(file:///C:/Users/banda/git/Team12_SeleniumHackathon/Team_12_LMS_Oct_2024/./src/test/resources/Features/04Batch.feature:76)
</div></td></tr></table><p class="totop"><a href="#summary">back to summary</a></p>
<h3 id="m5">runners.TestRunner#runScenario</h3><table class="result"><tr class="param"><th>Parameter #1</th><th>Parameter #2</th></tr><tr class="param stripe"><td>&quot;validate close Icon on the alert box&quot;</td><td>&quot;Batch Page Navigation&quot;</td></tr><tr><th colspan="2">Exception</th></tr><tr><td colspan="2"><div class="stacktrace">io.cucumber.java.PendingException: TODO: implement me
	at stepDefinition.BatchSteps.admin_is_on_the_batch_confirm_popup_page(BatchSteps.java:310)
	at ✽.Admin is on the batch confirm popup page(file:///C:/Users/banda/git/Team12_SeleniumHackathon/Team_12_LMS_Oct_2024/./src/test/resources/Features/04Batch.feature:157)
</div></td></tr></table><p class="totop"><a href="#summary">back to summary</a></p>
<h3 id="m6">runners.TestRunner#runScenario</h3><table class="result"><tr class="param"><th>Parameter #1</th><th>Parameter #2</th></tr><tr class="param stripe"><td>&quot;validate last page link&quot;</td><td>&quot;Batch Page Navigation&quot;</td></tr><tr><th colspan="2">Exception</th></tr><tr><td colspan="2"><div class="stacktrace">io.cucumber.java.PendingException: TODO: implement me
	at stepDefinition.BatchSteps.admin_is_on_batch_page(BatchSteps.java:101)
	at ✽.Admin is on batch page(file:///C:/Users/banda/git/Team12_SeleniumHackathon/Team_12_LMS_Oct_2024/./src/test/resources/Features/04Batch.feature:178)
</div></td></tr></table><p class="totop"><a href="#summary">back to summary</a></p>
<h3 id="m7">runners.TestRunner#runScenario</h3><table class="result"><tr class="param"><th>Parameter #1</th><th>Parameter #2</th></tr><tr class="param stripe"><td>&quot;Verify Admin is able to click Last page linkKPPP&quot;</td><td>&quot;Navigation&quot;</td></tr><tr><th colspan="2">Exception</th></tr><tr><td colspan="2"><div class="stacktrace">org.openqa.selenium.ElementClickInterceptedException: element click intercepted: Element &lt;button _ngcontent-sdw-c227=&quot;&quot; aria-haspopup=&quot;true&quot; id=&quot;program&quot; mat-button=&quot;&quot; a=&quot;&quot; routerlink=&quot;/program&quot; class=&quot;mat-focus-indicator mat-menu-trigger mat-button mat-button-base&quot; tabindex=&quot;0&quot; ng-reflect-router-link=&quot;/program&quot; ng-reflect-menu=&quot;[object Object]&quot; aria-expanded=&quot;true&quot; aria-controls=&quot;mat-menu-panel-0&quot;&gt;...&lt;/button&gt; is not clickable at point (1235, 32). Other element would receive the click: &lt;div class=&quot;cdk-overlay-backdrop cdk-overlay-transparent-backdrop cdk-overlay-backdrop-showing&quot;&gt;&lt;/div&gt;
  (Session info: chrome=130.0.6723.70)
Build info: version: &apos;4.11.0&apos;, revision: &apos;040bc5406b&apos;
System info: os.name: &apos;Windows 11&apos;, os.arch: &apos;amd64&apos;, os.version: &apos;10.0&apos;, java.version: &apos;17.0.7&apos;
Driver info: org.openqa.selenium.chrome.ChromeDriver
Command: [73ff715d4e9facfef584313e7cf941b6, clickElement {id=f.E574B401B2B9A599809FF0349E503009.d.DFCB77AF637203176CA20288FB03F304.e.358}]
Capabilities {acceptInsecureCerts: false, browserName: chrome, browserVersion: 130.0.6723.70, chrome: {chromedriverVersion: 130.0.6723.69 (3ec172b971b9..., userDataDir: C:\Users\banda\AppData\Loca...}, fedcm:accounts: true, goog:chromeOptions: {debuggerAddress: localhost:57362}, networkConnectionEnabled: false, pageLoadStrategy: normal, platformName: windows, proxy: Proxy(), se:cdp: ws://localhost:57362/devtoo..., se:cdpVersion: 130.0.6723.70, setWindowRect: true, strictFileInteractability: false, timeouts: {implicit: 0, pageLoad: 300000, script: 30000}, unhandledPromptBehavior: dismiss and notify, webauthn:extension:credBlob: true, webauthn:extension:largeBlob: true, webauthn:extension:minPinLength: true, webauthn:extension:prf: true, webauthn:virtualAuthenticators: true}
Element: [[ChromeDriver: chrome on windows (73ff715d4e9facfef584313e7cf941b6)] -&gt; xpath: //button[@id=&apos;program&apos;]]
Session ID: 73ff715d4e9facfef584313e7cf941b6
	at java.base/jdk.internal.reflect.NativeConstructorAccessorImpl.newInstance0(Native Method)
	at java.base/jdk.internal.reflect.NativeConstructorAccessorImpl.newInstance(NativeConstructorAccessorImpl.java:77)
	at java.base/jdk.internal.reflect.DelegatingConstructorAccessorImpl.newInstance(DelegatingConstructorAccessorImpl.java:45)
	at java.base/java.lang.reflect.Constructor.newInstanceWithCaller(Constructor.java:499)
	at java.base/java.lang.reflect.Constructor.newInstance(Constructor.java:480)
	at org.openqa.selenium.remote.codec.w3c.W3CHttpResponseCodec.createException(W3CHttpResponseCodec.java:200)
	at org.openqa.selenium.remote.codec.w3c.W3CHttpResponseCodec.decode(W3CHttpResponseCodec.java:133)
	at org.openqa.selenium.remote.codec.w3c.W3CHttpResponseCodec.decode(W3CHttpResponseCodec.java:52)
	at org.openqa.selenium.remote.HttpCommandExecutor.execute(HttpCommandExecutor.java:191)
	at org.openqa.selenium.remote.service.DriverCommandExecutor.invokeExecute(DriverCommandExecutor.java:196)
	at org.openqa.selenium.remote.service.DriverCommandExecutor.execute(DriverCommandExecutor.java:171)
	at org.openqa.selenium.remote.RemoteWebDriver.execute(RemoteWebDriver.java:518)
	at org.openqa.selenium.remote.RemoteWebElement.execute(RemoteWebElement.java:224)
	at org.openqa.selenium.remote.RemoteWebElement.click(RemoteWebElement.java:77)
	at jdk.internal.reflect.GeneratedMethodAccessor159.invoke(Unknown Source)
	at java.base/jdk.internal.reflect.DelegatingMethodAccessorImpl.invoke(DelegatingMethodAccessorImpl.java:43)
	at java.base/java.lang.reflect.Method.invoke(Method.java:568)
	at org.openqa.selenium.support.pagefactory.internal.LocatingElementHandler.invoke(LocatingElementHandler.java:51)
	at jdk.proxy2/jdk.proxy2.$Proxy40.click(Unknown Source)
	at pageObjectModel.ProgramPage.Programmodule(ProgramPage.java:469)
	at stepDefinition.ProgramSteps.admin_is_on_program_module_kppp(ProgramSteps.java:853)
	at ✽.Admin is on Program moduleKPPP(file:///C:/Users/banda/git/Team12_SeleniumHackathon/Team_12_LMS_Oct_2024/./src/test/resources/Features/03Program.feature:343)
</div></td></tr></table><p class="totop"><a href="#summary">back to summary</a></p>
<h3 id="m8">runners.TestRunner#runScenario</h3><table class="result"><tr class="param"><th>Parameter #1</th><th>Parameter #2</th></tr><tr class="param stripe"><td>&quot;Verify Admin is able to close the window with &quot;X&quot;&quot;</td><td>&quot;Navigation&quot;</td></tr><tr><th colspan="2">Exception</th></tr><tr><td colspan="2"><div class="stacktrace">java.lang.NullPointerException: Cannot invoke &quot;org.openqa.selenium.WebDriver.switchTo()&quot; because &quot;pageObjectModel.ProgramPage.driver&quot; is null
	at pageObjectModel.ProgramPage.conformbox(ProgramPage.java:505)
	at stepDefinition.ProgramSteps.admin_is_on_program_confirm_deletion_page_after_selecting_a_program_to_delete(ProgramSteps.java:602)
	at ✽.Admin is on Program Confirm Deletion Page after selecting a program to delete(file:///C:/Users/banda/git/Team12_SeleniumHackathon/Team_12_LMS_Oct_2024/./src/test/resources/Features/03Program.feature:226)
</div></td></tr></table><p class="totop"><a href="#summary">back to summary</a></p>
<h3 id="m9">runners.TestRunner#runScenario</h3><table class="result"><tr class="param"><th>Parameter #1</th><th>Parameter #2</th></tr><tr class="param stripe"><td>&quot;Userhb is able to validate pagination prev link in manage class&quot;</td><td>&quot;Class Module&quot;</td></tr><tr><th colspan="2">Exception</th></tr><tr><td colspan="2"><div class="stacktrace">java.lang.NullPointerException: Cannot invoke &quot;org.openqa.selenium.WebDriver.getWindowHandle()&quot; because &quot;pageObjectModel.ClassPage.driver&quot; is null
	at pageObjectModel.ClassPage.switchtoPopUp(ClassPage.java:136)
	at stepDefinition.ClassSteps.userhb_is_in_manage_classpage(ClassSteps.java:104)
	at ✽.userhb is in manage classpage(file:///C:/Users/banda/git/Team12_SeleniumHackathon/Team_12_LMS_Oct_2024/./src/test/resources/Features/05Class.feature:28)
</div></td></tr></table><p class="totop"><a href="#summary">back to summary</a></p>
<h3 id="m10">runners.TestRunner#runScenario</h3><table class="result"><tr class="param"><th>Parameter #1</th><th>Parameter #2</th></tr><tr class="param stripe"><td>&quot;Verify checkbox default state beside Program Name column header&quot;</td><td>&quot;Navigation&quot;</td></tr><tr><th colspan="2">Exception</th></tr><tr><td colspan="2"><div class="stacktrace">java.lang.NullPointerException: Cannot invoke &quot;org.openqa.selenium.WebDriver.manage()&quot; because &quot;pageObjectModel.ProgramPage.driver&quot; is null
	at pageObjectModel.ProgramPage.clickProgram(ProgramPage.java:164)
	at stepDefinition.ProgramSteps.admin_clicks_on_the_navigation_bar(ProgramSteps.java:30)
	at ✽.Admin clicks Program on the navigation bar SM(file:///C:/Users/banda/git/Team12_SeleniumHackathon/Team_12_LMS_Oct_2024/./src/test/resources/Features/03Program.feature:63)
</div></td></tr></table><p class="totop"><a href="#summary">back to summary</a></p>
<h3 id="m11">runners.TestRunner#runScenario</h3><table class="result"><tr class="param"><th>Parameter #1</th><th>Parameter #2</th></tr><tr class="param stripe"><td>&quot;validate save button in Batch details pop up&quot;</td><td>&quot;Batch Page Navigation&quot;</td></tr><tr><th colspan="2">Exception</th></tr><tr><td colspan="2"><div class="stacktrace">io.cucumber.java.PendingException: TODO: implement me
	at stepDefinition.BatchSteps.admin_is_on_the_batch_details_pop_up_w_indow(BatchSteps.java:136)
	at ✽.Admin is on the Batch Details Pop Up WIndow(file:///C:/Users/banda/git/Team12_SeleniumHackathon/Team_12_LMS_Oct_2024/./src/test/resources/Features/04Batch.feature:96)
</div></td></tr></table><p class="totop"><a href="#summary">back to summary</a></p>
<h3 id="m12">runners.TestRunner#runScenario</h3><table class="result"><tr class="param"><th>Parameter #1</th><th>Parameter #2</th></tr><tr class="param stripe"><td>&quot;Validate &quot;heading&quot; in the Batch Page&quot;</td><td>&quot;Batch Page Navigation&quot;</td></tr><tr><th colspan="2">Exception</th></tr><tr><td colspan="2"><div class="stacktrace">io.cucumber.testng.UndefinedStepException: The step &apos;Admin should see the Manage Batch Heading&apos; is undefined.
You can implement this step using the snippet(s) below:

@Then(&quot;Admin should see the Manage Batch Heading&quot;)
public void admin_should_see_the_manage_batch_heading() {
    // Write code here that turns the phrase above into concrete actions
    throw new io.cucumber.java.PendingException();
}

	at io.cucumber.core.runtime.TestCaseResultObserver.assertTestCasePassed(TestCaseResultObserver.java:69)
	at io.cucumber.testng.TestCaseResultObserver.assertTestCasePassed(TestCaseResultObserver.java:23)
	at io.cucumber.testng.TestNGCucumberRunner.lambda$runScenario$1(TestNGCucumberRunner.java:133)
	at io.cucumber.core.runtime.CucumberExecutionContext.lambda$runTestCase$5(CucumberExecutionContext.java:130)
	at io.cucumber.core.runtime.RethrowingThrowableCollector.executeAndThrow(RethrowingThrowableCollector.java:23)
	at io.cucumber.core.runtime.CucumberExecutionContext.runTestCase(CucumberExecutionContext.java:130)
	at io.cucumber.testng.TestNGCucumberRunner.runScenario(TestNGCucumberRunner.java:129)
	at io.cucumber.testng.AbstractTestNGCucumberTests.runScenario(AbstractTestNGCucumberTests.java:35)
	at jdk.internal.reflect.GeneratedMethodAccessor155.invoke(Unknown Source)
	at java.base/jdk.internal.reflect.DelegatingMethodAccessorImpl.invoke(DelegatingMethodAccessorImpl.java:43)
	at java.base/java.lang.reflect.Method.invoke(Method.java:568)
	at org.testng.internal.invokers.MethodInvocationHelper.invokeMethod(MethodInvocationHelper.java:139)
	at org.testng.internal.invokers.TestInvoker.invokeMethod(TestInvoker.java:677)
	at org.testng.internal.invokers.TestInvoker.invokeTestMethod(TestInvoker.java:221)
	at org.testng.internal.invokers.MethodRunner.runInSequence(MethodRunner.java:50)
	at org.testng.internal.invokers.TestInvoker$MethodInvocationAgent.invoke(TestInvoker.java:969)
	at org.testng.internal.invokers.TestInvoker.invokeTestMethods(TestInvoker.java:194)
	at org.testng.internal.invokers.TestMethodWorker.invokeTestMethods(TestMethodWorker.java:148)
	at org.testng.internal.invokers.TestMethodWorker.run(TestMethodWorker.java:128)
	at java.base/java.util.ArrayList.forEach(ArrayList.java:1511)
	at org.testng.TestRunner.privateRun(TestRunner.java:829)
	at org.testng.TestRunner.run(TestRunner.java:602)
	at org.testng.SuiteRunner.runTest(SuiteRunner.java:437)
	at org.testng.SuiteRunner.runSequentially(SuiteRunner.java:431)
	at org.testng.SuiteRunner.privateRun(SuiteRunner.java:391)
	at org.testng.SuiteRunner.run(SuiteRunner.java:330)
	at org.testng.SuiteRunnerWorker.runSuite(SuiteRunnerWorker.java:52)
	at org.testng.SuiteRunnerWorker.run(SuiteRunnerWorker.java:95)
	at org.testng.TestNG.runSuitesSequentially(TestNG.java:1256)
	at org.testng.TestNG.runSuitesLocally(TestNG.java:1176)
	at org.testng.TestNG.runSuites(TestNG.java:1099)
	at org.testng.TestNG.run(TestNG.java:1067)
	at org.testng.remote.AbstractRemoteTestNG.run(AbstractRemoteTestNG.java:115)
	at org.testng.remote.RemoteTestNG.initAndRun(RemoteTestNG.java:293)
	at org.testng.remote.RemoteTestNG.main(RemoteTestNG.java:91)
</div></td></tr></table><p class="totop"><a href="#summary">back to summary</a></p>
<h3 id="m13">runners.TestRunner#runScenario</h3><table class="result"><tr class="param"><th>Parameter #1</th><th>Parameter #2</th></tr><tr class="param stripe"><td>&quot;Verify Admin is able to click First page link&quot;</td><td>&quot;Navigation&quot;</td></tr><tr><th colspan="2">Exception</th></tr><tr><td colspan="2"><div class="stacktrace">org.openqa.selenium.ElementClickInterceptedException: element click intercepted: Element &lt;span class=&quot;p-paginator-icon pi pi-angle-double-left&quot;&gt;&lt;/span&gt; is not clickable at point (887, 625). Other element would receive the click: &lt;div class=&quot;cdk-overlay-backdrop cdk-overlay-transparent-backdrop cdk-overlay-backdrop-showing&quot;&gt;&lt;/div&gt;
  (Session info: chrome=130.0.6723.70)
Build info: version: &apos;4.11.0&apos;, revision: &apos;040bc5406b&apos;
System info: os.name: &apos;Windows 11&apos;, os.arch: &apos;amd64&apos;, os.version: &apos;10.0&apos;, java.version: &apos;17.0.7&apos;
Driver info: org.openqa.selenium.chrome.ChromeDriver
Command: [73ff715d4e9facfef584313e7cf941b6, clickElement {id=f.E574B401B2B9A599809FF0349E503009.d.DFCB77AF637203176CA20288FB03F304.e.386}]
Capabilities {acceptInsecureCerts: false, browserName: chrome, browserVersion: 130.0.6723.70, chrome: {chromedriverVersion: 130.0.6723.69 (3ec172b971b9..., userDataDir: C:\Users\banda\AppData\Loca...}, fedcm:accounts: true, goog:chromeOptions: {debuggerAddress: localhost:57362}, networkConnectionEnabled: false, pageLoadStrategy: normal, platformName: windows, proxy: Proxy(), se:cdp: ws://localhost:57362/devtoo..., se:cdpVersion: 130.0.6723.70, setWindowRect: true, strictFileInteractability: false, timeouts: {implicit: 0, pageLoad: 300000, script: 30000}, unhandledPromptBehavior: dismiss and notify, webauthn:extension:credBlob: true, webauthn:extension:largeBlob: true, webauthn:extension:minPinLength: true, webauthn:extension:prf: true, webauthn:virtualAuthenticators: true}
Element: [[ChromeDriver: chrome on windows (73ff715d4e9facfef584313e7cf941b6)] -&gt; xpath: //span[@class=&apos;p-paginator-icon pi pi-angle-double-left&apos;]]
Session ID: 73ff715d4e9facfef584313e7cf941b6
	at java.base/jdk.internal.reflect.NativeConstructorAccessorImpl.newInstance0(Native Method)
	at java.base/jdk.internal.reflect.NativeConstructorAccessorImpl.newInstance(NativeConstructorAccessorImpl.java:77)
	at java.base/jdk.internal.reflect.DelegatingConstructorAccessorImpl.newInstance(DelegatingConstructorAccessorImpl.java:45)
	at java.base/java.lang.reflect.Constructor.newInstanceWithCaller(Constructor.java:499)
	at java.base/java.lang.reflect.Constructor.newInstance(Constructor.java:480)
	at org.openqa.selenium.remote.codec.w3c.W3CHttpResponseCodec.createException(W3CHttpResponseCodec.java:200)
	at org.openqa.selenium.remote.codec.w3c.W3CHttpResponseCodec.decode(W3CHttpResponseCodec.java:133)
	at org.openqa.selenium.remote.codec.w3c.W3CHttpResponseCodec.decode(W3CHttpResponseCodec.java:52)
	at org.openqa.selenium.remote.HttpCommandExecutor.execute(HttpCommandExecutor.java:191)
	at org.openqa.selenium.remote.service.DriverCommandExecutor.invokeExecute(DriverCommandExecutor.java:196)
	at org.openqa.selenium.remote.service.DriverCommandExecutor.execute(DriverCommandExecutor.java:171)
	at org.openqa.selenium.remote.RemoteWebDriver.execute(RemoteWebDriver.java:518)
	at org.openqa.selenium.remote.RemoteWebElement.execute(RemoteWebElement.java:224)
	at org.openqa.selenium.remote.RemoteWebElement.click(RemoteWebElement.java:77)
	at jdk.internal.reflect.GeneratedMethodAccessor159.invoke(Unknown Source)
	at java.base/jdk.internal.reflect.DelegatingMethodAccessorImpl.invoke(DelegatingMethodAccessorImpl.java:43)
	at java.base/java.lang.reflect.Method.invoke(Method.java:568)
	at org.openqa.selenium.support.pagefactory.internal.LocatingElementHandler.invoke(LocatingElementHandler.java:51)
	at jdk.proxy2/jdk.proxy2.$Proxy40.click(Unknown Source)
	at pageObjectModel.ProgramPage.pagedoubleleft(ProgramPage.java:668)
	at stepDefinition.ProgramSteps.admin_clicks_first_page_link(ProgramSteps.java:933)
	at ✽.Admin clicks First page link(file:///C:/Users/banda/git/Team12_SeleniumHackathon/Team_12_LMS_Oct_2024/./src/test/resources/Features/03Program.feature:354)
</div></td></tr></table><p class="totop"><a href="#summary">back to summary</a></p>
<h3 id="m14">runners.TestRunner#runScenario</h3><table class="result"><tr class="param"><th>Parameter #1</th><th>Parameter #2</th></tr><tr class="param stripe"><td>&quot;Verify heading in menu bar&quot;</td><td>&quot;Navigation&quot;</td></tr><tr><th colspan="2">Exception</th></tr><tr><td colspan="2"><div class="stacktrace">java.lang.NullPointerException: Cannot invoke &quot;org.openqa.selenium.WebDriver.manage()&quot; because &quot;pageObjectModel.ProgramPage.driver&quot; is null
	at pageObjectModel.ProgramPage.clickProgram(ProgramPage.java:164)
	at stepDefinition.ProgramSteps.admin_clicks_on_the_navigation_bar(ProgramSteps.java:30)
	at ✽.Admin clicks Program on the navigation bar SM(file:///C:/Users/banda/git/Team12_SeleniumHackathon/Team_12_LMS_Oct_2024/./src/test/resources/Features/03Program.feature:17)
</div></td></tr></table><p class="totop"><a href="#summary">back to summary</a></p>
<h3 id="m15">runners.TestRunner#runScenario</h3><table class="result"><tr class="param"><th>Parameter #1</th><th>Parameter #2</th></tr><tr class="param stripe"><td>&quot;Userhb is able to validate pagination next link in manage class&quot;</td><td>&quot;Class Module&quot;</td></tr><tr><th colspan="2">Exception</th></tr><tr><td colspan="2"><div class="stacktrace">java.lang.NullPointerException: Cannot invoke &quot;org.openqa.selenium.WebDriver.getWindowHandle()&quot; because &quot;pageObjectModel.ClassPage.driver&quot; is null
	at pageObjectModel.ClassPage.switchtoPopUp(ClassPage.java:136)
	at stepDefinition.ClassSteps.userhb_is_in_manage_classpage(ClassSteps.java:104)
	at ✽.userhb is in manage classpage(file:///C:/Users/banda/git/Team12_SeleniumHackathon/Team_12_LMS_Oct_2024/./src/test/resources/Features/05Class.feature:18)
</div></td></tr></table><p class="totop"><a href="#summary">back to summary</a></p>
<h3 id="m16">runners.TestRunner#runScenario</h3><table class="result"><tr class="param"><th>Parameter #1</th><th>Parameter #2</th></tr><tr class="param stripe"><td>&quot;Verify Admin is able to click Previous page link&quot;</td><td>&quot;Navigation&quot;</td></tr><tr><th colspan="2">Exception</th></tr><tr><td colspan="2"><div class="stacktrace">org.openqa.selenium.ElementClickInterceptedException: element click intercepted: Element &lt;span class=&quot;p-paginator-icon pi pi-angle-left&quot;&gt;&lt;/span&gt; is not clickable at point (929, 625). Other element would receive the click: &lt;div class=&quot;cdk-overlay-backdrop cdk-overlay-transparent-backdrop cdk-overlay-backdrop-showing&quot;&gt;&lt;/div&gt;
  (Session info: chrome=130.0.6723.70)
Build info: version: &apos;4.11.0&apos;, revision: &apos;040bc5406b&apos;
System info: os.name: &apos;Windows 11&apos;, os.arch: &apos;amd64&apos;, os.version: &apos;10.0&apos;, java.version: &apos;17.0.7&apos;
Driver info: org.openqa.selenium.chrome.ChromeDriver
Command: [73ff715d4e9facfef584313e7cf941b6, clickElement {id=f.E574B401B2B9A599809FF0349E503009.d.DFCB77AF637203176CA20288FB03F304.e.385}]
Capabilities {acceptInsecureCerts: false, browserName: chrome, browserVersion: 130.0.6723.70, chrome: {chromedriverVersion: 130.0.6723.69 (3ec172b971b9..., userDataDir: C:\Users\banda\AppData\Loca...}, fedcm:accounts: true, goog:chromeOptions: {debuggerAddress: localhost:57362}, networkConnectionEnabled: false, pageLoadStrategy: normal, platformName: windows, proxy: Proxy(), se:cdp: ws://localhost:57362/devtoo..., se:cdpVersion: 130.0.6723.70, setWindowRect: true, strictFileInteractability: false, timeouts: {implicit: 0, pageLoad: 300000, script: 30000}, unhandledPromptBehavior: dismiss and notify, webauthn:extension:credBlob: true, webauthn:extension:largeBlob: true, webauthn:extension:minPinLength: true, webauthn:extension:prf: true, webauthn:virtualAuthenticators: true}
Element: [[ChromeDriver: chrome on windows (73ff715d4e9facfef584313e7cf941b6)] -&gt; xpath: //span[@class=&apos;p-paginator-icon pi pi-angle-left&apos;]]
Session ID: 73ff715d4e9facfef584313e7cf941b6
	at java.base/jdk.internal.reflect.NativeConstructorAccessorImpl.newInstance0(Native Method)
	at java.base/jdk.internal.reflect.NativeConstructorAccessorImpl.newInstance(NativeConstructorAccessorImpl.java:77)
	at java.base/jdk.internal.reflect.DelegatingConstructorAccessorImpl.newInstance(DelegatingConstructorAccessorImpl.java:45)
	at java.base/java.lang.reflect.Constructor.newInstanceWithCaller(Constructor.java:499)
	at java.base/java.lang.reflect.Constructor.newInstance(Constructor.java:480)
	at org.openqa.selenium.remote.codec.w3c.W3CHttpResponseCodec.createException(W3CHttpResponseCodec.java:200)
	at org.openqa.selenium.remote.codec.w3c.W3CHttpResponseCodec.decode(W3CHttpResponseCodec.java:133)
	at org.openqa.selenium.remote.codec.w3c.W3CHttpResponseCodec.decode(W3CHttpResponseCodec.java:52)
	at org.openqa.selenium.remote.HttpCommandExecutor.execute(HttpCommandExecutor.java:191)
	at org.openqa.selenium.remote.service.DriverCommandExecutor.invokeExecute(DriverCommandExecutor.java:196)
	at org.openqa.selenium.remote.service.DriverCommandExecutor.execute(DriverCommandExecutor.java:171)
	at org.openqa.selenium.remote.RemoteWebDriver.execute(RemoteWebDriver.java:518)
	at org.openqa.selenium.remote.RemoteWebElement.execute(RemoteWebElement.java:224)
	at org.openqa.selenium.remote.RemoteWebElement.click(RemoteWebElement.java:77)
	at jdk.internal.reflect.GeneratedMethodAccessor159.invoke(Unknown Source)
	at java.base/jdk.internal.reflect.DelegatingMethodAccessorImpl.invoke(DelegatingMethodAccessorImpl.java:43)
	at java.base/java.lang.reflect.Method.invoke(Method.java:568)
	at org.openqa.selenium.support.pagefactory.internal.LocatingElementHandler.invoke(LocatingElementHandler.java:51)
	at jdk.proxy2/jdk.proxy2.$Proxy40.click(Unknown Source)
	at pageObjectModel.ProgramPage.pageleft(ProgramPage.java:661)
	at stepDefinition.ProgramSteps.admin_clicks_previous_page_link(ProgramSteps.java:906)
	at ✽.Admin clicks Previous page link(file:///C:/Users/banda/git/Team12_SeleniumHackathon/Team_12_LMS_Oct_2024/./src/test/resources/Features/03Program.feature:349)
</div></td></tr></table><p class="totop"><a href="#summary">back to summary</a></p>
<h3 id="m17">runners.TestRunner#runScenario</h3><table class="result"><tr class="param"><th>Parameter #1</th><th>Parameter #2</th></tr><tr class="param stripe"><td>&quot;Validate login credentials with null Adminname&quot;</td><td>&quot;login&quot;</td></tr><tr><th colspan="2">Exception</th></tr><tr><td colspan="2"><div class="stacktrace">java.lang.NullPointerException: Cannot invoke &quot;org.openqa.selenium.WebDriver.findElement(org.openqa.selenium.By)&quot; because &quot;pageObjectModel.LoginPage.driver&quot; is null
	at pageObjectModel.LoginPage.onlypassword(LoginPage.java:276)
	at stepDefinition.LoginSteps.admin_enter_value_only_in_password_and_clicks_login_button_vh(LoginSteps.java:159)
	at ✽.Admin enter value only in password and clicks login button vh(file:///C:/Users/banda/git/Team12_SeleniumHackathon/Team_12_LMS_Oct_2024/./src/test/resources/Features/01Login.feature:96)
</div></td></tr></table><p class="totop"><a href="#summary">back to summary</a></p>
<h3 id="m18">runners.TestRunner#runScenario</h3><table class="result"><tr class="param"><th>Parameter #1</th><th>Parameter #2</th></tr><tr class="param stripe"><td>&quot;userhb is able to logout from manage class page&quot;</td><td>&quot;Class Module&quot;</td></tr><tr><th colspan="2">Exception</th></tr><tr><td colspan="2"><div class="stacktrace">org.openqa.selenium.ElementClickInterceptedException: element click intercepted: Element &lt;span class=&quot;mat-button-wrapper&quot;&gt;...&lt;/span&gt; is not clickable at point (1312, 31). Other element would receive the click: &lt;div class=&quot;ng-tns-c168-7 p-dialog-mask p-component-overlay p-dialog-mask-scrollblocker ng-star-inserted&quot; ng-reflect-ng-class=&quot;[object Object]&quot; style=&quot;z-index: 1000;&quot;&gt;...&lt;/div&gt;
  (Session info: chrome=130.0.6723.70)
Build info: version: &apos;4.11.0&apos;, revision: &apos;040bc5406b&apos;
System info: os.name: &apos;Windows 11&apos;, os.arch: &apos;amd64&apos;, os.version: &apos;10.0&apos;, java.version: &apos;17.0.7&apos;
Driver info: org.openqa.selenium.chrome.ChromeDriver
Command: [73ff715d4e9facfef584313e7cf941b6, clickElement {id=f.E574B401B2B9A599809FF0349E503009.d.F228EBF7998070DA1F805674CFAB00C5.e.847}]
Capabilities {acceptInsecureCerts: false, browserName: chrome, browserVersion: 130.0.6723.70, chrome: {chromedriverVersion: 130.0.6723.69 (3ec172b971b9..., userDataDir: C:\Users\banda\AppData\Loca...}, fedcm:accounts: true, goog:chromeOptions: {debuggerAddress: localhost:57362}, networkConnectionEnabled: false, pageLoadStrategy: normal, platformName: windows, proxy: Proxy(), se:cdp: ws://localhost:57362/devtoo..., se:cdpVersion: 130.0.6723.70, setWindowRect: true, strictFileInteractability: false, timeouts: {implicit: 0, pageLoad: 300000, script: 30000}, unhandledPromptBehavior: dismiss and notify, webauthn:extension:credBlob: true, webauthn:extension:largeBlob: true, webauthn:extension:minPinLength: true, webauthn:extension:prf: true, webauthn:virtualAuthenticators: true}
Element: [[ChromeDriver: chrome on windows (73ff715d4e9facfef584313e7cf941b6)] -&gt; xpath: //span[normalize-space()=&apos;Batch&apos;]]
Session ID: 73ff715d4e9facfef584313e7cf941b6
	at jdk.internal.reflect.GeneratedConstructorAccessor40.newInstance(Unknown Source)
	at java.base/jdk.internal.reflect.DelegatingConstructorAccessorImpl.newInstance(DelegatingConstructorAccessorImpl.java:45)
	at java.base/java.lang.reflect.Constructor.newInstanceWithCaller(Constructor.java:499)
	at java.base/java.lang.reflect.Constructor.newInstance(Constructor.java:480)
	at org.openqa.selenium.remote.codec.w3c.W3CHttpResponseCodec.createException(W3CHttpResponseCodec.java:200)
	at org.openqa.selenium.remote.codec.w3c.W3CHttpResponseCodec.decode(W3CHttpResponseCodec.java:133)
	at org.openqa.selenium.remote.codec.w3c.W3CHttpResponseCodec.decode(W3CHttpResponseCodec.java:52)
	at org.openqa.selenium.remote.HttpCommandExecutor.execute(HttpCommandExecutor.java:191)
	at org.openqa.selenium.remote.service.DriverCommandExecutor.invokeExecute(DriverCommandExecutor.java:196)
	at org.openqa.selenium.remote.service.DriverCommandExecutor.execute(DriverCommandExecutor.java:171)
	at org.openqa.selenium.remote.RemoteWebDriver.execute(RemoteWebDriver.java:518)
	at org.openqa.selenium.remote.RemoteWebElement.execute(RemoteWebElement.java:224)
	at org.openqa.selenium.remote.RemoteWebElement.click(RemoteWebElement.java:77)
	at jdk.internal.reflect.GeneratedMethodAccessor159.invoke(Unknown Source)
	at java.base/jdk.internal.reflect.DelegatingMethodAccessorImpl.invoke(DelegatingMethodAccessorImpl.java:43)
	at java.base/java.lang.reflect.Method.invoke(Method.java:568)
	at org.openqa.selenium.support.pagefactory.internal.LocatingElementHandler.invoke(LocatingElementHandler.java:51)
	at jdk.proxy2/jdk.proxy2.$Proxy40.click(Unknown Source)
	at pageObjectModel.ClassPage.click_logoutTab(ClassPage.java:214)
	at stepDefinition.ClassSteps.userhb_clicks_logout_button(ClassSteps.java:208)
	at ✽.userhb clicks logout button(file:///C:/Users/banda/git/Team12_SeleniumHackathon/Team_12_LMS_Oct_2024/./src/test/resources/Features/05Class.feature:55)
</div></td></tr></table><p class="totop"><a href="#summary">back to summary</a></p>
<h3 id="m19">runners.TestRunner#runScenario</h3><table class="result"><tr class="param"><th>Parameter #1</th><th>Parameter #2</th></tr><tr class="param stripe"><td>&quot;Verify Admin is able to select multiple programs&quot;</td><td>&quot;Navigation&quot;</td></tr><tr><th colspan="2">Exception</th></tr><tr><td colspan="2"><div class="stacktrace">java.lang.NullPointerException: Cannot invoke &quot;org.openqa.selenium.WebDriver.findElements(org.openqa.selenium.By)&quot; because &quot;pageObjectModel.ProgramPage.driver&quot; is null
	at pageObjectModel.ProgramPage.Checkbox(ProgramPage.java:483)
	at stepDefinition.ProgramSteps.admin_selects_more_than_one_program_by_clicking_on_the_checkbox(ProgramSteps.java:492)
	at ✽.Admin selects more than one program by clicking on the checkbox(file:///C:/Users/banda/git/Team12_SeleniumHackathon/Team_12_LMS_Oct_2024/./src/test/resources/Features/03Program.feature:238)
</div></td></tr></table><p class="totop"><a href="#summary">back to summary</a></p>
<h3 id="m20">runners.TestRunner#runScenario</h3><table class="result"><tr class="param"><th>Parameter #1</th><th>Parameter #2</th></tr><tr class="param stripe"><td>&quot;launch of lms website&quot;</td><td>&quot;login&quot;</td></tr><tr><th colspan="2">Exception</th></tr><tr><td colspan="2"><div class="stacktrace">io.cucumber.testng.UndefinedStepException: The step &apos;Admin should land on the login page vh&apos; is undefined.
You can implement this step using the snippet(s) below:

@Then(&quot;Admin should land on the login page vh&quot;)
public void admin_should_land_on_the_login_page_vh() {
    // Write code here that turns the phrase above into concrete actions
    throw new io.cucumber.java.PendingException();
}

	at io.cucumber.core.runtime.TestCaseResultObserver.assertTestCasePassed(TestCaseResultObserver.java:69)
	at io.cucumber.testng.TestCaseResultObserver.assertTestCasePassed(TestCaseResultObserver.java:23)
	at io.cucumber.testng.TestNGCucumberRunner.lambda$runScenario$1(TestNGCucumberRunner.java:133)
	at io.cucumber.core.runtime.CucumberExecutionContext.lambda$runTestCase$5(CucumberExecutionContext.java:130)
	at io.cucumber.core.runtime.RethrowingThrowableCollector.executeAndThrow(RethrowingThrowableCollector.java:23)
	at io.cucumber.core.runtime.CucumberExecutionContext.runTestCase(CucumberExecutionContext.java:130)
	at io.cucumber.testng.TestNGCucumberRunner.runScenario(TestNGCucumberRunner.java:129)
	at io.cucumber.testng.AbstractTestNGCucumberTests.runScenario(AbstractTestNGCucumberTests.java:35)
	at java.base/jdk.internal.reflect.NativeMethodAccessorImpl.invoke0(Native Method)
	at java.base/jdk.internal.reflect.NativeMethodAccessorImpl.invoke(NativeMethodAccessorImpl.java:77)
	at java.base/jdk.internal.reflect.DelegatingMethodAccessorImpl.invoke(DelegatingMethodAccessorImpl.java:43)
	at java.base/java.lang.reflect.Method.invoke(Method.java:568)
	at org.testng.internal.invokers.MethodInvocationHelper.invokeMethod(MethodInvocationHelper.java:139)
	at org.testng.internal.invokers.TestInvoker.invokeMethod(TestInvoker.java:677)
	at org.testng.internal.invokers.TestInvoker.invokeTestMethod(TestInvoker.java:221)
	at org.testng.internal.invokers.MethodRunner.runInSequence(MethodRunner.java:50)
	at org.testng.internal.invokers.TestInvoker$MethodInvocationAgent.invoke(TestInvoker.java:969)
	at org.testng.internal.invokers.TestInvoker.invokeTestMethods(TestInvoker.java:194)
	at org.testng.internal.invokers.TestMethodWorker.invokeTestMethods(TestMethodWorker.java:148)
	at org.testng.internal.invokers.TestMethodWorker.run(TestMethodWorker.java:128)
	at java.base/java.util.ArrayList.forEach(ArrayList.java:1511)
	at org.testng.TestRunner.privateRun(TestRunner.java:829)
	at org.testng.TestRunner.run(TestRunner.java:602)
	at org.testng.SuiteRunner.runTest(SuiteRunner.java:437)
	at org.testng.SuiteRunner.runSequentially(SuiteRunner.java:431)
	at org.testng.SuiteRunner.privateRun(SuiteRunner.java:391)
	at org.testng.SuiteRunner.run(SuiteRunner.java:330)
	at org.testng.SuiteRunnerWorker.runSuite(SuiteRunnerWorker.java:52)
	at org.testng.SuiteRunnerWorker.run(SuiteRunnerWorker.java:95)
	at org.testng.TestNG.runSuitesSequentially(TestNG.java:1256)
	at org.testng.TestNG.runSuitesLocally(TestNG.java:1176)
	at org.testng.TestNG.runSuites(TestNG.java:1099)
	at org.testng.TestNG.run(TestNG.java:1067)
	at org.testng.remote.AbstractRemoteTestNG.run(AbstractRemoteTestNG.java:115)
	at org.testng.remote.RemoteTestNG.initAndRun(RemoteTestNG.java:293)
	at org.testng.remote.RemoteTestNG.main(RemoteTestNG.java:91)
</div></td></tr></table><p class="totop"><a href="#summary">back to summary</a></p>
<h3 id="m21">runners.TestRunner#runScenario</h3><table class="result"><tr class="param"><th>Parameter #1</th><th>Parameter #2</th></tr><tr class="param stripe"><td>&quot;Verify view details of programs&quot;</td><td>&quot;Navigation&quot;</td></tr><tr><th colspan="2">Exception</th></tr><tr><td colspan="2"><div class="stacktrace">java.lang.NullPointerException: Cannot invoke &quot;org.openqa.selenium.WebDriver.manage()&quot; because &quot;pageObjectModel.ProgramPage.driver&quot; is null
	at pageObjectModel.ProgramPage.clickProgram(ProgramPage.java:164)
	at stepDefinition.ProgramSteps.admin_clicks_on_the_navigation_bar(ProgramSteps.java:30)
	at ✽.Admin clicks Program on the navigation bar SM(file:///C:/Users/banda/git/Team12_SeleniumHackathon/Team_12_LMS_Oct_2024/./src/test/resources/Features/03Program.feature:43)
</div></td></tr></table><p class="totop"><a href="#summary">back to summary</a></p>
<h3 id="m22">runners.TestRunner#runScenario</h3><table class="result"><tr class="param"><th>Parameter #1</th><th>Parameter #2</th></tr><tr class="param stripe"><td>&quot;validate checkbox in each data rows&quot;</td><td>&quot;Batch Page Navigation&quot;</td></tr><tr><th colspan="2">Exception</th></tr><tr><td colspan="2"><div class="stacktrace">io.cucumber.java.PendingException: TODO: implement me
	at stepDefinition.BatchSteps.admin_should_the_checkbox_in_each_row(BatchSteps.java:77)
	at ✽.Admin should the checkbox in each row(file:///C:/Users/banda/git/Team12_SeleniumHackathon/Team_12_LMS_Oct_2024/./src/test/resources/Features/04Batch.feature:43)
</div></td></tr></table><p class="totop"><a href="#summary">back to summary</a></p>
<h3 id="m23">runners.TestRunner#runScenario</h3><table class="result"><tr class="param"><th>Parameter #1</th><th>Parameter #2</th></tr><tr class="param stripe"><td>&quot;Verify text field is present&quot;</td><td>&quot;login&quot;</td></tr><tr><th colspan="2">Exception</th></tr><tr><td colspan="2"><div class="stacktrace">java.lang.AssertionError: expected [true] but found [false]
	at org.testng.Assert.fail(Assert.java:110)
	at org.testng.Assert.failNotEquals(Assert.java:1577)
	at org.testng.Assert.assertEqualsImpl(Assert.java:149)
	at org.testng.Assert.assertEquals(Assert.java:131)
	at org.testng.Assert.assertEquals(Assert.java:1066)
	at org.testng.Assert.assertEquals(Assert.java:1030)
	at org.testng.Assert.assertEquals(Assert.java:1076)
	at pageObjectModel.LoginPage.verifyTwoTextFields(LoginPage.java:127)
	at stepDefinition.LoginSteps.admin_should_see_two_text_field_vh(LoginSteps.java:86)
	at ✽.Admin should see two text field vh(file:///C:/Users/banda/git/Team12_SeleniumHackathon/Team_12_LMS_Oct_2024/./src/test/resources/Features/01Login.feature:44)
</div></td></tr></table><p class="totop"><a href="#summary">back to summary</a></p>
<h3 id="m24">runners.TestRunner#runScenario</h3><table class="result"><tr class="param"><th>Parameter #1</th><th>Parameter #2</th></tr><tr class="param stripe"><td>&quot;Verify the company logo&quot;</td><td>&quot;login&quot;</td></tr><tr><th colspan="2">Exception</th></tr><tr><td colspan="2"><div class="stacktrace">java.lang.NullPointerException: Cannot invoke &quot;org.openqa.selenium.WebDriver.findElement(org.openqa.selenium.By)&quot; because &quot;pageObjectModel.LoginPage.driver&quot; is null
	at pageObjectModel.LoginPage.verifylogo(LoginPage.java:87)
	at stepDefinition.LoginSteps.admin_should_see_logo_on_the_left_side_vh(LoginSteps.java:66)
	at ✽.Admin should see logo on the left side vh(file:///C:/Users/banda/git/Team12_SeleniumHackathon/Team_12_LMS_Oct_2024/./src/test/resources/Features/01Login.feature:28)
</div></td></tr></table><p class="totop"><a href="#summary">back to summary</a></p>
<h3 id="m25">runners.TestRunner#runScenario</h3><table class="result"><tr class="param"><th>Parameter #1</th><th>Parameter #2</th></tr><tr class="param stripe"><td>&quot;Verify column header name of data table&quot;</td><td>&quot;Navigation&quot;</td></tr><tr><th colspan="2">Exception</th></tr><tr><td colspan="2"><div class="stacktrace">java.lang.NullPointerException: Cannot invoke &quot;org.openqa.selenium.WebDriver.manage()&quot; because &quot;pageObjectModel.ProgramPage.driver&quot; is null
	at pageObjectModel.ProgramPage.clickProgram(ProgramPage.java:164)
	at stepDefinition.ProgramSteps.admin_clicks_on_the_navigation_bar(ProgramSteps.java:30)
	at ✽.Admin clicks Program on the navigation bar SM(file:///C:/Users/banda/git/Team12_SeleniumHackathon/Team_12_LMS_Oct_2024/./src/test/resources/Features/03Program.feature:58)
</div></td></tr></table><p class="totop"><a href="#summary">back to summary</a></p>
<h3 id="m26">runners.TestRunner#runScenario</h3><table class="result"><tr class="param"><th>Parameter #1</th><th>Parameter #2</th></tr><tr class="param stripe"><td>&quot;Verify Admin is able to click &apos;No&apos;&quot;</td><td>&quot;Navigation&quot;</td></tr><tr><th colspan="2">Exception</th></tr><tr><td colspan="2"><div class="stacktrace">java.lang.NullPointerException: Cannot invoke &quot;org.openqa.selenium.WebDriver.manage()&quot; because &quot;pageObjectModel.ProgramPage.driver&quot; is null
	at pageObjectModel.ProgramPage.clickProgram(ProgramPage.java:164)
	at stepDefinition.ProgramSteps.admin_is_on_program_confirm_deletion_page_after_selecting_a_program_to_delete1(ProgramSteps.java:429)
	at ✽.Admin is on Program Confirm Deletion Page after selecting a program to deleteSM(file:///C:/Users/banda/git/Team12_SeleniumHackathon/Team_12_LMS_Oct_2024/./src/test/resources/Features/03Program.feature:221)
</div></td></tr></table><p class="totop"><a href="#summary">back to summary</a></p>
<h3 id="m27">runners.TestRunner#runScenario</h3><table class="result"><tr class="param"><th>Parameter #1</th><th>Parameter #2</th></tr><tr class="param stripe"><td>&quot;userhb is able to navigate from manage class page to self&quot;</td><td>&quot;Class Module&quot;</td></tr><tr><th colspan="2">Exception</th></tr><tr><td colspan="2"><div class="stacktrace">org.openqa.selenium.ElementClickInterceptedException: element click intercepted: Element &lt;span class=&quot;mat-button-wrapper&quot;&gt;...&lt;/span&gt; is not clickable at point (1379, 31). Other element would receive the click: &lt;div class=&quot;ng-tns-c168-7 p-dialog-mask p-component-overlay p-dialog-mask-scrollblocker ng-star-inserted&quot; ng-reflect-ng-class=&quot;[object Object]&quot; style=&quot;z-index: 1000;&quot;&gt;...&lt;/div&gt;
  (Session info: chrome=130.0.6723.70)
Build info: version: &apos;4.11.0&apos;, revision: &apos;040bc5406b&apos;
System info: os.name: &apos;Windows 11&apos;, os.arch: &apos;amd64&apos;, os.version: &apos;10.0&apos;, java.version: &apos;17.0.7&apos;
Driver info: org.openqa.selenium.chrome.ChromeDriver
Command: [73ff715d4e9facfef584313e7cf941b6, clickElement {id=f.E574B401B2B9A599809FF0349E503009.d.F228EBF7998070DA1F805674CFAB00C5.e.793}]
Capabilities {acceptInsecureCerts: false, browserName: chrome, browserVersion: 130.0.6723.70, chrome: {chromedriverVersion: 130.0.6723.69 (3ec172b971b9..., userDataDir: C:\Users\banda\AppData\Loca...}, fedcm:accounts: true, goog:chromeOptions: {debuggerAddress: localhost:57362}, networkConnectionEnabled: false, pageLoadStrategy: normal, platformName: windows, proxy: Proxy(), se:cdp: ws://localhost:57362/devtoo..., se:cdpVersion: 130.0.6723.70, setWindowRect: true, strictFileInteractability: false, timeouts: {implicit: 0, pageLoad: 300000, script: 30000}, unhandledPromptBehavior: dismiss and notify, webauthn:extension:credBlob: true, webauthn:extension:largeBlob: true, webauthn:extension:minPinLength: true, webauthn:extension:prf: true, webauthn:virtualAuthenticators: true}
Element: [[ChromeDriver: chrome on windows (73ff715d4e9facfef584313e7cf941b6)] -&gt; xpath: //span[normalize-space()=&apos;Class&apos;]]
Session ID: 73ff715d4e9facfef584313e7cf941b6
	at jdk.internal.reflect.GeneratedConstructorAccessor40.newInstance(Unknown Source)
	at java.base/jdk.internal.reflect.DelegatingConstructorAccessorImpl.newInstance(DelegatingConstructorAccessorImpl.java:45)
	at java.base/java.lang.reflect.Constructor.newInstanceWithCaller(Constructor.java:499)
	at java.base/java.lang.reflect.Constructor.newInstance(Constructor.java:480)
	at org.openqa.selenium.remote.codec.w3c.W3CHttpResponseCodec.createException(W3CHttpResponseCodec.java:200)
	at org.openqa.selenium.remote.codec.w3c.W3CHttpResponseCodec.decode(W3CHttpResponseCodec.java:133)
	at org.openqa.selenium.remote.codec.w3c.W3CHttpResponseCodec.decode(W3CHttpResponseCodec.java:52)
	at org.openqa.selenium.remote.HttpCommandExecutor.execute(HttpCommandExecutor.java:191)
	at org.openqa.selenium.remote.service.DriverCommandExecutor.invokeExecute(DriverCommandExecutor.java:196)
	at org.openqa.selenium.remote.service.DriverCommandExecutor.execute(DriverCommandExecutor.java:171)
	at org.openqa.selenium.remote.RemoteWebDriver.execute(RemoteWebDriver.java:518)
	at org.openqa.selenium.remote.RemoteWebElement.execute(RemoteWebElement.java:224)
	at org.openqa.selenium.remote.RemoteWebElement.click(RemoteWebElement.java:77)
	at jdk.internal.reflect.GeneratedMethodAccessor159.invoke(Unknown Source)
	at java.base/jdk.internal.reflect.DelegatingMethodAccessorImpl.invoke(DelegatingMethodAccessorImpl.java:43)
	at java.base/java.lang.reflect.Method.invoke(Method.java:568)
	at org.openqa.selenium.support.pagefactory.internal.LocatingElementHandler.invoke(LocatingElementHandler.java:51)
	at jdk.proxy2/jdk.proxy2.$Proxy40.click(Unknown Source)
	at pageObjectModel.ClassPage.click_classTab(ClassPage.java:205)
	at stepDefinition.ClassSteps.userhb_clicks_class_button(ClassSteps.java:193)
	at ✽.userhb clicks class button(file:///C:/Users/banda/git/Team12_SeleniumHackathon/Team_12_LMS_Oct_2024/./src/test/resources/Features/05Class.feature:50)
</div></td></tr></table><p class="totop"><a href="#summary">back to summary</a></p>
<h3 id="m28">runners.TestRunner#runScenario</h3><table class="result"><tr class="param"><th>Parameter #1</th><th>Parameter #2</th></tr><tr class="param stripe"><td>&quot;Verify Admin is able to click Next page link&quot;</td><td>&quot;Navigation&quot;</td></tr><tr><th colspan="2">Exception</th></tr><tr><td colspan="2"><div class="stacktrace">org.openqa.selenium.ElementClickInterceptedException: element click intercepted: Element &lt;button _ngcontent-sdw-c227=&quot;&quot; aria-haspopup=&quot;true&quot; id=&quot;program&quot; mat-button=&quot;&quot; a=&quot;&quot; routerlink=&quot;/program&quot; class=&quot;mat-focus-indicator mat-menu-trigger mat-button mat-button-base&quot; tabindex=&quot;0&quot; ng-reflect-router-link=&quot;/program&quot; ng-reflect-menu=&quot;[object Object]&quot; aria-expanded=&quot;true&quot; aria-controls=&quot;mat-menu-panel-0&quot;&gt;...&lt;/button&gt; is not clickable at point (1235, 32). Other element would receive the click: &lt;div class=&quot;cdk-overlay-backdrop cdk-overlay-transparent-backdrop cdk-overlay-backdrop-showing&quot;&gt;&lt;/div&gt;
  (Session info: chrome=130.0.6723.70)
Build info: version: &apos;4.11.0&apos;, revision: &apos;040bc5406b&apos;
System info: os.name: &apos;Windows 11&apos;, os.arch: &apos;amd64&apos;, os.version: &apos;10.0&apos;, java.version: &apos;17.0.7&apos;
Driver info: org.openqa.selenium.chrome.ChromeDriver
Command: [73ff715d4e9facfef584313e7cf941b6, clickElement {id=f.E574B401B2B9A599809FF0349E503009.d.DFCB77AF637203176CA20288FB03F304.e.358}]
Capabilities {acceptInsecureCerts: false, browserName: chrome, browserVersion: 130.0.6723.70, chrome: {chromedriverVersion: 130.0.6723.69 (3ec172b971b9..., userDataDir: C:\Users\banda\AppData\Loca...}, fedcm:accounts: true, goog:chromeOptions: {debuggerAddress: localhost:57362}, networkConnectionEnabled: false, pageLoadStrategy: normal, platformName: windows, proxy: Proxy(), se:cdp: ws://localhost:57362/devtoo..., se:cdpVersion: 130.0.6723.70, setWindowRect: true, strictFileInteractability: false, timeouts: {implicit: 0, pageLoad: 300000, script: 30000}, unhandledPromptBehavior: dismiss and notify, webauthn:extension:credBlob: true, webauthn:extension:largeBlob: true, webauthn:extension:minPinLength: true, webauthn:extension:prf: true, webauthn:virtualAuthenticators: true}
Element: [[ChromeDriver: chrome on windows (73ff715d4e9facfef584313e7cf941b6)] -&gt; xpath: //button[@id=&apos;program&apos;]]
Session ID: 73ff715d4e9facfef584313e7cf941b6
	at java.base/jdk.internal.reflect.NativeConstructorAccessorImpl.newInstance0(Native Method)
	at java.base/jdk.internal.reflect.NativeConstructorAccessorImpl.newInstance(NativeConstructorAccessorImpl.java:77)
	at java.base/jdk.internal.reflect.DelegatingConstructorAccessorImpl.newInstance(DelegatingConstructorAccessorImpl.java:45)
	at java.base/java.lang.reflect.Constructor.newInstanceWithCaller(Constructor.java:499)
	at java.base/java.lang.reflect.Constructor.newInstance(Constructor.java:480)
	at org.openqa.selenium.remote.codec.w3c.W3CHttpResponseCodec.createException(W3CHttpResponseCodec.java:200)
	at org.openqa.selenium.remote.codec.w3c.W3CHttpResponseCodec.decode(W3CHttpResponseCodec.java:133)
	at org.openqa.selenium.remote.codec.w3c.W3CHttpResponseCodec.decode(W3CHttpResponseCodec.java:52)
	at org.openqa.selenium.remote.HttpCommandExecutor.execute(HttpCommandExecutor.java:191)
	at org.openqa.selenium.remote.service.DriverCommandExecutor.invokeExecute(DriverCommandExecutor.java:196)
	at org.openqa.selenium.remote.service.DriverCommandExecutor.execute(DriverCommandExecutor.java:171)
	at org.openqa.selenium.remote.RemoteWebDriver.execute(RemoteWebDriver.java:518)
	at org.openqa.selenium.remote.RemoteWebElement.execute(RemoteWebElement.java:224)
	at org.openqa.selenium.remote.RemoteWebElement.click(RemoteWebElement.java:77)
	at jdk.internal.reflect.GeneratedMethodAccessor159.invoke(Unknown Source)
	at java.base/jdk.internal.reflect.DelegatingMethodAccessorImpl.invoke(DelegatingMethodAccessorImpl.java:43)
	at java.base/java.lang.reflect.Method.invoke(Method.java:568)
	at org.openqa.selenium.support.pagefactory.internal.LocatingElementHandler.invoke(LocatingElementHandler.java:51)
	at jdk.proxy2/jdk.proxy2.$Proxy40.click(Unknown Source)
	at pageObjectModel.ProgramPage.Programmodule(ProgramPage.java:469)
	at stepDefinition.ProgramSteps.admin_is_on_program_module_kppp(ProgramSteps.java:853)
	at ✽.Admin is on Program moduleKPPP(file:///C:/Users/banda/git/Team12_SeleniumHackathon/Team_12_LMS_Oct_2024/./src/test/resources/Features/03Program.feature:338)
</div></td></tr></table><p class="totop"><a href="#summary">back to summary</a></p>
<h3 id="m29">runners.TestRunner#runScenario</h3><table class="result"><tr class="param"><th>Parameter #1</th><th>Parameter #2</th></tr><tr class="param stripe"><td>&quot;validate delete icon in each data rows&quot;</td><td>&quot;Batch Page Navigation&quot;</td></tr><tr><th colspan="2">Exception</th></tr><tr><td colspan="2"><div class="stacktrace">io.cucumber.java.PendingException: TODO: implement me
	at stepDefinition.BatchSteps.admin_should_see_the_delete_icon_in_each_row(BatchSteps.java:71)
	at ✽.Admin should see the delete icon in each row(file:///C:/Users/banda/git/Team12_SeleniumHackathon/Team_12_LMS_Oct_2024/./src/test/resources/Features/04Batch.feature:38)
</div></td></tr></table><p class="totop"><a href="#summary">back to summary</a></p>
<h3 id="m30">runners.TestRunner#runScenario</h3><table class="result"><tr class="param"><th>Parameter #1</th><th>Parameter #2</th></tr><tr class="param stripe"><td>&quot;validate close icon on the batch details pop up&quot;</td><td>&quot;Batch Page Navigation&quot;</td></tr><tr><th colspan="2">Exception</th></tr><tr><td colspan="2"><div class="stacktrace">io.cucumber.java.PendingException: TODO: implement me
	at stepDefinition.BatchSteps.admin_is_on_the_batch_details_pop_up_w_indow(BatchSteps.java:136)
	at ✽.Admin is on the Batch Details Pop Up WIndow(file:///C:/Users/banda/git/Team12_SeleniumHackathon/Team_12_LMS_Oct_2024/./src/test/resources/Features/04Batch.feature:106)
</div></td></tr></table><p class="totop"><a href="#summary">back to summary</a></p>
<h3 id="m31">runners.TestRunner#runScenario</h3><table class="result"><tr class="param"><th>Parameter #1</th><th>Parameter #2</th></tr><tr class="param stripe"><td>&quot;Validate program name value is disabled to edit&quot;</td><td>&quot;Batch Page Navigation&quot;</td></tr><tr><th colspan="2">Exception</th></tr><tr><td colspan="2"><div class="stacktrace">io.cucumber.java.PendingException: TODO: implement me
	at stepDefinition.BatchSteps.admin_is_on_batch_page(BatchSteps.java:101)
	at ✽.Admin is on batch page(file:///C:/Users/banda/git/Team12_SeleniumHackathon/Team_12_LMS_Oct_2024/./src/test/resources/Features/04Batch.feature:116)
</div></td></tr></table><p class="totop"><a href="#summary">back to summary</a></p>
<h3 id="m32">runners.TestRunner#runScenario</h3><table class="result"><tr class="param"><th>Parameter #1</th><th>Parameter #2</th></tr><tr class="param stripe"><td>&quot;Verify Admin is able to deleted program&quot;</td><td>&quot;Navigation&quot;</td></tr><tr><th colspan="2">Exception</th></tr><tr><td colspan="2"><div class="stacktrace">org.openqa.selenium.ElementClickInterceptedException: element click intercepted: Element &lt;button _ngcontent-sdw-c227=&quot;&quot; aria-haspopup=&quot;true&quot; id=&quot;program&quot; mat-button=&quot;&quot; a=&quot;&quot; routerlink=&quot;/program&quot; class=&quot;mat-focus-indicator mat-menu-trigger mat-button mat-button-base&quot; tabindex=&quot;0&quot; ng-reflect-router-link=&quot;/program&quot; ng-reflect-menu=&quot;[object Object]&quot; aria-expanded=&quot;true&quot; aria-controls=&quot;mat-menu-panel-0&quot;&gt;...&lt;/button&gt; is not clickable at point (1235, 32). Other element would receive the click: &lt;div class=&quot;cdk-overlay-backdrop cdk-overlay-transparent-backdrop cdk-overlay-backdrop-showing&quot;&gt;&lt;/div&gt;
  (Session info: chrome=130.0.6723.70)
Build info: version: &apos;4.11.0&apos;, revision: &apos;040bc5406b&apos;
System info: os.name: &apos;Windows 11&apos;, os.arch: &apos;amd64&apos;, os.version: &apos;10.0&apos;, java.version: &apos;17.0.7&apos;
Driver info: org.openqa.selenium.chrome.ChromeDriver
Command: [73ff715d4e9facfef584313e7cf941b6, clickElement {id=f.E574B401B2B9A599809FF0349E503009.d.DFCB77AF637203176CA20288FB03F304.e.358}]
Capabilities {acceptInsecureCerts: false, browserName: chrome, browserVersion: 130.0.6723.70, chrome: {chromedriverVersion: 130.0.6723.69 (3ec172b971b9..., userDataDir: C:\Users\banda\AppData\Loca...}, fedcm:accounts: true, goog:chromeOptions: {debuggerAddress: localhost:57362}, networkConnectionEnabled: false, pageLoadStrategy: normal, platformName: windows, proxy: Proxy(), se:cdp: ws://localhost:57362/devtoo..., se:cdpVersion: 130.0.6723.70, setWindowRect: true, strictFileInteractability: false, timeouts: {implicit: 0, pageLoad: 300000, script: 30000}, unhandledPromptBehavior: dismiss and notify, webauthn:extension:credBlob: true, webauthn:extension:largeBlob: true, webauthn:extension:minPinLength: true, webauthn:extension:prf: true, webauthn:virtualAuthenticators: true}
Element: [[ChromeDriver: chrome on windows (73ff715d4e9facfef584313e7cf941b6)] -&gt; xpath: //button[@id=&apos;program&apos;]]
Session ID: 73ff715d4e9facfef584313e7cf941b6
	at java.base/jdk.internal.reflect.NativeConstructorAccessorImpl.newInstance0(Native Method)
	at java.base/jdk.internal.reflect.NativeConstructorAccessorImpl.newInstance(NativeConstructorAccessorImpl.java:77)
	at java.base/jdk.internal.reflect.DelegatingConstructorAccessorImpl.newInstance(DelegatingConstructorAccessorImpl.java:45)
	at java.base/java.lang.reflect.Constructor.newInstanceWithCaller(Constructor.java:499)
	at java.base/java.lang.reflect.Constructor.newInstance(Constructor.java:480)
	at org.openqa.selenium.remote.codec.w3c.W3CHttpResponseCodec.createException(W3CHttpResponseCodec.java:200)
	at org.openqa.selenium.remote.codec.w3c.W3CHttpResponseCodec.decode(W3CHttpResponseCodec.java:133)
	at org.openqa.selenium.remote.codec.w3c.W3CHttpResponseCodec.decode(W3CHttpResponseCodec.java:52)
	at org.openqa.selenium.remote.HttpCommandExecutor.execute(HttpCommandExecutor.java:191)
	at org.openqa.selenium.remote.service.DriverCommandExecutor.invokeExecute(DriverCommandExecutor.java:196)
	at org.openqa.selenium.remote.service.DriverCommandExecutor.execute(DriverCommandExecutor.java:171)
	at org.openqa.selenium.remote.RemoteWebDriver.execute(RemoteWebDriver.java:518)
	at org.openqa.selenium.remote.RemoteWebElement.execute(RemoteWebElement.java:224)
	at org.openqa.selenium.remote.RemoteWebElement.click(RemoteWebElement.java:77)
	at jdk.internal.reflect.GeneratedMethodAccessor159.invoke(Unknown Source)
	at java.base/jdk.internal.reflect.DelegatingMethodAccessorImpl.invoke(DelegatingMethodAccessorImpl.java:43)
	at java.base/java.lang.reflect.Method.invoke(Method.java:568)
	at org.openqa.selenium.support.pagefactory.internal.LocatingElementHandler.invoke(LocatingElementHandler.java:51)
	at jdk.proxy2/jdk.proxy2.$Proxy40.click(Unknown Source)
	at pageObjectModel.ProgramPage.Programmodule(ProgramPage.java:469)
	at stepDefinition.ProgramSteps.admin_is_on_program_module_kp3(ProgramSteps.java:559)
	at ✽.Admin is on Program moduleKP3(file:///C:/Users/banda/git/Team12_SeleniumHackathon/Team_12_LMS_Oct_2024/./src/test/resources/Features/03Program.feature:252)
</div></td></tr></table><p class="totop"><a href="#summary">back to summary</a></p>
<h3 id="m33">runners.TestRunner#runScenario</h3><table class="result"><tr class="param"><th>Parameter #1</th><th>Parameter #2</th></tr><tr class="param stripe"><td>&quot;Verify Admin is able to search with partial program name&quot;</td><td>&quot;Navigation&quot;</td></tr><tr><th colspan="2">Exception</th></tr><tr><td colspan="2"><div class="stacktrace">org.openqa.selenium.ElementClickInterceptedException: element click intercepted: Element &lt;button _ngcontent-sdw-c227=&quot;&quot; aria-haspopup=&quot;true&quot; id=&quot;program&quot; mat-button=&quot;&quot; a=&quot;&quot; routerlink=&quot;/program&quot; class=&quot;mat-focus-indicator mat-menu-trigger mat-button mat-button-base&quot; tabindex=&quot;0&quot; ng-reflect-router-link=&quot;/program&quot; ng-reflect-menu=&quot;[object Object]&quot; aria-expanded=&quot;true&quot; aria-controls=&quot;mat-menu-panel-0&quot;&gt;...&lt;/button&gt; is not clickable at point (1235, 32). Other element would receive the click: &lt;div class=&quot;cdk-overlay-backdrop cdk-overlay-transparent-backdrop cdk-overlay-backdrop-showing&quot;&gt;&lt;/div&gt;
  (Session info: chrome=130.0.6723.70)
Build info: version: &apos;4.11.0&apos;, revision: &apos;040bc5406b&apos;
System info: os.name: &apos;Windows 11&apos;, os.arch: &apos;amd64&apos;, os.version: &apos;10.0&apos;, java.version: &apos;17.0.7&apos;
Driver info: org.openqa.selenium.chrome.ChromeDriver
Command: [73ff715d4e9facfef584313e7cf941b6, clickElement {id=f.E574B401B2B9A599809FF0349E503009.d.DFCB77AF637203176CA20288FB03F304.e.358}]
Capabilities {acceptInsecureCerts: false, browserName: chrome, browserVersion: 130.0.6723.70, chrome: {chromedriverVersion: 130.0.6723.69 (3ec172b971b9..., userDataDir: C:\Users\banda\AppData\Loca...}, fedcm:accounts: true, goog:chromeOptions: {debuggerAddress: localhost:57362}, networkConnectionEnabled: false, pageLoadStrategy: normal, platformName: windows, proxy: Proxy(), se:cdp: ws://localhost:57362/devtoo..., se:cdpVersion: 130.0.6723.70, setWindowRect: true, strictFileInteractability: false, timeouts: {implicit: 0, pageLoad: 300000, script: 30000}, unhandledPromptBehavior: dismiss and notify, webauthn:extension:credBlob: true, webauthn:extension:largeBlob: true, webauthn:extension:minPinLength: true, webauthn:extension:prf: true, webauthn:virtualAuthenticators: true}
Element: [[ChromeDriver: chrome on windows (73ff715d4e9facfef584313e7cf941b6)] -&gt; xpath: //button[@id=&apos;program&apos;]]
Session ID: 73ff715d4e9facfef584313e7cf941b6
	at java.base/jdk.internal.reflect.NativeConstructorAccessorImpl.newInstance0(Native Method)
	at java.base/jdk.internal.reflect.NativeConstructorAccessorImpl.newInstance(NativeConstructorAccessorImpl.java:77)
	at java.base/jdk.internal.reflect.DelegatingConstructorAccessorImpl.newInstance(DelegatingConstructorAccessorImpl.java:45)
	at java.base/java.lang.reflect.Constructor.newInstanceWithCaller(Constructor.java:499)
	at java.base/java.lang.reflect.Constructor.newInstance(Constructor.java:480)
	at org.openqa.selenium.remote.codec.w3c.W3CHttpResponseCodec.createException(W3CHttpResponseCodec.java:200)
	at org.openqa.selenium.remote.codec.w3c.W3CHttpResponseCodec.decode(W3CHttpResponseCodec.java:133)
	at org.openqa.selenium.remote.codec.w3c.W3CHttpResponseCodec.decode(W3CHttpResponseCodec.java:52)
	at org.openqa.selenium.remote.HttpCommandExecutor.execute(HttpCommandExecutor.java:191)
	at org.openqa.selenium.remote.service.DriverCommandExecutor.invokeExecute(DriverCommandExecutor.java:196)
	at org.openqa.selenium.remote.service.DriverCommandExecutor.execute(DriverCommandExecutor.java:171)
	at org.openqa.selenium.remote.RemoteWebDriver.execute(RemoteWebDriver.java:518)
	at org.openqa.selenium.remote.RemoteWebElement.execute(RemoteWebElement.java:224)
	at org.openqa.selenium.remote.RemoteWebElement.click(RemoteWebElement.java:77)
	at jdk.internal.reflect.GeneratedMethodAccessor159.invoke(Unknown Source)
	at java.base/jdk.internal.reflect.DelegatingMethodAccessorImpl.invoke(DelegatingMethodAccessorImpl.java:43)
	at java.base/java.lang.reflect.Method.invoke(Method.java:568)
	at org.openqa.selenium.support.pagefactory.internal.LocatingElementHandler.invoke(LocatingElementHandler.java:51)
	at jdk.proxy2/jdk.proxy2.$Proxy40.click(Unknown Source)
	at pageObjectModel.ProgramPage.Programmodule(ProgramPage.java:469)
	at stepDefinition.ProgramSteps.admin_is_on_program_module_kpsb4(ProgramSteps.java:736)
	at ✽.Admin is on Program moduleKPSB4(file:///C:/Users/banda/git/Team12_SeleniumHackathon/Team_12_LMS_Oct_2024/./src/test/resources/Features/03Program.feature:302)
</div></td></tr></table><p class="totop"><a href="#summary">back to summary</a></p>
<h3 id="m34">runners.TestRunner#runScenario</h3><table class="result"><tr class="param"><th>Parameter #1</th><th>Parameter #2</th></tr><tr class="param stripe"><td>&quot;verify login button action through mouse&quot;</td><td>&quot;login&quot;</td></tr><tr><th colspan="2">Exception</th></tr><tr><td colspan="2"><div class="stacktrace">java.lang.NullPointerException: Cannot invoke &quot;org.openqa.selenium.WebDriver.findElement(org.openqa.selenium.By)&quot; because &quot;pageObjectModel.LoginPage.driver&quot; is null
	at pageObjectModel.LoginPage.validcredencial(LoginPage.java:266)
	at stepDefinition.LoginSteps.admin_enter_valid_credentials_and_clicks_login_button_through_mouse_vh(LoginSteps.java:189)
	at ✽.Admin enter valid credentials and clicks login button through mouse vh(file:///C:/Users/banda/git/Team12_SeleniumHackathon/Team_12_LMS_Oct_2024/./src/test/resources/Features/01Login.feature:111)
</div></td></tr></table><p class="totop"><a href="#summary">back to summary</a></p>
<h3 id="m35">runners.TestRunner#runScenario</h3><table class="result"><tr class="param"><th>Parameter #1</th><th>Parameter #2</th></tr><tr class="param stripe"><td>&quot;Verify enter description&quot;</td><td>&quot;Navigation&quot;</td></tr><tr><th colspan="2">Exception</th></tr><tr><td colspan="2"><div class="stacktrace">java.lang.NullPointerException: Cannot invoke &quot;org.openqa.selenium.WebDriver.manage()&quot; because &quot;pageObjectModel.ProgramPage.driver&quot; is null
	at pageObjectModel.ProgramPage.clickProgram(ProgramPage.java:164)
	at stepDefinition.ProgramSteps.admin_is_on_program_details_form1(ProgramSteps.java:191)
	at ✽.Admin is on Program details form(file:///C:/Users/banda/git/Team12_SeleniumHackathon/Team_12_LMS_Oct_2024/./src/test/resources/Features/03Program.feature:124)
</div></td></tr></table><p class="totop"><a href="#summary">back to summary</a></p>
<h3 id="m36">runners.TestRunner#runScenario</h3><table class="result"><tr class="param"><th>Parameter #1</th><th>Parameter #2</th></tr><tr class="param stripe"><td>&quot;Validate logout option in the header is visible and enabled from the batch page&quot;</td><td>&quot;Batch Page Navigation&quot;</td></tr><tr><th colspan="2">Exception</th></tr><tr><td colspan="2"><div class="stacktrace">io.cucumber.java.PendingException: TODO: implement me
	at stepDefinition.BatchSteps.admin_is_on_batch_page(BatchSteps.java:101)
	at ✽.Admin is on batch page(file:///C:/Users/banda/git/Team12_SeleniumHackathon/Team_12_LMS_Oct_2024/./src/test/resources/Features/04Batch.feature:200)
</div></td></tr></table><p class="totop"><a href="#summary">back to summary</a></p>
<h3 id="m37">runners.TestRunner#runScenario</h3><table class="result"><tr class="param"><th>Parameter #1</th><th>Parameter #2</th></tr><tr class="param stripe"><td>&quot;Userhb is able to validate Add a new Class popup&quot;</td><td>&quot;Class Module&quot;</td></tr><tr><th colspan="2">Exception</th></tr><tr><td colspan="2"><div class="stacktrace">java.lang.NullPointerException: Cannot invoke &quot;org.openqa.selenium.WebDriver.getWindowHandle()&quot; because &quot;pageObjectModel.ClassPage.driver&quot; is null
	at pageObjectModel.ClassPage.switchtoPopUp(ClassPage.java:136)
	at stepDefinition.ClassSteps.userhb_is_redirected_to_validate_ui_of_add_a_new_class_popup(ClassSteps.java:95)
	at ✽.Userhb is redirected to validate UI of Add a new Class popup(file:///C:/Users/banda/git/Team12_SeleniumHackathon/Team_12_LMS_Oct_2024/./src/test/resources/Features/05Class.feature:14)
</div></td></tr></table><p class="totop"><a href="#summary">back to summary</a></p>
<h3 id="m38">runners.TestRunner#runScenario</h3><table class="result"><tr class="param"><th>Parameter #1</th><th>Parameter #2</th></tr><tr class="param stripe"><td>&quot;Verify Admin is able to search results found for program name&quot;</td><td>&quot;Navigation&quot;</td></tr><tr><th colspan="2">Exception</th></tr><tr><td colspan="2"><div class="stacktrace">org.openqa.selenium.ElementClickInterceptedException: element click intercepted: Element &lt;input _ngcontent-sdw-c218=&quot;&quot; pinputtext=&quot;&quot; type=&quot;text&quot; id=&quot;filterGlobal&quot; placeholder=&quot;Search...&quot; class=&quot;p-inputtext p-component&quot;&gt; is not clickable at point (719, 165). Other element would receive the click: &lt;div class=&quot;cdk-overlay-backdrop cdk-overlay-transparent-backdrop cdk-overlay-backdrop-showing&quot;&gt;&lt;/div&gt;
  (Session info: chrome=130.0.6723.70)
Build info: version: &apos;4.11.0&apos;, revision: &apos;040bc5406b&apos;
System info: os.name: &apos;Windows 11&apos;, os.arch: &apos;amd64&apos;, os.version: &apos;10.0&apos;, java.version: &apos;17.0.7&apos;
Driver info: org.openqa.selenium.chrome.ChromeDriver
Command: [73ff715d4e9facfef584313e7cf941b6, clickElement {id=f.E574B401B2B9A599809FF0349E503009.d.DFCB77AF637203176CA20288FB03F304.e.361}]
Capabilities {acceptInsecureCerts: false, browserName: chrome, browserVersion: 130.0.6723.70, chrome: {chromedriverVersion: 130.0.6723.69 (3ec172b971b9..., userDataDir: C:\Users\banda\AppData\Loca...}, fedcm:accounts: true, goog:chromeOptions: {debuggerAddress: localhost:57362}, networkConnectionEnabled: false, pageLoadStrategy: normal, platformName: windows, proxy: Proxy(), se:cdp: ws://localhost:57362/devtoo..., se:cdpVersion: 130.0.6723.70, setWindowRect: true, strictFileInteractability: false, timeouts: {implicit: 0, pageLoad: 300000, script: 30000}, unhandledPromptBehavior: dismiss and notify, webauthn:extension:credBlob: true, webauthn:extension:largeBlob: true, webauthn:extension:minPinLength: true, webauthn:extension:prf: true, webauthn:virtualAuthenticators: true}
Element: [[ChromeDriver: chrome on windows (73ff715d4e9facfef584313e7cf941b6)] -&gt; xpath: //*[@id=&quot;filterGlobal&quot;]]
Session ID: 73ff715d4e9facfef584313e7cf941b6
	at java.base/jdk.internal.reflect.NativeConstructorAccessorImpl.newInstance0(Native Method)
	at java.base/jdk.internal.reflect.NativeConstructorAccessorImpl.newInstance(NativeConstructorAccessorImpl.java:77)
	at java.base/jdk.internal.reflect.DelegatingConstructorAccessorImpl.newInstance(DelegatingConstructorAccessorImpl.java:45)
	at java.base/java.lang.reflect.Constructor.newInstanceWithCaller(Constructor.java:499)
	at java.base/java.lang.reflect.Constructor.newInstance(Constructor.java:480)
	at org.openqa.selenium.remote.codec.w3c.W3CHttpResponseCodec.createException(W3CHttpResponseCodec.java:200)
	at org.openqa.selenium.remote.codec.w3c.W3CHttpResponseCodec.decode(W3CHttpResponseCodec.java:133)
	at org.openqa.selenium.remote.codec.w3c.W3CHttpResponseCodec.decode(W3CHttpResponseCodec.java:52)
	at org.openqa.selenium.remote.HttpCommandExecutor.execute(HttpCommandExecutor.java:191)
	at org.openqa.selenium.remote.service.DriverCommandExecutor.invokeExecute(DriverCommandExecutor.java:196)
	at org.openqa.selenium.remote.service.DriverCommandExecutor.execute(DriverCommandExecutor.java:171)
	at org.openqa.selenium.remote.RemoteWebDriver.execute(RemoteWebDriver.java:518)
	at org.openqa.selenium.remote.RemoteWebElement.execute(RemoteWebElement.java:224)
	at org.openqa.selenium.remote.RemoteWebElement.click(RemoteWebElement.java:77)
	at jdk.internal.reflect.GeneratedMethodAccessor159.invoke(Unknown Source)
	at java.base/jdk.internal.reflect.DelegatingMethodAccessorImpl.invoke(DelegatingMethodAccessorImpl.java:43)
	at java.base/java.lang.reflect.Method.invoke(Method.java:568)
	at org.openqa.selenium.support.pagefactory.internal.LocatingElementHandler.invoke(LocatingElementHandler.java:51)
	at jdk.proxy2/jdk.proxy2.$Proxy40.click(Unknown Source)
	at pageObjectModel.ProgramPage.click(ProgramPage.java:557)
	at stepDefinition.ProgramSteps.admin_is_on_program_module_kpsb(ProgramSteps.java:626)
	at ✽.Admin is on Program moduleKPSB(file:///C:/Users/banda/git/Team12_SeleniumHackathon/Team_12_LMS_Oct_2024/./src/test/resources/Features/03Program.feature:275)
</div></td></tr></table><p class="totop"><a href="#summary">back to summary</a></p>
<h3 id="m39">runners.TestRunner#runScenario</h3><table class="result"><tr class="param"><th>Parameter #1</th><th>Parameter #2</th></tr><tr class="param stripe"><td>&quot;Verify Admin is able to close the window with &quot;X&quot;&quot;</td><td>&quot;Navigation&quot;</td></tr><tr><th colspan="2">Exception</th></tr><tr><td colspan="2"><div class="stacktrace">java.lang.NullPointerException: Cannot invoke &quot;org.openqa.selenium.WebDriver.switchTo()&quot; because &quot;pageObjectModel.ProgramPage.driver&quot; is null
	at pageObjectModel.ProgramPage.conformbox(ProgramPage.java:505)
	at stepDefinition.ProgramSteps.admin_is_on_program_confirm_deletion_page_after_selecting_a_program_to_delete(ProgramSteps.java:602)
	at ✽.Admin is on Program Confirm Deletion Page after selecting a program to delete(file:///C:/Users/banda/git/Team12_SeleniumHackathon/Team_12_LMS_Oct_2024/./src/test/resources/Features/03Program.feature:267)
</div></td></tr></table><p class="totop"><a href="#summary">back to summary</a></p>
<h3 id="m40">runners.TestRunner#runScenario</h3><table class="result"><tr class="param"><th>Parameter #1</th><th>Parameter #2</th></tr><tr class="param stripe"><td>&quot;Verify Sort icon in manage program&quot;</td><td>&quot;Navigation&quot;</td></tr><tr><th colspan="2">Exception</th></tr><tr><td colspan="2"><div class="stacktrace">java.lang.NullPointerException: Cannot invoke &quot;org.openqa.selenium.WebDriver.manage()&quot; because &quot;pageObjectModel.ProgramPage.driver&quot; is null
	at pageObjectModel.ProgramPage.clickProgram(ProgramPage.java:164)
	at stepDefinition.ProgramSteps.admin_clicks_on_the_navigation_bar(ProgramSteps.java:30)
	at ✽.Admin clicks Program on the navigation bar SM(file:///C:/Users/banda/git/Team12_SeleniumHackathon/Team_12_LMS_Oct_2024/./src/test/resources/Features/03Program.feature:73)
</div></td></tr></table><p class="totop"><a href="#summary">back to summary</a></p>
<h3 id="m41">runners.TestRunner#runScenario</h3><table class="result"><tr class="param"><th>Parameter #1</th><th>Parameter #2</th></tr><tr class="param stripe"><td>&quot;Verify add New Program&quot;</td><td>&quot;Navigation&quot;</td></tr><tr><th colspan="2">Exception</th></tr><tr><td colspan="2"><div class="stacktrace">java.lang.NullPointerException: Cannot invoke &quot;org.openqa.selenium.WebDriver.manage()&quot; because &quot;pageObjectModel.ProgramPage.driver&quot; is null
	at pageObjectModel.ProgramPage.clickProgram(ProgramPage.java:164)
	at stepDefinition.ProgramSteps.admin_is_on_program_module(ProgramSteps.java:160)
	at ✽.Admin is on Program module(file:///C:/Users/banda/git/Team12_SeleniumHackathon/Team_12_LMS_Oct_2024/./src/test/resources/Features/03Program.feature:94)
</div></td></tr></table><p class="totop"><a href="#summary">back to summary</a></p>
<h3 id="m42">runners.TestRunner#runScenario</h3><table class="result"><tr class="param"><th>Parameter #1</th><th>Parameter #2</th></tr><tr class="param stripe"><td>&quot;Validate batch name value is disabled to edit&quot;</td><td>&quot;Batch Page Navigation&quot;</td></tr><tr><th colspan="2">Exception</th></tr><tr><td colspan="2"><div class="stacktrace">io.cucumber.java.PendingException: TODO: implement me
	at stepDefinition.BatchSteps.admin_is_on_batch_page(BatchSteps.java:101)
	at ✽.Admin is on batch page(file:///C:/Users/banda/git/Team12_SeleniumHackathon/Team_12_LMS_Oct_2024/./src/test/resources/Features/04Batch.feature:121)
</div></td></tr></table><p class="totop"><a href="#summary">back to summary</a></p>
<h3 id="m43">runners.TestRunner#runScenario</h3><table class="result"><tr class="param"><th>Parameter #1</th><th>Parameter #2</th></tr><tr class="param stripe"><td>&quot;Validate multiple row delete with checkbox&quot;</td><td>&quot;Batch Page Navigation&quot;</td></tr><tr><th colspan="2">Exception</th></tr><tr><td colspan="2"><div class="stacktrace">io.cucumber.java.PendingException: TODO: implement me
	at stepDefinition.BatchSteps.admin_is_on_batch_page(BatchSteps.java:101)
	at ✽.Admin is on batch page(file:///C:/Users/banda/git/Team12_SeleniumHackathon/Team_12_LMS_Oct_2024/./src/test/resources/Features/04Batch.feature:168)
</div></td></tr></table><p class="totop"><a href="#summary">back to summary</a></p>
<h3 id="m44">runners.TestRunner#runScenario</h3><table class="result"><tr class="param"><th>Parameter #1</th><th>Parameter #2</th></tr><tr class="param stripe"><td>&quot;Verify the alignment input field for the login&quot;</td><td>&quot;login&quot;</td></tr><tr><th colspan="2">Exception</th></tr><tr><td colspan="2"><div class="stacktrace">java.lang.NullPointerException: Cannot invoke &quot;org.openqa.selenium.WebDriver.findElement(org.openqa.selenium.By)&quot; because &quot;pageObjectModel.LoginPage.driver&quot; is null
	at pageObjectModel.LoginPage.positionOfInputBox(LoginPage.java:210)
	at stepDefinition.LoginSteps.admin_should_see_input_field_on_the_centre_of_the_page_vh(LoginSteps.java:111)
	at ✽.Admin should see input field on the centre of the page vh(file:///C:/Users/banda/git/Team12_SeleniumHackathon/Team_12_LMS_Oct_2024/./src/test/resources/Features/01Login.feature:64)
</div></td></tr></table><p class="totop"><a href="#summary">back to summary</a></p>
<h3 id="m45">runners.TestRunner#runScenario</h3><table class="result"><tr class="param"><th>Parameter #1</th><th>Parameter #2</th></tr><tr class="param stripe"><td>&quot;validate the backward page link&quot;</td><td>&quot;Batch Page Navigation&quot;</td></tr><tr><th colspan="2">Exception</th></tr><tr><td colspan="2"><div class="stacktrace">io.cucumber.java.PendingException: TODO: implement me
	at stepDefinition.BatchSteps.admin_is_on_batch_page(BatchSteps.java:101)
	at ✽.Admin is on batch page(file:///C:/Users/banda/git/Team12_SeleniumHackathon/Team_12_LMS_Oct_2024/./src/test/resources/Features/04Batch.feature:183)
</div></td></tr></table><p class="totop"><a href="#summary">back to summary</a></p>
<h3 id="m46">runners.TestRunner#runScenario</h3><table class="result"><tr class="param"><th>Parameter #1</th><th>Parameter #2</th></tr><tr class="param stripe"><td>&quot;Validate Datatable headers&quot;</td><td>&quot;Batch Page Navigation&quot;</td></tr><tr><th colspan="2">Exception</th></tr><tr><td colspan="2"><div class="stacktrace">io.cucumber.java.PendingException: TODO: implement me
	at stepDefinition.BatchSteps.admin_should_see_the_datatable_headers_batch_name_batch_description_batch_status_no_of_classes_program_name_edit_delete(BatchSteps.java:83)
	at ✽.Admin should see the datatable headers Batch name, Batch Description,Batch Status, No Of classes, Program Name, Edit/Delete(file:///C:/Users/banda/git/Team12_SeleniumHackathon/Team_12_LMS_Oct_2024/./src/test/resources/Features/04Batch.feature:48)
</div></td></tr></table><p class="totop"><a href="#summary">back to summary</a></p>
<h3 id="m47">runners.TestRunner#runScenario</h3><table class="result"><tr class="param"><th>Parameter #1</th><th>Parameter #2</th></tr><tr class="param stripe"><td>&quot;Verify Admin is able to search results found for program description&quot;</td><td>&quot;Navigation&quot;</td></tr><tr><th colspan="2">Exception</th></tr><tr><td colspan="2"><div class="stacktrace">org.openqa.selenium.ElementClickInterceptedException: element click intercepted: Element &lt;button _ngcontent-sdw-c227=&quot;&quot; aria-haspopup=&quot;true&quot; id=&quot;program&quot; mat-button=&quot;&quot; a=&quot;&quot; routerlink=&quot;/program&quot; class=&quot;mat-focus-indicator mat-menu-trigger mat-button mat-button-base&quot; tabindex=&quot;0&quot; ng-reflect-router-link=&quot;/program&quot; ng-reflect-menu=&quot;[object Object]&quot; aria-expanded=&quot;true&quot; aria-controls=&quot;mat-menu-panel-0&quot;&gt;...&lt;/button&gt; is not clickable at point (1235, 32). Other element would receive the click: &lt;div class=&quot;cdk-overlay-backdrop cdk-overlay-transparent-backdrop cdk-overlay-backdrop-showing&quot;&gt;&lt;/div&gt;
  (Session info: chrome=130.0.6723.70)
Build info: version: &apos;4.11.0&apos;, revision: &apos;040bc5406b&apos;
System info: os.name: &apos;Windows 11&apos;, os.arch: &apos;amd64&apos;, os.version: &apos;10.0&apos;, java.version: &apos;17.0.7&apos;
Driver info: org.openqa.selenium.chrome.ChromeDriver
Command: [73ff715d4e9facfef584313e7cf941b6, clickElement {id=f.E574B401B2B9A599809FF0349E503009.d.DFCB77AF637203176CA20288FB03F304.e.358}]
Capabilities {acceptInsecureCerts: false, browserName: chrome, browserVersion: 130.0.6723.70, chrome: {chromedriverVersion: 130.0.6723.69 (3ec172b971b9..., userDataDir: C:\Users\banda\AppData\Loca...}, fedcm:accounts: true, goog:chromeOptions: {debuggerAddress: localhost:57362}, networkConnectionEnabled: false, pageLoadStrategy: normal, platformName: windows, proxy: Proxy(), se:cdp: ws://localhost:57362/devtoo..., se:cdpVersion: 130.0.6723.70, setWindowRect: true, strictFileInteractability: false, timeouts: {implicit: 0, pageLoad: 300000, script: 30000}, unhandledPromptBehavior: dismiss and notify, webauthn:extension:credBlob: true, webauthn:extension:largeBlob: true, webauthn:extension:minPinLength: true, webauthn:extension:prf: true, webauthn:virtualAuthenticators: true}
Element: [[ChromeDriver: chrome on windows (73ff715d4e9facfef584313e7cf941b6)] -&gt; xpath: //button[@id=&apos;program&apos;]]
Session ID: 73ff715d4e9facfef584313e7cf941b6
	at java.base/jdk.internal.reflect.NativeConstructorAccessorImpl.newInstance0(Native Method)
	at java.base/jdk.internal.reflect.NativeConstructorAccessorImpl.newInstance(NativeConstructorAccessorImpl.java:77)
	at java.base/jdk.internal.reflect.DelegatingConstructorAccessorImpl.newInstance(DelegatingConstructorAccessorImpl.java:45)
	at java.base/java.lang.reflect.Constructor.newInstanceWithCaller(Constructor.java:499)
	at java.base/java.lang.reflect.Constructor.newInstance(Constructor.java:480)
	at org.openqa.selenium.remote.codec.w3c.W3CHttpResponseCodec.createException(W3CHttpResponseCodec.java:200)
	at org.openqa.selenium.remote.codec.w3c.W3CHttpResponseCodec.decode(W3CHttpResponseCodec.java:133)
	at org.openqa.selenium.remote.codec.w3c.W3CHttpResponseCodec.decode(W3CHttpResponseCodec.java:52)
	at org.openqa.selenium.remote.HttpCommandExecutor.execute(HttpCommandExecutor.java:191)
	at org.openqa.selenium.remote.service.DriverCommandExecutor.invokeExecute(DriverCommandExecutor.java:196)
	at org.openqa.selenium.remote.service.DriverCommandExecutor.execute(DriverCommandExecutor.java:171)
	at org.openqa.selenium.remote.RemoteWebDriver.execute(RemoteWebDriver.java:518)
	at org.openqa.selenium.remote.RemoteWebElement.execute(RemoteWebElement.java:224)
	at org.openqa.selenium.remote.RemoteWebElement.click(RemoteWebElement.java:77)
	at jdk.internal.reflect.GeneratedMethodAccessor159.invoke(Unknown Source)
	at java.base/jdk.internal.reflect.DelegatingMethodAccessorImpl.invoke(DelegatingMethodAccessorImpl.java:43)
	at java.base/java.lang.reflect.Method.invoke(Method.java:568)
	at org.openqa.selenium.support.pagefactory.internal.LocatingElementHandler.invoke(LocatingElementHandler.java:51)
	at jdk.proxy2/jdk.proxy2.$Proxy40.click(Unknown Source)
	at pageObjectModel.ProgramPage.Programmodule(ProgramPage.java:469)
	at stepDefinition.ProgramSteps.admin_is_on_program_module_kpsb2(ProgramSteps.java:664)
	at ✽.Admin is on Program moduleKPSB2(file:///C:/Users/banda/git/Team12_SeleniumHackathon/Team_12_LMS_Oct_2024/./src/test/resources/Features/03Program.feature:284)
</div></td></tr></table><p class="totop"><a href="#summary">back to summary</a></p>
<h3 id="m48">runners.TestRunner#runScenario</h3><table class="result"><tr class="param"><th>Parameter #1</th><th>Parameter #2</th></tr><tr class="param stripe"><td>&quot;Validate batch name prefix box is not editable&quot;</td><td>&quot;Batch Page Navigation&quot;</td></tr><tr><th colspan="2">Exception</th></tr><tr><td colspan="2"><div class="stacktrace">io.cucumber.java.PendingException: TODO: implement me
	at stepDefinition.BatchSteps.admin_is_on_the_batch_details_pop_up_w_indow(BatchSteps.java:136)
	at ✽.Admin is on the Batch Details Pop Up WIndow(file:///C:/Users/banda/git/Team12_SeleniumHackathon/Team_12_LMS_Oct_2024/./src/test/resources/Features/04Batch.feature:81)
</div></td></tr></table><p class="totop"><a href="#summary">back to summary</a></p>
<h3 id="m49">runners.TestRunner#runScenario</h3><table class="result"><tr class="param"><th>Parameter #1</th><th>Parameter #2</th></tr><tr class="param stripe"><td>&quot;Verify asterik next to password text&quot;</td><td>&quot;login&quot;</td></tr><tr><th colspan="2">Exception</th></tr><tr><td colspan="2"><div class="stacktrace">java.lang.NullPointerException: Cannot invoke &quot;org.openqa.selenium.WebDriver.findElements(org.openqa.selenium.By)&quot; because &quot;pageObjectModel.LoginPage.driver&quot; is null
	at pageObjectModel.LoginPage.VerifyStarWithPasswordTextBox(LoginPage.java:74)
	at stepDefinition.LoginSteps.admin_should_see_symbol_next_to_password_text_vh(LoginSteps.java:106)
	at ✽.Admin should see * symbol next to password text vh(file:///C:/Users/banda/git/Team12_SeleniumHackathon/Team_12_LMS_Oct_2024/./src/test/resources/Features/01Login.feature:60)
</div></td></tr></table><p class="totop"><a href="#summary">back to summary</a></p>
<h3 id="m50">runners.TestRunner#runScenario</h3><table class="result"><tr class="param"><th>Parameter #1</th><th>Parameter #2</th></tr><tr class="param stripe"><td>&quot;Verify the text spelling in the page&quot;</td><td>&quot;login&quot;</td></tr><tr><th colspan="2">Exception</th></tr><tr><td colspan="2"><div class="stacktrace">java.lang.NullPointerException: Cannot invoke &quot;org.openqa.selenium.WebDriver.findElement(org.openqa.selenium.By)&quot; because &quot;pageObjectModel.LoginPage.driver&quot; is null
	at pageObjectModel.LoginPage.CheckSpellings(LoginPage.java:63)
	at stepDefinition.LoginSteps.admin_should_see_correct_spellings_in_all_fields_vh(LoginSteps.java:61)
	at ✽.Admin should see correct spellings in all fields vh(file:///C:/Users/banda/git/Team12_SeleniumHackathon/Team_12_LMS_Oct_2024/./src/test/resources/Features/01Login.feature:24)
</div></td></tr></table><p class="totop"><a href="#summary">back to summary</a></p>
<h3 id="m51">runners.TestRunner#runScenario</h3><table class="result"><tr class="param"><th>Parameter #1</th><th>Parameter #2</th></tr><tr class="param stripe"><td>&quot;Validate &quot;Checkbox&quot; in the Datatable header row&quot;</td><td>&quot;Batch Page Navigation&quot;</td></tr><tr><th colspan="2">Exception</th></tr><tr><td colspan="2"><div class="stacktrace">io.cucumber.java.PendingException: TODO: implement me
	at stepDefinition.BatchSteps.admin_should_see_the_checkbox_in_the_datatable_header_row(BatchSteps.java:89)
	at ✽.Admin should see the checkbox in the datatable header row(file:///C:/Users/banda/git/Team12_SeleniumHackathon/Team_12_LMS_Oct_2024/./src/test/resources/Features/04Batch.feature:53)
</div></td></tr></table><p class="totop"><a href="#summary">back to summary</a></p>
<h3 id="m52">runners.TestRunner#runScenario</h3><table class="result"><tr class="param"><th>Parameter #1</th><th>Parameter #2</th></tr><tr class="param stripe"><td>&quot;Verify that Admin is able to navigate to Program module&quot;</td><td>&quot;Navigation&quot;</td></tr><tr><th colspan="2">Exception</th></tr><tr><td colspan="2"><div class="stacktrace">java.lang.NullPointerException: Cannot invoke &quot;org.openqa.selenium.WebDriver.manage()&quot; because &quot;pageObjectModel.ProgramPage.driver&quot; is null
	at pageObjectModel.ProgramPage.clickProgram(ProgramPage.java:164)
	at stepDefinition.ProgramSteps.admin_clicks_on_the_navigation_bar(ProgramSteps.java:30)
	at ✽.Admin clicks Program on the navigation bar SM(file:///C:/Users/banda/git/Team12_SeleniumHackathon/Team_12_LMS_Oct_2024/./src/test/resources/Features/03Program.feature:7)
</div></td></tr></table><p class="totop"><a href="#summary">back to summary</a></p>
<h3 id="m53">runners.TestRunner#runScenario</h3><table class="result"><tr class="param"><th>Parameter #1</th><th>Parameter #2</th></tr><tr class="param stripe"><td>&quot;Verify the Multiple Delete button state&quot;</td><td>&quot;Navigation&quot;</td></tr><tr><th colspan="2">Exception</th></tr><tr><td colspan="2"><div class="stacktrace">java.lang.NullPointerException: Cannot invoke &quot;org.openqa.selenium.WebDriver.manage()&quot; because &quot;pageObjectModel.ProgramPage.driver&quot; is null
	at pageObjectModel.ProgramPage.clickProgram(ProgramPage.java:164)
	at stepDefinition.ProgramSteps.admin_clicks_on_the_navigation_bar(ProgramSteps.java:30)
	at ✽.Admin clicks Program on the navigation bar SM(file:///C:/Users/banda/git/Team12_SeleniumHackathon/Team_12_LMS_Oct_2024/./src/test/resources/Features/03Program.feature:48)
</div></td></tr></table><p class="totop"><a href="#summary">back to summary</a></p>
<h3 id="m54">runners.TestRunner#runScenario</h3><table class="result"><tr class="param"><th>Parameter #1</th><th>Parameter #2</th></tr><tr class="param stripe"><td>&quot;Verify empty form submission&quot;</td><td>&quot;Navigation&quot;</td></tr><tr><th colspan="2">Exception</th></tr><tr><td colspan="2"><div class="stacktrace">java.lang.NullPointerException: Cannot invoke &quot;org.openqa.selenium.WebDriver.manage()&quot; because &quot;pageObjectModel.ProgramPage.driver&quot; is null
	at pageObjectModel.ProgramPage.clickProgram(ProgramPage.java:164)
	at stepDefinition.ProgramSteps.admin_is_on_program_details_form1(ProgramSteps.java:191)
	at ✽.Admin is on Program details form(file:///C:/Users/banda/git/Team12_SeleniumHackathon/Team_12_LMS_Oct_2024/./src/test/resources/Features/03Program.feature:109)
</div></td></tr></table><p class="totop"><a href="#summary">back to summary</a></p>
<h3 id="m55">runners.TestRunner#runScenario</h3><table class="result"><tr class="param"><th>Parameter #1</th><th>Parameter #2</th></tr><tr class="param stripe"><td>&quot;Verify cancel button&quot;</td><td>&quot;Navigation&quot;</td></tr><tr><th colspan="2">Exception</th></tr><tr><td colspan="2"><div class="stacktrace">java.lang.NullPointerException: Cannot invoke &quot;org.openqa.selenium.WebDriver.manage()&quot; because &quot;pageObjectModel.ProgramPage.driver&quot; is null
	at pageObjectModel.ProgramPage.clickProgram(ProgramPage.java:164)
	at stepDefinition.ProgramSteps.admin_is_on_program_details_form1(ProgramSteps.java:191)
	at ✽.Admin is on Program details form(file:///C:/Users/banda/git/Team12_SeleniumHackathon/Team_12_LMS_Oct_2024/./src/test/resources/Features/03Program.feature:114)
</div></td></tr></table><p class="totop"><a href="#summary">back to summary</a></p>
<h3 id="m56">runners.TestRunner#runScenario</h3><table class="result"><tr class="param"><th>Parameter #1</th><th>Parameter #2</th></tr><tr class="param stripe"><td>&quot;Verify close window with &quot;X&quot;&quot;</td><td>&quot;Navigation&quot;</td></tr><tr><th colspan="2">Exception</th></tr><tr><td colspan="2"><div class="stacktrace">java.lang.NullPointerException: Cannot invoke &quot;org.openqa.selenium.WebDriver.manage()&quot; because &quot;pageObjectModel.ProgramPage.driver&quot; is null
	at pageObjectModel.ProgramPage.clickProgram(ProgramPage.java:164)
	at stepDefinition.ProgramSteps.admin_is_on_program_details_form1(ProgramSteps.java:191)
	at ✽.Admin is on Program details form(file:///C:/Users/banda/git/Team12_SeleniumHackathon/Team_12_LMS_Oct_2024/./src/test/resources/Features/03Program.feature:153)
</div></td></tr></table><p class="totop"><a href="#summary">back to summary</a></p>
<h3 id="m57">runners.TestRunner#runScenario</h3><table class="result"><tr class="param"><th>Parameter #1</th><th>Parameter #2</th></tr><tr class="param stripe"><td>&quot;Verify Admin is able to delete Multiple programs&quot;</td><td>&quot;Navigation&quot;</td></tr><tr><th colspan="2">Exception</th></tr><tr><td colspan="2"><div class="stacktrace">org.openqa.selenium.ElementClickInterceptedException: element click intercepted: Element &lt;span class=&quot;p-button-icon pi pi-trash&quot; aria-hidden=&quot;true&quot;&gt;&lt;/span&gt; is not clickable at point (260, 166). Other element would receive the click: &lt;div class=&quot;cdk-overlay-backdrop cdk-overlay-transparent-backdrop cdk-overlay-backdrop-showing&quot;&gt;&lt;/div&gt;
  (Session info: chrome=130.0.6723.70)
Build info: version: &apos;4.11.0&apos;, revision: &apos;040bc5406b&apos;
System info: os.name: &apos;Windows 11&apos;, os.arch: &apos;amd64&apos;, os.version: &apos;10.0&apos;, java.version: &apos;17.0.7&apos;
Driver info: org.openqa.selenium.chrome.ChromeDriver
Command: [73ff715d4e9facfef584313e7cf941b6, clickElement {id=f.E574B401B2B9A599809FF0349E503009.d.DFCB77AF637203176CA20288FB03F304.e.383}]
Capabilities {acceptInsecureCerts: false, browserName: chrome, browserVersion: 130.0.6723.70, chrome: {chromedriverVersion: 130.0.6723.69 (3ec172b971b9..., userDataDir: C:\Users\banda\AppData\Loca...}, fedcm:accounts: true, goog:chromeOptions: {debuggerAddress: localhost:57362}, networkConnectionEnabled: false, pageLoadStrategy: normal, platformName: windows, proxy: Proxy(), se:cdp: ws://localhost:57362/devtoo..., se:cdpVersion: 130.0.6723.70, setWindowRect: true, strictFileInteractability: false, timeouts: {implicit: 0, pageLoad: 300000, script: 30000}, unhandledPromptBehavior: dismiss and notify, webauthn:extension:credBlob: true, webauthn:extension:largeBlob: true, webauthn:extension:minPinLength: true, webauthn:extension:prf: true, webauthn:virtualAuthenticators: true}
Element: [[ChromeDriver: chrome on windows (73ff715d4e9facfef584313e7cf941b6)] -&gt; xpath: (//span[@class=&apos;p-button-icon pi pi-trash&apos;])[1]]
Session ID: 73ff715d4e9facfef584313e7cf941b6
	at java.base/jdk.internal.reflect.NativeConstructorAccessorImpl.newInstance0(Native Method)
	at java.base/jdk.internal.reflect.NativeConstructorAccessorImpl.newInstance(NativeConstructorAccessorImpl.java:77)
	at java.base/jdk.internal.reflect.DelegatingConstructorAccessorImpl.newInstance(DelegatingConstructorAccessorImpl.java:45)
	at java.base/java.lang.reflect.Constructor.newInstanceWithCaller(Constructor.java:499)
	at java.base/java.lang.reflect.Constructor.newInstance(Constructor.java:480)
	at org.openqa.selenium.remote.codec.w3c.W3CHttpResponseCodec.createException(W3CHttpResponseCodec.java:200)
	at org.openqa.selenium.remote.codec.w3c.W3CHttpResponseCodec.decode(W3CHttpResponseCodec.java:133)
	at org.openqa.selenium.remote.codec.w3c.W3CHttpResponseCodec.decode(W3CHttpResponseCodec.java:52)
	at org.openqa.selenium.remote.HttpCommandExecutor.execute(HttpCommandExecutor.java:191)
	at org.openqa.selenium.remote.service.DriverCommandExecutor.invokeExecute(DriverCommandExecutor.java:196)
	at org.openqa.selenium.remote.service.DriverCommandExecutor.execute(DriverCommandExecutor.java:171)
	at org.openqa.selenium.remote.RemoteWebDriver.execute(RemoteWebDriver.java:518)
	at org.openqa.selenium.remote.RemoteWebElement.execute(RemoteWebElement.java:224)
	at org.openqa.selenium.remote.RemoteWebElement.click(RemoteWebElement.java:77)
	at jdk.internal.reflect.GeneratedMethodAccessor159.invoke(Unknown Source)
	at java.base/jdk.internal.reflect.DelegatingMethodAccessorImpl.invoke(DelegatingMethodAccessorImpl.java:43)
	at java.base/java.lang.reflect.Method.invoke(Method.java:568)
	at org.openqa.selenium.support.pagefactory.internal.LocatingElementHandler.invoke(LocatingElementHandler.java:51)
	at jdk.proxy2/jdk.proxy2.$Proxy40.click(Unknown Source)
	at pageObjectModel.ProgramPage.deletebutton(ProgramPage.java:499)
	at stepDefinition.ProgramSteps.admin_clicks_on_the_delete_button_on_the_left_top_of_the_program_page(ProgramSteps.java:518)
	at ✽.Admin clicks on the delete button on the left top of the program page(file:///C:/Users/banda/git/Team12_SeleniumHackathon/Team_12_LMS_Oct_2024/./src/test/resources/Features/03Program.feature:243)
</div></td></tr></table><p class="totop"><a href="#summary">back to summary</a></p>
<h3 id="m58">runners.TestRunner#runScenario</h3><table class="result"><tr class="param"><th>Parameter #1</th><th>Parameter #2</th></tr><tr class="param stripe"><td>&quot;Verify sorting of Program status in Ascending order/Descending orderKPSP3&quot;</td><td>&quot;Navigation&quot;</td></tr><tr><th colspan="2">Exception</th></tr><tr><td colspan="2"><div class="stacktrace">org.openqa.selenium.ElementClickInterceptedException: element click intercepted: Element &lt;button _ngcontent-sdw-c227=&quot;&quot; aria-haspopup=&quot;true&quot; id=&quot;program&quot; mat-button=&quot;&quot; a=&quot;&quot; routerlink=&quot;/program&quot; class=&quot;mat-focus-indicator mat-menu-trigger mat-button mat-button-base&quot; tabindex=&quot;0&quot; ng-reflect-router-link=&quot;/program&quot; ng-reflect-menu=&quot;[object Object]&quot; aria-expanded=&quot;true&quot; aria-controls=&quot;mat-menu-panel-0&quot;&gt;...&lt;/button&gt; is not clickable at point (1235, 32). Other element would receive the click: &lt;div class=&quot;cdk-overlay-backdrop cdk-overlay-transparent-backdrop cdk-overlay-backdrop-showing&quot;&gt;&lt;/div&gt;
  (Session info: chrome=130.0.6723.70)
Build info: version: &apos;4.11.0&apos;, revision: &apos;040bc5406b&apos;
System info: os.name: &apos;Windows 11&apos;, os.arch: &apos;amd64&apos;, os.version: &apos;10.0&apos;, java.version: &apos;17.0.7&apos;
Driver info: org.openqa.selenium.chrome.ChromeDriver
Command: [73ff715d4e9facfef584313e7cf941b6, clickElement {id=f.E574B401B2B9A599809FF0349E503009.d.DFCB77AF637203176CA20288FB03F304.e.358}]
Capabilities {acceptInsecureCerts: false, browserName: chrome, browserVersion: 130.0.6723.70, chrome: {chromedriverVersion: 130.0.6723.69 (3ec172b971b9..., userDataDir: C:\Users\banda\AppData\Loca...}, fedcm:accounts: true, goog:chromeOptions: {debuggerAddress: localhost:57362}, networkConnectionEnabled: false, pageLoadStrategy: normal, platformName: windows, proxy: Proxy(), se:cdp: ws://localhost:57362/devtoo..., se:cdpVersion: 130.0.6723.70, setWindowRect: true, strictFileInteractability: false, timeouts: {implicit: 0, pageLoad: 300000, script: 30000}, unhandledPromptBehavior: dismiss and notify, webauthn:extension:credBlob: true, webauthn:extension:largeBlob: true, webauthn:extension:minPinLength: true, webauthn:extension:prf: true, webauthn:virtualAuthenticators: true}
Element: [[ChromeDriver: chrome on windows (73ff715d4e9facfef584313e7cf941b6)] -&gt; xpath: //button[@id=&apos;program&apos;]]
Session ID: 73ff715d4e9facfef584313e7cf941b6
	at java.base/jdk.internal.reflect.NativeConstructorAccessorImpl.newInstance0(Native Method)
	at java.base/jdk.internal.reflect.NativeConstructorAccessorImpl.newInstance(NativeConstructorAccessorImpl.java:77)
	at java.base/jdk.internal.reflect.DelegatingConstructorAccessorImpl.newInstance(DelegatingConstructorAccessorImpl.java:45)
	at java.base/java.lang.reflect.Constructor.newInstanceWithCaller(Constructor.java:499)
	at java.base/java.lang.reflect.Constructor.newInstance(Constructor.java:480)
	at org.openqa.selenium.remote.codec.w3c.W3CHttpResponseCodec.createException(W3CHttpResponseCodec.java:200)
	at org.openqa.selenium.remote.codec.w3c.W3CHttpResponseCodec.decode(W3CHttpResponseCodec.java:133)
	at org.openqa.selenium.remote.codec.w3c.W3CHttpResponseCodec.decode(W3CHttpResponseCodec.java:52)
	at org.openqa.selenium.remote.HttpCommandExecutor.execute(HttpCommandExecutor.java:191)
	at org.openqa.selenium.remote.service.DriverCommandExecutor.invokeExecute(DriverCommandExecutor.java:196)
	at org.openqa.selenium.remote.service.DriverCommandExecutor.execute(DriverCommandExecutor.java:171)
	at org.openqa.selenium.remote.RemoteWebDriver.execute(RemoteWebDriver.java:518)
	at org.openqa.selenium.remote.RemoteWebElement.execute(RemoteWebElement.java:224)
	at org.openqa.selenium.remote.RemoteWebElement.click(RemoteWebElement.java:77)
	at jdk.internal.reflect.GeneratedMethodAccessor159.invoke(Unknown Source)
	at java.base/jdk.internal.reflect.DelegatingMethodAccessorImpl.invoke(DelegatingMethodAccessorImpl.java:43)
	at java.base/java.lang.reflect.Method.invoke(Method.java:568)
	at org.openqa.selenium.support.pagefactory.internal.LocatingElementHandler.invoke(LocatingElementHandler.java:51)
	at jdk.proxy2/jdk.proxy2.$Proxy40.click(Unknown Source)
	at pageObjectModel.ProgramPage.Programmodule(ProgramPage.java:469)
	at stepDefinition.ProgramSteps.admin_is_on_program_module_kpsp3(ProgramSteps.java:826)
	at ✽.Admin is on Program moduleKPSP3(file:///C:/Users/banda/git/Team12_SeleniumHackathon/Team_12_LMS_Oct_2024/./src/test/resources/Features/03Program.feature:327)
</div></td></tr></table><p class="totop"><a href="#summary">back to summary</a></p>
<h3 id="m59">runners.TestRunner#runScenario</h3><table class="result"><tr class="param"><th>Parameter #1</th><th>Parameter #2</th></tr><tr class="param stripe"><td>&quot;Validate login credentials with null password&quot;</td><td>&quot;login&quot;</td></tr><tr><th colspan="2">Exception</th></tr><tr><td colspan="2"><div class="stacktrace">java.lang.NullPointerException: Cannot invoke &quot;org.openqa.selenium.WebDriver.findElement(org.openqa.selenium.By)&quot; because &quot;pageObjectModel.LoginPage.driver&quot; is null
	at pageObjectModel.LoginPage.onlyusername(LoginPage.java:272)
	at stepDefinition.LoginSteps.admin_enter_value_only_in_adminname_and_clicks_login_button_vh(LoginSteps.java:169)
	at ✽.Admin enter value only in Adminname and clicks login button vh(file:///C:/Users/banda/git/Team12_SeleniumHackathon/Team_12_LMS_Oct_2024/./src/test/resources/Features/01Login.feature:101)
</div></td></tr></table><p class="totop"><a href="#summary">back to summary</a></p>
<h3 id="m60">runners.TestRunner#runScenario</h3><table class="result"><tr class="param"><th>Parameter #1</th><th>Parameter #2</th></tr><tr class="param stripe"><td>&quot;Verify sub menu displayed in program menu bar&quot;</td><td>&quot;Navigation&quot;</td></tr><tr><th colspan="2">Exception</th></tr><tr><td colspan="2"><div class="stacktrace">java.lang.NullPointerException: Cannot invoke &quot;org.openqa.selenium.WebDriver.manage()&quot; because &quot;pageObjectModel.ProgramPage.driver&quot; is null
	at pageObjectModel.ProgramPage.clickProgram(ProgramPage.java:164)
	at stepDefinition.ProgramSteps.admin_clicks_on_the_navigation_bar(ProgramSteps.java:30)
	at ✽.Admin clicks Program on the navigation bar SM(file:///C:/Users/banda/git/Team12_SeleniumHackathon/Team_12_LMS_Oct_2024/./src/test/resources/Features/03Program.feature:33)
</div></td></tr></table><p class="totop"><a href="#summary">back to summary</a></p>
<h3 id="m61">runners.TestRunner#runScenario</h3><table class="result"><tr class="param"><th>Parameter #1</th><th>Parameter #2</th></tr><tr class="param stripe"><td>&quot;Verify asterik next to Admin text&quot;</td><td>&quot;login&quot;</td></tr><tr><th colspan="2">Exception</th></tr><tr><td colspan="2"><div class="stacktrace">java.lang.NullPointerException: Cannot invoke &quot;org.openqa.selenium.WebDriver.findElements(org.openqa.selenium.By)&quot; because &quot;pageObjectModel.LoginPage.driver&quot; is null
	at pageObjectModel.LoginPage.VerifyStarWithUserTextBox(LoginPage.java:70)
	at stepDefinition.LoginSteps.admin_should_see_field_mandatory_symbol_next_to_admin_text_vh(LoginSteps.java:96)
	at ✽.Admin should see field mandatory *symbol next to Admin text vh(file:///C:/Users/banda/git/Team12_SeleniumHackathon/Team_12_LMS_Oct_2024/./src/test/resources/Features/01Login.feature:52)
</div></td></tr></table><p class="totop"><a href="#summary">back to summary</a></p>
<h3 id="m62">runners.TestRunner#runScenario</h3><table class="result"><tr class="param"><th>Parameter #1</th><th>Parameter #2</th></tr><tr class="param stripe"><td>&quot;userhb is able to navigate from manage class page to program page&quot;</td><td>&quot;Class Module&quot;</td></tr><tr><th colspan="2">Exception</th></tr><tr><td colspan="2"><div class="stacktrace">java.lang.NullPointerException: Cannot invoke &quot;org.openqa.selenium.WebDriver.getWindowHandle()&quot; because &quot;pageObjectModel.ClassPage.driver&quot; is null
	at pageObjectModel.ClassPage.switchtoPopUp(ClassPage.java:136)
	at stepDefinition.ClassSteps.userhb_is_in_manage_classpage(ClassSteps.java:104)
	at ✽.userhb is in manage classpage(file:///C:/Users/banda/git/Team12_SeleniumHackathon/Team_12_LMS_Oct_2024/./src/test/resources/Features/05Class.feature:39)
</div></td></tr></table><p class="totop"><a href="#summary">back to summary</a></p>
<h3 id="m63">runners.TestRunner#runScenario</h3><table class="result"><tr class="param"><th>Parameter #1</th><th>Parameter #2</th></tr><tr class="param stripe"><td>&quot;Verify the alignment of the login button&quot;</td><td>&quot;login&quot;</td></tr><tr><th colspan="2">Exception</th></tr><tr><td colspan="2"><div class="stacktrace">java.lang.NullPointerException: Cannot invoke &quot;org.openqa.selenium.WebDriver.findElement(org.openqa.selenium.By)&quot; because &quot;pageObjectModel.LoginPage.driver&quot; is null
	at pageObjectModel.LoginPage.positionOfLoginBtn(LoginPage.java:200)
	at stepDefinition.LoginSteps.admin_should_see_login_button_on_the_centre_of_the_page_vh(LoginSteps.java:121)
	at ✽.Admin should see login button on the centre of the page vh(file:///C:/Users/banda/git/Team12_SeleniumHackathon/Team_12_LMS_Oct_2024/./src/test/resources/Features/01Login.feature:72)
</div></td></tr></table><p class="totop"><a href="#summary">back to summary</a></p>
<h3 id="m64">runners.TestRunner#runScenario</h3><table class="result"><tr class="param"><th>Parameter #1</th><th>Parameter #2</th></tr><tr class="param stripe"><td>&quot;validate delete Icon on any row&quot;</td><td>&quot;Batch Page Navigation&quot;</td></tr><tr><th colspan="2">Exception</th></tr><tr><td colspan="2"><div class="stacktrace">io.cucumber.java.PendingException: TODO: implement me
	at stepDefinition.BatchSteps.admin_clicks_the_delete_icon_on_any_row(BatchSteps.java:298)
	at ✽.Admin clicks the delete Icon on any row(file:///C:/Users/banda/git/Team12_SeleniumHackathon/Team_12_LMS_Oct_2024/./src/test/resources/Features/04Batch.feature:143)
</div></td></tr></table><p class="totop"><a href="#summary">back to summary</a></p>
<h3 id="m65">runners.TestRunner#runScenario</h3><table class="result"><tr class="param"><th>Parameter #1</th><th>Parameter #2</th></tr><tr class="param stripe"><td>&quot;Verify Admin is able to click &apos;Yes&apos;&quot;</td><td>&quot;Navigation&quot;</td></tr><tr><th colspan="2">Exception</th></tr><tr><td colspan="2"><div class="stacktrace">java.lang.NullPointerException: Cannot invoke &quot;org.openqa.selenium.WebDriver.manage()&quot; because &quot;pageObjectModel.ProgramPage.driver&quot; is null
	at pageObjectModel.ProgramPage.clickProgram(ProgramPage.java:164)
	at stepDefinition.ProgramSteps.admin_is_on_confirm_deletion_form(ProgramSteps.java:393)
	at ✽.Admin is on Confirm deletion form(file:///C:/Users/banda/git/Team12_SeleniumHackathon/Team_12_LMS_Oct_2024/./src/test/resources/Features/03Program.feature:211)
</div></td></tr></table><p class="totop"><a href="#summary">back to summary</a></p>
<h3 id="m66">runners.TestRunner#runScenario</h3><table class="result"><tr class="param"><th>Parameter #1</th><th>Parameter #2</th></tr><tr class="param stripe"><td>&quot;Validate edit icon in each data rows&quot;</td><td>&quot;Batch Page Navigation&quot;</td></tr><tr><th colspan="2">Exception</th></tr><tr><td colspan="2"><div class="stacktrace">io.cucumber.java.PendingException: TODO: implement me
	at stepDefinition.BatchSteps.admin_should_see_the_edit_icon_in_each_row(BatchSteps.java:65)
	at ✽.Admin should see the edit icon in each row(file:///C:/Users/banda/git/Team12_SeleniumHackathon/Team_12_LMS_Oct_2024/./src/test/resources/Features/04Batch.feature:33)
</div></td></tr></table><p class="totop"><a href="#summary">back to summary</a></p>
<h3 id="m67">runners.TestRunner#runScenario</h3><table class="result"><tr class="param"><th>Parameter #1</th><th>Parameter #2</th></tr><tr class="param stripe"><td>&quot;Verify sorting of Program Description in Ascending order/Descending orderKPSP2&quot;</td><td>&quot;Navigation&quot;</td></tr><tr><th colspan="2">Exception</th></tr><tr><td colspan="2"><div class="stacktrace">org.openqa.selenium.ElementClickInterceptedException: element click intercepted: Element &lt;button _ngcontent-sdw-c227=&quot;&quot; aria-haspopup=&quot;true&quot; id=&quot;program&quot; mat-button=&quot;&quot; a=&quot;&quot; routerlink=&quot;/program&quot; class=&quot;mat-focus-indicator mat-menu-trigger mat-button mat-button-base&quot; tabindex=&quot;0&quot; ng-reflect-router-link=&quot;/program&quot; ng-reflect-menu=&quot;[object Object]&quot; aria-expanded=&quot;true&quot; aria-controls=&quot;mat-menu-panel-0&quot;&gt;...&lt;/button&gt; is not clickable at point (1235, 32). Other element would receive the click: &lt;div class=&quot;cdk-overlay-backdrop cdk-overlay-transparent-backdrop cdk-overlay-backdrop-showing&quot;&gt;&lt;/div&gt;
  (Session info: chrome=130.0.6723.70)
Build info: version: &apos;4.11.0&apos;, revision: &apos;040bc5406b&apos;
System info: os.name: &apos;Windows 11&apos;, os.arch: &apos;amd64&apos;, os.version: &apos;10.0&apos;, java.version: &apos;17.0.7&apos;
Driver info: org.openqa.selenium.chrome.ChromeDriver
Command: [73ff715d4e9facfef584313e7cf941b6, clickElement {id=f.E574B401B2B9A599809FF0349E503009.d.DFCB77AF637203176CA20288FB03F304.e.358}]
Capabilities {acceptInsecureCerts: false, browserName: chrome, browserVersion: 130.0.6723.70, chrome: {chromedriverVersion: 130.0.6723.69 (3ec172b971b9..., userDataDir: C:\Users\banda\AppData\Loca...}, fedcm:accounts: true, goog:chromeOptions: {debuggerAddress: localhost:57362}, networkConnectionEnabled: false, pageLoadStrategy: normal, platformName: windows, proxy: Proxy(), se:cdp: ws://localhost:57362/devtoo..., se:cdpVersion: 130.0.6723.70, setWindowRect: true, strictFileInteractability: false, timeouts: {implicit: 0, pageLoad: 300000, script: 30000}, unhandledPromptBehavior: dismiss and notify, webauthn:extension:credBlob: true, webauthn:extension:largeBlob: true, webauthn:extension:minPinLength: true, webauthn:extension:prf: true, webauthn:virtualAuthenticators: true}
Element: [[ChromeDriver: chrome on windows (73ff715d4e9facfef584313e7cf941b6)] -&gt; xpath: //button[@id=&apos;program&apos;]]
Session ID: 73ff715d4e9facfef584313e7cf941b6
	at java.base/jdk.internal.reflect.NativeConstructorAccessorImpl.newInstance0(Native Method)
	at java.base/jdk.internal.reflect.NativeConstructorAccessorImpl.newInstance(NativeConstructorAccessorImpl.java:77)
	at java.base/jdk.internal.reflect.DelegatingConstructorAccessorImpl.newInstance(DelegatingConstructorAccessorImpl.java:45)
	at java.base/java.lang.reflect.Constructor.newInstanceWithCaller(Constructor.java:499)
	at java.base/java.lang.reflect.Constructor.newInstance(Constructor.java:480)
	at org.openqa.selenium.remote.codec.w3c.W3CHttpResponseCodec.createException(W3CHttpResponseCodec.java:200)
	at org.openqa.selenium.remote.codec.w3c.W3CHttpResponseCodec.decode(W3CHttpResponseCodec.java:133)
	at org.openqa.selenium.remote.codec.w3c.W3CHttpResponseCodec.decode(W3CHttpResponseCodec.java:52)
	at org.openqa.selenium.remote.HttpCommandExecutor.execute(HttpCommandExecutor.java:191)
	at org.openqa.selenium.remote.service.DriverCommandExecutor.invokeExecute(DriverCommandExecutor.java:196)
	at org.openqa.selenium.remote.service.DriverCommandExecutor.execute(DriverCommandExecutor.java:171)
	at org.openqa.selenium.remote.RemoteWebDriver.execute(RemoteWebDriver.java:518)
	at org.openqa.selenium.remote.RemoteWebElement.execute(RemoteWebElement.java:224)
	at org.openqa.selenium.remote.RemoteWebElement.click(RemoteWebElement.java:77)
	at jdk.internal.reflect.GeneratedMethodAccessor159.invoke(Unknown Source)
	at java.base/jdk.internal.reflect.DelegatingMethodAccessorImpl.invoke(DelegatingMethodAccessorImpl.java:43)
	at java.base/java.lang.reflect.Method.invoke(Method.java:568)
	at org.openqa.selenium.support.pagefactory.internal.LocatingElementHandler.invoke(LocatingElementHandler.java:51)
	at jdk.proxy2/jdk.proxy2.$Proxy40.click(Unknown Source)
	at pageObjectModel.ProgramPage.Programmodule(ProgramPage.java:469)
	at stepDefinition.ProgramSteps.admin_is_on_program_module_kpsp2(ProgramSteps.java:800)
	at ✽.Admin is on Program moduleKPSP2(file:///C:/Users/banda/git/Team12_SeleniumHackathon/Team_12_LMS_Oct_2024/./src/test/resources/Features/03Program.feature:322)
</div></td></tr></table><p class="totop"><a href="#summary">back to summary</a></p>
<h3 id="m68">runners.TestRunner#runScenario</h3><table class="result"><tr class="param"><th>Parameter #1</th><th>Parameter #2</th></tr><tr class="param stripe"><td>&quot;validate search box functionality&quot;</td><td>&quot;Batch Page Navigation&quot;</td></tr><tr><th colspan="2">Exception</th></tr><tr><td colspan="2"><div class="stacktrace">io.cucumber.java.PendingException: TODO: implement me
	at stepDefinition.BatchSteps.admin_is_on_batch_page(BatchSteps.java:101)
	at ✽.Admin is on batch page(file:///C:/Users/banda/git/Team12_SeleniumHackathon/Team_12_LMS_Oct_2024/./src/test/resources/Features/04Batch.feature:194)
</div></td></tr></table><p class="totop"><a href="#summary">back to summary</a></p>
<h3 id="m69">runners.TestRunner#runScenario</h3><table class="result"><tr class="param"><th>Parameter #1</th><th>Parameter #2</th></tr><tr class="param stripe"><td>&quot;validate cancel button in Batch details pop up&quot;</td><td>&quot;Batch Page Navigation&quot;</td></tr><tr><th colspan="2">Exception</th></tr><tr><td colspan="2"><div class="stacktrace">io.cucumber.java.PendingException: TODO: implement me
	at stepDefinition.BatchSteps.admin_is_on_the_batch_details_page(BatchSteps.java:268)
	at ✽.Admin is on the Batch Details Page(file:///C:/Users/banda/git/Team12_SeleniumHackathon/Team_12_LMS_Oct_2024/./src/test/resources/Features/04Batch.feature:136)
</div></td></tr></table><p class="totop"><a href="#summary">back to summary</a></p>
<h3 id="m70">runners.TestRunner#runScenario</h3><table class="result"><tr class="param"><th>Parameter #1</th><th>Parameter #2</th></tr><tr class="param stripe"><td>&quot;Validate yes button on the confirm alert box&quot;</td><td>&quot;Batch Page Navigation&quot;</td></tr><tr><th colspan="2">Exception</th></tr><tr><td colspan="2"><div class="stacktrace">io.cucumber.java.PendingException: TODO: implement me
	at stepDefinition.BatchSteps.admin_is_on_the_batch_confirm_popup_page(BatchSteps.java:310)
	at ✽.Admin is on the batch confirm popup page(file:///C:/Users/banda/git/Team12_SeleniumHackathon/Team_12_LMS_Oct_2024/./src/test/resources/Features/04Batch.feature:147)
</div></td></tr></table><p class="totop"><a href="#summary">back to summary</a></p>
<h3 id="m71">runners.TestRunner#runScenario</h3><table class="result"><tr class="param"><th>Parameter #1</th><th>Parameter #2</th></tr><tr class="param stripe"><td>&quot;Validate Edit icon feature in any row&quot;</td><td>&quot;Batch Page Navigation&quot;</td></tr><tr><th colspan="2">Exception</th></tr><tr><td colspan="2"><div class="stacktrace">io.cucumber.java.PendingException: TODO: implement me
	at stepDefinition.BatchSteps.admin_is_on_batch_page(BatchSteps.java:101)
	at ✽.Admin is on batch page(file:///C:/Users/banda/git/Team12_SeleniumHackathon/Team_12_LMS_Oct_2024/./src/test/resources/Features/04Batch.feature:111)
</div></td></tr></table><p class="totop"><a href="#summary">back to summary</a></p>
<h3 id="m72">runners.TestRunner#runScenario</h3><table class="result"><tr class="param"><th>Parameter #1</th><th>Parameter #2</th></tr><tr class="param stripe"><td>&quot;Verify select Status&quot;</td><td>&quot;Navigation&quot;</td></tr><tr><th colspan="2">Exception</th></tr><tr><td colspan="2"><div class="stacktrace">java.lang.NullPointerException: Cannot invoke &quot;org.openqa.selenium.WebDriver.manage()&quot; because &quot;pageObjectModel.ProgramPage.driver&quot; is null
	at pageObjectModel.ProgramPage.clickProgram(ProgramPage.java:164)
	at stepDefinition.ProgramSteps.admin_is_on_program_details_form1(ProgramSteps.java:191)
	at ✽.Admin is on Program details form(file:///C:/Users/banda/git/Team12_SeleniumHackathon/Team_12_LMS_Oct_2024/./src/test/resources/Features/03Program.feature:129)
</div></td></tr></table><p class="totop"><a href="#summary">back to summary</a></p>
<h3 id="m73">runners.TestRunner#runScenario</h3><table class="result"><tr class="param"><th>Parameter #1</th><th>Parameter #2</th></tr><tr class="param stripe"><td>&quot;Verify Edit option&quot;</td><td>&quot;Navigation&quot;</td></tr><tr><th colspan="2">Exception</th></tr><tr><td colspan="2"><div class="stacktrace">java.lang.NullPointerException: Cannot invoke &quot;org.openqa.selenium.WebDriver.manage()&quot; because &quot;pageObjectModel.ProgramPage.driver&quot; is null
	at pageObjectModel.ProgramPage.clickProgram(ProgramPage.java:164)
	at stepDefinition.ProgramSteps.admin_is_on_program_module(ProgramSteps.java:160)
	at ✽.Admin is on Program module(file:///C:/Users/banda/git/Team12_SeleniumHackathon/Team_12_LMS_Oct_2024/./src/test/resources/Features/03Program.feature:160)
</div></td></tr></table><p class="totop"><a href="#summary">back to summary</a></p>
<h3 id="m74">runners.TestRunner#runScenario</h3><table class="result"><tr class="param"><th>Parameter #1</th><th>Parameter #2</th></tr><tr class="param stripe"><td>&quot;Admin Verify the response time&quot;</td><td>&quot;Dashboard Functionality&quot;</td></tr><tr><th colspan="2">Exception</th></tr><tr><td colspan="2"><div class="stacktrace">java.lang.NullPointerException: Cannot invoke &quot;org.openqa.selenium.WebDriver.manage()&quot; because &quot;pageObjectModel.DashboardPage.driver&quot; is null
	at pageObjectModel.DashboardPage.pagenavi(DashboardPage.java:96)
	at stepDefinition.DashboardStep.maximun_navigation_time_in_milliseconds_defaults_to_seconds(DashboardStep.java:46)
	at ✽.Maximun navigation time in milliseconds, defaults to 30 seconds(file:///C:/Users/banda/git/Team12_SeleniumHackathon/Team_12_LMS_Oct_2024/./src/test/resources/Features/02Dashboard.feature:15)
</div></td></tr></table><p class="totop"><a href="#summary">back to summary</a></p>
<h3 id="m75">runners.TestRunner#runScenario</h3><table class="result"><tr class="param"><th>Parameter #1</th><th>Parameter #2</th></tr><tr class="param stripe"><td>&quot;Validate pagination in the Batch Page&quot;</td><td>&quot;Batch Page Navigation&quot;</td></tr><tr><th colspan="2">Exception</th></tr><tr><td colspan="2"><div class="stacktrace">io.cucumber.java.PendingException: TODO: implement me
	at stepDefinition.BatchSteps.admin_should_see_the_enabled_pagination_controls_under_the_datatable(BatchSteps.java:59)
	at ✽.Admin should see the enabled pagination controls under the datatable(file:///C:/Users/banda/git/Team12_SeleniumHackathon/Team_12_LMS_Oct_2024/./src/test/resources/Features/04Batch.feature:27)
</div></td></tr></table><p class="totop"><a href="#summary">back to summary</a></p>
<h3 id="m76">runners.TestRunner#runScenario</h3><table class="result"><tr class="param"><th>Parameter #1</th><th>Parameter #2</th></tr><tr class="param stripe"><td>&quot;Validate &quot;Title&quot; in Batch Page&quot;</td><td>&quot;Batch Page Navigation&quot;</td></tr><tr><th colspan="2">Exception</th></tr><tr><td colspan="2"><div class="stacktrace">io.cucumber.testng.UndefinedStepException: The step &apos;Admin should see the LMS-LearningManagementSystem Title&apos; is undefined.
You can implement this step using the snippet(s) below:

@Then(&quot;Admin should see the LMS-LearningManagementSystem Title&quot;)
public void admin_should_see_the_lms_learning_management_system_title() {
    // Write code here that turns the phrase above into concrete actions
    throw new io.cucumber.java.PendingException();
}

	at io.cucumber.core.runtime.TestCaseResultObserver.assertTestCasePassed(TestCaseResultObserver.java:69)
	at io.cucumber.testng.TestCaseResultObserver.assertTestCasePassed(TestCaseResultObserver.java:23)
	at io.cucumber.testng.TestNGCucumberRunner.lambda$runScenario$1(TestNGCucumberRunner.java:133)
	at io.cucumber.core.runtime.CucumberExecutionContext.lambda$runTestCase$5(CucumberExecutionContext.java:130)
	at io.cucumber.core.runtime.RethrowingThrowableCollector.executeAndThrow(RethrowingThrowableCollector.java:23)
	at io.cucumber.core.runtime.CucumberExecutionContext.runTestCase(CucumberExecutionContext.java:130)
	at io.cucumber.testng.TestNGCucumberRunner.runScenario(TestNGCucumberRunner.java:129)
	at io.cucumber.testng.AbstractTestNGCucumberTests.runScenario(AbstractTestNGCucumberTests.java:35)
	at jdk.internal.reflect.GeneratedMethodAccessor155.invoke(Unknown Source)
	at java.base/jdk.internal.reflect.DelegatingMethodAccessorImpl.invoke(DelegatingMethodAccessorImpl.java:43)
	at java.base/java.lang.reflect.Method.invoke(Method.java:568)
	at org.testng.internal.invokers.MethodInvocationHelper.invokeMethod(MethodInvocationHelper.java:139)
	at org.testng.internal.invokers.TestInvoker.invokeMethod(TestInvoker.java:677)
	at org.testng.internal.invokers.TestInvoker.invokeTestMethod(TestInvoker.java:221)
	at org.testng.internal.invokers.MethodRunner.runInSequence(MethodRunner.java:50)
	at org.testng.internal.invokers.TestInvoker$MethodInvocationAgent.invoke(TestInvoker.java:969)
	at org.testng.internal.invokers.TestInvoker.invokeTestMethods(TestInvoker.java:194)
	at org.testng.internal.invokers.TestMethodWorker.invokeTestMethods(TestMethodWorker.java:148)
	at org.testng.internal.invokers.TestMethodWorker.run(TestMethodWorker.java:128)
	at java.base/java.util.ArrayList.forEach(ArrayList.java:1511)
	at org.testng.TestRunner.privateRun(TestRunner.java:829)
	at org.testng.TestRunner.run(TestRunner.java:602)
	at org.testng.SuiteRunner.runTest(SuiteRunner.java:437)
	at org.testng.SuiteRunner.runSequentially(SuiteRunner.java:431)
	at org.testng.SuiteRunner.privateRun(SuiteRunner.java:391)
	at org.testng.SuiteRunner.run(SuiteRunner.java:330)
	at org.testng.SuiteRunnerWorker.runSuite(SuiteRunnerWorker.java:52)
	at org.testng.SuiteRunnerWorker.run(SuiteRunnerWorker.java:95)
	at org.testng.TestNG.runSuitesSequentially(TestNG.java:1256)
	at org.testng.TestNG.runSuitesLocally(TestNG.java:1176)
	at org.testng.TestNG.runSuites(TestNG.java:1099)
	at org.testng.TestNG.run(TestNG.java:1067)
	at org.testng.remote.AbstractRemoteTestNG.run(AbstractRemoteTestNG.java:115)
	at org.testng.remote.RemoteTestNG.initAndRun(RemoteTestNG.java:293)
	at org.testng.remote.RemoteTestNG.main(RemoteTestNG.java:91)
</div></td></tr></table><p class="totop"><a href="#summary">back to summary</a></p>
<h3 id="m77">runners.TestRunner#runScenario</h3><table class="result"><tr class="param"><th>Parameter #1</th><th>Parameter #2</th></tr><tr class="param stripe"><td>&quot;Userhb is able to validate pagination last link in manage class&quot;</td><td>&quot;Class Module&quot;</td></tr><tr><th colspan="2">Exception</th></tr><tr><td colspan="2"><div class="stacktrace">java.lang.NullPointerException: Cannot invoke &quot;org.openqa.selenium.WebDriver.getWindowHandle()&quot; because &quot;pageObjectModel.ClassPage.driver&quot; is null
	at pageObjectModel.ClassPage.switchtoPopUp(ClassPage.java:136)
	at stepDefinition.ClassSteps.userhb_is_in_manage_classpage(ClassSteps.java:104)
	at ✽.userhb is in manage classpage(file:///C:/Users/banda/git/Team12_SeleniumHackathon/Team_12_LMS_Oct_2024/./src/test/resources/Features/05Class.feature:23)
</div></td></tr></table><p class="totop"><a href="#summary">back to summary</a></p>
<h3 id="m78">runners.TestRunner#runScenario</h3><table class="result"><tr class="param"><th>Parameter #1</th><th>Parameter #2</th></tr><tr class="param stripe"><td>&quot;Verify pagination when there are no records&quot;</td><td>&quot;Navigation&quot;</td></tr><tr><th colspan="2">Exception</th></tr><tr><td colspan="2"><div class="stacktrace">org.openqa.selenium.ElementClickInterceptedException: element click intercepted: Element &lt;button _ngcontent-sdw-c227=&quot;&quot; aria-haspopup=&quot;true&quot; id=&quot;program&quot; mat-button=&quot;&quot; a=&quot;&quot; routerlink=&quot;/program&quot; class=&quot;mat-focus-indicator mat-menu-trigger mat-button mat-button-base&quot; tabindex=&quot;0&quot; ng-reflect-router-link=&quot;/program&quot; ng-reflect-menu=&quot;[object Object]&quot; aria-expanded=&quot;true&quot; aria-controls=&quot;mat-menu-panel-0&quot;&gt;...&lt;/button&gt; is not clickable at point (1235, 32). Other element would receive the click: &lt;div class=&quot;cdk-overlay-backdrop cdk-overlay-transparent-backdrop cdk-overlay-backdrop-showing&quot;&gt;&lt;/div&gt;
  (Session info: chrome=130.0.6723.70)
Build info: version: &apos;4.11.0&apos;, revision: &apos;040bc5406b&apos;
System info: os.name: &apos;Windows 11&apos;, os.arch: &apos;amd64&apos;, os.version: &apos;10.0&apos;, java.version: &apos;17.0.7&apos;
Driver info: org.openqa.selenium.chrome.ChromeDriver
Command: [73ff715d4e9facfef584313e7cf941b6, clickElement {id=f.E574B401B2B9A599809FF0349E503009.d.DFCB77AF637203176CA20288FB03F304.e.358}]
Capabilities {acceptInsecureCerts: false, browserName: chrome, browserVersion: 130.0.6723.70, chrome: {chromedriverVersion: 130.0.6723.69 (3ec172b971b9..., userDataDir: C:\Users\banda\AppData\Loca...}, fedcm:accounts: true, goog:chromeOptions: {debuggerAddress: localhost:57362}, networkConnectionEnabled: false, pageLoadStrategy: normal, platformName: windows, proxy: Proxy(), se:cdp: ws://localhost:57362/devtoo..., se:cdpVersion: 130.0.6723.70, setWindowRect: true, strictFileInteractability: false, timeouts: {implicit: 0, pageLoad: 300000, script: 30000}, unhandledPromptBehavior: dismiss and notify, webauthn:extension:credBlob: true, webauthn:extension:largeBlob: true, webauthn:extension:minPinLength: true, webauthn:extension:prf: true, webauthn:virtualAuthenticators: true}
Element: [[ChromeDriver: chrome on windows (73ff715d4e9facfef584313e7cf941b6)] -&gt; xpath: //button[@id=&apos;program&apos;]]
Session ID: 73ff715d4e9facfef584313e7cf941b6
	at java.base/jdk.internal.reflect.NativeConstructorAccessorImpl.newInstance0(Native Method)
	at java.base/jdk.internal.reflect.NativeConstructorAccessorImpl.newInstance(NativeConstructorAccessorImpl.java:77)
	at java.base/jdk.internal.reflect.DelegatingConstructorAccessorImpl.newInstance(DelegatingConstructorAccessorImpl.java:45)
	at java.base/java.lang.reflect.Constructor.newInstanceWithCaller(Constructor.java:499)
	at java.base/java.lang.reflect.Constructor.newInstance(Constructor.java:480)
	at org.openqa.selenium.remote.codec.w3c.W3CHttpResponseCodec.createException(W3CHttpResponseCodec.java:200)
	at org.openqa.selenium.remote.codec.w3c.W3CHttpResponseCodec.decode(W3CHttpResponseCodec.java:133)
	at org.openqa.selenium.remote.codec.w3c.W3CHttpResponseCodec.decode(W3CHttpResponseCodec.java:52)
	at org.openqa.selenium.remote.HttpCommandExecutor.execute(HttpCommandExecutor.java:191)
	at org.openqa.selenium.remote.service.DriverCommandExecutor.invokeExecute(DriverCommandExecutor.java:196)
	at org.openqa.selenium.remote.service.DriverCommandExecutor.execute(DriverCommandExecutor.java:171)
	at org.openqa.selenium.remote.RemoteWebDriver.execute(RemoteWebDriver.java:518)
	at org.openqa.selenium.remote.RemoteWebElement.execute(RemoteWebElement.java:224)
	at org.openqa.selenium.remote.RemoteWebElement.click(RemoteWebElement.java:77)
	at jdk.internal.reflect.GeneratedMethodAccessor159.invoke(Unknown Source)
	at java.base/jdk.internal.reflect.DelegatingMethodAccessorImpl.invoke(DelegatingMethodAccessorImpl.java:43)
	at java.base/java.lang.reflect.Method.invoke(Method.java:568)
	at org.openqa.selenium.support.pagefactory.internal.LocatingElementHandler.invoke(LocatingElementHandler.java:51)
	at jdk.proxy2/jdk.proxy2.$Proxy40.click(Unknown Source)
	at pageObjectModel.ProgramPage.Programmodule(ProgramPage.java:469)
	at stepDefinition.ProgramSteps.admin_is_on_dashboard_page_after_login(ProgramSteps.java:952)
	at ✽.Admin is on dashboard page after Login(file:///C:/Users/banda/git/Team12_SeleniumHackathon/Team_12_LMS_Oct_2024/./src/test/resources/Features/03Program.feature:358)
</div></td></tr></table><p class="totop"><a href="#summary">back to summary</a></p>
<h3 id="m79">runners.TestRunner#runScenario</h3><table class="result"><tr class="param"><th>Parameter #1</th><th>Parameter #2</th></tr><tr class="param stripe"><td>&quot;Verify sub menu displayed in batch menu bar&quot;</td><td>&quot;Batch Page Navigation&quot;</td></tr><tr><th colspan="2">Exception</th></tr><tr><td colspan="2"><div class="stacktrace">io.cucumber.java.PendingException: TODO: implement me
	at stepDefinition.BatchSteps.admin_is_on_batch_page(BatchSteps.java:101)
	at ✽.Admin is on batch page(file:///C:/Users/banda/git/Team12_SeleniumHackathon/Team_12_LMS_Oct_2024/./src/test/resources/Features/04Batch.feature:60)
</div></td></tr></table><p class="totop"><a href="#summary">back to summary</a></p>
<h3 id="m80">runners.TestRunner#runScenario</h3><table class="result"><tr class="param"><th>Parameter #1</th><th>Parameter #2</th></tr><tr class="param stripe"><td>&quot;Verify title of the pop up window&quot;</td><td>&quot;Navigation&quot;</td></tr><tr><th colspan="2">Exception</th></tr><tr><td colspan="2"><div class="stacktrace">java.lang.NullPointerException: Cannot invoke &quot;org.openqa.selenium.WebDriver.manage()&quot; because &quot;pageObjectModel.ProgramPage.driver&quot; is null
	at pageObjectModel.ProgramPage.clickProgram(ProgramPage.java:164)
	at stepDefinition.ProgramSteps.admin_is_on_program_module(ProgramSteps.java:160)
	at ✽.Admin is on Program module(file:///C:/Users/banda/git/Team12_SeleniumHackathon/Team_12_LMS_Oct_2024/./src/test/resources/Features/03Program.feature:99)
</div></td></tr></table><p class="totop"><a href="#summary">back to summary</a></p>
<h3 id="m81">runners.TestRunner#runScenario</h3><table class="result"><tr class="param"><th>Parameter #1</th><th>Parameter #2</th></tr><tr class="param stripe"><td>&quot;Verify Logout displayed in menu bar&quot;</td><td>&quot;Navigation&quot;</td></tr><tr><th colspan="2">Exception</th></tr><tr><td colspan="2"><div class="stacktrace">java.lang.NullPointerException: Cannot invoke &quot;org.openqa.selenium.WebDriver.manage()&quot; because &quot;pageObjectModel.ProgramPage.driver&quot; is null
	at pageObjectModel.ProgramPage.clickProgram(ProgramPage.java:164)
	at stepDefinition.ProgramSteps.admin_clicks_on_the_navigation_bar(ProgramSteps.java:30)
	at ✽.Admin clicks Program on the navigation bar SM(file:///C:/Users/banda/git/Team12_SeleniumHackathon/Team_12_LMS_Oct_2024/./src/test/resources/Features/03Program.feature:27)
</div></td></tr></table><p class="totop"><a href="#summary">back to summary</a></p>
<h3 id="m82">runners.TestRunner#runScenario</h3><table class="result"><tr class="param"><th>Parameter #1</th><th>Parameter #2</th></tr><tr class="param stripe"><td>&quot;Verify for broken link&quot;</td><td>&quot;login&quot;</td></tr><tr><th colspan="2">Exception</th></tr><tr><td colspan="2"><div class="stacktrace">java.lang.NullPointerException: Cannot invoke &quot;org.openqa.selenium.WebDriver.findElements(org.openqa.selenium.By)&quot; because &quot;pageObjectModel.LoginPage.driver&quot; is null
	at pageObjectModel.LoginPage.brokenLink(LoginPage.java:139)
	at stepDefinition.LoginSteps.http_response_then_the_link_is_broken_vh(LoginSteps.java:56)
	at ✽.HTTP response &gt;= 400. Then the link is broken vh(file:///C:/Users/banda/git/Team12_SeleniumHackathon/Team_12_LMS_Oct_2024/./src/test/resources/Features/01Login.feature:20)
</div></td></tr></table><p class="totop"><a href="#summary">back to summary</a></p>
<h3 id="m83">runners.TestRunner#runScenario</h3><table class="result"><tr class="param"><th>Parameter #1</th><th>Parameter #2</th></tr><tr class="param stripe"><td>&quot;validate save button in Batch details pop up&quot;</td><td>&quot;Batch Page Navigation&quot;</td></tr><tr><th colspan="2">Exception</th></tr><tr><td colspan="2"><div class="stacktrace">io.cucumber.java.PendingException: TODO: implement me
	at stepDefinition.BatchSteps.admin_is_on_the_batch_details_page(BatchSteps.java:268)
	at ✽.Admin is on the Batch Details Page(file:///C:/Users/banda/git/Team12_SeleniumHackathon/Team_12_LMS_Oct_2024/./src/test/resources/Features/04Batch.feature:131)
</div></td></tr></table><p class="totop"><a href="#summary">back to summary</a></p>
<h3 id="m84">runners.TestRunner#runScenario</h3><table class="result"><tr class="param"><th>Parameter #1</th><th>Parameter #2</th></tr><tr class="param stripe"><td>&quot;verify Login button is present&quot;</td><td>&quot;login&quot;</td></tr><tr><th colspan="2">Exception</th></tr><tr><td colspan="2"><div class="stacktrace">java.lang.NullPointerException: Cannot invoke &quot;org.openqa.selenium.WebDriver.findElements(org.openqa.selenium.By)&quot; because &quot;pageObjectModel.LoginPage.driver&quot; is null
	at pageObjectModel.LoginPage.VerifyLoginButton(LoginPage.java:78)
	at stepDefinition.LoginSteps.admin_should_see_login_button_vh(LoginSteps.java:116)
	at ✽.Admin should see login button vh(file:///C:/Users/banda/git/Team12_SeleniumHackathon/Team_12_LMS_Oct_2024/./src/test/resources/Features/01Login.feature:68)
</div></td></tr></table><p class="totop"><a href="#summary">back to summary</a></p>
<h3 id="m85">runners.TestRunner#runScenario</h3><table class="result"><tr class="param"><th>Parameter #1</th><th>Parameter #2</th></tr><tr class="param stripe"><td>&quot;Validate editing description and No. of classes fields with invalid data in the pop up&quot;</td><td>&quot;Batch Page Navigation&quot;</td></tr><tr><th colspan="2">Exception</th></tr><tr><td colspan="2"><div class="stacktrace">io.cucumber.java.PendingException: TODO: implement me
	at stepDefinition.BatchSteps.admin_is_on_the_batch_details_page(BatchSteps.java:268)
	at ✽.Admin is on the Batch Details Page(file:///C:/Users/banda/git/Team12_SeleniumHackathon/Team_12_LMS_Oct_2024/./src/test/resources/Features/04Batch.feature:126)
</div></td></tr></table><p class="totop"><a href="#summary">back to summary</a></p>
<h3 id="m86">runners.TestRunner#runScenario</h3><table class="result"><tr class="param"><th>Parameter #1</th><th>Parameter #2</th></tr><tr class="param stripe"><td>&quot;validate cancel button in Batch details pop up&quot;</td><td>&quot;Batch Page Navigation&quot;</td></tr><tr><th colspan="2">Exception</th></tr><tr><td colspan="2"><div class="stacktrace">io.cucumber.java.PendingException: TODO: implement me
	at stepDefinition.BatchSteps.admin_is_on_the_batch_details_pop_up_w_indow(BatchSteps.java:136)
	at ✽.Admin is on the Batch Details Pop Up WIndow(file:///C:/Users/banda/git/Team12_SeleniumHackathon/Team_12_LMS_Oct_2024/./src/test/resources/Features/04Batch.feature:101)
</div></td></tr></table><p class="totop"><a href="#summary">back to summary</a></p>
<h3 id="m87">runners.TestRunner#runScenario</h3><table class="result"><tr class="param"><th>Parameter #1</th><th>Parameter #2</th></tr><tr class="param stripe"><td>&quot;Validate single row delete with checkbox&quot;</td><td>&quot;Batch Page Navigation&quot;</td></tr><tr><th colspan="2">Exception</th></tr><tr><td colspan="2"><div class="stacktrace">io.cucumber.java.PendingException: TODO: implement me
	at stepDefinition.BatchSteps.admin_is_on_batch_page(BatchSteps.java:101)
	at ✽.Admin is on batch page(file:///C:/Users/banda/git/Team12_SeleniumHackathon/Team_12_LMS_Oct_2024/./src/test/resources/Features/04Batch.feature:163)
</div></td></tr></table><p class="totop"><a href="#summary">back to summary</a></p>
<h3 id="m88">runners.TestRunner#runScenario</h3><table class="result"><tr class="param"><th>Parameter #1</th><th>Parameter #2</th></tr><tr class="param stripe"><td>&quot;Verify pagination when there are no records&quot;</td><td>&quot;Navigation&quot;</td></tr><tr><th colspan="2">Exception</th></tr><tr><td colspan="2"><div class="stacktrace">org.openqa.selenium.ElementClickInterceptedException: element click intercepted: Element &lt;button _ngcontent-sdw-c227=&quot;&quot; aria-haspopup=&quot;true&quot; id=&quot;program&quot; mat-button=&quot;&quot; a=&quot;&quot; routerlink=&quot;/program&quot; class=&quot;mat-focus-indicator mat-menu-trigger mat-button mat-button-base&quot; tabindex=&quot;0&quot; ng-reflect-router-link=&quot;/program&quot; ng-reflect-menu=&quot;[object Object]&quot; aria-expanded=&quot;true&quot; aria-controls=&quot;mat-menu-panel-0&quot;&gt;...&lt;/button&gt; is not clickable at point (1235, 32). Other element would receive the click: &lt;div class=&quot;cdk-overlay-backdrop cdk-overlay-transparent-backdrop cdk-overlay-backdrop-showing&quot;&gt;&lt;/div&gt;
  (Session info: chrome=130.0.6723.70)
Build info: version: &apos;4.11.0&apos;, revision: &apos;040bc5406b&apos;
System info: os.name: &apos;Windows 11&apos;, os.arch: &apos;amd64&apos;, os.version: &apos;10.0&apos;, java.version: &apos;17.0.7&apos;
Driver info: org.openqa.selenium.chrome.ChromeDriver
Command: [73ff715d4e9facfef584313e7cf941b6, clickElement {id=f.E574B401B2B9A599809FF0349E503009.d.DFCB77AF637203176CA20288FB03F304.e.358}]
Capabilities {acceptInsecureCerts: false, browserName: chrome, browserVersion: 130.0.6723.70, chrome: {chromedriverVersion: 130.0.6723.69 (3ec172b971b9..., userDataDir: C:\Users\banda\AppData\Loca...}, fedcm:accounts: true, goog:chromeOptions: {debuggerAddress: localhost:57362}, networkConnectionEnabled: false, pageLoadStrategy: normal, platformName: windows, proxy: Proxy(), se:cdp: ws://localhost:57362/devtoo..., se:cdpVersion: 130.0.6723.70, setWindowRect: true, strictFileInteractability: false, timeouts: {implicit: 0, pageLoad: 300000, script: 30000}, unhandledPromptBehavior: dismiss and notify, webauthn:extension:credBlob: true, webauthn:extension:largeBlob: true, webauthn:extension:minPinLength: true, webauthn:extension:prf: true, webauthn:virtualAuthenticators: true}
Element: [[ChromeDriver: chrome on windows (73ff715d4e9facfef584313e7cf941b6)] -&gt; xpath: //button[@id=&apos;program&apos;]]
Session ID: 73ff715d4e9facfef584313e7cf941b6
	at java.base/jdk.internal.reflect.NativeConstructorAccessorImpl.newInstance0(Native Method)
	at java.base/jdk.internal.reflect.NativeConstructorAccessorImpl.newInstance(NativeConstructorAccessorImpl.java:77)
	at java.base/jdk.internal.reflect.DelegatingConstructorAccessorImpl.newInstance(DelegatingConstructorAccessorImpl.java:45)
	at java.base/java.lang.reflect.Constructor.newInstanceWithCaller(Constructor.java:499)
	at java.base/java.lang.reflect.Constructor.newInstance(Constructor.java:480)
	at org.openqa.selenium.remote.codec.w3c.W3CHttpResponseCodec.createException(W3CHttpResponseCodec.java:200)
	at org.openqa.selenium.remote.codec.w3c.W3CHttpResponseCodec.decode(W3CHttpResponseCodec.java:133)
	at org.openqa.selenium.remote.codec.w3c.W3CHttpResponseCodec.decode(W3CHttpResponseCodec.java:52)
	at org.openqa.selenium.remote.HttpCommandExecutor.execute(HttpCommandExecutor.java:191)
	at org.openqa.selenium.remote.service.DriverCommandExecutor.invokeExecute(DriverCommandExecutor.java:196)
	at org.openqa.selenium.remote.service.DriverCommandExecutor.execute(DriverCommandExecutor.java:171)
	at org.openqa.selenium.remote.RemoteWebDriver.execute(RemoteWebDriver.java:518)
	at org.openqa.selenium.remote.RemoteWebElement.execute(RemoteWebElement.java:224)
	at org.openqa.selenium.remote.RemoteWebElement.click(RemoteWebElement.java:77)
	at jdk.internal.reflect.GeneratedMethodAccessor159.invoke(Unknown Source)
	at java.base/jdk.internal.reflect.DelegatingMethodAccessorImpl.invoke(DelegatingMethodAccessorImpl.java:43)
	at java.base/java.lang.reflect.Method.invoke(Method.java:568)
	at org.openqa.selenium.support.pagefactory.internal.LocatingElementHandler.invoke(LocatingElementHandler.java:51)
	at jdk.proxy2/jdk.proxy2.$Proxy40.click(Unknown Source)
	at pageObjectModel.ProgramPage.Programmodule(ProgramPage.java:469)
	at stepDefinition.ProgramSteps.admin_is_on_dashboard_page_after_login(ProgramSteps.java:952)
	at ✽.Admin is on dashboard page after Login(file:///C:/Users/banda/git/Team12_SeleniumHackathon/Team_12_LMS_Oct_2024/./src/test/resources/Features/03Program.feature:363)
</div></td></tr></table><p class="totop"><a href="#summary">back to summary</a></p>
<h3 id="m89">runners.TestRunner#runScenario</h3><table class="result"><tr class="param"><th>Parameter #1</th><th>Parameter #2</th></tr><tr class="param stripe"><td>&quot;Validate next page link&quot;</td><td>&quot;Batch Page Navigation&quot;</td></tr><tr><th colspan="2">Exception</th></tr><tr><td colspan="2"><div class="stacktrace">io.cucumber.java.PendingException: TODO: implement me
	at stepDefinition.BatchSteps.admin_is_on_batch_page(BatchSteps.java:101)
	at ✽.Admin is on batch page(file:///C:/Users/banda/git/Team12_SeleniumHackathon/Team_12_LMS_Oct_2024/./src/test/resources/Features/04Batch.feature:173)
</div></td></tr></table><p class="totop"><a href="#summary">back to summary</a></p>
<h3 id="m90">runners.TestRunner#runScenario</h3><table class="result"><tr class="param"><th>Parameter #1</th><th>Parameter #2</th></tr><tr class="param stripe"><td>&quot;Verify input descriptive test in Admin field&quot;</td><td>&quot;login&quot;</td></tr><tr><th colspan="2">Exception</th></tr><tr><td colspan="2"><div class="stacktrace">java.lang.NullPointerException: Cannot invoke &quot;org.openqa.selenium.WebDriver.findElement(org.openqa.selenium.By)&quot; because &quot;pageObjectModel.LoginPage.driver&quot; is null
	at pageObjectModel.LoginPage.checkIfUserFontColorIsGray(LoginPage.java:220)
	at stepDefinition.LoginSteps.admin_should_see_admin_in_gray_color_vh(LoginSteps.java:125)
	at ✽.Admin should see Admin in gray color vh(file:///C:/Users/banda/git/Team12_SeleniumHackathon/Team_12_LMS_Oct_2024/./src/test/resources/Features/01Login.feature:76)
</div></td></tr></table><p class="totop"><a href="#summary">back to summary</a></p>
<h3 id="m91">runners.TestRunner#runScenario</h3><table class="result"><tr class="param"><th>Parameter #1</th><th>Parameter #2</th></tr><tr class="param stripe"><td>&quot;Verify sorting of Program name in Ascending order/Descending orderKPSP&quot;</td><td>&quot;Navigation&quot;</td></tr><tr><th colspan="2">Exception</th></tr><tr><td colspan="2"><div class="stacktrace">org.openqa.selenium.ElementClickInterceptedException: element click intercepted: Element &lt;button _ngcontent-sdw-c227=&quot;&quot; aria-haspopup=&quot;true&quot; id=&quot;program&quot; mat-button=&quot;&quot; a=&quot;&quot; routerlink=&quot;/program&quot; class=&quot;mat-focus-indicator mat-menu-trigger mat-button mat-button-base&quot; tabindex=&quot;0&quot; ng-reflect-router-link=&quot;/program&quot; ng-reflect-menu=&quot;[object Object]&quot; aria-expanded=&quot;true&quot; aria-controls=&quot;mat-menu-panel-0&quot;&gt;...&lt;/button&gt; is not clickable at point (1235, 32). Other element would receive the click: &lt;div class=&quot;cdk-overlay-backdrop cdk-overlay-transparent-backdrop cdk-overlay-backdrop-showing&quot;&gt;&lt;/div&gt;
  (Session info: chrome=130.0.6723.70)
Build info: version: &apos;4.11.0&apos;, revision: &apos;040bc5406b&apos;
System info: os.name: &apos;Windows 11&apos;, os.arch: &apos;amd64&apos;, os.version: &apos;10.0&apos;, java.version: &apos;17.0.7&apos;
Driver info: org.openqa.selenium.chrome.ChromeDriver
Command: [73ff715d4e9facfef584313e7cf941b6, clickElement {id=f.E574B401B2B9A599809FF0349E503009.d.DFCB77AF637203176CA20288FB03F304.e.358}]
Capabilities {acceptInsecureCerts: false, browserName: chrome, browserVersion: 130.0.6723.70, chrome: {chromedriverVersion: 130.0.6723.69 (3ec172b971b9..., userDataDir: C:\Users\banda\AppData\Loca...}, fedcm:accounts: true, goog:chromeOptions: {debuggerAddress: localhost:57362}, networkConnectionEnabled: false, pageLoadStrategy: normal, platformName: windows, proxy: Proxy(), se:cdp: ws://localhost:57362/devtoo..., se:cdpVersion: 130.0.6723.70, setWindowRect: true, strictFileInteractability: false, timeouts: {implicit: 0, pageLoad: 300000, script: 30000}, unhandledPromptBehavior: dismiss and notify, webauthn:extension:credBlob: true, webauthn:extension:largeBlob: true, webauthn:extension:minPinLength: true, webauthn:extension:prf: true, webauthn:virtualAuthenticators: true}
Element: [[ChromeDriver: chrome on windows (73ff715d4e9facfef584313e7cf941b6)] -&gt; xpath: //button[@id=&apos;program&apos;]]
Session ID: 73ff715d4e9facfef584313e7cf941b6
	at java.base/jdk.internal.reflect.NativeConstructorAccessorImpl.newInstance0(Native Method)
	at java.base/jdk.internal.reflect.NativeConstructorAccessorImpl.newInstance(NativeConstructorAccessorImpl.java:77)
	at java.base/jdk.internal.reflect.DelegatingConstructorAccessorImpl.newInstance(DelegatingConstructorAccessorImpl.java:45)
	at java.base/java.lang.reflect.Constructor.newInstanceWithCaller(Constructor.java:499)
	at java.base/java.lang.reflect.Constructor.newInstance(Constructor.java:480)
	at org.openqa.selenium.remote.codec.w3c.W3CHttpResponseCodec.createException(W3CHttpResponseCodec.java:200)
	at org.openqa.selenium.remote.codec.w3c.W3CHttpResponseCodec.decode(W3CHttpResponseCodec.java:133)
	at org.openqa.selenium.remote.codec.w3c.W3CHttpResponseCodec.decode(W3CHttpResponseCodec.java:52)
	at org.openqa.selenium.remote.HttpCommandExecutor.execute(HttpCommandExecutor.java:191)
	at org.openqa.selenium.remote.service.DriverCommandExecutor.invokeExecute(DriverCommandExecutor.java:196)
	at org.openqa.selenium.remote.service.DriverCommandExecutor.execute(DriverCommandExecutor.java:171)
	at org.openqa.selenium.remote.RemoteWebDriver.execute(RemoteWebDriver.java:518)
	at org.openqa.selenium.remote.RemoteWebElement.execute(RemoteWebElement.java:224)
	at org.openqa.selenium.remote.RemoteWebElement.click(RemoteWebElement.java:77)
	at jdk.internal.reflect.GeneratedMethodAccessor159.invoke(Unknown Source)
	at java.base/jdk.internal.reflect.DelegatingMethodAccessorImpl.invoke(DelegatingMethodAccessorImpl.java:43)
	at java.base/java.lang.reflect.Method.invoke(Method.java:568)
	at org.openqa.selenium.support.pagefactory.internal.LocatingElementHandler.invoke(LocatingElementHandler.java:51)
	at jdk.proxy2/jdk.proxy2.$Proxy40.click(Unknown Source)
	at pageObjectModel.ProgramPage.Programmodule(ProgramPage.java:469)
	at stepDefinition.ProgramSteps.admin_is_on_program_module_kpsp(ProgramSteps.java:772)
	at ✽.Admin is on Program moduleKPSP(file:///C:/Users/banda/git/Team12_SeleniumHackathon/Team_12_LMS_Oct_2024/./src/test/resources/Features/03Program.feature:317)
</div></td></tr></table><p class="totop"><a href="#summary">back to summary</a></p>
<h3 id="m92">runners.TestRunner#runScenario</h3><table class="result"><tr class="param"><th>Parameter #1</th><th>Parameter #2</th></tr><tr class="param stripe"><td>&quot;Validate Admin able to click on the Add new Batch Option&quot;</td><td>&quot;Batch Page Navigation&quot;</td></tr><tr><th colspan="2">Exception</th></tr><tr><td colspan="2"><div class="stacktrace">io.cucumber.java.PendingException: TODO: implement me
	at stepDefinition.BatchSteps.admin_is_on_the_dashboard_page(BatchSteps.java:119)
	at ✽.Admin is on the Dashboard page(file:///C:/Users/banda/git/Team12_SeleniumHackathon/Team_12_LMS_Oct_2024/./src/test/resources/Features/04Batch.feature:65)
</div></td></tr></table><p class="totop"><a href="#summary">back to summary</a></p>
<h3 id="m93">runners.TestRunner#runScenario</h3><table class="result"><tr class="param"><th>Parameter #1</th><th>Parameter #2</th></tr><tr class="param stripe"><td>&quot;Userhb is able to validate pagination first link in manage class&quot;</td><td>&quot;Class Module&quot;</td></tr><tr><th colspan="2">Exception</th></tr><tr><td colspan="2"><div class="stacktrace">java.lang.NullPointerException: Cannot invoke &quot;org.openqa.selenium.WebDriver.getWindowHandle()&quot; because &quot;pageObjectModel.ClassPage.driver&quot; is null
	at pageObjectModel.ClassPage.switchtoPopUp(ClassPage.java:136)
	at stepDefinition.ClassSteps.userhb_is_in_manage_classpage(ClassSteps.java:104)
	at ✽.userhb is in manage classpage(file:///C:/Users/banda/git/Team12_SeleniumHackathon/Team_12_LMS_Oct_2024/./src/test/resources/Features/05Class.feature:33)
</div></td></tr></table><p class="totop"><a href="#summary">back to summary</a></p>
<h3 id="m94">runners.TestRunner#runScenario</h3><table class="result"><tr class="param"><th>Parameter #1</th><th>Parameter #2</th></tr><tr class="param stripe"><td>&quot;Verify Admin is able to click &apos;No&apos;&quot;</td><td>&quot;Navigation&quot;</td></tr><tr><th colspan="2">Exception</th></tr><tr><td colspan="2"><div class="stacktrace">java.lang.NullPointerException: Cannot invoke &quot;org.openqa.selenium.WebDriver.switchTo()&quot; because &quot;pageObjectModel.ProgramPage.driver&quot; is null
	at pageObjectModel.ProgramPage.conformbox(ProgramPage.java:505)
	at stepDefinition.ProgramSteps.admin_is_on_confirmation_form(ProgramSteps.java:532)
	at ✽.Admin is on Confirmation form(file:///C:/Users/banda/git/Team12_SeleniumHackathon/Team_12_LMS_Oct_2024/./src/test/resources/Features/03Program.feature:262)
</div></td></tr></table><p class="totop"><a href="#summary">back to summary</a></p>
<h3 id="m95">runners.TestRunner#runScenario</h3><table class="result"><tr class="param"><th>Parameter #1</th><th>Parameter #2</th></tr><tr class="param stripe"><td>&quot;Validate &quot;sort icon&quot; next to all the datatable header&quot;</td><td>&quot;Batch Page Navigation&quot;</td></tr><tr><th colspan="2">Exception</th></tr><tr><td colspan="2"><div class="stacktrace">io.cucumber.java.PendingException: TODO: implement me
	at stepDefinition.BatchSteps.admin_should_see_the_sort_icon_next_to_all_datatable_headers(BatchSteps.java:95)
	at ✽.Admin should see the sort icon next to all Datatable headers(file:///C:/Users/banda/git/Team12_SeleniumHackathon/Team_12_LMS_Oct_2024/./src/test/resources/Features/04Batch.feature:57)
</div></td></tr></table><p class="totop"><a href="#summary">back to summary</a></p>
<h3 id="m96">runners.TestRunner#runScenario</h3><table class="result"><tr class="param"><th>Parameter #1</th><th>Parameter #2</th></tr><tr class="param stripe"><td>&quot;Verify Admin is able to save the program details&quot;</td><td>&quot;Navigation&quot;</td></tr><tr><th colspan="2">Exception</th></tr><tr><td colspan="2"><div class="stacktrace">java.lang.NullPointerException: Cannot invoke &quot;org.openqa.selenium.WebDriver.manage()&quot; because &quot;pageObjectModel.ProgramPage.driver&quot; is null
	at pageObjectModel.ProgramPage.clickProgram(ProgramPage.java:164)
	at stepDefinition.ProgramSteps.admin_is_on_program_details_form1(ProgramSteps.java:191)
	at ✽.Admin is on Program details form(file:///C:/Users/banda/git/Team12_SeleniumHackathon/Team_12_LMS_Oct_2024/./src/test/resources/Features/03Program.feature:134)
</div></td></tr></table><p class="totop"><a href="#summary">back to summary</a></p>
<h3 id="m97">runners.TestRunner#runScenario</h3><table class="result"><tr class="param"><th>Parameter #1</th><th>Parameter #2</th></tr><tr class="param stripe"><td>&quot;validate input data missing for mandatory fields&quot;</td><td>&quot;Batch Page Navigation&quot;</td></tr><tr><th colspan="2">Exception</th></tr><tr><td colspan="2"><div class="stacktrace">io.cucumber.java.PendingException: TODO: implement me
	at stepDefinition.BatchSteps.admin_is_on_the_batch_details_pop_up_w_indow(BatchSteps.java:136)
	at ✽.Admin is on the Batch Details Pop Up WIndow(file:///C:/Users/banda/git/Team12_SeleniumHackathon/Team_12_LMS_Oct_2024/./src/test/resources/Features/04Batch.feature:91)
</div></td></tr></table><p class="totop"><a href="#summary">back to summary</a></p>
<h3 id="m98">runners.TestRunner#runScenario</h3><table class="result"><tr class="param"><th>Parameter #1</th><th>Parameter #2</th></tr><tr class="param stripe"><td>&quot;Verify delete feature&quot;</td><td>&quot;Navigation&quot;</td></tr><tr><th colspan="2">Exception</th></tr><tr><td colspan="2"><div class="stacktrace">java.lang.NullPointerException: Cannot invoke &quot;org.openqa.selenium.WebDriver.manage()&quot; because &quot;pageObjectModel.ProgramPage.driver&quot; is null
	at pageObjectModel.ProgramPage.clickProgram(ProgramPage.java:164)
	at stepDefinition.ProgramSteps.admin_is_on_program_module(ProgramSteps.java:160)
	at ✽.Admin is on Program module(file:///C:/Users/banda/git/Team12_SeleniumHackathon/Team_12_LMS_Oct_2024/./src/test/resources/Features/03Program.feature:206)
</div></td></tr></table><p class="totop"><a href="#summary">back to summary</a></p>
<h3 id="m99">runners.TestRunner#runScenario</h3><table class="result"><tr class="param"><th>Parameter #1</th><th>Parameter #2</th></tr><tr class="param stripe"><td>&quot;Verify the Search button&quot;</td><td>&quot;Navigation&quot;</td></tr><tr><th colspan="2">Exception</th></tr><tr><td colspan="2"><div class="stacktrace">java.lang.NullPointerException: Cannot invoke &quot;org.openqa.selenium.WebDriver.manage()&quot; because &quot;pageObjectModel.ProgramPage.driver&quot; is null
	at pageObjectModel.ProgramPage.clickProgram(ProgramPage.java:164)
	at stepDefinition.ProgramSteps.admin_clicks_on_the_navigation_bar(ProgramSteps.java:30)
	at ✽.Admin clicks Program on the navigation bar SM(file:///C:/Users/banda/git/Team12_SeleniumHackathon/Team_12_LMS_Oct_2024/./src/test/resources/Features/03Program.feature:53)
</div></td></tr></table><p class="totop"><a href="#summary">back to summary</a></p>
<h3 id="m100">runners.TestRunner#runScenario</h3><table class="result"><tr class="param"><th>Parameter #1</th><th>Parameter #2</th></tr><tr class="param stripe"><td>&quot;Verify Admin is able to click &apos;Yes&apos;&quot;</td><td>&quot;Navigation&quot;</td></tr><tr><th colspan="2">Exception</th></tr><tr><td colspan="2"><div class="stacktrace">java.lang.NullPointerException: Cannot invoke &quot;org.openqa.selenium.WebDriver.switchTo()&quot; because &quot;pageObjectModel.ProgramPage.driver&quot; is null
	at pageObjectModel.ProgramPage.conformbox(ProgramPage.java:505)
	at stepDefinition.ProgramSteps.admin_is_on_confirmation_form(ProgramSteps.java:532)
	at ✽.Admin is on Confirmation form(file:///C:/Users/banda/git/Team12_SeleniumHackathon/Team_12_LMS_Oct_2024/./src/test/resources/Features/03Program.feature:247)
</div></td></tr></table><p class="totop"><a href="#summary">back to summary</a></p>
<h3 id="m101">runners.TestRunner#runScenario</h3><table class="result"><tr class="param"><th>Parameter #1</th><th>Parameter #2</th></tr><tr class="param stripe"><td>&quot;Verify company name&quot;</td><td>&quot;login&quot;</td></tr><tr><th colspan="2">Exception</th></tr><tr><td colspan="2"><div class="stacktrace">java.lang.NullPointerException: Cannot invoke &quot;org.openqa.selenium.WebDriver.findElement(org.openqa.selenium.By)&quot; because &quot;pageObjectModel.LoginPage.driver&quot; is null
	at pageObjectModel.LoginPage.companyNameOnLogo(LoginPage.java:189)
	at stepDefinition.LoginSteps.admin_should_see_company_name_below_the_app_name_vh(LoginSteps.java:76)
	at ✽.Admin should see company name below the app name vh(file:///C:/Users/banda/git/Team12_SeleniumHackathon/Team_12_LMS_Oct_2024/./src/test/resources/Features/01Login.feature:36)
</div></td></tr></table><p class="totop"><a href="#summary">back to summary</a></p>
<h3 id="m102">runners.TestRunner#runScenario</h3><table class="result"><tr class="param"><th>Parameter #1</th><th>Parameter #2</th></tr><tr class="param stripe"><td>&quot;Verify input descriptive test in password field&quot;</td><td>&quot;login&quot;</td></tr><tr><th colspan="2">Exception</th></tr><tr><td colspan="2"><div class="stacktrace">java.lang.NullPointerException: Cannot invoke &quot;org.openqa.selenium.WebDriver.findElement(org.openqa.selenium.By)&quot; because &quot;pageObjectModel.LoginPage.driver&quot; is null
	at pageObjectModel.LoginPage.checkIfPasswordFontColorIsGray(LoginPage.java:226)
	at stepDefinition.LoginSteps.admin_should_see_password_in_gray_color_vh(LoginSteps.java:130)
	at ✽.Admin should see password in gray color vh(file:///C:/Users/banda/git/Team12_SeleniumHackathon/Team_12_LMS_Oct_2024/./src/test/resources/Features/01Login.feature:80)
</div></td></tr></table><p class="totop"><a href="#summary">back to summary</a></p>
<h3 id="m103">runners.TestRunner#runScenario</h3><table class="result"><tr class="param"><th>Parameter #1</th><th>Parameter #2</th></tr><tr class="param stripe"><td>&quot;validate the first page link&quot;</td><td>&quot;Batch Page Navigation&quot;</td></tr><tr><th colspan="2">Exception</th></tr><tr><td colspan="2"><div class="stacktrace">io.cucumber.java.PendingException: TODO: implement me
	at stepDefinition.BatchSteps.admin_is_on_batch_page(BatchSteps.java:101)
	at ✽.Admin is on batch page(file:///C:/Users/banda/git/Team12_SeleniumHackathon/Team_12_LMS_Oct_2024/./src/test/resources/Features/04Batch.feature:188)
</div></td></tr></table><p class="totop"><a href="#summary">back to summary</a></p>
<h3 id="m104">runners.TestRunner#runScenario</h3><table class="result"><tr class="param"><th>Parameter #1</th><th>Parameter #2</th></tr><tr class="param stripe"><td>&quot;Verify cancel program details&quot;</td><td>&quot;Navigation&quot;</td></tr><tr><th colspan="2">Exception</th></tr><tr><td colspan="2"><div class="stacktrace">java.lang.NullPointerException: Cannot invoke &quot;org.openqa.selenium.WebDriver.manage()&quot; because &quot;pageObjectModel.ProgramPage.driver&quot; is null
	at pageObjectModel.ProgramPage.clickProgram(ProgramPage.java:164)
	at stepDefinition.ProgramSteps.admin_is_on_program_details_form1(ProgramSteps.java:191)
	at ✽.Admin is on Program details form(file:///C:/Users/banda/git/Team12_SeleniumHackathon/Team_12_LMS_Oct_2024/./src/test/resources/Features/03Program.feature:141)
</div></td></tr></table><p class="totop"><a href="#summary">back to summary</a></p>
<h3 id="m105">runners.TestRunner#runScenario</h3><table class="result"><tr class="param"><th>Parameter #1</th><th>Parameter #2</th></tr><tr class="param stripe"><td>&quot;Validate disabled &quot;Delete Icon&quot; under the header in the Batch Page&quot;</td><td>&quot;Batch Page Navigation&quot;</td></tr><tr><th colspan="2">Exception</th></tr><tr><td colspan="2"><div class="stacktrace">io.cucumber.testng.UndefinedStepException: The step &apos;Admin should see the disabled Delete Icon under the header&apos; is undefined.
You can implement this step using the snippet(s) below:

@Then(&quot;Admin should see the disabled Delete Icon under the header&quot;)
public void admin_should_see_the_disabled_delete_icon_under_the_header() {
    // Write code here that turns the phrase above into concrete actions
    throw new io.cucumber.java.PendingException();
}

	at io.cucumber.core.runtime.TestCaseResultObserver.assertTestCasePassed(TestCaseResultObserver.java:69)
	at io.cucumber.testng.TestCaseResultObserver.assertTestCasePassed(TestCaseResultObserver.java:23)
	at io.cucumber.testng.TestNGCucumberRunner.lambda$runScenario$1(TestNGCucumberRunner.java:133)
	at io.cucumber.core.runtime.CucumberExecutionContext.lambda$runTestCase$5(CucumberExecutionContext.java:130)
	at io.cucumber.core.runtime.RethrowingThrowableCollector.executeAndThrow(RethrowingThrowableCollector.java:23)
	at io.cucumber.core.runtime.CucumberExecutionContext.runTestCase(CucumberExecutionContext.java:130)
	at io.cucumber.testng.TestNGCucumberRunner.runScenario(TestNGCucumberRunner.java:129)
	at io.cucumber.testng.AbstractTestNGCucumberTests.runScenario(AbstractTestNGCucumberTests.java:35)
	at jdk.internal.reflect.GeneratedMethodAccessor155.invoke(Unknown Source)
	at java.base/jdk.internal.reflect.DelegatingMethodAccessorImpl.invoke(DelegatingMethodAccessorImpl.java:43)
	at java.base/java.lang.reflect.Method.invoke(Method.java:568)
	at org.testng.internal.invokers.MethodInvocationHelper.invokeMethod(MethodInvocationHelper.java:139)
	at org.testng.internal.invokers.TestInvoker.invokeMethod(TestInvoker.java:677)
	at org.testng.internal.invokers.TestInvoker.invokeTestMethod(TestInvoker.java:221)
	at org.testng.internal.invokers.MethodRunner.runInSequence(MethodRunner.java:50)
	at org.testng.internal.invokers.TestInvoker$MethodInvocationAgent.invoke(TestInvoker.java:969)
	at org.testng.internal.invokers.TestInvoker.invokeTestMethods(TestInvoker.java:194)
	at org.testng.internal.invokers.TestMethodWorker.invokeTestMethods(TestMethodWorker.java:148)
	at org.testng.internal.invokers.TestMethodWorker.run(TestMethodWorker.java:128)
	at java.base/java.util.ArrayList.forEach(ArrayList.java:1511)
	at org.testng.TestRunner.privateRun(TestRunner.java:829)
	at org.testng.TestRunner.run(TestRunner.java:602)
	at org.testng.SuiteRunner.runTest(SuiteRunner.java:437)
	at org.testng.SuiteRunner.runSequentially(SuiteRunner.java:431)
	at org.testng.SuiteRunner.privateRun(SuiteRunner.java:391)
	at org.testng.SuiteRunner.run(SuiteRunner.java:330)
	at org.testng.SuiteRunnerWorker.runSuite(SuiteRunnerWorker.java:52)
	at org.testng.SuiteRunnerWorker.run(SuiteRunnerWorker.java:95)
	at org.testng.TestNG.runSuitesSequentially(TestNG.java:1256)
	at org.testng.TestNG.runSuitesLocally(TestNG.java:1176)
	at org.testng.TestNG.runSuites(TestNG.java:1099)
	at org.testng.TestNG.run(TestNG.java:1067)
	at org.testng.remote.AbstractRemoteTestNG.run(AbstractRemoteTestNG.java:115)
	at org.testng.remote.RemoteTestNG.initAndRun(RemoteTestNG.java:293)
	at org.testng.remote.RemoteTestNG.main(RemoteTestNG.java:91)
</div></td></tr></table><p class="totop"><a href="#summary">back to summary</a></p>
<h3 id="m106">runners.TestRunner#runScenario</h3><table class="result"><tr class="param"><th>Parameter #1</th><th>Parameter #2</th></tr><tr class="param stripe"><td>&quot;Verify heading in manage program&quot;</td><td>&quot;Navigation&quot;</td></tr><tr><th colspan="2">Exception</th></tr><tr><td colspan="2"><div class="stacktrace">java.lang.NullPointerException: Cannot invoke &quot;org.openqa.selenium.WebDriver.manage()&quot; because &quot;pageObjectModel.ProgramPage.driver&quot; is null
	at pageObjectModel.ProgramPage.clickProgram(ProgramPage.java:164)
	at stepDefinition.ProgramSteps.admin_clicks_on_the_navigation_bar(ProgramSteps.java:30)
	at ✽.Admin clicks Program on the navigation bar SM(file:///C:/Users/banda/git/Team12_SeleniumHackathon/Team_12_LMS_Oct_2024/./src/test/resources/Features/03Program.feature:38)
</div></td></tr></table><p class="totop"><a href="#summary">back to summary</a></p>
<h3 id="m107">runners.TestRunner#runScenario</h3><table class="result"><tr class="param"><th>Parameter #1</th><th>Parameter #2</th></tr><tr class="param stripe"><td>&quot;Validate all the fields exist in pop up&quot;</td><td>&quot;Batch Page Navigation&quot;</td></tr><tr><th colspan="2">Exception</th></tr><tr><td colspan="2"><div class="stacktrace">io.cucumber.java.PendingException: TODO: implement me
	at stepDefinition.BatchSteps.admin_is_on_the_batch_details_pop_up_w_indow(BatchSteps.java:136)
	at ✽.Admin is on the Batch Details Pop Up WIndow(file:///C:/Users/banda/git/Team12_SeleniumHackathon/Team_12_LMS_Oct_2024/./src/test/resources/Features/04Batch.feature:71)
</div></td></tr></table><p class="totop"><a href="#summary">back to summary</a></p>
<h3 id="m108">runners.TestRunner#runScenario</h3><table class="result"><tr class="param"><th>Parameter #1</th><th>Parameter #2</th></tr><tr class="param stripe"><td>&quot;userhb is able to navigate from manage class page to batch page&quot;</td><td>&quot;Class Module&quot;</td></tr><tr><th colspan="2">Exception</th></tr><tr><td colspan="2"><div class="stacktrace">org.openqa.selenium.ElementClickInterceptedException: element click intercepted: Element &lt;span class=&quot;mat-button-wrapper&quot;&gt;...&lt;/span&gt; is not clickable at point (1312, 31). Other element would receive the click: &lt;div class=&quot;ng-tns-c168-7 p-dialog-mask p-component-overlay p-dialog-mask-scrollblocker ng-star-inserted&quot; ng-reflect-ng-class=&quot;[object Object]&quot; style=&quot;z-index: 1000;&quot;&gt;...&lt;/div&gt;
  (Session info: chrome=130.0.6723.70)
Build info: version: &apos;4.11.0&apos;, revision: &apos;040bc5406b&apos;
System info: os.name: &apos;Windows 11&apos;, os.arch: &apos;amd64&apos;, os.version: &apos;10.0&apos;, java.version: &apos;17.0.7&apos;
Driver info: org.openqa.selenium.chrome.ChromeDriver
Command: [73ff715d4e9facfef584313e7cf941b6, clickElement {id=f.E574B401B2B9A599809FF0349E503009.d.F228EBF7998070DA1F805674CFAB00C5.e.847}]
Capabilities {acceptInsecureCerts: false, browserName: chrome, browserVersion: 130.0.6723.70, chrome: {chromedriverVersion: 130.0.6723.69 (3ec172b971b9..., userDataDir: C:\Users\banda\AppData\Loca...}, fedcm:accounts: true, goog:chromeOptions: {debuggerAddress: localhost:57362}, networkConnectionEnabled: false, pageLoadStrategy: normal, platformName: windows, proxy: Proxy(), se:cdp: ws://localhost:57362/devtoo..., se:cdpVersion: 130.0.6723.70, setWindowRect: true, strictFileInteractability: false, timeouts: {implicit: 0, pageLoad: 300000, script: 30000}, unhandledPromptBehavior: dismiss and notify, webauthn:extension:credBlob: true, webauthn:extension:largeBlob: true, webauthn:extension:minPinLength: true, webauthn:extension:prf: true, webauthn:virtualAuthenticators: true}
Element: [[ChromeDriver: chrome on windows (73ff715d4e9facfef584313e7cf941b6)] -&gt; xpath: //span[normalize-space()=&apos;Batch&apos;]]
Session ID: 73ff715d4e9facfef584313e7cf941b6
	at java.base/jdk.internal.reflect.NativeConstructorAccessorImpl.newInstance0(Native Method)
	at java.base/jdk.internal.reflect.NativeConstructorAccessorImpl.newInstance(NativeConstructorAccessorImpl.java:77)
	at java.base/jdk.internal.reflect.DelegatingConstructorAccessorImpl.newInstance(DelegatingConstructorAccessorImpl.java:45)
	at java.base/java.lang.reflect.Constructor.newInstanceWithCaller(Constructor.java:499)
	at java.base/java.lang.reflect.Constructor.newInstance(Constructor.java:480)
	at org.openqa.selenium.remote.codec.w3c.W3CHttpResponseCodec.createException(W3CHttpResponseCodec.java:200)
	at org.openqa.selenium.remote.codec.w3c.W3CHttpResponseCodec.decode(W3CHttpResponseCodec.java:133)
	at org.openqa.selenium.remote.codec.w3c.W3CHttpResponseCodec.decode(W3CHttpResponseCodec.java:52)
	at org.openqa.selenium.remote.HttpCommandExecutor.execute(HttpCommandExecutor.java:191)
	at org.openqa.selenium.remote.service.DriverCommandExecutor.invokeExecute(DriverCommandExecutor.java:196)
	at org.openqa.selenium.remote.service.DriverCommandExecutor.execute(DriverCommandExecutor.java:171)
	at org.openqa.selenium.remote.RemoteWebDriver.execute(RemoteWebDriver.java:518)
	at org.openqa.selenium.remote.RemoteWebElement.execute(RemoteWebElement.java:224)
	at org.openqa.selenium.remote.RemoteWebElement.click(RemoteWebElement.java:77)
	at jdk.internal.reflect.GeneratedMethodAccessor159.invoke(Unknown Source)
	at java.base/jdk.internal.reflect.DelegatingMethodAccessorImpl.invoke(DelegatingMethodAccessorImpl.java:43)
	at java.base/java.lang.reflect.Method.invoke(Method.java:568)
	at org.openqa.selenium.support.pagefactory.internal.LocatingElementHandler.invoke(LocatingElementHandler.java:51)
	at jdk.proxy2/jdk.proxy2.$Proxy40.click(Unknown Source)
	at pageObjectModel.ClassPage.click_batchTab(ClassPage.java:211)
	at stepDefinition.ClassSteps.userhb_clicks_batch_button(ClassSteps.java:178)
	at ✽.userhb clicks batch button(file:///C:/Users/banda/git/Team12_SeleniumHackathon/Team_12_LMS_Oct_2024/./src/test/resources/Features/05Class.feature:45)
</div></td></tr></table><p class="totop"><a href="#summary">back to summary</a></p>
<h3 id="m109">runners.TestRunner#runScenario</h3><table class="result"><tr class="param"><th>Parameter #1</th><th>Parameter #2</th></tr><tr class="param stripe"><td>&quot;Verify enter program name&quot;</td><td>&quot;Navigation&quot;</td></tr><tr><th colspan="2">Exception</th></tr><tr><td colspan="2"><div class="stacktrace">java.lang.NullPointerException: Cannot invoke &quot;org.openqa.selenium.WebDriver.manage()&quot; because &quot;pageObjectModel.ProgramPage.driver&quot; is null
	at pageObjectModel.ProgramPage.clickProgram(ProgramPage.java:164)
	at stepDefinition.ProgramSteps.admin_is_on_program_details_form1(ProgramSteps.java:191)
	at ✽.Admin is on Program details form(file:///C:/Users/banda/git/Team12_SeleniumHackathon/Team_12_LMS_Oct_2024/./src/test/resources/Features/03Program.feature:119)
</div></td></tr></table><p class="totop"><a href="#summary">back to summary</a></p>
<h3 id="m110">runners.TestRunner#runScenario</h3><table class="result"><tr class="param"><th>Parameter #1</th><th>Parameter #2</th></tr><tr class="param stripe"><td>&quot;Validate login with invalid credentials&quot;</td><td>&quot;login&quot;</td></tr><tr><th colspan="2">Exception</th></tr><tr><td colspan="2"><div class="stacktrace">java.lang.NullPointerException: Cannot invoke &quot;org.openqa.selenium.WebDriver.findElement(org.openqa.selenium.By)&quot; because &quot;pageObjectModel.LoginPage.driver&quot; is null
	at pageObjectModel.LoginPage.invalidcredencial(LoginPage.java:261)
	at stepDefinition.LoginSteps.admin_enter_invalid_credentials_and_clicks_login_button_vh(LoginSteps.java:149)
	at ✽.Admin enter invalid credentials and clicks login button vh(file:///C:/Users/banda/git/Team12_SeleniumHackathon/Team_12_LMS_Oct_2024/./src/test/resources/Features/01Login.feature:90)
</div></td></tr></table><p class="totop"><a href="#summary">back to summary</a></p>
<h3 id="m111">runners.TestRunner#runScenario</h3><table class="result"><tr class="param"><th>Parameter #1</th><th>Parameter #2</th></tr><tr class="param stripe"><td>&quot;Verify added Program is created&quot;</td><td>&quot;Navigation&quot;</td></tr><tr><th colspan="2">Exception</th></tr><tr><td colspan="2"><div class="stacktrace">java.lang.NullPointerException: Cannot invoke &quot;org.openqa.selenium.WebDriver.manage()&quot; because &quot;pageObjectModel.ProgramPage.driver&quot; is null
	at pageObjectModel.ProgramPage.clickProgram(ProgramPage.java:164)
	at stepDefinition.ProgramSteps.admin_is_on_program_module(ProgramSteps.java:160)
	at ✽.Admin is on Program module(file:///C:/Users/banda/git/Team12_SeleniumHackathon/Team_12_LMS_Oct_2024/./src/test/resources/Features/03Program.feature:148)
</div></td></tr></table><p class="totop"><a href="#summary">back to summary</a></p>
<h3 id="m112">runners.TestRunner#runScenario</h3><table class="result"><tr class="param"><th>Parameter #1</th><th>Parameter #2</th></tr><tr class="param stripe"><td>&quot;Verify mandatory fields with red &quot;*&quot; mark&quot;</td><td>&quot;Navigation&quot;</td></tr><tr><th colspan="2">Exception</th></tr><tr><td colspan="2"><div class="stacktrace">java.lang.NullPointerException: Cannot invoke &quot;org.openqa.selenium.WebDriver.manage()&quot; because &quot;pageObjectModel.ProgramPage.driver&quot; is null
	at pageObjectModel.ProgramPage.clickProgram(ProgramPage.java:164)
	at stepDefinition.ProgramSteps.admin_is_on_program_module(ProgramSteps.java:160)
	at ✽.Admin is on Program module(file:///C:/Users/banda/git/Team12_SeleniumHackathon/Team_12_LMS_Oct_2024/./src/test/resources/Features/03Program.feature:104)
</div></td></tr></table><p class="totop"><a href="#summary">back to summary</a></p>
<h3 id="m113">runners.TestRunner#runScenario</h3><table class="result"><tr class="param"><th>Parameter #1</th><th>Parameter #2</th></tr><tr class="param stripe"><td>&quot;Validate login with valid credentials&quot;</td><td>&quot;login&quot;</td></tr><tr><th colspan="2">Exception</th></tr><tr><td colspan="2"><div class="stacktrace">java.lang.NullPointerException: Cannot invoke &quot;org.openqa.selenium.WebDriver.findElement(org.openqa.selenium.By)&quot; because &quot;pageObjectModel.LoginPage.driver&quot; is null
	at pageObjectModel.LoginPage.Homepageverification(LoginPage.java:60)
	at stepDefinition.LoginSteps.admin_is_in_login_page_vh(LoginSteps.java:134)
	at ✽.Admin is in login Page vh(file:///C:/Users/banda/git/Team12_SeleniumHackathon/Team_12_LMS_Oct_2024/./src/test/resources/Features/01Login.feature:84)
</div></td></tr></table><p class="totop"><a href="#summary">back to summary</a></p>
<h3 id="m114">runners.TestRunner#runScenario</h3><table class="result"><tr class="param"><th>Parameter #1</th><th>Parameter #2</th></tr><tr class="param stripe"><td>&quot;Verify Admin is able to land on home page with invalid URL&quot;</td><td>&quot;login&quot;</td></tr><tr><th colspan="2">Exception</th></tr><tr><td colspan="2"><div class="stacktrace">java.lang.NullPointerException: Cannot invoke &quot;org.openqa.selenium.WebDriver.getPageSource()&quot; because &quot;pageObjectModel.LoginPage.driver&quot; is null
	at pageObjectModel.LoginPage.CheckIfValidURL(LoginPage.java:81)
	at stepDefinition.LoginSteps.admin_should_recieve_page_not_found_error_vh(LoginSteps.java:46)
	at ✽.Admin should recieve 404 page not found error vh(file:///C:/Users/banda/git/Team12_SeleniumHackathon/Team_12_LMS_Oct_2024/./src/test/resources/Features/01Login.feature:15)
</div></td></tr></table><p class="totop"><a href="#summary">back to summary</a></p>
<h3 id="m115">runners.TestRunner#runScenario</h3><table class="result"><tr class="param"><th>Parameter #1</th><th>Parameter #2</th></tr><tr class="param stripe"><td>&quot;Verify application name&quot;</td><td>&quot;login&quot;</td></tr><tr><th colspan="2">Exception</th></tr><tr><td colspan="2"><div class="stacktrace">java.lang.NullPointerException: Cannot invoke &quot;org.openqa.selenium.WebDriver.findElement(org.openqa.selenium.By)&quot; because &quot;pageObjectModel.LoginPage.driver&quot; is null
	at pageObjectModel.LoginPage.appNameOnLogo(LoginPage.java:176)
	at stepDefinition.LoginSteps.admin_should_see_lms_learning_management_system_vh(LoginSteps.java:71)
	at ✽.Admin should see LMS - Learning Management System vh(file:///C:/Users/banda/git/Team12_SeleniumHackathon/Team_12_LMS_Oct_2024/./src/test/resources/Features/01Login.feature:32)
</div></td></tr></table><p class="totop"><a href="#summary">back to summary</a></p>
<h3 id="m116">runners.TestRunner#runScenario</h3><table class="result"><tr class="param"><th>Parameter #1</th><th>Parameter #2</th></tr><tr class="param stripe"><td>&quot;Verify text on the first text field&quot;</td><td>&quot;login&quot;</td></tr><tr><th colspan="2">Exception</th></tr><tr><td colspan="2"><div class="stacktrace">java.lang.NullPointerException: Cannot invoke &quot;org.openqa.selenium.WebDriver.findElements(org.openqa.selenium.By)&quot; because &quot;pageObjectModel.LoginPage.driver&quot; is null
	at pageObjectModel.LoginPage.VerifyUser(LoginPage.java:94)
	at stepDefinition.LoginSteps.admin_should_in_the_first_text_field_vh(LoginSteps.java:91)
	at ✽.Admin should &quot;User&quot; in the first text field vh(file:///C:/Users/banda/git/Team12_SeleniumHackathon/Team_12_LMS_Oct_2024/./src/test/resources/Features/01Login.feature:48)
</div></td></tr></table><p class="totop"><a href="#summary">back to summary</a></p>
<h3 id="m117">runners.TestRunner#runScenario</h3><table class="result"><tr class="param"><th>Parameter #1</th><th>Parameter #2</th></tr><tr class="param stripe"><td>&quot;Verify Admin is able to search results not found&quot;</td><td>&quot;Navigation&quot;</td></tr><tr><th colspan="2">Exception</th></tr><tr><td colspan="2"><div class="stacktrace">org.openqa.selenium.ElementClickInterceptedException: element click intercepted: Element &lt;button _ngcontent-sdw-c227=&quot;&quot; aria-haspopup=&quot;true&quot; id=&quot;program&quot; mat-button=&quot;&quot; a=&quot;&quot; routerlink=&quot;/program&quot; class=&quot;mat-focus-indicator mat-menu-trigger mat-button mat-button-base&quot; tabindex=&quot;0&quot; ng-reflect-router-link=&quot;/program&quot; ng-reflect-menu=&quot;[object Object]&quot; aria-expanded=&quot;true&quot; aria-controls=&quot;mat-menu-panel-0&quot;&gt;...&lt;/button&gt; is not clickable at point (1235, 32). Other element would receive the click: &lt;div class=&quot;cdk-overlay-backdrop cdk-overlay-transparent-backdrop cdk-overlay-backdrop-showing&quot;&gt;&lt;/div&gt;
  (Session info: chrome=130.0.6723.70)
Build info: version: &apos;4.11.0&apos;, revision: &apos;040bc5406b&apos;
System info: os.name: &apos;Windows 11&apos;, os.arch: &apos;amd64&apos;, os.version: &apos;10.0&apos;, java.version: &apos;17.0.7&apos;
Driver info: org.openqa.selenium.chrome.ChromeDriver
Command: [73ff715d4e9facfef584313e7cf941b6, clickElement {id=f.E574B401B2B9A599809FF0349E503009.d.DFCB77AF637203176CA20288FB03F304.e.358}]
Capabilities {acceptInsecureCerts: false, browserName: chrome, browserVersion: 130.0.6723.70, chrome: {chromedriverVersion: 130.0.6723.69 (3ec172b971b9..., userDataDir: C:\Users\banda\AppData\Loca...}, fedcm:accounts: true, goog:chromeOptions: {debuggerAddress: localhost:57362}, networkConnectionEnabled: false, pageLoadStrategy: normal, platformName: windows, proxy: Proxy(), se:cdp: ws://localhost:57362/devtoo..., se:cdpVersion: 130.0.6723.70, setWindowRect: true, strictFileInteractability: false, timeouts: {implicit: 0, pageLoad: 300000, script: 30000}, unhandledPromptBehavior: dismiss and notify, webauthn:extension:credBlob: true, webauthn:extension:largeBlob: true, webauthn:extension:minPinLength: true, webauthn:extension:prf: true, webauthn:virtualAuthenticators: true}
Element: [[ChromeDriver: chrome on windows (73ff715d4e9facfef584313e7cf941b6)] -&gt; xpath: //button[@id=&apos;program&apos;]]
Session ID: 73ff715d4e9facfef584313e7cf941b6
	at java.base/jdk.internal.reflect.NativeConstructorAccessorImpl.newInstance0(Native Method)
	at java.base/jdk.internal.reflect.NativeConstructorAccessorImpl.newInstance(NativeConstructorAccessorImpl.java:77)
	at java.base/jdk.internal.reflect.DelegatingConstructorAccessorImpl.newInstance(DelegatingConstructorAccessorImpl.java:45)
	at java.base/java.lang.reflect.Constructor.newInstanceWithCaller(Constructor.java:499)
	at java.base/java.lang.reflect.Constructor.newInstance(Constructor.java:480)
	at org.openqa.selenium.remote.codec.w3c.W3CHttpResponseCodec.createException(W3CHttpResponseCodec.java:200)
	at org.openqa.selenium.remote.codec.w3c.W3CHttpResponseCodec.decode(W3CHttpResponseCodec.java:133)
	at org.openqa.selenium.remote.codec.w3c.W3CHttpResponseCodec.decode(W3CHttpResponseCodec.java:52)
	at org.openqa.selenium.remote.HttpCommandExecutor.execute(HttpCommandExecutor.java:191)
	at org.openqa.selenium.remote.service.DriverCommandExecutor.invokeExecute(DriverCommandExecutor.java:196)
	at org.openqa.selenium.remote.service.DriverCommandExecutor.execute(DriverCommandExecutor.java:171)
	at org.openqa.selenium.remote.RemoteWebDriver.execute(RemoteWebDriver.java:518)
	at org.openqa.selenium.remote.RemoteWebElement.execute(RemoteWebElement.java:224)
	at org.openqa.selenium.remote.RemoteWebElement.click(RemoteWebElement.java:77)
	at jdk.internal.reflect.GeneratedMethodAccessor159.invoke(Unknown Source)
	at java.base/jdk.internal.reflect.DelegatingMethodAccessorImpl.invoke(DelegatingMethodAccessorImpl.java:43)
	at java.base/java.lang.reflect.Method.invoke(Method.java:568)
	at org.openqa.selenium.support.pagefactory.internal.LocatingElementHandler.invoke(LocatingElementHandler.java:51)
	at jdk.proxy2/jdk.proxy2.$Proxy40.click(Unknown Source)
	at pageObjectModel.ProgramPage.Programmodule(ProgramPage.java:469)
	at stepDefinition.ProgramSteps.admin_is_on_program_module_kpsb3(ProgramSteps.java:701)
	at ✽.Admin is on Program moduleKPSB3(file:///C:/Users/banda/git/Team12_SeleniumHackathon/Team_12_LMS_Oct_2024/./src/test/resources/Features/03Program.feature:293)
</div></td></tr></table><p class="totop"><a href="#summary">back to summary</a></p>
<h3 id="m118">runners.TestRunner#runScenario</h3><table class="result"><tr class="param"><th>Parameter #1</th><th>Parameter #2</th></tr><tr class="param stripe"><td>&quot;Validate input data only for mandatory fields&quot;</td><td>&quot;Batch Page Navigation&quot;</td></tr><tr><th colspan="2">Exception</th></tr><tr><td colspan="2"><div class="stacktrace">io.cucumber.java.PendingException: TODO: implement me
	at stepDefinition.BatchSteps.admin_is_on_the_batch_details_pop_up_w_indow(BatchSteps.java:136)
	at ✽.Admin is on the Batch Details Pop Up WIndow(file:///C:/Users/banda/git/Team12_SeleniumHackathon/Team_12_LMS_Oct_2024/./src/test/resources/Features/04Batch.feature:86)
</div></td></tr></table><p class="totop"><a href="#summary">back to summary</a></p>
<h3 id="m119">runners.TestRunner#runScenario</h3><table class="result"><tr class="param"><th>Parameter #1</th><th>Parameter #2</th></tr><tr class="param stripe"><td>&quot;Verify mandatory fields with red &quot;*&quot; mark&quot;</td><td>&quot;Navigation&quot;</td></tr><tr><th colspan="2">Exception</th></tr><tr><td colspan="2"><div class="stacktrace">java.lang.NullPointerException: Cannot invoke &quot;org.openqa.selenium.WebDriver.manage()&quot; because &quot;pageObjectModel.ProgramPage.driver&quot; is null
	at pageObjectModel.ProgramPage.clickProgram(ProgramPage.java:164)
	at stepDefinition.ProgramSteps.admin_is_on_program_module(ProgramSteps.java:160)
	at ✽.Admin is on Program module(file:///C:/Users/banda/git/Team12_SeleniumHackathon/Team_12_LMS_Oct_2024/./src/test/resources/Features/03Program.feature:165)
</div></td></tr></table><p class="totop"><a href="#summary">back to summary</a></p>
<h3 id="m120">runners.TestRunner#runScenario</h3><table class="result"><tr class="param"><th>Parameter #1</th><th>Parameter #2</th></tr><tr class="param stripe"><td>&quot;Admin Validate navigation bar order 2nd program&quot;</td><td>&quot;Dashboard Functionality&quot;</td></tr></table><p class="totop"><a href="#summary">back to summary</a></p>
<h3 id="m121">runners.TestRunner#runScenario</h3><table class="result"><tr class="param"><th>Parameter #1</th><th>Parameter #2</th></tr><tr class="param stripe"><td>&quot;Admin verify LMS title&quot;</td><td>&quot;Dashboard Functionality&quot;</td></tr></table><p class="totop"><a href="#summary">back to summary</a></p>
<h3 id="m122">runners.TestRunner#runScenario</h3><table class="result"><tr class="param"><th>Parameter #1</th><th>Parameter #2</th></tr><tr class="param stripe"><td>&quot;Admin Validate alignment for navigation bar&quot;</td><td>&quot;Dashboard Functionality&quot;</td></tr></table><p class="totop"><a href="#summary">back to summary</a></p>
<h3 id="m123">runners.TestRunner#runScenario</h3><table class="result"><tr class="param"><th>Parameter #1</th><th>Parameter #2</th></tr><tr class="param stripe"><td>&quot;Admin verify broken link&quot;</td><td>&quot;Dashboard Functionality&quot;</td></tr></table><p class="totop"><a href="#summary">back to summary</a></p>
<h3 id="m124">runners.TestRunner#runScenario</h3><table class="result"><tr class="param"><th>Parameter #1</th><th>Parameter #2</th></tr><tr class="param stripe"><td>&quot;Admin Validate navigation bar order 3rd batch&quot;</td><td>&quot;Dashboard Functionality&quot;</td></tr></table><p class="totop"><a href="#summary">back to summary</a></p>
<h3 id="m125">runners.TestRunner#runScenario</h3><table class="result"><tr class="param"><th>Parameter #1</th><th>Parameter #2</th></tr><tr class="param stripe"><td>&quot;Admin Validate navigation bar order 1st home&quot;</td><td>&quot;Dashboard Functionality&quot;</td></tr></table><p class="totop"><a href="#summary">back to summary</a></p>
<h3 id="m126">runners.TestRunner#runScenario</h3><table class="result"><tr class="param"><th>Parameter #1</th><th>Parameter #2</th></tr><tr class="param stripe"><td>&quot;Admin Verify LMS title alignment&quot;</td><td>&quot;Dashboard Functionality&quot;</td></tr></table><p class="totop"><a href="#summary">back to summary</a></p>
<h3 id="m127">runners.TestRunner#runScenario</h3><table class="result"><tr class="param"><th>Parameter #1</th><th>Parameter #2</th></tr><tr class="param stripe"><td>&quot;Verify Admin Navigate to Batch page successfully&quot;</td><td>&quot;Batch Page Navigation&quot;</td></tr></table><p class="totop"><a href="#summary">back to summary</a></p>
<h3 id="m128">runners.TestRunner#runScenario</h3><table class="result"><tr class="param"><th>Parameter #1</th><th>Parameter #2</th></tr><tr class="param stripe"><td>&quot;Userhb is able to validate Class page&quot;</td><td>&quot;Class Module&quot;</td></tr></table><p class="totop"><a href="#summary">back to summary</a></p>
<h3 id="m129">runners.TestRunner#runScenario</h3><table class="result"><tr class="param"><th>Parameter #1</th><th>Parameter #2</th></tr><tr class="param stripe"><td>&quot;Verify after login Admin lands on dashboard pageKP&quot;</td><td>&quot;Dashboard Functionality&quot;</td></tr></table><p class="totop"><a href="#summary">back to summary</a></p>
<h3 id="m130">runners.TestRunner#runScenario</h3><table class="result"><tr class="param"><th>Parameter #1</th><th>Parameter #2</th></tr><tr class="param stripe"><td>&quot;Admin Validate LMS title has correct spelling and space&quot;</td><td>&quot;Dashboard Functionality&quot;</td></tr></table><p class="totop"><a href="#summary">back to summary</a></p>
<h3 id="m131">runners.TestRunner#runScenario</h3><table class="result"><tr class="param"><th>Parameter #1</th><th>Parameter #2</th></tr><tr class="param stripe"><td>&quot;Admin validate navigation bar order 5 th logout&quot;</td><td>&quot;Dashboard Functionality&quot;</td></tr></table><p class="totop"><a href="#summary">back to summary</a></p>
<h3 id="m132">runners.TestRunner#runScenario</h3><table class="result"><tr class="param"><th>Parameter #1</th><th>Parameter #2</th></tr><tr class="param stripe"><td>&quot;Login&quot;</td><td>&quot;Dashboard Functionality&quot;</td></tr></table><p class="totop"><a href="#summary">back to summary</a></p>
<h3 id="m133">runners.TestRunner#runScenario</h3><table class="result"><tr class="param"><th>Parameter #1</th><th>Parameter #2</th></tr><tr class="param stripe"><td>&quot;Admin Validate navigation bar order 4th class&quot;</td><td>&quot;Dashboard Functionality&quot;</td></tr></table><p class="totop"><a href="#summary">back to summary</a></p>
<h3 id="m134">runners.TestRunner#runScenario</h3><table class="result"><tr class="param"><th>Parameter #1</th><th>Parameter #2</th></tr><tr class="param stripe"><td>&quot;Admin Validate navigation bar text&quot;</td><td>&quot;Dashboard Functionality&quot;</td></tr></table><p class="totop"><a href="#summary">back to summary</a></p>
<h3 id="m135">runners.TestRunner#runScenario</h3><table class="result"><tr class="param"><th>Parameter #1</th><th>Parameter #2</th></tr><tr class="param stripe"><td>&quot;Admin is on program module after reaching dashboard&quot;</td><td>&quot;Navigation&quot;</td></tr></table><p class="totop"><a href="#summary">back to summary</a></p>
</body>
</html>
