<?xml version="1.0" encoding="UTF-8"?>
<!-- Generated by org.testng.reporters.JUnitXMLReporter -->
<testsuite ignored="0" hostname="DESKTOP-8BTSRPD" failures="120" tests="136" name="Default test" time="169.784" errors="0" timestamp="2024-10-29T16:17:51 EDT">
  <testcase classname="io.cucumber.testng.AbstractTestNGCucumberTests" name="runScenario" time="10.558">
    <failure type="io.cucumber.testng.UndefinedStepException" message="The step &amp;apos;Admin should land on the login page vh&amp;apos; is undefined.
You can implement this step using the snippet(s) below:

@Then(&amp;quot;Admin should land on the login page vh&amp;quot;)
public void admin_should_land_on_the_login_page_vh() {
    // Write code here that turns the phrase above into concrete actions
    throw new io.cucumber.java.PendingException();
}
">
      <![CDATA[io.cucumber.testng.UndefinedStepException: The step 'Admin should land on the login page vh' is undefined.
You can implement this step using the snippet(s) below:

@Then("Admin should land on the login page vh")
public void admin_should_land_on_the_login_page_vh() {
    // Write code here that turns the phrase above into concrete actions
    throw new io.cucumber.java.PendingException();
}

at io.cucumber.core.runtime.TestCaseResultObserver.assertTestCasePassed(TestCaseResultObserver.java:69)
at io.cucumber.testng.TestCaseResultObserver.assertTestCasePassed(TestCaseResultObserver.java:23)
at io.cucumber.testng.TestNGCucumberRunner.lambda$runScenario$1(TestNGCucumberRunner.java:133)
at io.cucumber.core.runtime.CucumberExecutionContext.lambda$runTestCase$5(CucumberExecutionContext.java:130)
at io.cucumber.core.runtime.RethrowingThrowableCollector.executeAndThrow(RethrowingThrowableCollector.java:23)
at io.cucumber.core.runtime.CucumberExecutionContext.runTestCase(CucumberExecutionContext.java:130)
at io.cucumber.testng.TestNGCucumberRunner.runScenario(TestNGCucumberRunner.java:129)
at io.cucumber.testng.AbstractTestNGCucumberTests.runScenario(AbstractTestNGCucumberTests.java:35)
at java.base/jdk.internal.reflect.NativeMethodAccessorImpl.invoke0(Native Method)
at java.base/jdk.internal.reflect.NativeMethodAccessorImpl.invoke(NativeMethodAccessorImpl.java:77)
at java.base/jdk.internal.reflect.DelegatingMethodAccessorImpl.invoke(DelegatingMethodAccessorImpl.java:43)
at java.base/java.lang.reflect.Method.invoke(Method.java:568)
at org.testng.internal.invokers.MethodInvocationHelper.invokeMethod(MethodInvocationHelper.java:139)
at org.testng.internal.invokers.TestInvoker.invokeMethod(TestInvoker.java:677)
at org.testng.internal.invokers.TestInvoker.invokeTestMethod(TestInvoker.java:221)
at org.testng.internal.invokers.MethodRunner.runInSequence(MethodRunner.java:50)
at org.testng.internal.invokers.TestInvoker$MethodInvocationAgent.invoke(TestInvoker.java:969)
at org.testng.internal.invokers.TestInvoker.invokeTestMethods(TestInvoker.java:194)
at org.testng.internal.invokers.TestMethodWorker.invokeTestMethods(TestMethodWorker.java:148)
at org.testng.internal.invokers.TestMethodWorker.run(TestMethodWorker.java:128)
at java.base/java.util.ArrayList.forEach(ArrayList.java:1511)
at org.testng.TestRunner.privateRun(TestRunner.java:829)
at org.testng.TestRunner.run(TestRunner.java:602)
at org.testng.SuiteRunner.runTest(SuiteRunner.java:437)
at org.testng.SuiteRunner.runSequentially(SuiteRunner.java:431)
at org.testng.SuiteRunner.privateRun(SuiteRunner.java:391)
at org.testng.SuiteRunner.run(SuiteRunner.java:330)
at org.testng.SuiteRunnerWorker.runSuite(SuiteRunnerWorker.java:52)
at org.testng.SuiteRunnerWorker.run(SuiteRunnerWorker.java:95)
at org.testng.TestNG.runSuitesSequentially(TestNG.java:1256)
at org.testng.TestNG.runSuitesLocally(TestNG.java:1176)
at org.testng.TestNG.runSuites(TestNG.java:1099)
at org.testng.TestNG.run(TestNG.java:1067)
at org.testng.remote.AbstractRemoteTestNG.run(AbstractRemoteTestNG.java:115)
at org.testng.remote.RemoteTestNG.initAndRun(RemoteTestNG.java:293)
at org.testng.remote.RemoteTestNG.main(RemoteTestNG.java:91)
]]>
    </failure>
  </testcase> <!-- runScenario -->
  <testcase classname="io.cucumber.testng.AbstractTestNGCucumberTests" name="runScenario" time="0.563">
    <failure type="java.lang.NullPointerException" message="Cannot invoke &amp;quot;org.openqa.selenium.WebDriver.getPageSource()&amp;quot; because &amp;quot;pageObjectModel.LoginPage.driver&amp;quot; is null">
      <![CDATA[java.lang.NullPointerException: Cannot invoke "org.openqa.selenium.WebDriver.getPageSource()" because "pageObjectModel.LoginPage.driver" is null
at pageObjectModel.LoginPage.CheckIfValidURL(LoginPage.java:81)
at stepDefinition.LoginSteps.admin_should_recieve_page_not_found_error_vh(LoginSteps.java:46)
at ✽.Admin should recieve 404 page not found error vh(file:///C:/Users/banda/git/Team12_SeleniumHackathon/Team_12_LMS_Oct_2024/./src/test/resources/Features/01Login.feature:15)
]]>
    </failure>
  </testcase> <!-- runScenario -->
  <testcase classname="io.cucumber.testng.AbstractTestNGCucumberTests" name="runScenario" time="1.859">
    <failure type="java.lang.NullPointerException" message="Cannot invoke &amp;quot;org.openqa.selenium.WebDriver.findElements(org.openqa.selenium.By)&amp;quot; because &amp;quot;pageObjectModel.LoginPage.driver&amp;quot; is null">
      <![CDATA[java.lang.NullPointerException: Cannot invoke "org.openqa.selenium.WebDriver.findElements(org.openqa.selenium.By)" because "pageObjectModel.LoginPage.driver" is null
at pageObjectModel.LoginPage.brokenLink(LoginPage.java:139)
at stepDefinition.LoginSteps.http_response_then_the_link_is_broken_vh(LoginSteps.java:56)
at ✽.HTTP response >= 400. Then the link is broken vh(file:///C:/Users/banda/git/Team12_SeleniumHackathon/Team_12_LMS_Oct_2024/./src/test/resources/Features/01Login.feature:20)
]]>
    </failure>
  </testcase> <!-- runScenario -->
  <testcase classname="io.cucumber.testng.AbstractTestNGCucumberTests" name="runScenario" time="0.118">
    <failure type="java.lang.NullPointerException" message="Cannot invoke &amp;quot;org.openqa.selenium.WebDriver.findElement(org.openqa.selenium.By)&amp;quot; because &amp;quot;pageObjectModel.LoginPage.driver&amp;quot; is null">
      <![CDATA[java.lang.NullPointerException: Cannot invoke "org.openqa.selenium.WebDriver.findElement(org.openqa.selenium.By)" because "pageObjectModel.LoginPage.driver" is null
at pageObjectModel.LoginPage.CheckSpellings(LoginPage.java:63)
at stepDefinition.LoginSteps.admin_should_see_correct_spellings_in_all_fields_vh(LoginSteps.java:61)
at ✽.Admin should see correct spellings in all fields vh(file:///C:/Users/banda/git/Team12_SeleniumHackathon/Team_12_LMS_Oct_2024/./src/test/resources/Features/01Login.feature:24)
]]>
    </failure>
  </testcase> <!-- runScenario -->
  <testcase classname="io.cucumber.testng.AbstractTestNGCucumberTests" name="runScenario" time="0.155">
    <failure type="java.lang.NullPointerException" message="Cannot invoke &amp;quot;org.openqa.selenium.WebDriver.findElement(org.openqa.selenium.By)&amp;quot; because &amp;quot;pageObjectModel.LoginPage.driver&amp;quot; is null">
      <![CDATA[java.lang.NullPointerException: Cannot invoke "org.openqa.selenium.WebDriver.findElement(org.openqa.selenium.By)" because "pageObjectModel.LoginPage.driver" is null
at pageObjectModel.LoginPage.verifylogo(LoginPage.java:87)
at stepDefinition.LoginSteps.admin_should_see_logo_on_the_left_side_vh(LoginSteps.java:66)
at ✽.Admin should see logo on the left side vh(file:///C:/Users/banda/git/Team12_SeleniumHackathon/Team_12_LMS_Oct_2024/./src/test/resources/Features/01Login.feature:28)
]]>
    </failure>
  </testcase> <!-- runScenario -->
  <testcase classname="io.cucumber.testng.AbstractTestNGCucumberTests" name="runScenario" time="0.068">
    <failure type="java.lang.NullPointerException" message="Cannot invoke &amp;quot;org.openqa.selenium.WebDriver.findElement(org.openqa.selenium.By)&amp;quot; because &amp;quot;pageObjectModel.LoginPage.driver&amp;quot; is null">
      <![CDATA[java.lang.NullPointerException: Cannot invoke "org.openqa.selenium.WebDriver.findElement(org.openqa.selenium.By)" because "pageObjectModel.LoginPage.driver" is null
at pageObjectModel.LoginPage.appNameOnLogo(LoginPage.java:176)
at stepDefinition.LoginSteps.admin_should_see_lms_learning_management_system_vh(LoginSteps.java:71)
at ✽.Admin should see LMS - Learning Management System vh(file:///C:/Users/banda/git/Team12_SeleniumHackathon/Team_12_LMS_Oct_2024/./src/test/resources/Features/01Login.feature:32)
]]>
    </failure>
  </testcase> <!-- runScenario -->
  <testcase classname="io.cucumber.testng.AbstractTestNGCucumberTests" name="runScenario" time="0.066">
    <failure type="java.lang.NullPointerException" message="Cannot invoke &amp;quot;org.openqa.selenium.WebDriver.findElement(org.openqa.selenium.By)&amp;quot; because &amp;quot;pageObjectModel.LoginPage.driver&amp;quot; is null">
      <![CDATA[java.lang.NullPointerException: Cannot invoke "org.openqa.selenium.WebDriver.findElement(org.openqa.selenium.By)" because "pageObjectModel.LoginPage.driver" is null
at pageObjectModel.LoginPage.companyNameOnLogo(LoginPage.java:189)
at stepDefinition.LoginSteps.admin_should_see_company_name_below_the_app_name_vh(LoginSteps.java:76)
at ✽.Admin should see company name below the app name vh(file:///C:/Users/banda/git/Team12_SeleniumHackathon/Team_12_LMS_Oct_2024/./src/test/resources/Features/01Login.feature:36)
]]>
    </failure>
  </testcase> <!-- runScenario -->
  <testcase classname="io.cucumber.testng.AbstractTestNGCucumberTests" name="runScenario" time="0.11">
    <failure type="java.lang.AssertionError" message="expected [true] but found [false]">
      <![CDATA[java.lang.AssertionError: expected [true] but found [false]
at org.testng.Assert.fail(Assert.java:110)
at org.testng.Assert.failNotEquals(Assert.java:1577)
at org.testng.Assert.assertEqualsImpl(Assert.java:149)
at org.testng.Assert.assertEquals(Assert.java:131)
at org.testng.Assert.assertEquals(Assert.java:1066)
at org.testng.Assert.assertEquals(Assert.java:1030)
at org.testng.Assert.assertEquals(Assert.java:1076)
at pageObjectModel.LoginPage.verifyTwoTextFields(LoginPage.java:127)
at stepDefinition.LoginSteps.admin_should_see_two_text_field_vh(LoginSteps.java:86)
at ✽.Admin should see two text field vh(file:///C:/Users/banda/git/Team12_SeleniumHackathon/Team_12_LMS_Oct_2024/./src/test/resources/Features/01Login.feature:44)
]]>
    </failure>
  </testcase> <!-- runScenario -->
  <testcase classname="io.cucumber.testng.AbstractTestNGCucumberTests" name="runScenario" time="0.076">
    <failure type="java.lang.NullPointerException" message="Cannot invoke &amp;quot;org.openqa.selenium.WebDriver.findElements(org.openqa.selenium.By)&amp;quot; because &amp;quot;pageObjectModel.LoginPage.driver&amp;quot; is null">
      <![CDATA[java.lang.NullPointerException: Cannot invoke "org.openqa.selenium.WebDriver.findElements(org.openqa.selenium.By)" because "pageObjectModel.LoginPage.driver" is null
at pageObjectModel.LoginPage.VerifyUser(LoginPage.java:94)
at stepDefinition.LoginSteps.admin_should_in_the_first_text_field_vh(LoginSteps.java:91)
at ✽.Admin should "User" in the first text field vh(file:///C:/Users/banda/git/Team12_SeleniumHackathon/Team_12_LMS_Oct_2024/./src/test/resources/Features/01Login.feature:48)
]]>
    </failure>
  </testcase> <!-- runScenario -->
  <testcase classname="io.cucumber.testng.AbstractTestNGCucumberTests" name="runScenario" time="0.067">
    <failure type="java.lang.NullPointerException" message="Cannot invoke &amp;quot;org.openqa.selenium.WebDriver.findElements(org.openqa.selenium.By)&amp;quot; because &amp;quot;pageObjectModel.LoginPage.driver&amp;quot; is null">
      <![CDATA[java.lang.NullPointerException: Cannot invoke "org.openqa.selenium.WebDriver.findElements(org.openqa.selenium.By)" because "pageObjectModel.LoginPage.driver" is null
at pageObjectModel.LoginPage.VerifyStarWithUserTextBox(LoginPage.java:70)
at stepDefinition.LoginSteps.admin_should_see_field_mandatory_symbol_next_to_admin_text_vh(LoginSteps.java:96)
at ✽.Admin should see field mandatory *symbol next to Admin text vh(file:///C:/Users/banda/git/Team12_SeleniumHackathon/Team_12_LMS_Oct_2024/./src/test/resources/Features/01Login.feature:52)
]]>
    </failure>
  </testcase> <!-- runScenario -->
  <testcase classname="io.cucumber.testng.AbstractTestNGCucumberTests" name="runScenario" time="0.063">
    <failure type="java.lang.NullPointerException" message="Cannot invoke &amp;quot;org.openqa.selenium.WebDriver.findElements(org.openqa.selenium.By)&amp;quot; because &amp;quot;pageObjectModel.LoginPage.driver&amp;quot; is null">
      <![CDATA[java.lang.NullPointerException: Cannot invoke "org.openqa.selenium.WebDriver.findElements(org.openqa.selenium.By)" because "pageObjectModel.LoginPage.driver" is null
at pageObjectModel.LoginPage.Verifypassword(LoginPage.java:98)
at stepDefinition.LoginSteps.admin_should_in_the_second_text_field_vh(LoginSteps.java:101)
at ✽.Admin should "Password" in the second text field vh(file:///C:/Users/banda/git/Team12_SeleniumHackathon/Team_12_LMS_Oct_2024/./src/test/resources/Features/01Login.feature:56)
]]>
    </failure>
  </testcase> <!-- runScenario -->
  <testcase classname="io.cucumber.testng.AbstractTestNGCucumberTests" name="runScenario" time="0.062">
    <failure type="java.lang.NullPointerException" message="Cannot invoke &amp;quot;org.openqa.selenium.WebDriver.findElements(org.openqa.selenium.By)&amp;quot; because &amp;quot;pageObjectModel.LoginPage.driver&amp;quot; is null">
      <![CDATA[java.lang.NullPointerException: Cannot invoke "org.openqa.selenium.WebDriver.findElements(org.openqa.selenium.By)" because "pageObjectModel.LoginPage.driver" is null
at pageObjectModel.LoginPage.VerifyStarWithPasswordTextBox(LoginPage.java:74)
at stepDefinition.LoginSteps.admin_should_see_symbol_next_to_password_text_vh(LoginSteps.java:106)
at ✽.Admin should see * symbol next to password text vh(file:///C:/Users/banda/git/Team12_SeleniumHackathon/Team_12_LMS_Oct_2024/./src/test/resources/Features/01Login.feature:60)
]]>
    </failure>
  </testcase> <!-- runScenario -->
  <testcase classname="io.cucumber.testng.AbstractTestNGCucumberTests" name="runScenario" time="0.064">
    <failure type="java.lang.NullPointerException" message="Cannot invoke &amp;quot;org.openqa.selenium.WebDriver.findElement(org.openqa.selenium.By)&amp;quot; because &amp;quot;pageObjectModel.LoginPage.driver&amp;quot; is null">
      <![CDATA[java.lang.NullPointerException: Cannot invoke "org.openqa.selenium.WebDriver.findElement(org.openqa.selenium.By)" because "pageObjectModel.LoginPage.driver" is null
at pageObjectModel.LoginPage.positionOfInputBox(LoginPage.java:210)
at stepDefinition.LoginSteps.admin_should_see_input_field_on_the_centre_of_the_page_vh(LoginSteps.java:111)
at ✽.Admin should see input field on the centre of the page vh(file:///C:/Users/banda/git/Team12_SeleniumHackathon/Team_12_LMS_Oct_2024/./src/test/resources/Features/01Login.feature:64)
]]>
    </failure>
  </testcase> <!-- runScenario -->
  <testcase classname="io.cucumber.testng.AbstractTestNGCucumberTests" name="runScenario" time="0.064">
    <failure type="java.lang.NullPointerException" message="Cannot invoke &amp;quot;org.openqa.selenium.WebDriver.findElements(org.openqa.selenium.By)&amp;quot; because &amp;quot;pageObjectModel.LoginPage.driver&amp;quot; is null">
      <![CDATA[java.lang.NullPointerException: Cannot invoke "org.openqa.selenium.WebDriver.findElements(org.openqa.selenium.By)" because "pageObjectModel.LoginPage.driver" is null
at pageObjectModel.LoginPage.VerifyLoginButton(LoginPage.java:78)
at stepDefinition.LoginSteps.admin_should_see_login_button_vh(LoginSteps.java:116)
at ✽.Admin should see login button vh(file:///C:/Users/banda/git/Team12_SeleniumHackathon/Team_12_LMS_Oct_2024/./src/test/resources/Features/01Login.feature:68)
]]>
    </failure>
  </testcase> <!-- runScenario -->
  <testcase classname="io.cucumber.testng.AbstractTestNGCucumberTests" name="runScenario" time="0.063">
    <failure type="java.lang.NullPointerException" message="Cannot invoke &amp;quot;org.openqa.selenium.WebDriver.findElement(org.openqa.selenium.By)&amp;quot; because &amp;quot;pageObjectModel.LoginPage.driver&amp;quot; is null">
      <![CDATA[java.lang.NullPointerException: Cannot invoke "org.openqa.selenium.WebDriver.findElement(org.openqa.selenium.By)" because "pageObjectModel.LoginPage.driver" is null
at pageObjectModel.LoginPage.positionOfLoginBtn(LoginPage.java:200)
at stepDefinition.LoginSteps.admin_should_see_login_button_on_the_centre_of_the_page_vh(LoginSteps.java:121)
at ✽.Admin should see login button on the centre of the page vh(file:///C:/Users/banda/git/Team12_SeleniumHackathon/Team_12_LMS_Oct_2024/./src/test/resources/Features/01Login.feature:72)
]]>
    </failure>
  </testcase> <!-- runScenario -->
  <testcase classname="io.cucumber.testng.AbstractTestNGCucumberTests" name="runScenario" time="0.056">
    <failure type="java.lang.NullPointerException" message="Cannot invoke &amp;quot;org.openqa.selenium.WebDriver.findElement(org.openqa.selenium.By)&amp;quot; because &amp;quot;pageObjectModel.LoginPage.driver&amp;quot; is null">
      <![CDATA[java.lang.NullPointerException: Cannot invoke "org.openqa.selenium.WebDriver.findElement(org.openqa.selenium.By)" because "pageObjectModel.LoginPage.driver" is null
at pageObjectModel.LoginPage.checkIfUserFontColorIsGray(LoginPage.java:220)
at stepDefinition.LoginSteps.admin_should_see_admin_in_gray_color_vh(LoginSteps.java:125)
at ✽.Admin should see Admin in gray color vh(file:///C:/Users/banda/git/Team12_SeleniumHackathon/Team_12_LMS_Oct_2024/./src/test/resources/Features/01Login.feature:76)
]]>
    </failure>
  </testcase> <!-- runScenario -->
  <testcase classname="io.cucumber.testng.AbstractTestNGCucumberTests" name="runScenario" time="0.054">
    <failure type="java.lang.NullPointerException" message="Cannot invoke &amp;quot;org.openqa.selenium.WebDriver.findElement(org.openqa.selenium.By)&amp;quot; because &amp;quot;pageObjectModel.LoginPage.driver&amp;quot; is null">
      <![CDATA[java.lang.NullPointerException: Cannot invoke "org.openqa.selenium.WebDriver.findElement(org.openqa.selenium.By)" because "pageObjectModel.LoginPage.driver" is null
at pageObjectModel.LoginPage.checkIfPasswordFontColorIsGray(LoginPage.java:226)
at stepDefinition.LoginSteps.admin_should_see_password_in_gray_color_vh(LoginSteps.java:130)
at ✽.Admin should see password in gray color vh(file:///C:/Users/banda/git/Team12_SeleniumHackathon/Team_12_LMS_Oct_2024/./src/test/resources/Features/01Login.feature:80)
]]>
    </failure>
  </testcase> <!-- runScenario -->
  <testcase classname="io.cucumber.testng.AbstractTestNGCucumberTests" name="runScenario" time="0.047">
    <failure type="java.lang.NullPointerException" message="Cannot invoke &amp;quot;org.openqa.selenium.WebDriver.findElement(org.openqa.selenium.By)&amp;quot; because &amp;quot;pageObjectModel.LoginPage.driver&amp;quot; is null">
      <![CDATA[java.lang.NullPointerException: Cannot invoke "org.openqa.selenium.WebDriver.findElement(org.openqa.selenium.By)" because "pageObjectModel.LoginPage.driver" is null
at pageObjectModel.LoginPage.Homepageverification(LoginPage.java:60)
at stepDefinition.LoginSteps.admin_is_in_login_page_vh(LoginSteps.java:134)
at ✽.Admin is in login Page vh(file:///C:/Users/banda/git/Team12_SeleniumHackathon/Team_12_LMS_Oct_2024/./src/test/resources/Features/01Login.feature:84)
]]>
    </failure>
  </testcase> <!-- runScenario -->
  <testcase classname="io.cucumber.testng.AbstractTestNGCucumberTests" name="runScenario" time="0.07">
    <failure type="java.lang.NullPointerException" message="Cannot invoke &amp;quot;org.openqa.selenium.WebDriver.findElement(org.openqa.selenium.By)&amp;quot; because &amp;quot;pageObjectModel.LoginPage.driver&amp;quot; is null">
      <![CDATA[java.lang.NullPointerException: Cannot invoke "org.openqa.selenium.WebDriver.findElement(org.openqa.selenium.By)" because "pageObjectModel.LoginPage.driver" is null
at pageObjectModel.LoginPage.invalidcredencial(LoginPage.java:261)
at stepDefinition.LoginSteps.admin_enter_invalid_credentials_and_clicks_login_button_vh(LoginSteps.java:149)
at ✽.Admin enter invalid credentials and clicks login button vh(file:///C:/Users/banda/git/Team12_SeleniumHackathon/Team_12_LMS_Oct_2024/./src/test/resources/Features/01Login.feature:90)
]]>
    </failure>
  </testcase> <!-- runScenario -->
  <testcase classname="io.cucumber.testng.AbstractTestNGCucumberTests" name="runScenario" time="0.062">
    <failure type="java.lang.NullPointerException" message="Cannot invoke &amp;quot;org.openqa.selenium.WebDriver.findElement(org.openqa.selenium.By)&amp;quot; because &amp;quot;pageObjectModel.LoginPage.driver&amp;quot; is null">
      <![CDATA[java.lang.NullPointerException: Cannot invoke "org.openqa.selenium.WebDriver.findElement(org.openqa.selenium.By)" because "pageObjectModel.LoginPage.driver" is null
at pageObjectModel.LoginPage.onlypassword(LoginPage.java:276)
at stepDefinition.LoginSteps.admin_enter_value_only_in_password_and_clicks_login_button_vh(LoginSteps.java:159)
at ✽.Admin enter value only in password and clicks login button vh(file:///C:/Users/banda/git/Team12_SeleniumHackathon/Team_12_LMS_Oct_2024/./src/test/resources/Features/01Login.feature:96)
]]>
    </failure>
  </testcase> <!-- runScenario -->
  <testcase classname="io.cucumber.testng.AbstractTestNGCucumberTests" name="runScenario" time="0.048">
    <failure type="java.lang.NullPointerException" message="Cannot invoke &amp;quot;org.openqa.selenium.WebDriver.findElement(org.openqa.selenium.By)&amp;quot; because &amp;quot;pageObjectModel.LoginPage.driver&amp;quot; is null">
      <![CDATA[java.lang.NullPointerException: Cannot invoke "org.openqa.selenium.WebDriver.findElement(org.openqa.selenium.By)" because "pageObjectModel.LoginPage.driver" is null
at pageObjectModel.LoginPage.onlyusername(LoginPage.java:272)
at stepDefinition.LoginSteps.admin_enter_value_only_in_adminname_and_clicks_login_button_vh(LoginSteps.java:169)
at ✽.Admin enter value only in Adminname and clicks login button vh(file:///C:/Users/banda/git/Team12_SeleniumHackathon/Team_12_LMS_Oct_2024/./src/test/resources/Features/01Login.feature:101)
]]>
    </failure>
  </testcase> <!-- runScenario -->
  <testcase classname="io.cucumber.testng.AbstractTestNGCucumberTests" name="runScenario" time="0.051">
    <failure type="java.lang.NullPointerException" message="Cannot invoke &amp;quot;org.openqa.selenium.WebDriver.findElement(org.openqa.selenium.By)&amp;quot; because &amp;quot;pageObjectModel.LoginPage.driver&amp;quot; is null">
      <![CDATA[java.lang.NullPointerException: Cannot invoke "org.openqa.selenium.WebDriver.findElement(org.openqa.selenium.By)" because "pageObjectModel.LoginPage.driver" is null
at pageObjectModel.LoginPage.validcredencialwithkeyboard(LoginPage.java:280)
at stepDefinition.LoginSteps.admin_enter_valid_credentials_and_clicks_login_button_through_keyboard_vh(LoginSteps.java:179)
at ✽.Admin enter valid credentials and clicks login button through keyboard vh(file:///C:/Users/banda/git/Team12_SeleniumHackathon/Team_12_LMS_Oct_2024/./src/test/resources/Features/01Login.feature:106)
]]>
    </failure>
  </testcase> <!-- runScenario -->
  <testcase classname="io.cucumber.testng.AbstractTestNGCucumberTests" name="runScenario" time="0.043">
    <failure type="java.lang.NullPointerException" message="Cannot invoke &amp;quot;org.openqa.selenium.WebDriver.findElement(org.openqa.selenium.By)&amp;quot; because &amp;quot;pageObjectModel.LoginPage.driver&amp;quot; is null">
      <![CDATA[java.lang.NullPointerException: Cannot invoke "org.openqa.selenium.WebDriver.findElement(org.openqa.selenium.By)" because "pageObjectModel.LoginPage.driver" is null
at pageObjectModel.LoginPage.validcredencial(LoginPage.java:266)
at stepDefinition.LoginSteps.admin_enter_valid_credentials_and_clicks_login_button_through_mouse_vh(LoginSteps.java:189)
at ✽.Admin enter valid credentials and clicks login button through mouse vh(file:///C:/Users/banda/git/Team12_SeleniumHackathon/Team_12_LMS_Oct_2024/./src/test/resources/Features/01Login.feature:111)
]]>
    </failure>
  </testcase> <!-- runScenario -->
  <testcase classname="io.cucumber.testng.AbstractTestNGCucumberTests" name="runScenario" time="1.65"/>
  <testcase classname="io.cucumber.testng.AbstractTestNGCucumberTests" name="runScenario" time="0.06"/>
  <testcase classname="io.cucumber.testng.AbstractTestNGCucumberTests" name="runScenario" time="0.086">
    <failure type="java.lang.NullPointerException" message="Cannot invoke &amp;quot;org.openqa.selenium.WebDriver.manage()&amp;quot; because &amp;quot;pageObjectModel.DashboardPage.driver&amp;quot; is null">
      <![CDATA[java.lang.NullPointerException: Cannot invoke "org.openqa.selenium.WebDriver.manage()" because "pageObjectModel.DashboardPage.driver" is null
at pageObjectModel.DashboardPage.pagenavi(DashboardPage.java:96)
at stepDefinition.DashboardStep.maximun_navigation_time_in_milliseconds_defaults_to_seconds(DashboardStep.java:46)
at ✽.Maximun navigation time in milliseconds, defaults to 30 seconds(file:///C:/Users/banda/git/Team12_SeleniumHackathon/Team_12_LMS_Oct_2024/./src/test/resources/Features/02Dashboard.feature:15)
]]>
    </failure>
  </testcase> <!-- runScenario -->
  <testcase classname="io.cucumber.testng.AbstractTestNGCucumberTests" name="runScenario" time="0.084"/>
  <testcase classname="io.cucumber.testng.AbstractTestNGCucumberTests" name="runScenario" time="5.16"/>
  <testcase classname="io.cucumber.testng.AbstractTestNGCucumberTests" name="runScenario" time="0.157"/>
  <testcase classname="io.cucumber.testng.AbstractTestNGCucumberTests" name="runScenario" time="0.308"/>
  <testcase classname="io.cucumber.testng.AbstractTestNGCucumberTests" name="runScenario" time="0.154"/>
  <testcase classname="io.cucumber.testng.AbstractTestNGCucumberTests" name="runScenario" time="0.143"/>
  <testcase classname="io.cucumber.testng.AbstractTestNGCucumberTests" name="runScenario" time="0.044"/>
  <testcase classname="io.cucumber.testng.AbstractTestNGCucumberTests" name="runScenario" time="0.102"/>
  <testcase classname="io.cucumber.testng.AbstractTestNGCucumberTests" name="runScenario" time="0.11"/>
  <testcase classname="io.cucumber.testng.AbstractTestNGCucumberTests" name="runScenario" time="0.084"/>
  <testcase classname="io.cucumber.testng.AbstractTestNGCucumberTests" name="runScenario" time="0.074"/>
  <testcase classname="io.cucumber.testng.AbstractTestNGCucumberTests" name="runScenario" time="1.525">
    <failure type="java.lang.NullPointerException" message="Cannot invoke &amp;quot;org.openqa.selenium.WebDriver.manage()&amp;quot; because &amp;quot;pageObjectModel.ProgramPage.driver&amp;quot; is null">
      <![CDATA[java.lang.NullPointerException: Cannot invoke "org.openqa.selenium.WebDriver.manage()" because "pageObjectModel.ProgramPage.driver" is null
at pageObjectModel.ProgramPage.clickProgram(ProgramPage.java:164)
at stepDefinition.ProgramSteps.admin_clicks_on_the_navigation_bar(ProgramSteps.java:30)
at ✽.Admin clicks Program on the navigation bar SM(file:///C:/Users/banda/git/Team12_SeleniumHackathon/Team_12_LMS_Oct_2024/./src/test/resources/Features/03Program.feature:7)
]]>
    </failure>
  </testcase> <!-- runScenario -->
  <testcase classname="io.cucumber.testng.AbstractTestNGCucumberTests" name="runScenario" time="1.64">
    <failure type="java.lang.NullPointerException" message="Cannot invoke &amp;quot;org.openqa.selenium.WebDriver.manage()&amp;quot; because &amp;quot;pageObjectModel.ProgramPage.driver&amp;quot; is null">
      <![CDATA[java.lang.NullPointerException: Cannot invoke "org.openqa.selenium.WebDriver.manage()" because "pageObjectModel.ProgramPage.driver" is null
at pageObjectModel.ProgramPage.clickProgram(ProgramPage.java:164)
at stepDefinition.ProgramSteps.admin_clicks_on_the_navigation_bar(ProgramSteps.java:30)
at ✽.Admin clicks Program on the navigation bar SM(file:///C:/Users/banda/git/Team12_SeleniumHackathon/Team_12_LMS_Oct_2024/./src/test/resources/Features/03Program.feature:17)
]]>
    </failure>
  </testcase> <!-- runScenario -->
  <testcase classname="io.cucumber.testng.AbstractTestNGCucumberTests" name="runScenario" time="1.699">
    <failure type="java.lang.NullPointerException" message="Cannot invoke &amp;quot;org.openqa.selenium.WebDriver.manage()&amp;quot; because &amp;quot;pageObjectModel.ProgramPage.driver&amp;quot; is null">
      <![CDATA[java.lang.NullPointerException: Cannot invoke "org.openqa.selenium.WebDriver.manage()" because "pageObjectModel.ProgramPage.driver" is null
at pageObjectModel.ProgramPage.clickProgram(ProgramPage.java:164)
at stepDefinition.ProgramSteps.admin_clicks_on_the_navigation_bar(ProgramSteps.java:30)
at ✽.Admin clicks Program on the navigation bar SM(file:///C:/Users/banda/git/Team12_SeleniumHackathon/Team_12_LMS_Oct_2024/./src/test/resources/Features/03Program.feature:27)
]]>
    </failure>
  </testcase> <!-- runScenario -->
  <testcase classname="io.cucumber.testng.AbstractTestNGCucumberTests" name="runScenario" time="1.415">
    <failure type="java.lang.NullPointerException" message="Cannot invoke &amp;quot;org.openqa.selenium.WebDriver.manage()&amp;quot; because &amp;quot;pageObjectModel.ProgramPage.driver&amp;quot; is null">
      <![CDATA[java.lang.NullPointerException: Cannot invoke "org.openqa.selenium.WebDriver.manage()" because "pageObjectModel.ProgramPage.driver" is null
at pageObjectModel.ProgramPage.clickProgram(ProgramPage.java:164)
at stepDefinition.ProgramSteps.admin_clicks_on_the_navigation_bar(ProgramSteps.java:30)
at ✽.Admin clicks Program on the navigation bar SM(file:///C:/Users/banda/git/Team12_SeleniumHackathon/Team_12_LMS_Oct_2024/./src/test/resources/Features/03Program.feature:33)
]]>
    </failure>
  </testcase> <!-- runScenario -->
  <testcase classname="io.cucumber.testng.AbstractTestNGCucumberTests" name="runScenario" time="1.739">
    <failure type="java.lang.NullPointerException" message="Cannot invoke &amp;quot;org.openqa.selenium.WebDriver.manage()&amp;quot; because &amp;quot;pageObjectModel.ProgramPage.driver&amp;quot; is null">
      <![CDATA[java.lang.NullPointerException: Cannot invoke "org.openqa.selenium.WebDriver.manage()" because "pageObjectModel.ProgramPage.driver" is null
at pageObjectModel.ProgramPage.clickProgram(ProgramPage.java:164)
at stepDefinition.ProgramSteps.admin_clicks_on_the_navigation_bar(ProgramSteps.java:30)
at ✽.Admin clicks Program on the navigation bar SM(file:///C:/Users/banda/git/Team12_SeleniumHackathon/Team_12_LMS_Oct_2024/./src/test/resources/Features/03Program.feature:38)
]]>
    </failure>
  </testcase> <!-- runScenario -->
  <testcase classname="io.cucumber.testng.AbstractTestNGCucumberTests" name="runScenario" time="1.754">
    <failure type="java.lang.NullPointerException" message="Cannot invoke &amp;quot;org.openqa.selenium.WebDriver.manage()&amp;quot; because &amp;quot;pageObjectModel.ProgramPage.driver&amp;quot; is null">
      <![CDATA[java.lang.NullPointerException: Cannot invoke "org.openqa.selenium.WebDriver.manage()" because "pageObjectModel.ProgramPage.driver" is null
at pageObjectModel.ProgramPage.clickProgram(ProgramPage.java:164)
at stepDefinition.ProgramSteps.admin_clicks_on_the_navigation_bar(ProgramSteps.java:30)
at ✽.Admin clicks Program on the navigation bar SM(file:///C:/Users/banda/git/Team12_SeleniumHackathon/Team_12_LMS_Oct_2024/./src/test/resources/Features/03Program.feature:43)
]]>
    </failure>
  </testcase> <!-- runScenario -->
  <testcase classname="io.cucumber.testng.AbstractTestNGCucumberTests" name="runScenario" time="2.13">
    <failure type="java.lang.NullPointerException" message="Cannot invoke &amp;quot;org.openqa.selenium.WebDriver.manage()&amp;quot; because &amp;quot;pageObjectModel.ProgramPage.driver&amp;quot; is null">
      <![CDATA[java.lang.NullPointerException: Cannot invoke "org.openqa.selenium.WebDriver.manage()" because "pageObjectModel.ProgramPage.driver" is null
at pageObjectModel.ProgramPage.clickProgram(ProgramPage.java:164)
at stepDefinition.ProgramSteps.admin_clicks_on_the_navigation_bar(ProgramSteps.java:30)
at ✽.Admin clicks Program on the navigation bar SM(file:///C:/Users/banda/git/Team12_SeleniumHackathon/Team_12_LMS_Oct_2024/./src/test/resources/Features/03Program.feature:48)
]]>
    </failure>
  </testcase> <!-- runScenario -->
  <testcase classname="io.cucumber.testng.AbstractTestNGCucumberTests" name="runScenario" time="1.736">
    <failure type="java.lang.NullPointerException" message="Cannot invoke &amp;quot;org.openqa.selenium.WebDriver.manage()&amp;quot; because &amp;quot;pageObjectModel.ProgramPage.driver&amp;quot; is null">
      <![CDATA[java.lang.NullPointerException: Cannot invoke "org.openqa.selenium.WebDriver.manage()" because "pageObjectModel.ProgramPage.driver" is null
at pageObjectModel.ProgramPage.clickProgram(ProgramPage.java:164)
at stepDefinition.ProgramSteps.admin_clicks_on_the_navigation_bar(ProgramSteps.java:30)
at ✽.Admin clicks Program on the navigation bar SM(file:///C:/Users/banda/git/Team12_SeleniumHackathon/Team_12_LMS_Oct_2024/./src/test/resources/Features/03Program.feature:53)
]]>
    </failure>
  </testcase> <!-- runScenario -->
  <testcase classname="io.cucumber.testng.AbstractTestNGCucumberTests" name="runScenario" time="1.466">
    <failure type="java.lang.NullPointerException" message="Cannot invoke &amp;quot;org.openqa.selenium.WebDriver.manage()&amp;quot; because &amp;quot;pageObjectModel.ProgramPage.driver&amp;quot; is null">
      <![CDATA[java.lang.NullPointerException: Cannot invoke "org.openqa.selenium.WebDriver.manage()" because "pageObjectModel.ProgramPage.driver" is null
at pageObjectModel.ProgramPage.clickProgram(ProgramPage.java:164)
at stepDefinition.ProgramSteps.admin_clicks_on_the_navigation_bar(ProgramSteps.java:30)
at ✽.Admin clicks Program on the navigation bar SM(file:///C:/Users/banda/git/Team12_SeleniumHackathon/Team_12_LMS_Oct_2024/./src/test/resources/Features/03Program.feature:58)
]]>
    </failure>
  </testcase> <!-- runScenario -->
  <testcase classname="io.cucumber.testng.AbstractTestNGCucumberTests" name="runScenario" time="1.382">
    <failure type="java.lang.NullPointerException" message="Cannot invoke &amp;quot;org.openqa.selenium.WebDriver.manage()&amp;quot; because &amp;quot;pageObjectModel.ProgramPage.driver&amp;quot; is null">
      <![CDATA[java.lang.NullPointerException: Cannot invoke "org.openqa.selenium.WebDriver.manage()" because "pageObjectModel.ProgramPage.driver" is null
at pageObjectModel.ProgramPage.clickProgram(ProgramPage.java:164)
at stepDefinition.ProgramSteps.admin_clicks_on_the_navigation_bar(ProgramSteps.java:30)
at ✽.Admin clicks Program on the navigation bar SM(file:///C:/Users/banda/git/Team12_SeleniumHackathon/Team_12_LMS_Oct_2024/./src/test/resources/Features/03Program.feature:63)
]]>
    </failure>
  </testcase> <!-- runScenario -->
  <testcase classname="io.cucumber.testng.AbstractTestNGCucumberTests" name="runScenario" time="1.36">
    <failure type="java.lang.NullPointerException" message="Cannot invoke &amp;quot;org.openqa.selenium.WebDriver.manage()&amp;quot; because &amp;quot;pageObjectModel.ProgramPage.driver&amp;quot; is null">
      <![CDATA[java.lang.NullPointerException: Cannot invoke "org.openqa.selenium.WebDriver.manage()" because "pageObjectModel.ProgramPage.driver" is null
at pageObjectModel.ProgramPage.clickProgram(ProgramPage.java:164)
at stepDefinition.ProgramSteps.admin_clicks_on_the_navigation_bar(ProgramSteps.java:30)
at ✽.Admin clicks Program on the navigation bar SM(file:///C:/Users/banda/git/Team12_SeleniumHackathon/Team_12_LMS_Oct_2024/./src/test/resources/Features/03Program.feature:68)
]]>
    </failure>
  </testcase> <!-- runScenario -->
  <testcase classname="io.cucumber.testng.AbstractTestNGCucumberTests" name="runScenario" time="1.709">
    <failure type="java.lang.NullPointerException" message="Cannot invoke &amp;quot;org.openqa.selenium.WebDriver.manage()&amp;quot; because &amp;quot;pageObjectModel.ProgramPage.driver&amp;quot; is null">
      <![CDATA[java.lang.NullPointerException: Cannot invoke "org.openqa.selenium.WebDriver.manage()" because "pageObjectModel.ProgramPage.driver" is null
at pageObjectModel.ProgramPage.clickProgram(ProgramPage.java:164)
at stepDefinition.ProgramSteps.admin_clicks_on_the_navigation_bar(ProgramSteps.java:30)
at ✽.Admin clicks Program on the navigation bar SM(file:///C:/Users/banda/git/Team12_SeleniumHackathon/Team_12_LMS_Oct_2024/./src/test/resources/Features/03Program.feature:73)
]]>
    </failure>
  </testcase> <!-- runScenario -->
  <testcase classname="io.cucumber.testng.AbstractTestNGCucumberTests" name="runScenario" time="0.055"/>
  <testcase classname="io.cucumber.testng.AbstractTestNGCucumberTests" name="runScenario" time="1.555">
    <failure type="java.lang.NullPointerException" message="Cannot invoke &amp;quot;org.openqa.selenium.WebDriver.manage()&amp;quot; because &amp;quot;pageObjectModel.ProgramPage.driver&amp;quot; is null">
      <![CDATA[java.lang.NullPointerException: Cannot invoke "org.openqa.selenium.WebDriver.manage()" because "pageObjectModel.ProgramPage.driver" is null
at pageObjectModel.ProgramPage.clickProgram(ProgramPage.java:164)
at stepDefinition.ProgramSteps.admin_is_on_program_module(ProgramSteps.java:160)
at ✽.Admin is on Program module(file:///C:/Users/banda/git/Team12_SeleniumHackathon/Team_12_LMS_Oct_2024/./src/test/resources/Features/03Program.feature:94)
]]>
    </failure>
  </testcase> <!-- runScenario -->
  <testcase classname="io.cucumber.testng.AbstractTestNGCucumberTests" name="runScenario" time="1.516">
    <failure type="java.lang.NullPointerException" message="Cannot invoke &amp;quot;org.openqa.selenium.WebDriver.manage()&amp;quot; because &amp;quot;pageObjectModel.ProgramPage.driver&amp;quot; is null">
      <![CDATA[java.lang.NullPointerException: Cannot invoke "org.openqa.selenium.WebDriver.manage()" because "pageObjectModel.ProgramPage.driver" is null
at pageObjectModel.ProgramPage.clickProgram(ProgramPage.java:164)
at stepDefinition.ProgramSteps.admin_is_on_program_module(ProgramSteps.java:160)
at ✽.Admin is on Program module(file:///C:/Users/banda/git/Team12_SeleniumHackathon/Team_12_LMS_Oct_2024/./src/test/resources/Features/03Program.feature:99)
]]>
    </failure>
  </testcase> <!-- runScenario -->
  <testcase classname="io.cucumber.testng.AbstractTestNGCucumberTests" name="runScenario" time="1.537">
    <failure type="java.lang.NullPointerException" message="Cannot invoke &amp;quot;org.openqa.selenium.WebDriver.manage()&amp;quot; because &amp;quot;pageObjectModel.ProgramPage.driver&amp;quot; is null">
      <![CDATA[java.lang.NullPointerException: Cannot invoke "org.openqa.selenium.WebDriver.manage()" because "pageObjectModel.ProgramPage.driver" is null
at pageObjectModel.ProgramPage.clickProgram(ProgramPage.java:164)
at stepDefinition.ProgramSteps.admin_is_on_program_module(ProgramSteps.java:160)
at ✽.Admin is on Program module(file:///C:/Users/banda/git/Team12_SeleniumHackathon/Team_12_LMS_Oct_2024/./src/test/resources/Features/03Program.feature:104)
]]>
    </failure>
  </testcase> <!-- runScenario -->
  <testcase classname="io.cucumber.testng.AbstractTestNGCucumberTests" name="runScenario" time="1.372">
    <failure type="java.lang.NullPointerException" message="Cannot invoke &amp;quot;org.openqa.selenium.WebDriver.manage()&amp;quot; because &amp;quot;pageObjectModel.ProgramPage.driver&amp;quot; is null">
      <![CDATA[java.lang.NullPointerException: Cannot invoke "org.openqa.selenium.WebDriver.manage()" because "pageObjectModel.ProgramPage.driver" is null
at pageObjectModel.ProgramPage.clickProgram(ProgramPage.java:164)
at stepDefinition.ProgramSteps.admin_is_on_program_details_form1(ProgramSteps.java:191)
at ✽.Admin is on Program details form(file:///C:/Users/banda/git/Team12_SeleniumHackathon/Team_12_LMS_Oct_2024/./src/test/resources/Features/03Program.feature:109)
]]>
    </failure>
  </testcase> <!-- runScenario -->
  <testcase classname="io.cucumber.testng.AbstractTestNGCucumberTests" name="runScenario" time="1.393">
    <failure type="java.lang.NullPointerException" message="Cannot invoke &amp;quot;org.openqa.selenium.WebDriver.manage()&amp;quot; because &amp;quot;pageObjectModel.ProgramPage.driver&amp;quot; is null">
      <![CDATA[java.lang.NullPointerException: Cannot invoke "org.openqa.selenium.WebDriver.manage()" because "pageObjectModel.ProgramPage.driver" is null
at pageObjectModel.ProgramPage.clickProgram(ProgramPage.java:164)
at stepDefinition.ProgramSteps.admin_is_on_program_details_form1(ProgramSteps.java:191)
at ✽.Admin is on Program details form(file:///C:/Users/banda/git/Team12_SeleniumHackathon/Team_12_LMS_Oct_2024/./src/test/resources/Features/03Program.feature:114)
]]>
    </failure>
  </testcase> <!-- runScenario -->
  <testcase classname="io.cucumber.testng.AbstractTestNGCucumberTests" name="runScenario" time="1.403">
    <failure type="java.lang.NullPointerException" message="Cannot invoke &amp;quot;org.openqa.selenium.WebDriver.manage()&amp;quot; because &amp;quot;pageObjectModel.ProgramPage.driver&amp;quot; is null">
      <![CDATA[java.lang.NullPointerException: Cannot invoke "org.openqa.selenium.WebDriver.manage()" because "pageObjectModel.ProgramPage.driver" is null
at pageObjectModel.ProgramPage.clickProgram(ProgramPage.java:164)
at stepDefinition.ProgramSteps.admin_is_on_program_details_form1(ProgramSteps.java:191)
at ✽.Admin is on Program details form(file:///C:/Users/banda/git/Team12_SeleniumHackathon/Team_12_LMS_Oct_2024/./src/test/resources/Features/03Program.feature:119)
]]>
    </failure>
  </testcase> <!-- runScenario -->
  <testcase classname="io.cucumber.testng.AbstractTestNGCucumberTests" name="runScenario" time="1.544">
    <failure type="java.lang.NullPointerException" message="Cannot invoke &amp;quot;org.openqa.selenium.WebDriver.manage()&amp;quot; because &amp;quot;pageObjectModel.ProgramPage.driver&amp;quot; is null">
      <![CDATA[java.lang.NullPointerException: Cannot invoke "org.openqa.selenium.WebDriver.manage()" because "pageObjectModel.ProgramPage.driver" is null
at pageObjectModel.ProgramPage.clickProgram(ProgramPage.java:164)
at stepDefinition.ProgramSteps.admin_is_on_program_details_form1(ProgramSteps.java:191)
at ✽.Admin is on Program details form(file:///C:/Users/banda/git/Team12_SeleniumHackathon/Team_12_LMS_Oct_2024/./src/test/resources/Features/03Program.feature:124)
]]>
    </failure>
  </testcase> <!-- runScenario -->
  <testcase classname="io.cucumber.testng.AbstractTestNGCucumberTests" name="runScenario" time="1.499">
    <failure type="java.lang.NullPointerException" message="Cannot invoke &amp;quot;org.openqa.selenium.WebDriver.manage()&amp;quot; because &amp;quot;pageObjectModel.ProgramPage.driver&amp;quot; is null">
      <![CDATA[java.lang.NullPointerException: Cannot invoke "org.openqa.selenium.WebDriver.manage()" because "pageObjectModel.ProgramPage.driver" is null
at pageObjectModel.ProgramPage.clickProgram(ProgramPage.java:164)
at stepDefinition.ProgramSteps.admin_is_on_program_details_form1(ProgramSteps.java:191)
at ✽.Admin is on Program details form(file:///C:/Users/banda/git/Team12_SeleniumHackathon/Team_12_LMS_Oct_2024/./src/test/resources/Features/03Program.feature:129)
]]>
    </failure>
  </testcase> <!-- runScenario -->
  <testcase classname="io.cucumber.testng.AbstractTestNGCucumberTests" name="runScenario" time="1.335">
    <failure type="java.lang.NullPointerException" message="Cannot invoke &amp;quot;org.openqa.selenium.WebDriver.manage()&amp;quot; because &amp;quot;pageObjectModel.ProgramPage.driver&amp;quot; is null">
      <![CDATA[java.lang.NullPointerException: Cannot invoke "org.openqa.selenium.WebDriver.manage()" because "pageObjectModel.ProgramPage.driver" is null
at pageObjectModel.ProgramPage.clickProgram(ProgramPage.java:164)
at stepDefinition.ProgramSteps.admin_is_on_program_details_form1(ProgramSteps.java:191)
at ✽.Admin is on Program details form(file:///C:/Users/banda/git/Team12_SeleniumHackathon/Team_12_LMS_Oct_2024/./src/test/resources/Features/03Program.feature:134)
]]>
    </failure>
  </testcase> <!-- runScenario -->
  <testcase classname="io.cucumber.testng.AbstractTestNGCucumberTests" name="runScenario" time="1.464">
    <failure type="java.lang.NullPointerException" message="Cannot invoke &amp;quot;org.openqa.selenium.WebDriver.manage()&amp;quot; because &amp;quot;pageObjectModel.ProgramPage.driver&amp;quot; is null">
      <![CDATA[java.lang.NullPointerException: Cannot invoke "org.openqa.selenium.WebDriver.manage()" because "pageObjectModel.ProgramPage.driver" is null
at pageObjectModel.ProgramPage.clickProgram(ProgramPage.java:164)
at stepDefinition.ProgramSteps.admin_is_on_program_details_form1(ProgramSteps.java:191)
at ✽.Admin is on Program details form(file:///C:/Users/banda/git/Team12_SeleniumHackathon/Team_12_LMS_Oct_2024/./src/test/resources/Features/03Program.feature:141)
]]>
    </failure>
  </testcase> <!-- runScenario -->
  <testcase classname="io.cucumber.testng.AbstractTestNGCucumberTests" name="runScenario" time="1.307">
    <failure type="java.lang.NullPointerException" message="Cannot invoke &amp;quot;org.openqa.selenium.WebDriver.manage()&amp;quot; because &amp;quot;pageObjectModel.ProgramPage.driver&amp;quot; is null">
      <![CDATA[java.lang.NullPointerException: Cannot invoke "org.openqa.selenium.WebDriver.manage()" because "pageObjectModel.ProgramPage.driver" is null
at pageObjectModel.ProgramPage.clickProgram(ProgramPage.java:164)
at stepDefinition.ProgramSteps.admin_is_on_program_module(ProgramSteps.java:160)
at ✽.Admin is on Program module(file:///C:/Users/banda/git/Team12_SeleniumHackathon/Team_12_LMS_Oct_2024/./src/test/resources/Features/03Program.feature:148)
]]>
    </failure>
  </testcase> <!-- runScenario -->
  <testcase classname="io.cucumber.testng.AbstractTestNGCucumberTests" name="runScenario" time="1.329">
    <failure type="java.lang.NullPointerException" message="Cannot invoke &amp;quot;org.openqa.selenium.WebDriver.manage()&amp;quot; because &amp;quot;pageObjectModel.ProgramPage.driver&amp;quot; is null">
      <![CDATA[java.lang.NullPointerException: Cannot invoke "org.openqa.selenium.WebDriver.manage()" because "pageObjectModel.ProgramPage.driver" is null
at pageObjectModel.ProgramPage.clickProgram(ProgramPage.java:164)
at stepDefinition.ProgramSteps.admin_is_on_program_details_form1(ProgramSteps.java:191)
at ✽.Admin is on Program details form(file:///C:/Users/banda/git/Team12_SeleniumHackathon/Team_12_LMS_Oct_2024/./src/test/resources/Features/03Program.feature:153)
]]>
    </failure>
  </testcase> <!-- runScenario -->
  <testcase classname="io.cucumber.testng.AbstractTestNGCucumberTests" name="runScenario" time="1.322">
    <failure type="java.lang.NullPointerException" message="Cannot invoke &amp;quot;org.openqa.selenium.WebDriver.manage()&amp;quot; because &amp;quot;pageObjectModel.ProgramPage.driver&amp;quot; is null">
      <![CDATA[java.lang.NullPointerException: Cannot invoke "org.openqa.selenium.WebDriver.manage()" because "pageObjectModel.ProgramPage.driver" is null
at pageObjectModel.ProgramPage.clickProgram(ProgramPage.java:164)
at stepDefinition.ProgramSteps.admin_is_on_program_module(ProgramSteps.java:160)
at ✽.Admin is on Program module(file:///C:/Users/banda/git/Team12_SeleniumHackathon/Team_12_LMS_Oct_2024/./src/test/resources/Features/03Program.feature:160)
]]>
    </failure>
  </testcase> <!-- runScenario -->
  <testcase classname="io.cucumber.testng.AbstractTestNGCucumberTests" name="runScenario" time="1.322">
    <failure type="java.lang.NullPointerException" message="Cannot invoke &amp;quot;org.openqa.selenium.WebDriver.manage()&amp;quot; because &amp;quot;pageObjectModel.ProgramPage.driver&amp;quot; is null">
      <![CDATA[java.lang.NullPointerException: Cannot invoke "org.openqa.selenium.WebDriver.manage()" because "pageObjectModel.ProgramPage.driver" is null
at pageObjectModel.ProgramPage.clickProgram(ProgramPage.java:164)
at stepDefinition.ProgramSteps.admin_is_on_program_module(ProgramSteps.java:160)
at ✽.Admin is on Program module(file:///C:/Users/banda/git/Team12_SeleniumHackathon/Team_12_LMS_Oct_2024/./src/test/resources/Features/03Program.feature:165)
]]>
    </failure>
  </testcase> <!-- runScenario -->
  <testcase classname="io.cucumber.testng.AbstractTestNGCucumberTests" name="runScenario" time="1.412">
    <failure type="java.lang.NullPointerException" message="Cannot invoke &amp;quot;org.openqa.selenium.WebDriver.manage()&amp;quot; because &amp;quot;pageObjectModel.ProgramPage.driver&amp;quot; is null">
      <![CDATA[java.lang.NullPointerException: Cannot invoke "org.openqa.selenium.WebDriver.manage()" because "pageObjectModel.ProgramPage.driver" is null
at pageObjectModel.ProgramPage.clickProgram(ProgramPage.java:164)
at stepDefinition.ProgramSteps.admin_is_on_program_module(ProgramSteps.java:160)
at ✽.Admin is on Program module(file:///C:/Users/banda/git/Team12_SeleniumHackathon/Team_12_LMS_Oct_2024/./src/test/resources/Features/03Program.feature:206)
]]>
    </failure>
  </testcase> <!-- runScenario -->
  <testcase classname="io.cucumber.testng.AbstractTestNGCucumberTests" name="runScenario" time="1.381">
    <failure type="java.lang.NullPointerException" message="Cannot invoke &amp;quot;org.openqa.selenium.WebDriver.manage()&amp;quot; because &amp;quot;pageObjectModel.ProgramPage.driver&amp;quot; is null">
      <![CDATA[java.lang.NullPointerException: Cannot invoke "org.openqa.selenium.WebDriver.manage()" because "pageObjectModel.ProgramPage.driver" is null
at pageObjectModel.ProgramPage.clickProgram(ProgramPage.java:164)
at stepDefinition.ProgramSteps.admin_is_on_confirm_deletion_form(ProgramSteps.java:393)
at ✽.Admin is on Confirm deletion form(file:///C:/Users/banda/git/Team12_SeleniumHackathon/Team_12_LMS_Oct_2024/./src/test/resources/Features/03Program.feature:211)
]]>
    </failure>
  </testcase> <!-- runScenario -->
  <testcase classname="io.cucumber.testng.AbstractTestNGCucumberTests" name="runScenario" time="1.58">
    <failure type="java.lang.NullPointerException" message="Cannot invoke &amp;quot;org.openqa.selenium.WebDriver.manage()&amp;quot; because &amp;quot;pageObjectModel.ProgramPage.driver&amp;quot; is null">
      <![CDATA[java.lang.NullPointerException: Cannot invoke "org.openqa.selenium.WebDriver.manage()" because "pageObjectModel.ProgramPage.driver" is null
at pageObjectModel.ProgramPage.clickProgram(ProgramPage.java:164)
at stepDefinition.ProgramSteps.admin_is_on_program_confirm_deletion_page_after_selecting_a_program_to_delete1(ProgramSteps.java:429)
at ✽.Admin is on Program Confirm Deletion Page after selecting a program to deleteSM(file:///C:/Users/banda/git/Team12_SeleniumHackathon/Team_12_LMS_Oct_2024/./src/test/resources/Features/03Program.feature:221)
]]>
    </failure>
  </testcase> <!-- runScenario -->
  <testcase classname="io.cucumber.testng.AbstractTestNGCucumberTests" name="runScenario" time="0.073">
    <failure type="java.lang.NullPointerException" message="Cannot invoke &amp;quot;org.openqa.selenium.WebDriver.switchTo()&amp;quot; because &amp;quot;pageObjectModel.ProgramPage.driver&amp;quot; is null">
      <![CDATA[java.lang.NullPointerException: Cannot invoke "org.openqa.selenium.WebDriver.switchTo()" because "pageObjectModel.ProgramPage.driver" is null
at pageObjectModel.ProgramPage.conformbox(ProgramPage.java:505)
at stepDefinition.ProgramSteps.admin_is_on_program_confirm_deletion_page_after_selecting_a_program_to_delete(ProgramSteps.java:602)
at ✽.Admin is on Program Confirm Deletion Page after selecting a program to delete(file:///C:/Users/banda/git/Team12_SeleniumHackathon/Team_12_LMS_Oct_2024/./src/test/resources/Features/03Program.feature:226)
]]>
    </failure>
  </testcase> <!-- runScenario -->
  <testcase classname="io.cucumber.testng.AbstractTestNGCucumberTests" name="runScenario" time="0.064">
    <failure type="java.lang.NullPointerException" message="Cannot invoke &amp;quot;org.openqa.selenium.WebDriver.findElements(org.openqa.selenium.By)&amp;quot; because &amp;quot;pageObjectModel.ProgramPage.driver&amp;quot; is null">
      <![CDATA[java.lang.NullPointerException: Cannot invoke "org.openqa.selenium.WebDriver.findElements(org.openqa.selenium.By)" because "pageObjectModel.ProgramPage.driver" is null
at pageObjectModel.ProgramPage.Checkbox(ProgramPage.java:483)
at stepDefinition.ProgramSteps.admin_selects_more_than_one_program_by_clicking_on_the_checkbox(ProgramSteps.java:492)
at ✽.Admin selects more than one program by clicking on the checkbox(file:///C:/Users/banda/git/Team12_SeleniumHackathon/Team_12_LMS_Oct_2024/./src/test/resources/Features/03Program.feature:238)
]]>
    </failure>
  </testcase> <!-- runScenario -->
  <testcase classname="io.cucumber.testng.AbstractTestNGCucumberTests" name="runScenario" time="1.694">
    <failure type="org.openqa.selenium.ElementClickInterceptedException" message="element click intercepted: Element &amp;lt;span class=&amp;quot;p-button-icon pi pi-trash&amp;quot; aria-hidden=&amp;quot;true&amp;quot;&amp;gt;&amp;lt;/span&amp;gt; is not clickable at point (260, 166). Other element would receive the click: &amp;lt;div class=&amp;quot;cdk-overlay-backdrop cdk-overlay-transparent-backdrop cdk-overlay-backdrop-showing&amp;quot;&amp;gt;&amp;lt;/div&amp;gt;
  (Session info: chrome=130.0.6723.70)
Build info: version: &amp;apos;4.11.0&amp;apos;, revision: &amp;apos;040bc5406b&amp;apos;
System info: os.name: &amp;apos;Windows 11&amp;apos;, os.arch: &amp;apos;amd64&amp;apos;, os.version: &amp;apos;10.0&amp;apos;, java.version: &amp;apos;17.0.7&amp;apos;
Driver info: org.openqa.selenium.chrome.ChromeDriver
Command: [73ff715d4e9facfef584313e7cf941b6, clickElement {id=f.E574B401B2B9A599809FF0349E503009.d.DFCB77AF637203176CA20288FB03F304.e.383}]
Capabilities {acceptInsecureCerts: false, browserName: chrome, browserVersion: 130.0.6723.70, chrome: {chromedriverVersion: 130.0.6723.69 (3ec172b971b9..., userDataDir: C:\Users\banda\AppData\Loca...}, fedcm:accounts: true, goog:chromeOptions: {debuggerAddress: localhost:57362}, networkConnectionEnabled: false, pageLoadStrategy: normal, platformName: windows, proxy: Proxy(), se:cdp: ws://localhost:57362/devtoo..., se:cdpVersion: 130.0.6723.70, setWindowRect: true, strictFileInteractability: false, timeouts: {implicit: 0, pageLoad: 300000, script: 30000}, unhandledPromptBehavior: dismiss and notify, webauthn:extension:credBlob: true, webauthn:extension:largeBlob: true, webauthn:extension:minPinLength: true, webauthn:extension:prf: true, webauthn:virtualAuthenticators: true}
Element: [[ChromeDriver: chrome on windows (73ff715d4e9facfef584313e7cf941b6)] -&amp;gt; xpath: (//span[@class=&amp;apos;p-button-icon pi pi-trash&amp;apos;])[1]]
Session ID: 73ff715d4e9facfef584313e7cf941b6">
      <![CDATA[org.openqa.selenium.ElementClickInterceptedException: element click intercepted: Element <span class="p-button-icon pi pi-trash" aria-hidden="true"></span> is not clickable at point (260, 166). Other element would receive the click: <div class="cdk-overlay-backdrop cdk-overlay-transparent-backdrop cdk-overlay-backdrop-showing"></div>
  (Session info: chrome=130.0.6723.70)
Build info: version: '4.11.0', revision: '040bc5406b'
System info: os.name: 'Windows 11', os.arch: 'amd64', os.version: '10.0', java.version: '17.0.7'
Driver info: org.openqa.selenium.chrome.ChromeDriver
Command: [73ff715d4e9facfef584313e7cf941b6, clickElement {id=f.E574B401B2B9A599809FF0349E503009.d.DFCB77AF637203176CA20288FB03F304.e.383}]
Capabilities {acceptInsecureCerts: false, browserName: chrome, browserVersion: 130.0.6723.70, chrome: {chromedriverVersion: 130.0.6723.69 (3ec172b971b9..., userDataDir: C:\Users\banda\AppData\Loca...}, fedcm:accounts: true, goog:chromeOptions: {debuggerAddress: localhost:57362}, networkConnectionEnabled: false, pageLoadStrategy: normal, platformName: windows, proxy: Proxy(), se:cdp: ws://localhost:57362/devtoo..., se:cdpVersion: 130.0.6723.70, setWindowRect: true, strictFileInteractability: false, timeouts: {implicit: 0, pageLoad: 300000, script: 30000}, unhandledPromptBehavior: dismiss and notify, webauthn:extension:credBlob: true, webauthn:extension:largeBlob: true, webauthn:extension:minPinLength: true, webauthn:extension:prf: true, webauthn:virtualAuthenticators: true}
Element: [[ChromeDriver: chrome on windows (73ff715d4e9facfef584313e7cf941b6)] -> xpath: (//span[@class='p-button-icon pi pi-trash'])[1]]
Session ID: 73ff715d4e9facfef584313e7cf941b6
at java.base/jdk.internal.reflect.NativeConstructorAccessorImpl.newInstance0(Native Method)
at java.base/jdk.internal.reflect.NativeConstructorAccessorImpl.newInstance(NativeConstructorAccessorImpl.java:77)
at java.base/jdk.internal.reflect.DelegatingConstructorAccessorImpl.newInstance(DelegatingConstructorAccessorImpl.java:45)
at java.base/java.lang.reflect.Constructor.newInstanceWithCaller(Constructor.java:499)
at java.base/java.lang.reflect.Constructor.newInstance(Constructor.java:480)
at org.openqa.selenium.remote.codec.w3c.W3CHttpResponseCodec.createException(W3CHttpResponseCodec.java:200)
at org.openqa.selenium.remote.codec.w3c.W3CHttpResponseCodec.decode(W3CHttpResponseCodec.java:133)
at org.openqa.selenium.remote.codec.w3c.W3CHttpResponseCodec.decode(W3CHttpResponseCodec.java:52)
at org.openqa.selenium.remote.HttpCommandExecutor.execute(HttpCommandExecutor.java:191)
at org.openqa.selenium.remote.service.DriverCommandExecutor.invokeExecute(DriverCommandExecutor.java:196)
at org.openqa.selenium.remote.service.DriverCommandExecutor.execute(DriverCommandExecutor.java:171)
at org.openqa.selenium.remote.RemoteWebDriver.execute(RemoteWebDriver.java:518)
at org.openqa.selenium.remote.RemoteWebElement.execute(RemoteWebElement.java:224)
at org.openqa.selenium.remote.RemoteWebElement.click(RemoteWebElement.java:77)
at jdk.internal.reflect.GeneratedMethodAccessor159.invoke(Unknown Source)
at java.base/jdk.internal.reflect.DelegatingMethodAccessorImpl.invoke(DelegatingMethodAccessorImpl.java:43)
at java.base/java.lang.reflect.Method.invoke(Method.java:568)
at org.openqa.selenium.support.pagefactory.internal.LocatingElementHandler.invoke(LocatingElementHandler.java:51)
at jdk.proxy2/jdk.proxy2.$Proxy40.click(Unknown Source)
at pageObjectModel.ProgramPage.deletebutton(ProgramPage.java:499)
at stepDefinition.ProgramSteps.admin_clicks_on_the_delete_button_on_the_left_top_of_the_program_page(ProgramSteps.java:518)
at ✽.Admin clicks on the delete button on the left top of the program page(file:///C:/Users/banda/git/Team12_SeleniumHackathon/Team_12_LMS_Oct_2024/./src/test/resources/Features/03Program.feature:243)
]]>
    </failure>
  </testcase> <!-- runScenario -->
  <testcase classname="io.cucumber.testng.AbstractTestNGCucumberTests" name="runScenario" time="0.029">
    <failure type="java.lang.NullPointerException" message="Cannot invoke &amp;quot;org.openqa.selenium.WebDriver.switchTo()&amp;quot; because &amp;quot;pageObjectModel.ProgramPage.driver&amp;quot; is null">
      <![CDATA[java.lang.NullPointerException: Cannot invoke "org.openqa.selenium.WebDriver.switchTo()" because "pageObjectModel.ProgramPage.driver" is null
at pageObjectModel.ProgramPage.conformbox(ProgramPage.java:505)
at stepDefinition.ProgramSteps.admin_is_on_confirmation_form(ProgramSteps.java:532)
at ✽.Admin is on Confirmation form(file:///C:/Users/banda/git/Team12_SeleniumHackathon/Team_12_LMS_Oct_2024/./src/test/resources/Features/03Program.feature:247)
]]>
    </failure>
  </testcase> <!-- runScenario -->
  <testcase classname="io.cucumber.testng.AbstractTestNGCucumberTests" name="runScenario" time="1.194">
    <failure type="org.openqa.selenium.ElementClickInterceptedException" message="element click intercepted: Element &amp;lt;button _ngcontent-sdw-c227=&amp;quot;&amp;quot; aria-haspopup=&amp;quot;true&amp;quot; id=&amp;quot;program&amp;quot; mat-button=&amp;quot;&amp;quot; a=&amp;quot;&amp;quot; routerlink=&amp;quot;/program&amp;quot; class=&amp;quot;mat-focus-indicator mat-menu-trigger mat-button mat-button-base&amp;quot; tabindex=&amp;quot;0&amp;quot; ng-reflect-router-link=&amp;quot;/program&amp;quot; ng-reflect-menu=&amp;quot;[object Object]&amp;quot; aria-expanded=&amp;quot;true&amp;quot; aria-controls=&amp;quot;mat-menu-panel-0&amp;quot;&amp;gt;...&amp;lt;/button&amp;gt; is not clickable at point (1235, 32). Other element would receive the click: &amp;lt;div class=&amp;quot;cdk-overlay-backdrop cdk-overlay-transparent-backdrop cdk-overlay-backdrop-showing&amp;quot;&amp;gt;&amp;lt;/div&amp;gt;
  (Session info: chrome=130.0.6723.70)
Build info: version: &amp;apos;4.11.0&amp;apos;, revision: &amp;apos;040bc5406b&amp;apos;
System info: os.name: &amp;apos;Windows 11&amp;apos;, os.arch: &amp;apos;amd64&amp;apos;, os.version: &amp;apos;10.0&amp;apos;, java.version: &amp;apos;17.0.7&amp;apos;
Driver info: org.openqa.selenium.chrome.ChromeDriver
Command: [73ff715d4e9facfef584313e7cf941b6, clickElement {id=f.E574B401B2B9A599809FF0349E503009.d.DFCB77AF637203176CA20288FB03F304.e.358}]
Capabilities {acceptInsecureCerts: false, browserName: chrome, browserVersion: 130.0.6723.70, chrome: {chromedriverVersion: 130.0.6723.69 (3ec172b971b9..., userDataDir: C:\Users\banda\AppData\Loca...}, fedcm:accounts: true, goog:chromeOptions: {debuggerAddress: localhost:57362}, networkConnectionEnabled: false, pageLoadStrategy: normal, platformName: windows, proxy: Proxy(), se:cdp: ws://localhost:57362/devtoo..., se:cdpVersion: 130.0.6723.70, setWindowRect: true, strictFileInteractability: false, timeouts: {implicit: 0, pageLoad: 300000, script: 30000}, unhandledPromptBehavior: dismiss and notify, webauthn:extension:credBlob: true, webauthn:extension:largeBlob: true, webauthn:extension:minPinLength: true, webauthn:extension:prf: true, webauthn:virtualAuthenticators: true}
Element: [[ChromeDriver: chrome on windows (73ff715d4e9facfef584313e7cf941b6)] -&amp;gt; xpath: //button[@id=&amp;apos;program&amp;apos;]]
Session ID: 73ff715d4e9facfef584313e7cf941b6">
      <![CDATA[org.openqa.selenium.ElementClickInterceptedException: element click intercepted: Element <button _ngcontent-sdw-c227="" aria-haspopup="true" id="program" mat-button="" a="" routerlink="/program" class="mat-focus-indicator mat-menu-trigger mat-button mat-button-base" tabindex="0" ng-reflect-router-link="/program" ng-reflect-menu="[object Object]" aria-expanded="true" aria-controls="mat-menu-panel-0">...</button> is not clickable at point (1235, 32). Other element would receive the click: <div class="cdk-overlay-backdrop cdk-overlay-transparent-backdrop cdk-overlay-backdrop-showing"></div>
  (Session info: chrome=130.0.6723.70)
Build info: version: '4.11.0', revision: '040bc5406b'
System info: os.name: 'Windows 11', os.arch: 'amd64', os.version: '10.0', java.version: '17.0.7'
Driver info: org.openqa.selenium.chrome.ChromeDriver
Command: [73ff715d4e9facfef584313e7cf941b6, clickElement {id=f.E574B401B2B9A599809FF0349E503009.d.DFCB77AF637203176CA20288FB03F304.e.358}]
Capabilities {acceptInsecureCerts: false, browserName: chrome, browserVersion: 130.0.6723.70, chrome: {chromedriverVersion: 130.0.6723.69 (3ec172b971b9..., userDataDir: C:\Users\banda\AppData\Loca...}, fedcm:accounts: true, goog:chromeOptions: {debuggerAddress: localhost:57362}, networkConnectionEnabled: false, pageLoadStrategy: normal, platformName: windows, proxy: Proxy(), se:cdp: ws://localhost:57362/devtoo..., se:cdpVersion: 130.0.6723.70, setWindowRect: true, strictFileInteractability: false, timeouts: {implicit: 0, pageLoad: 300000, script: 30000}, unhandledPromptBehavior: dismiss and notify, webauthn:extension:credBlob: true, webauthn:extension:largeBlob: true, webauthn:extension:minPinLength: true, webauthn:extension:prf: true, webauthn:virtualAuthenticators: true}
Element: [[ChromeDriver: chrome on windows (73ff715d4e9facfef584313e7cf941b6)] -> xpath: //button[@id='program']]
Session ID: 73ff715d4e9facfef584313e7cf941b6
at java.base/jdk.internal.reflect.NativeConstructorAccessorImpl.newInstance0(Native Method)
at java.base/jdk.internal.reflect.NativeConstructorAccessorImpl.newInstance(NativeConstructorAccessorImpl.java:77)
at java.base/jdk.internal.reflect.DelegatingConstructorAccessorImpl.newInstance(DelegatingConstructorAccessorImpl.java:45)
at java.base/java.lang.reflect.Constructor.newInstanceWithCaller(Constructor.java:499)
at java.base/java.lang.reflect.Constructor.newInstance(Constructor.java:480)
at org.openqa.selenium.remote.codec.w3c.W3CHttpResponseCodec.createException(W3CHttpResponseCodec.java:200)
at org.openqa.selenium.remote.codec.w3c.W3CHttpResponseCodec.decode(W3CHttpResponseCodec.java:133)
at org.openqa.selenium.remote.codec.w3c.W3CHttpResponseCodec.decode(W3CHttpResponseCodec.java:52)
at org.openqa.selenium.remote.HttpCommandExecutor.execute(HttpCommandExecutor.java:191)
at org.openqa.selenium.remote.service.DriverCommandExecutor.invokeExecute(DriverCommandExecutor.java:196)
at org.openqa.selenium.remote.service.DriverCommandExecutor.execute(DriverCommandExecutor.java:171)
at org.openqa.selenium.remote.RemoteWebDriver.execute(RemoteWebDriver.java:518)
at org.openqa.selenium.remote.RemoteWebElement.execute(RemoteWebElement.java:224)
at org.openqa.selenium.remote.RemoteWebElement.click(RemoteWebElement.java:77)
at jdk.internal.reflect.GeneratedMethodAccessor159.invoke(Unknown Source)
at java.base/jdk.internal.reflect.DelegatingMethodAccessorImpl.invoke(DelegatingMethodAccessorImpl.java:43)
at java.base/java.lang.reflect.Method.invoke(Method.java:568)
at org.openqa.selenium.support.pagefactory.internal.LocatingElementHandler.invoke(LocatingElementHandler.java:51)
at jdk.proxy2/jdk.proxy2.$Proxy40.click(Unknown Source)
at pageObjectModel.ProgramPage.Programmodule(ProgramPage.java:469)
at stepDefinition.ProgramSteps.admin_is_on_program_module_kp3(ProgramSteps.java:559)
at ✽.Admin is on Program moduleKP3(file:///C:/Users/banda/git/Team12_SeleniumHackathon/Team_12_LMS_Oct_2024/./src/test/resources/Features/03Program.feature:252)
]]>
    </failure>
  </testcase> <!-- runScenario -->
  <testcase classname="io.cucumber.testng.AbstractTestNGCucumberTests" name="runScenario" time="0.032">
    <failure type="java.lang.NullPointerException" message="Cannot invoke &amp;quot;org.openqa.selenium.WebDriver.switchTo()&amp;quot; because &amp;quot;pageObjectModel.ProgramPage.driver&amp;quot; is null">
      <![CDATA[java.lang.NullPointerException: Cannot invoke "org.openqa.selenium.WebDriver.switchTo()" because "pageObjectModel.ProgramPage.driver" is null
at pageObjectModel.ProgramPage.conformbox(ProgramPage.java:505)
at stepDefinition.ProgramSteps.admin_is_on_confirmation_form(ProgramSteps.java:532)
at ✽.Admin is on Confirmation form(file:///C:/Users/banda/git/Team12_SeleniumHackathon/Team_12_LMS_Oct_2024/./src/test/resources/Features/03Program.feature:262)
]]>
    </failure>
  </testcase> <!-- runScenario -->
  <testcase classname="io.cucumber.testng.AbstractTestNGCucumberTests" name="runScenario" time="0.021">
    <failure type="java.lang.NullPointerException" message="Cannot invoke &amp;quot;org.openqa.selenium.WebDriver.switchTo()&amp;quot; because &amp;quot;pageObjectModel.ProgramPage.driver&amp;quot; is null">
      <![CDATA[java.lang.NullPointerException: Cannot invoke "org.openqa.selenium.WebDriver.switchTo()" because "pageObjectModel.ProgramPage.driver" is null
at pageObjectModel.ProgramPage.conformbox(ProgramPage.java:505)
at stepDefinition.ProgramSteps.admin_is_on_program_confirm_deletion_page_after_selecting_a_program_to_delete(ProgramSteps.java:602)
at ✽.Admin is on Program Confirm Deletion Page after selecting a program to delete(file:///C:/Users/banda/git/Team12_SeleniumHackathon/Team_12_LMS_Oct_2024/./src/test/resources/Features/03Program.feature:267)
]]>
    </failure>
  </testcase> <!-- runScenario -->
  <testcase classname="io.cucumber.testng.AbstractTestNGCucumberTests" name="runScenario" time="1.22">
    <failure type="org.openqa.selenium.ElementClickInterceptedException" message="element click intercepted: Element &amp;lt;input _ngcontent-sdw-c218=&amp;quot;&amp;quot; pinputtext=&amp;quot;&amp;quot; type=&amp;quot;text&amp;quot; id=&amp;quot;filterGlobal&amp;quot; placeholder=&amp;quot;Search...&amp;quot; class=&amp;quot;p-inputtext p-component&amp;quot;&amp;gt; is not clickable at point (719, 165). Other element would receive the click: &amp;lt;div class=&amp;quot;cdk-overlay-backdrop cdk-overlay-transparent-backdrop cdk-overlay-backdrop-showing&amp;quot;&amp;gt;&amp;lt;/div&amp;gt;
  (Session info: chrome=130.0.6723.70)
Build info: version: &amp;apos;4.11.0&amp;apos;, revision: &amp;apos;040bc5406b&amp;apos;
System info: os.name: &amp;apos;Windows 11&amp;apos;, os.arch: &amp;apos;amd64&amp;apos;, os.version: &amp;apos;10.0&amp;apos;, java.version: &amp;apos;17.0.7&amp;apos;
Driver info: org.openqa.selenium.chrome.ChromeDriver
Command: [73ff715d4e9facfef584313e7cf941b6, clickElement {id=f.E574B401B2B9A599809FF0349E503009.d.DFCB77AF637203176CA20288FB03F304.e.361}]
Capabilities {acceptInsecureCerts: false, browserName: chrome, browserVersion: 130.0.6723.70, chrome: {chromedriverVersion: 130.0.6723.69 (3ec172b971b9..., userDataDir: C:\Users\banda\AppData\Loca...}, fedcm:accounts: true, goog:chromeOptions: {debuggerAddress: localhost:57362}, networkConnectionEnabled: false, pageLoadStrategy: normal, platformName: windows, proxy: Proxy(), se:cdp: ws://localhost:57362/devtoo..., se:cdpVersion: 130.0.6723.70, setWindowRect: true, strictFileInteractability: false, timeouts: {implicit: 0, pageLoad: 300000, script: 30000}, unhandledPromptBehavior: dismiss and notify, webauthn:extension:credBlob: true, webauthn:extension:largeBlob: true, webauthn:extension:minPinLength: true, webauthn:extension:prf: true, webauthn:virtualAuthenticators: true}
Element: [[ChromeDriver: chrome on windows (73ff715d4e9facfef584313e7cf941b6)] -&amp;gt; xpath: //*[@id=&amp;quot;filterGlobal&amp;quot;]]
Session ID: 73ff715d4e9facfef584313e7cf941b6">
      <![CDATA[org.openqa.selenium.ElementClickInterceptedException: element click intercepted: Element <input _ngcontent-sdw-c218="" pinputtext="" type="text" id="filterGlobal" placeholder="Search..." class="p-inputtext p-component"> is not clickable at point (719, 165). Other element would receive the click: <div class="cdk-overlay-backdrop cdk-overlay-transparent-backdrop cdk-overlay-backdrop-showing"></div>
  (Session info: chrome=130.0.6723.70)
Build info: version: '4.11.0', revision: '040bc5406b'
System info: os.name: 'Windows 11', os.arch: 'amd64', os.version: '10.0', java.version: '17.0.7'
Driver info: org.openqa.selenium.chrome.ChromeDriver
Command: [73ff715d4e9facfef584313e7cf941b6, clickElement {id=f.E574B401B2B9A599809FF0349E503009.d.DFCB77AF637203176CA20288FB03F304.e.361}]
Capabilities {acceptInsecureCerts: false, browserName: chrome, browserVersion: 130.0.6723.70, chrome: {chromedriverVersion: 130.0.6723.69 (3ec172b971b9..., userDataDir: C:\Users\banda\AppData\Loca...}, fedcm:accounts: true, goog:chromeOptions: {debuggerAddress: localhost:57362}, networkConnectionEnabled: false, pageLoadStrategy: normal, platformName: windows, proxy: Proxy(), se:cdp: ws://localhost:57362/devtoo..., se:cdpVersion: 130.0.6723.70, setWindowRect: true, strictFileInteractability: false, timeouts: {implicit: 0, pageLoad: 300000, script: 30000}, unhandledPromptBehavior: dismiss and notify, webauthn:extension:credBlob: true, webauthn:extension:largeBlob: true, webauthn:extension:minPinLength: true, webauthn:extension:prf: true, webauthn:virtualAuthenticators: true}
Element: [[ChromeDriver: chrome on windows (73ff715d4e9facfef584313e7cf941b6)] -> xpath: //*[@id="filterGlobal"]]
Session ID: 73ff715d4e9facfef584313e7cf941b6
at java.base/jdk.internal.reflect.NativeConstructorAccessorImpl.newInstance0(Native Method)
at java.base/jdk.internal.reflect.NativeConstructorAccessorImpl.newInstance(NativeConstructorAccessorImpl.java:77)
at java.base/jdk.internal.reflect.DelegatingConstructorAccessorImpl.newInstance(DelegatingConstructorAccessorImpl.java:45)
at java.base/java.lang.reflect.Constructor.newInstanceWithCaller(Constructor.java:499)
at java.base/java.lang.reflect.Constructor.newInstance(Constructor.java:480)
at org.openqa.selenium.remote.codec.w3c.W3CHttpResponseCodec.createException(W3CHttpResponseCodec.java:200)
at org.openqa.selenium.remote.codec.w3c.W3CHttpResponseCodec.decode(W3CHttpResponseCodec.java:133)
at org.openqa.selenium.remote.codec.w3c.W3CHttpResponseCodec.decode(W3CHttpResponseCodec.java:52)
at org.openqa.selenium.remote.HttpCommandExecutor.execute(HttpCommandExecutor.java:191)
at org.openqa.selenium.remote.service.DriverCommandExecutor.invokeExecute(DriverCommandExecutor.java:196)
at org.openqa.selenium.remote.service.DriverCommandExecutor.execute(DriverCommandExecutor.java:171)
at org.openqa.selenium.remote.RemoteWebDriver.execute(RemoteWebDriver.java:518)
at org.openqa.selenium.remote.RemoteWebElement.execute(RemoteWebElement.java:224)
at org.openqa.selenium.remote.RemoteWebElement.click(RemoteWebElement.java:77)
at jdk.internal.reflect.GeneratedMethodAccessor159.invoke(Unknown Source)
at java.base/jdk.internal.reflect.DelegatingMethodAccessorImpl.invoke(DelegatingMethodAccessorImpl.java:43)
at java.base/java.lang.reflect.Method.invoke(Method.java:568)
at org.openqa.selenium.support.pagefactory.internal.LocatingElementHandler.invoke(LocatingElementHandler.java:51)
at jdk.proxy2/jdk.proxy2.$Proxy40.click(Unknown Source)
at pageObjectModel.ProgramPage.click(ProgramPage.java:557)
at stepDefinition.ProgramSteps.admin_is_on_program_module_kpsb(ProgramSteps.java:626)
at ✽.Admin is on Program moduleKPSB(file:///C:/Users/banda/git/Team12_SeleniumHackathon/Team_12_LMS_Oct_2024/./src/test/resources/Features/03Program.feature:275)
]]>
    </failure>
  </testcase> <!-- runScenario -->
  <testcase classname="io.cucumber.testng.AbstractTestNGCucumberTests" name="runScenario" time="1.231">
    <failure type="org.openqa.selenium.ElementClickInterceptedException" message="element click intercepted: Element &amp;lt;button _ngcontent-sdw-c227=&amp;quot;&amp;quot; aria-haspopup=&amp;quot;true&amp;quot; id=&amp;quot;program&amp;quot; mat-button=&amp;quot;&amp;quot; a=&amp;quot;&amp;quot; routerlink=&amp;quot;/program&amp;quot; class=&amp;quot;mat-focus-indicator mat-menu-trigger mat-button mat-button-base&amp;quot; tabindex=&amp;quot;0&amp;quot; ng-reflect-router-link=&amp;quot;/program&amp;quot; ng-reflect-menu=&amp;quot;[object Object]&amp;quot; aria-expanded=&amp;quot;true&amp;quot; aria-controls=&amp;quot;mat-menu-panel-0&amp;quot;&amp;gt;...&amp;lt;/button&amp;gt; is not clickable at point (1235, 32). Other element would receive the click: &amp;lt;div class=&amp;quot;cdk-overlay-backdrop cdk-overlay-transparent-backdrop cdk-overlay-backdrop-showing&amp;quot;&amp;gt;&amp;lt;/div&amp;gt;
  (Session info: chrome=130.0.6723.70)
Build info: version: &amp;apos;4.11.0&amp;apos;, revision: &amp;apos;040bc5406b&amp;apos;
System info: os.name: &amp;apos;Windows 11&amp;apos;, os.arch: &amp;apos;amd64&amp;apos;, os.version: &amp;apos;10.0&amp;apos;, java.version: &amp;apos;17.0.7&amp;apos;
Driver info: org.openqa.selenium.chrome.ChromeDriver
Command: [73ff715d4e9facfef584313e7cf941b6, clickElement {id=f.E574B401B2B9A599809FF0349E503009.d.DFCB77AF637203176CA20288FB03F304.e.358}]
Capabilities {acceptInsecureCerts: false, browserName: chrome, browserVersion: 130.0.6723.70, chrome: {chromedriverVersion: 130.0.6723.69 (3ec172b971b9..., userDataDir: C:\Users\banda\AppData\Loca...}, fedcm:accounts: true, goog:chromeOptions: {debuggerAddress: localhost:57362}, networkConnectionEnabled: false, pageLoadStrategy: normal, platformName: windows, proxy: Proxy(), se:cdp: ws://localhost:57362/devtoo..., se:cdpVersion: 130.0.6723.70, setWindowRect: true, strictFileInteractability: false, timeouts: {implicit: 0, pageLoad: 300000, script: 30000}, unhandledPromptBehavior: dismiss and notify, webauthn:extension:credBlob: true, webauthn:extension:largeBlob: true, webauthn:extension:minPinLength: true, webauthn:extension:prf: true, webauthn:virtualAuthenticators: true}
Element: [[ChromeDriver: chrome on windows (73ff715d4e9facfef584313e7cf941b6)] -&amp;gt; xpath: //button[@id=&amp;apos;program&amp;apos;]]
Session ID: 73ff715d4e9facfef584313e7cf941b6">
      <![CDATA[org.openqa.selenium.ElementClickInterceptedException: element click intercepted: Element <button _ngcontent-sdw-c227="" aria-haspopup="true" id="program" mat-button="" a="" routerlink="/program" class="mat-focus-indicator mat-menu-trigger mat-button mat-button-base" tabindex="0" ng-reflect-router-link="/program" ng-reflect-menu="[object Object]" aria-expanded="true" aria-controls="mat-menu-panel-0">...</button> is not clickable at point (1235, 32). Other element would receive the click: <div class="cdk-overlay-backdrop cdk-overlay-transparent-backdrop cdk-overlay-backdrop-showing"></div>
  (Session info: chrome=130.0.6723.70)
Build info: version: '4.11.0', revision: '040bc5406b'
System info: os.name: 'Windows 11', os.arch: 'amd64', os.version: '10.0', java.version: '17.0.7'
Driver info: org.openqa.selenium.chrome.ChromeDriver
Command: [73ff715d4e9facfef584313e7cf941b6, clickElement {id=f.E574B401B2B9A599809FF0349E503009.d.DFCB77AF637203176CA20288FB03F304.e.358}]
Capabilities {acceptInsecureCerts: false, browserName: chrome, browserVersion: 130.0.6723.70, chrome: {chromedriverVersion: 130.0.6723.69 (3ec172b971b9..., userDataDir: C:\Users\banda\AppData\Loca...}, fedcm:accounts: true, goog:chromeOptions: {debuggerAddress: localhost:57362}, networkConnectionEnabled: false, pageLoadStrategy: normal, platformName: windows, proxy: Proxy(), se:cdp: ws://localhost:57362/devtoo..., se:cdpVersion: 130.0.6723.70, setWindowRect: true, strictFileInteractability: false, timeouts: {implicit: 0, pageLoad: 300000, script: 30000}, unhandledPromptBehavior: dismiss and notify, webauthn:extension:credBlob: true, webauthn:extension:largeBlob: true, webauthn:extension:minPinLength: true, webauthn:extension:prf: true, webauthn:virtualAuthenticators: true}
Element: [[ChromeDriver: chrome on windows (73ff715d4e9facfef584313e7cf941b6)] -> xpath: //button[@id='program']]
Session ID: 73ff715d4e9facfef584313e7cf941b6
at java.base/jdk.internal.reflect.NativeConstructorAccessorImpl.newInstance0(Native Method)
at java.base/jdk.internal.reflect.NativeConstructorAccessorImpl.newInstance(NativeConstructorAccessorImpl.java:77)
at java.base/jdk.internal.reflect.DelegatingConstructorAccessorImpl.newInstance(DelegatingConstructorAccessorImpl.java:45)
at java.base/java.lang.reflect.Constructor.newInstanceWithCaller(Constructor.java:499)
at java.base/java.lang.reflect.Constructor.newInstance(Constructor.java:480)
at org.openqa.selenium.remote.codec.w3c.W3CHttpResponseCodec.createException(W3CHttpResponseCodec.java:200)
at org.openqa.selenium.remote.codec.w3c.W3CHttpResponseCodec.decode(W3CHttpResponseCodec.java:133)
at org.openqa.selenium.remote.codec.w3c.W3CHttpResponseCodec.decode(W3CHttpResponseCodec.java:52)
at org.openqa.selenium.remote.HttpCommandExecutor.execute(HttpCommandExecutor.java:191)
at org.openqa.selenium.remote.service.DriverCommandExecutor.invokeExecute(DriverCommandExecutor.java:196)
at org.openqa.selenium.remote.service.DriverCommandExecutor.execute(DriverCommandExecutor.java:171)
at org.openqa.selenium.remote.RemoteWebDriver.execute(RemoteWebDriver.java:518)
at org.openqa.selenium.remote.RemoteWebElement.execute(RemoteWebElement.java:224)
at org.openqa.selenium.remote.RemoteWebElement.click(RemoteWebElement.java:77)
at jdk.internal.reflect.GeneratedMethodAccessor159.invoke(Unknown Source)
at java.base/jdk.internal.reflect.DelegatingMethodAccessorImpl.invoke(DelegatingMethodAccessorImpl.java:43)
at java.base/java.lang.reflect.Method.invoke(Method.java:568)
at org.openqa.selenium.support.pagefactory.internal.LocatingElementHandler.invoke(LocatingElementHandler.java:51)
at jdk.proxy2/jdk.proxy2.$Proxy40.click(Unknown Source)
at pageObjectModel.ProgramPage.Programmodule(ProgramPage.java:469)
at stepDefinition.ProgramSteps.admin_is_on_program_module_kpsb2(ProgramSteps.java:664)
at ✽.Admin is on Program moduleKPSB2(file:///C:/Users/banda/git/Team12_SeleniumHackathon/Team_12_LMS_Oct_2024/./src/test/resources/Features/03Program.feature:284)
]]>
    </failure>
  </testcase> <!-- runScenario -->
  <testcase classname="io.cucumber.testng.AbstractTestNGCucumberTests" name="runScenario" time="1.149">
    <failure type="org.openqa.selenium.ElementClickInterceptedException" message="element click intercepted: Element &amp;lt;button _ngcontent-sdw-c227=&amp;quot;&amp;quot; aria-haspopup=&amp;quot;true&amp;quot; id=&amp;quot;program&amp;quot; mat-button=&amp;quot;&amp;quot; a=&amp;quot;&amp;quot; routerlink=&amp;quot;/program&amp;quot; class=&amp;quot;mat-focus-indicator mat-menu-trigger mat-button mat-button-base&amp;quot; tabindex=&amp;quot;0&amp;quot; ng-reflect-router-link=&amp;quot;/program&amp;quot; ng-reflect-menu=&amp;quot;[object Object]&amp;quot; aria-expanded=&amp;quot;true&amp;quot; aria-controls=&amp;quot;mat-menu-panel-0&amp;quot;&amp;gt;...&amp;lt;/button&amp;gt; is not clickable at point (1235, 32). Other element would receive the click: &amp;lt;div class=&amp;quot;cdk-overlay-backdrop cdk-overlay-transparent-backdrop cdk-overlay-backdrop-showing&amp;quot;&amp;gt;&amp;lt;/div&amp;gt;
  (Session info: chrome=130.0.6723.70)
Build info: version: &amp;apos;4.11.0&amp;apos;, revision: &amp;apos;040bc5406b&amp;apos;
System info: os.name: &amp;apos;Windows 11&amp;apos;, os.arch: &amp;apos;amd64&amp;apos;, os.version: &amp;apos;10.0&amp;apos;, java.version: &amp;apos;17.0.7&amp;apos;
Driver info: org.openqa.selenium.chrome.ChromeDriver
Command: [73ff715d4e9facfef584313e7cf941b6, clickElement {id=f.E574B401B2B9A599809FF0349E503009.d.DFCB77AF637203176CA20288FB03F304.e.358}]
Capabilities {acceptInsecureCerts: false, browserName: chrome, browserVersion: 130.0.6723.70, chrome: {chromedriverVersion: 130.0.6723.69 (3ec172b971b9..., userDataDir: C:\Users\banda\AppData\Loca...}, fedcm:accounts: true, goog:chromeOptions: {debuggerAddress: localhost:57362}, networkConnectionEnabled: false, pageLoadStrategy: normal, platformName: windows, proxy: Proxy(), se:cdp: ws://localhost:57362/devtoo..., se:cdpVersion: 130.0.6723.70, setWindowRect: true, strictFileInteractability: false, timeouts: {implicit: 0, pageLoad: 300000, script: 30000}, unhandledPromptBehavior: dismiss and notify, webauthn:extension:credBlob: true, webauthn:extension:largeBlob: true, webauthn:extension:minPinLength: true, webauthn:extension:prf: true, webauthn:virtualAuthenticators: true}
Element: [[ChromeDriver: chrome on windows (73ff715d4e9facfef584313e7cf941b6)] -&amp;gt; xpath: //button[@id=&amp;apos;program&amp;apos;]]
Session ID: 73ff715d4e9facfef584313e7cf941b6">
      <![CDATA[org.openqa.selenium.ElementClickInterceptedException: element click intercepted: Element <button _ngcontent-sdw-c227="" aria-haspopup="true" id="program" mat-button="" a="" routerlink="/program" class="mat-focus-indicator mat-menu-trigger mat-button mat-button-base" tabindex="0" ng-reflect-router-link="/program" ng-reflect-menu="[object Object]" aria-expanded="true" aria-controls="mat-menu-panel-0">...</button> is not clickable at point (1235, 32). Other element would receive the click: <div class="cdk-overlay-backdrop cdk-overlay-transparent-backdrop cdk-overlay-backdrop-showing"></div>
  (Session info: chrome=130.0.6723.70)
Build info: version: '4.11.0', revision: '040bc5406b'
System info: os.name: 'Windows 11', os.arch: 'amd64', os.version: '10.0', java.version: '17.0.7'
Driver info: org.openqa.selenium.chrome.ChromeDriver
Command: [73ff715d4e9facfef584313e7cf941b6, clickElement {id=f.E574B401B2B9A599809FF0349E503009.d.DFCB77AF637203176CA20288FB03F304.e.358}]
Capabilities {acceptInsecureCerts: false, browserName: chrome, browserVersion: 130.0.6723.70, chrome: {chromedriverVersion: 130.0.6723.69 (3ec172b971b9..., userDataDir: C:\Users\banda\AppData\Loca...}, fedcm:accounts: true, goog:chromeOptions: {debuggerAddress: localhost:57362}, networkConnectionEnabled: false, pageLoadStrategy: normal, platformName: windows, proxy: Proxy(), se:cdp: ws://localhost:57362/devtoo..., se:cdpVersion: 130.0.6723.70, setWindowRect: true, strictFileInteractability: false, timeouts: {implicit: 0, pageLoad: 300000, script: 30000}, unhandledPromptBehavior: dismiss and notify, webauthn:extension:credBlob: true, webauthn:extension:largeBlob: true, webauthn:extension:minPinLength: true, webauthn:extension:prf: true, webauthn:virtualAuthenticators: true}
Element: [[ChromeDriver: chrome on windows (73ff715d4e9facfef584313e7cf941b6)] -> xpath: //button[@id='program']]
Session ID: 73ff715d4e9facfef584313e7cf941b6
at java.base/jdk.internal.reflect.NativeConstructorAccessorImpl.newInstance0(Native Method)
at java.base/jdk.internal.reflect.NativeConstructorAccessorImpl.newInstance(NativeConstructorAccessorImpl.java:77)
at java.base/jdk.internal.reflect.DelegatingConstructorAccessorImpl.newInstance(DelegatingConstructorAccessorImpl.java:45)
at java.base/java.lang.reflect.Constructor.newInstanceWithCaller(Constructor.java:499)
at java.base/java.lang.reflect.Constructor.newInstance(Constructor.java:480)
at org.openqa.selenium.remote.codec.w3c.W3CHttpResponseCodec.createException(W3CHttpResponseCodec.java:200)
at org.openqa.selenium.remote.codec.w3c.W3CHttpResponseCodec.decode(W3CHttpResponseCodec.java:133)
at org.openqa.selenium.remote.codec.w3c.W3CHttpResponseCodec.decode(W3CHttpResponseCodec.java:52)
at org.openqa.selenium.remote.HttpCommandExecutor.execute(HttpCommandExecutor.java:191)
at org.openqa.selenium.remote.service.DriverCommandExecutor.invokeExecute(DriverCommandExecutor.java:196)
at org.openqa.selenium.remote.service.DriverCommandExecutor.execute(DriverCommandExecutor.java:171)
at org.openqa.selenium.remote.RemoteWebDriver.execute(RemoteWebDriver.java:518)
at org.openqa.selenium.remote.RemoteWebElement.execute(RemoteWebElement.java:224)
at org.openqa.selenium.remote.RemoteWebElement.click(RemoteWebElement.java:77)
at jdk.internal.reflect.GeneratedMethodAccessor159.invoke(Unknown Source)
at java.base/jdk.internal.reflect.DelegatingMethodAccessorImpl.invoke(DelegatingMethodAccessorImpl.java:43)
at java.base/java.lang.reflect.Method.invoke(Method.java:568)
at org.openqa.selenium.support.pagefactory.internal.LocatingElementHandler.invoke(LocatingElementHandler.java:51)
at jdk.proxy2/jdk.proxy2.$Proxy40.click(Unknown Source)
at pageObjectModel.ProgramPage.Programmodule(ProgramPage.java:469)
at stepDefinition.ProgramSteps.admin_is_on_program_module_kpsb3(ProgramSteps.java:701)
at ✽.Admin is on Program moduleKPSB3(file:///C:/Users/banda/git/Team12_SeleniumHackathon/Team_12_LMS_Oct_2024/./src/test/resources/Features/03Program.feature:293)
]]>
    </failure>
  </testcase> <!-- runScenario -->
  <testcase classname="io.cucumber.testng.AbstractTestNGCucumberTests" name="runScenario" time="1.128">
    <failure type="org.openqa.selenium.ElementClickInterceptedException" message="element click intercepted: Element &amp;lt;button _ngcontent-sdw-c227=&amp;quot;&amp;quot; aria-haspopup=&amp;quot;true&amp;quot; id=&amp;quot;program&amp;quot; mat-button=&amp;quot;&amp;quot; a=&amp;quot;&amp;quot; routerlink=&amp;quot;/program&amp;quot; class=&amp;quot;mat-focus-indicator mat-menu-trigger mat-button mat-button-base&amp;quot; tabindex=&amp;quot;0&amp;quot; ng-reflect-router-link=&amp;quot;/program&amp;quot; ng-reflect-menu=&amp;quot;[object Object]&amp;quot; aria-expanded=&amp;quot;true&amp;quot; aria-controls=&amp;quot;mat-menu-panel-0&amp;quot;&amp;gt;...&amp;lt;/button&amp;gt; is not clickable at point (1235, 32). Other element would receive the click: &amp;lt;div class=&amp;quot;cdk-overlay-backdrop cdk-overlay-transparent-backdrop cdk-overlay-backdrop-showing&amp;quot;&amp;gt;&amp;lt;/div&amp;gt;
  (Session info: chrome=130.0.6723.70)
Build info: version: &amp;apos;4.11.0&amp;apos;, revision: &amp;apos;040bc5406b&amp;apos;
System info: os.name: &amp;apos;Windows 11&amp;apos;, os.arch: &amp;apos;amd64&amp;apos;, os.version: &amp;apos;10.0&amp;apos;, java.version: &amp;apos;17.0.7&amp;apos;
Driver info: org.openqa.selenium.chrome.ChromeDriver
Command: [73ff715d4e9facfef584313e7cf941b6, clickElement {id=f.E574B401B2B9A599809FF0349E503009.d.DFCB77AF637203176CA20288FB03F304.e.358}]
Capabilities {acceptInsecureCerts: false, browserName: chrome, browserVersion: 130.0.6723.70, chrome: {chromedriverVersion: 130.0.6723.69 (3ec172b971b9..., userDataDir: C:\Users\banda\AppData\Loca...}, fedcm:accounts: true, goog:chromeOptions: {debuggerAddress: localhost:57362}, networkConnectionEnabled: false, pageLoadStrategy: normal, platformName: windows, proxy: Proxy(), se:cdp: ws://localhost:57362/devtoo..., se:cdpVersion: 130.0.6723.70, setWindowRect: true, strictFileInteractability: false, timeouts: {implicit: 0, pageLoad: 300000, script: 30000}, unhandledPromptBehavior: dismiss and notify, webauthn:extension:credBlob: true, webauthn:extension:largeBlob: true, webauthn:extension:minPinLength: true, webauthn:extension:prf: true, webauthn:virtualAuthenticators: true}
Element: [[ChromeDriver: chrome on windows (73ff715d4e9facfef584313e7cf941b6)] -&amp;gt; xpath: //button[@id=&amp;apos;program&amp;apos;]]
Session ID: 73ff715d4e9facfef584313e7cf941b6">
      <![CDATA[org.openqa.selenium.ElementClickInterceptedException: element click intercepted: Element <button _ngcontent-sdw-c227="" aria-haspopup="true" id="program" mat-button="" a="" routerlink="/program" class="mat-focus-indicator mat-menu-trigger mat-button mat-button-base" tabindex="0" ng-reflect-router-link="/program" ng-reflect-menu="[object Object]" aria-expanded="true" aria-controls="mat-menu-panel-0">...</button> is not clickable at point (1235, 32). Other element would receive the click: <div class="cdk-overlay-backdrop cdk-overlay-transparent-backdrop cdk-overlay-backdrop-showing"></div>
  (Session info: chrome=130.0.6723.70)
Build info: version: '4.11.0', revision: '040bc5406b'
System info: os.name: 'Windows 11', os.arch: 'amd64', os.version: '10.0', java.version: '17.0.7'
Driver info: org.openqa.selenium.chrome.ChromeDriver
Command: [73ff715d4e9facfef584313e7cf941b6, clickElement {id=f.E574B401B2B9A599809FF0349E503009.d.DFCB77AF637203176CA20288FB03F304.e.358}]
Capabilities {acceptInsecureCerts: false, browserName: chrome, browserVersion: 130.0.6723.70, chrome: {chromedriverVersion: 130.0.6723.69 (3ec172b971b9..., userDataDir: C:\Users\banda\AppData\Loca...}, fedcm:accounts: true, goog:chromeOptions: {debuggerAddress: localhost:57362}, networkConnectionEnabled: false, pageLoadStrategy: normal, platformName: windows, proxy: Proxy(), se:cdp: ws://localhost:57362/devtoo..., se:cdpVersion: 130.0.6723.70, setWindowRect: true, strictFileInteractability: false, timeouts: {implicit: 0, pageLoad: 300000, script: 30000}, unhandledPromptBehavior: dismiss and notify, webauthn:extension:credBlob: true, webauthn:extension:largeBlob: true, webauthn:extension:minPinLength: true, webauthn:extension:prf: true, webauthn:virtualAuthenticators: true}
Element: [[ChromeDriver: chrome on windows (73ff715d4e9facfef584313e7cf941b6)] -> xpath: //button[@id='program']]
Session ID: 73ff715d4e9facfef584313e7cf941b6
at java.base/jdk.internal.reflect.NativeConstructorAccessorImpl.newInstance0(Native Method)
at java.base/jdk.internal.reflect.NativeConstructorAccessorImpl.newInstance(NativeConstructorAccessorImpl.java:77)
at java.base/jdk.internal.reflect.DelegatingConstructorAccessorImpl.newInstance(DelegatingConstructorAccessorImpl.java:45)
at java.base/java.lang.reflect.Constructor.newInstanceWithCaller(Constructor.java:499)
at java.base/java.lang.reflect.Constructor.newInstance(Constructor.java:480)
at org.openqa.selenium.remote.codec.w3c.W3CHttpResponseCodec.createException(W3CHttpResponseCodec.java:200)
at org.openqa.selenium.remote.codec.w3c.W3CHttpResponseCodec.decode(W3CHttpResponseCodec.java:133)
at org.openqa.selenium.remote.codec.w3c.W3CHttpResponseCodec.decode(W3CHttpResponseCodec.java:52)
at org.openqa.selenium.remote.HttpCommandExecutor.execute(HttpCommandExecutor.java:191)
at org.openqa.selenium.remote.service.DriverCommandExecutor.invokeExecute(DriverCommandExecutor.java:196)
at org.openqa.selenium.remote.service.DriverCommandExecutor.execute(DriverCommandExecutor.java:171)
at org.openqa.selenium.remote.RemoteWebDriver.execute(RemoteWebDriver.java:518)
at org.openqa.selenium.remote.RemoteWebElement.execute(RemoteWebElement.java:224)
at org.openqa.selenium.remote.RemoteWebElement.click(RemoteWebElement.java:77)
at jdk.internal.reflect.GeneratedMethodAccessor159.invoke(Unknown Source)
at java.base/jdk.internal.reflect.DelegatingMethodAccessorImpl.invoke(DelegatingMethodAccessorImpl.java:43)
at java.base/java.lang.reflect.Method.invoke(Method.java:568)
at org.openqa.selenium.support.pagefactory.internal.LocatingElementHandler.invoke(LocatingElementHandler.java:51)
at jdk.proxy2/jdk.proxy2.$Proxy40.click(Unknown Source)
at pageObjectModel.ProgramPage.Programmodule(ProgramPage.java:469)
at stepDefinition.ProgramSteps.admin_is_on_program_module_kpsb4(ProgramSteps.java:736)
at ✽.Admin is on Program moduleKPSB4(file:///C:/Users/banda/git/Team12_SeleniumHackathon/Team_12_LMS_Oct_2024/./src/test/resources/Features/03Program.feature:302)
]]>
    </failure>
  </testcase> <!-- runScenario -->
  <testcase classname="io.cucumber.testng.AbstractTestNGCucumberTests" name="runScenario" time="1.259">
    <failure type="org.openqa.selenium.ElementClickInterceptedException" message="element click intercepted: Element &amp;lt;button _ngcontent-sdw-c227=&amp;quot;&amp;quot; aria-haspopup=&amp;quot;true&amp;quot; id=&amp;quot;program&amp;quot; mat-button=&amp;quot;&amp;quot; a=&amp;quot;&amp;quot; routerlink=&amp;quot;/program&amp;quot; class=&amp;quot;mat-focus-indicator mat-menu-trigger mat-button mat-button-base&amp;quot; tabindex=&amp;quot;0&amp;quot; ng-reflect-router-link=&amp;quot;/program&amp;quot; ng-reflect-menu=&amp;quot;[object Object]&amp;quot; aria-expanded=&amp;quot;true&amp;quot; aria-controls=&amp;quot;mat-menu-panel-0&amp;quot;&amp;gt;...&amp;lt;/button&amp;gt; is not clickable at point (1235, 32). Other element would receive the click: &amp;lt;div class=&amp;quot;cdk-overlay-backdrop cdk-overlay-transparent-backdrop cdk-overlay-backdrop-showing&amp;quot;&amp;gt;&amp;lt;/div&amp;gt;
  (Session info: chrome=130.0.6723.70)
Build info: version: &amp;apos;4.11.0&amp;apos;, revision: &amp;apos;040bc5406b&amp;apos;
System info: os.name: &amp;apos;Windows 11&amp;apos;, os.arch: &amp;apos;amd64&amp;apos;, os.version: &amp;apos;10.0&amp;apos;, java.version: &amp;apos;17.0.7&amp;apos;
Driver info: org.openqa.selenium.chrome.ChromeDriver
Command: [73ff715d4e9facfef584313e7cf941b6, clickElement {id=f.E574B401B2B9A599809FF0349E503009.d.DFCB77AF637203176CA20288FB03F304.e.358}]
Capabilities {acceptInsecureCerts: false, browserName: chrome, browserVersion: 130.0.6723.70, chrome: {chromedriverVersion: 130.0.6723.69 (3ec172b971b9..., userDataDir: C:\Users\banda\AppData\Loca...}, fedcm:accounts: true, goog:chromeOptions: {debuggerAddress: localhost:57362}, networkConnectionEnabled: false, pageLoadStrategy: normal, platformName: windows, proxy: Proxy(), se:cdp: ws://localhost:57362/devtoo..., se:cdpVersion: 130.0.6723.70, setWindowRect: true, strictFileInteractability: false, timeouts: {implicit: 0, pageLoad: 300000, script: 30000}, unhandledPromptBehavior: dismiss and notify, webauthn:extension:credBlob: true, webauthn:extension:largeBlob: true, webauthn:extension:minPinLength: true, webauthn:extension:prf: true, webauthn:virtualAuthenticators: true}
Element: [[ChromeDriver: chrome on windows (73ff715d4e9facfef584313e7cf941b6)] -&amp;gt; xpath: //button[@id=&amp;apos;program&amp;apos;]]
Session ID: 73ff715d4e9facfef584313e7cf941b6">
      <![CDATA[org.openqa.selenium.ElementClickInterceptedException: element click intercepted: Element <button _ngcontent-sdw-c227="" aria-haspopup="true" id="program" mat-button="" a="" routerlink="/program" class="mat-focus-indicator mat-menu-trigger mat-button mat-button-base" tabindex="0" ng-reflect-router-link="/program" ng-reflect-menu="[object Object]" aria-expanded="true" aria-controls="mat-menu-panel-0">...</button> is not clickable at point (1235, 32). Other element would receive the click: <div class="cdk-overlay-backdrop cdk-overlay-transparent-backdrop cdk-overlay-backdrop-showing"></div>
  (Session info: chrome=130.0.6723.70)
Build info: version: '4.11.0', revision: '040bc5406b'
System info: os.name: 'Windows 11', os.arch: 'amd64', os.version: '10.0', java.version: '17.0.7'
Driver info: org.openqa.selenium.chrome.ChromeDriver
Command: [73ff715d4e9facfef584313e7cf941b6, clickElement {id=f.E574B401B2B9A599809FF0349E503009.d.DFCB77AF637203176CA20288FB03F304.e.358}]
Capabilities {acceptInsecureCerts: false, browserName: chrome, browserVersion: 130.0.6723.70, chrome: {chromedriverVersion: 130.0.6723.69 (3ec172b971b9..., userDataDir: C:\Users\banda\AppData\Loca...}, fedcm:accounts: true, goog:chromeOptions: {debuggerAddress: localhost:57362}, networkConnectionEnabled: false, pageLoadStrategy: normal, platformName: windows, proxy: Proxy(), se:cdp: ws://localhost:57362/devtoo..., se:cdpVersion: 130.0.6723.70, setWindowRect: true, strictFileInteractability: false, timeouts: {implicit: 0, pageLoad: 300000, script: 30000}, unhandledPromptBehavior: dismiss and notify, webauthn:extension:credBlob: true, webauthn:extension:largeBlob: true, webauthn:extension:minPinLength: true, webauthn:extension:prf: true, webauthn:virtualAuthenticators: true}
Element: [[ChromeDriver: chrome on windows (73ff715d4e9facfef584313e7cf941b6)] -> xpath: //button[@id='program']]
Session ID: 73ff715d4e9facfef584313e7cf941b6
at java.base/jdk.internal.reflect.NativeConstructorAccessorImpl.newInstance0(Native Method)
at java.base/jdk.internal.reflect.NativeConstructorAccessorImpl.newInstance(NativeConstructorAccessorImpl.java:77)
at java.base/jdk.internal.reflect.DelegatingConstructorAccessorImpl.newInstance(DelegatingConstructorAccessorImpl.java:45)
at java.base/java.lang.reflect.Constructor.newInstanceWithCaller(Constructor.java:499)
at java.base/java.lang.reflect.Constructor.newInstance(Constructor.java:480)
at org.openqa.selenium.remote.codec.w3c.W3CHttpResponseCodec.createException(W3CHttpResponseCodec.java:200)
at org.openqa.selenium.remote.codec.w3c.W3CHttpResponseCodec.decode(W3CHttpResponseCodec.java:133)
at org.openqa.selenium.remote.codec.w3c.W3CHttpResponseCodec.decode(W3CHttpResponseCodec.java:52)
at org.openqa.selenium.remote.HttpCommandExecutor.execute(HttpCommandExecutor.java:191)
at org.openqa.selenium.remote.service.DriverCommandExecutor.invokeExecute(DriverCommandExecutor.java:196)
at org.openqa.selenium.remote.service.DriverCommandExecutor.execute(DriverCommandExecutor.java:171)
at org.openqa.selenium.remote.RemoteWebDriver.execute(RemoteWebDriver.java:518)
at org.openqa.selenium.remote.RemoteWebElement.execute(RemoteWebElement.java:224)
at org.openqa.selenium.remote.RemoteWebElement.click(RemoteWebElement.java:77)
at jdk.internal.reflect.GeneratedMethodAccessor159.invoke(Unknown Source)
at java.base/jdk.internal.reflect.DelegatingMethodAccessorImpl.invoke(DelegatingMethodAccessorImpl.java:43)
at java.base/java.lang.reflect.Method.invoke(Method.java:568)
at org.openqa.selenium.support.pagefactory.internal.LocatingElementHandler.invoke(LocatingElementHandler.java:51)
at jdk.proxy2/jdk.proxy2.$Proxy40.click(Unknown Source)
at pageObjectModel.ProgramPage.Programmodule(ProgramPage.java:469)
at stepDefinition.ProgramSteps.admin_is_on_program_module_kpsp(ProgramSteps.java:772)
at ✽.Admin is on Program moduleKPSP(file:///C:/Users/banda/git/Team12_SeleniumHackathon/Team_12_LMS_Oct_2024/./src/test/resources/Features/03Program.feature:317)
]]>
    </failure>
  </testcase> <!-- runScenario -->
  <testcase classname="io.cucumber.testng.AbstractTestNGCucumberTests" name="runScenario" time="1.226">
    <failure type="org.openqa.selenium.ElementClickInterceptedException" message="element click intercepted: Element &amp;lt;button _ngcontent-sdw-c227=&amp;quot;&amp;quot; aria-haspopup=&amp;quot;true&amp;quot; id=&amp;quot;program&amp;quot; mat-button=&amp;quot;&amp;quot; a=&amp;quot;&amp;quot; routerlink=&amp;quot;/program&amp;quot; class=&amp;quot;mat-focus-indicator mat-menu-trigger mat-button mat-button-base&amp;quot; tabindex=&amp;quot;0&amp;quot; ng-reflect-router-link=&amp;quot;/program&amp;quot; ng-reflect-menu=&amp;quot;[object Object]&amp;quot; aria-expanded=&amp;quot;true&amp;quot; aria-controls=&amp;quot;mat-menu-panel-0&amp;quot;&amp;gt;...&amp;lt;/button&amp;gt; is not clickable at point (1235, 32). Other element would receive the click: &amp;lt;div class=&amp;quot;cdk-overlay-backdrop cdk-overlay-transparent-backdrop cdk-overlay-backdrop-showing&amp;quot;&amp;gt;&amp;lt;/div&amp;gt;
  (Session info: chrome=130.0.6723.70)
Build info: version: &amp;apos;4.11.0&amp;apos;, revision: &amp;apos;040bc5406b&amp;apos;
System info: os.name: &amp;apos;Windows 11&amp;apos;, os.arch: &amp;apos;amd64&amp;apos;, os.version: &amp;apos;10.0&amp;apos;, java.version: &amp;apos;17.0.7&amp;apos;
Driver info: org.openqa.selenium.chrome.ChromeDriver
Command: [73ff715d4e9facfef584313e7cf941b6, clickElement {id=f.E574B401B2B9A599809FF0349E503009.d.DFCB77AF637203176CA20288FB03F304.e.358}]
Capabilities {acceptInsecureCerts: false, browserName: chrome, browserVersion: 130.0.6723.70, chrome: {chromedriverVersion: 130.0.6723.69 (3ec172b971b9..., userDataDir: C:\Users\banda\AppData\Loca...}, fedcm:accounts: true, goog:chromeOptions: {debuggerAddress: localhost:57362}, networkConnectionEnabled: false, pageLoadStrategy: normal, platformName: windows, proxy: Proxy(), se:cdp: ws://localhost:57362/devtoo..., se:cdpVersion: 130.0.6723.70, setWindowRect: true, strictFileInteractability: false, timeouts: {implicit: 0, pageLoad: 300000, script: 30000}, unhandledPromptBehavior: dismiss and notify, webauthn:extension:credBlob: true, webauthn:extension:largeBlob: true, webauthn:extension:minPinLength: true, webauthn:extension:prf: true, webauthn:virtualAuthenticators: true}
Element: [[ChromeDriver: chrome on windows (73ff715d4e9facfef584313e7cf941b6)] -&amp;gt; xpath: //button[@id=&amp;apos;program&amp;apos;]]
Session ID: 73ff715d4e9facfef584313e7cf941b6">
      <![CDATA[org.openqa.selenium.ElementClickInterceptedException: element click intercepted: Element <button _ngcontent-sdw-c227="" aria-haspopup="true" id="program" mat-button="" a="" routerlink="/program" class="mat-focus-indicator mat-menu-trigger mat-button mat-button-base" tabindex="0" ng-reflect-router-link="/program" ng-reflect-menu="[object Object]" aria-expanded="true" aria-controls="mat-menu-panel-0">...</button> is not clickable at point (1235, 32). Other element would receive the click: <div class="cdk-overlay-backdrop cdk-overlay-transparent-backdrop cdk-overlay-backdrop-showing"></div>
  (Session info: chrome=130.0.6723.70)
Build info: version: '4.11.0', revision: '040bc5406b'
System info: os.name: 'Windows 11', os.arch: 'amd64', os.version: '10.0', java.version: '17.0.7'
Driver info: org.openqa.selenium.chrome.ChromeDriver
Command: [73ff715d4e9facfef584313e7cf941b6, clickElement {id=f.E574B401B2B9A599809FF0349E503009.d.DFCB77AF637203176CA20288FB03F304.e.358}]
Capabilities {acceptInsecureCerts: false, browserName: chrome, browserVersion: 130.0.6723.70, chrome: {chromedriverVersion: 130.0.6723.69 (3ec172b971b9..., userDataDir: C:\Users\banda\AppData\Loca...}, fedcm:accounts: true, goog:chromeOptions: {debuggerAddress: localhost:57362}, networkConnectionEnabled: false, pageLoadStrategy: normal, platformName: windows, proxy: Proxy(), se:cdp: ws://localhost:57362/devtoo..., se:cdpVersion: 130.0.6723.70, setWindowRect: true, strictFileInteractability: false, timeouts: {implicit: 0, pageLoad: 300000, script: 30000}, unhandledPromptBehavior: dismiss and notify, webauthn:extension:credBlob: true, webauthn:extension:largeBlob: true, webauthn:extension:minPinLength: true, webauthn:extension:prf: true, webauthn:virtualAuthenticators: true}
Element: [[ChromeDriver: chrome on windows (73ff715d4e9facfef584313e7cf941b6)] -> xpath: //button[@id='program']]
Session ID: 73ff715d4e9facfef584313e7cf941b6
at java.base/jdk.internal.reflect.NativeConstructorAccessorImpl.newInstance0(Native Method)
at java.base/jdk.internal.reflect.NativeConstructorAccessorImpl.newInstance(NativeConstructorAccessorImpl.java:77)
at java.base/jdk.internal.reflect.DelegatingConstructorAccessorImpl.newInstance(DelegatingConstructorAccessorImpl.java:45)
at java.base/java.lang.reflect.Constructor.newInstanceWithCaller(Constructor.java:499)
at java.base/java.lang.reflect.Constructor.newInstance(Constructor.java:480)
at org.openqa.selenium.remote.codec.w3c.W3CHttpResponseCodec.createException(W3CHttpResponseCodec.java:200)
at org.openqa.selenium.remote.codec.w3c.W3CHttpResponseCodec.decode(W3CHttpResponseCodec.java:133)
at org.openqa.selenium.remote.codec.w3c.W3CHttpResponseCodec.decode(W3CHttpResponseCodec.java:52)
at org.openqa.selenium.remote.HttpCommandExecutor.execute(HttpCommandExecutor.java:191)
at org.openqa.selenium.remote.service.DriverCommandExecutor.invokeExecute(DriverCommandExecutor.java:196)
at org.openqa.selenium.remote.service.DriverCommandExecutor.execute(DriverCommandExecutor.java:171)
at org.openqa.selenium.remote.RemoteWebDriver.execute(RemoteWebDriver.java:518)
at org.openqa.selenium.remote.RemoteWebElement.execute(RemoteWebElement.java:224)
at org.openqa.selenium.remote.RemoteWebElement.click(RemoteWebElement.java:77)
at jdk.internal.reflect.GeneratedMethodAccessor159.invoke(Unknown Source)
at java.base/jdk.internal.reflect.DelegatingMethodAccessorImpl.invoke(DelegatingMethodAccessorImpl.java:43)
at java.base/java.lang.reflect.Method.invoke(Method.java:568)
at org.openqa.selenium.support.pagefactory.internal.LocatingElementHandler.invoke(LocatingElementHandler.java:51)
at jdk.proxy2/jdk.proxy2.$Proxy40.click(Unknown Source)
at pageObjectModel.ProgramPage.Programmodule(ProgramPage.java:469)
at stepDefinition.ProgramSteps.admin_is_on_program_module_kpsp2(ProgramSteps.java:800)
at ✽.Admin is on Program moduleKPSP2(file:///C:/Users/banda/git/Team12_SeleniumHackathon/Team_12_LMS_Oct_2024/./src/test/resources/Features/03Program.feature:322)
]]>
    </failure>
  </testcase> <!-- runScenario -->
  <testcase classname="io.cucumber.testng.AbstractTestNGCucumberTests" name="runScenario" time="1.226">
    <failure type="org.openqa.selenium.ElementClickInterceptedException" message="element click intercepted: Element &amp;lt;button _ngcontent-sdw-c227=&amp;quot;&amp;quot; aria-haspopup=&amp;quot;true&amp;quot; id=&amp;quot;program&amp;quot; mat-button=&amp;quot;&amp;quot; a=&amp;quot;&amp;quot; routerlink=&amp;quot;/program&amp;quot; class=&amp;quot;mat-focus-indicator mat-menu-trigger mat-button mat-button-base&amp;quot; tabindex=&amp;quot;0&amp;quot; ng-reflect-router-link=&amp;quot;/program&amp;quot; ng-reflect-menu=&amp;quot;[object Object]&amp;quot; aria-expanded=&amp;quot;true&amp;quot; aria-controls=&amp;quot;mat-menu-panel-0&amp;quot;&amp;gt;...&amp;lt;/button&amp;gt; is not clickable at point (1235, 32). Other element would receive the click: &amp;lt;div class=&amp;quot;cdk-overlay-backdrop cdk-overlay-transparent-backdrop cdk-overlay-backdrop-showing&amp;quot;&amp;gt;&amp;lt;/div&amp;gt;
  (Session info: chrome=130.0.6723.70)
Build info: version: &amp;apos;4.11.0&amp;apos;, revision: &amp;apos;040bc5406b&amp;apos;
System info: os.name: &amp;apos;Windows 11&amp;apos;, os.arch: &amp;apos;amd64&amp;apos;, os.version: &amp;apos;10.0&amp;apos;, java.version: &amp;apos;17.0.7&amp;apos;
Driver info: org.openqa.selenium.chrome.ChromeDriver
Command: [73ff715d4e9facfef584313e7cf941b6, clickElement {id=f.E574B401B2B9A599809FF0349E503009.d.DFCB77AF637203176CA20288FB03F304.e.358}]
Capabilities {acceptInsecureCerts: false, browserName: chrome, browserVersion: 130.0.6723.70, chrome: {chromedriverVersion: 130.0.6723.69 (3ec172b971b9..., userDataDir: C:\Users\banda\AppData\Loca...}, fedcm:accounts: true, goog:chromeOptions: {debuggerAddress: localhost:57362}, networkConnectionEnabled: false, pageLoadStrategy: normal, platformName: windows, proxy: Proxy(), se:cdp: ws://localhost:57362/devtoo..., se:cdpVersion: 130.0.6723.70, setWindowRect: true, strictFileInteractability: false, timeouts: {implicit: 0, pageLoad: 300000, script: 30000}, unhandledPromptBehavior: dismiss and notify, webauthn:extension:credBlob: true, webauthn:extension:largeBlob: true, webauthn:extension:minPinLength: true, webauthn:extension:prf: true, webauthn:virtualAuthenticators: true}
Element: [[ChromeDriver: chrome on windows (73ff715d4e9facfef584313e7cf941b6)] -&amp;gt; xpath: //button[@id=&amp;apos;program&amp;apos;]]
Session ID: 73ff715d4e9facfef584313e7cf941b6">
      <![CDATA[org.openqa.selenium.ElementClickInterceptedException: element click intercepted: Element <button _ngcontent-sdw-c227="" aria-haspopup="true" id="program" mat-button="" a="" routerlink="/program" class="mat-focus-indicator mat-menu-trigger mat-button mat-button-base" tabindex="0" ng-reflect-router-link="/program" ng-reflect-menu="[object Object]" aria-expanded="true" aria-controls="mat-menu-panel-0">...</button> is not clickable at point (1235, 32). Other element would receive the click: <div class="cdk-overlay-backdrop cdk-overlay-transparent-backdrop cdk-overlay-backdrop-showing"></div>
  (Session info: chrome=130.0.6723.70)
Build info: version: '4.11.0', revision: '040bc5406b'
System info: os.name: 'Windows 11', os.arch: 'amd64', os.version: '10.0', java.version: '17.0.7'
Driver info: org.openqa.selenium.chrome.ChromeDriver
Command: [73ff715d4e9facfef584313e7cf941b6, clickElement {id=f.E574B401B2B9A599809FF0349E503009.d.DFCB77AF637203176CA20288FB03F304.e.358}]
Capabilities {acceptInsecureCerts: false, browserName: chrome, browserVersion: 130.0.6723.70, chrome: {chromedriverVersion: 130.0.6723.69 (3ec172b971b9..., userDataDir: C:\Users\banda\AppData\Loca...}, fedcm:accounts: true, goog:chromeOptions: {debuggerAddress: localhost:57362}, networkConnectionEnabled: false, pageLoadStrategy: normal, platformName: windows, proxy: Proxy(), se:cdp: ws://localhost:57362/devtoo..., se:cdpVersion: 130.0.6723.70, setWindowRect: true, strictFileInteractability: false, timeouts: {implicit: 0, pageLoad: 300000, script: 30000}, unhandledPromptBehavior: dismiss and notify, webauthn:extension:credBlob: true, webauthn:extension:largeBlob: true, webauthn:extension:minPinLength: true, webauthn:extension:prf: true, webauthn:virtualAuthenticators: true}
Element: [[ChromeDriver: chrome on windows (73ff715d4e9facfef584313e7cf941b6)] -> xpath: //button[@id='program']]
Session ID: 73ff715d4e9facfef584313e7cf941b6
at java.base/jdk.internal.reflect.NativeConstructorAccessorImpl.newInstance0(Native Method)
at java.base/jdk.internal.reflect.NativeConstructorAccessorImpl.newInstance(NativeConstructorAccessorImpl.java:77)
at java.base/jdk.internal.reflect.DelegatingConstructorAccessorImpl.newInstance(DelegatingConstructorAccessorImpl.java:45)
at java.base/java.lang.reflect.Constructor.newInstanceWithCaller(Constructor.java:499)
at java.base/java.lang.reflect.Constructor.newInstance(Constructor.java:480)
at org.openqa.selenium.remote.codec.w3c.W3CHttpResponseCodec.createException(W3CHttpResponseCodec.java:200)
at org.openqa.selenium.remote.codec.w3c.W3CHttpResponseCodec.decode(W3CHttpResponseCodec.java:133)
at org.openqa.selenium.remote.codec.w3c.W3CHttpResponseCodec.decode(W3CHttpResponseCodec.java:52)
at org.openqa.selenium.remote.HttpCommandExecutor.execute(HttpCommandExecutor.java:191)
at org.openqa.selenium.remote.service.DriverCommandExecutor.invokeExecute(DriverCommandExecutor.java:196)
at org.openqa.selenium.remote.service.DriverCommandExecutor.execute(DriverCommandExecutor.java:171)
at org.openqa.selenium.remote.RemoteWebDriver.execute(RemoteWebDriver.java:518)
at org.openqa.selenium.remote.RemoteWebElement.execute(RemoteWebElement.java:224)
at org.openqa.selenium.remote.RemoteWebElement.click(RemoteWebElement.java:77)
at jdk.internal.reflect.GeneratedMethodAccessor159.invoke(Unknown Source)
at java.base/jdk.internal.reflect.DelegatingMethodAccessorImpl.invoke(DelegatingMethodAccessorImpl.java:43)
at java.base/java.lang.reflect.Method.invoke(Method.java:568)
at org.openqa.selenium.support.pagefactory.internal.LocatingElementHandler.invoke(LocatingElementHandler.java:51)
at jdk.proxy2/jdk.proxy2.$Proxy40.click(Unknown Source)
at pageObjectModel.ProgramPage.Programmodule(ProgramPage.java:469)
at stepDefinition.ProgramSteps.admin_is_on_program_module_kpsp3(ProgramSteps.java:826)
at ✽.Admin is on Program moduleKPSP3(file:///C:/Users/banda/git/Team12_SeleniumHackathon/Team_12_LMS_Oct_2024/./src/test/resources/Features/03Program.feature:327)
]]>
    </failure>
  </testcase> <!-- runScenario -->
  <testcase classname="io.cucumber.testng.AbstractTestNGCucumberTests" name="runScenario" time="1.314">
    <failure type="org.openqa.selenium.ElementClickInterceptedException" message="element click intercepted: Element &amp;lt;button _ngcontent-sdw-c227=&amp;quot;&amp;quot; aria-haspopup=&amp;quot;true&amp;quot; id=&amp;quot;program&amp;quot; mat-button=&amp;quot;&amp;quot; a=&amp;quot;&amp;quot; routerlink=&amp;quot;/program&amp;quot; class=&amp;quot;mat-focus-indicator mat-menu-trigger mat-button mat-button-base&amp;quot; tabindex=&amp;quot;0&amp;quot; ng-reflect-router-link=&amp;quot;/program&amp;quot; ng-reflect-menu=&amp;quot;[object Object]&amp;quot; aria-expanded=&amp;quot;true&amp;quot; aria-controls=&amp;quot;mat-menu-panel-0&amp;quot;&amp;gt;...&amp;lt;/button&amp;gt; is not clickable at point (1235, 32). Other element would receive the click: &amp;lt;div class=&amp;quot;cdk-overlay-backdrop cdk-overlay-transparent-backdrop cdk-overlay-backdrop-showing&amp;quot;&amp;gt;&amp;lt;/div&amp;gt;
  (Session info: chrome=130.0.6723.70)
Build info: version: &amp;apos;4.11.0&amp;apos;, revision: &amp;apos;040bc5406b&amp;apos;
System info: os.name: &amp;apos;Windows 11&amp;apos;, os.arch: &amp;apos;amd64&amp;apos;, os.version: &amp;apos;10.0&amp;apos;, java.version: &amp;apos;17.0.7&amp;apos;
Driver info: org.openqa.selenium.chrome.ChromeDriver
Command: [73ff715d4e9facfef584313e7cf941b6, clickElement {id=f.E574B401B2B9A599809FF0349E503009.d.DFCB77AF637203176CA20288FB03F304.e.358}]
Capabilities {acceptInsecureCerts: false, browserName: chrome, browserVersion: 130.0.6723.70, chrome: {chromedriverVersion: 130.0.6723.69 (3ec172b971b9..., userDataDir: C:\Users\banda\AppData\Loca...}, fedcm:accounts: true, goog:chromeOptions: {debuggerAddress: localhost:57362}, networkConnectionEnabled: false, pageLoadStrategy: normal, platformName: windows, proxy: Proxy(), se:cdp: ws://localhost:57362/devtoo..., se:cdpVersion: 130.0.6723.70, setWindowRect: true, strictFileInteractability: false, timeouts: {implicit: 0, pageLoad: 300000, script: 30000}, unhandledPromptBehavior: dismiss and notify, webauthn:extension:credBlob: true, webauthn:extension:largeBlob: true, webauthn:extension:minPinLength: true, webauthn:extension:prf: true, webauthn:virtualAuthenticators: true}
Element: [[ChromeDriver: chrome on windows (73ff715d4e9facfef584313e7cf941b6)] -&amp;gt; xpath: //button[@id=&amp;apos;program&amp;apos;]]
Session ID: 73ff715d4e9facfef584313e7cf941b6">
      <![CDATA[org.openqa.selenium.ElementClickInterceptedException: element click intercepted: Element <button _ngcontent-sdw-c227="" aria-haspopup="true" id="program" mat-button="" a="" routerlink="/program" class="mat-focus-indicator mat-menu-trigger mat-button mat-button-base" tabindex="0" ng-reflect-router-link="/program" ng-reflect-menu="[object Object]" aria-expanded="true" aria-controls="mat-menu-panel-0">...</button> is not clickable at point (1235, 32). Other element would receive the click: <div class="cdk-overlay-backdrop cdk-overlay-transparent-backdrop cdk-overlay-backdrop-showing"></div>
  (Session info: chrome=130.0.6723.70)
Build info: version: '4.11.0', revision: '040bc5406b'
System info: os.name: 'Windows 11', os.arch: 'amd64', os.version: '10.0', java.version: '17.0.7'
Driver info: org.openqa.selenium.chrome.ChromeDriver
Command: [73ff715d4e9facfef584313e7cf941b6, clickElement {id=f.E574B401B2B9A599809FF0349E503009.d.DFCB77AF637203176CA20288FB03F304.e.358}]
Capabilities {acceptInsecureCerts: false, browserName: chrome, browserVersion: 130.0.6723.70, chrome: {chromedriverVersion: 130.0.6723.69 (3ec172b971b9..., userDataDir: C:\Users\banda\AppData\Loca...}, fedcm:accounts: true, goog:chromeOptions: {debuggerAddress: localhost:57362}, networkConnectionEnabled: false, pageLoadStrategy: normal, platformName: windows, proxy: Proxy(), se:cdp: ws://localhost:57362/devtoo..., se:cdpVersion: 130.0.6723.70, setWindowRect: true, strictFileInteractability: false, timeouts: {implicit: 0, pageLoad: 300000, script: 30000}, unhandledPromptBehavior: dismiss and notify, webauthn:extension:credBlob: true, webauthn:extension:largeBlob: true, webauthn:extension:minPinLength: true, webauthn:extension:prf: true, webauthn:virtualAuthenticators: true}
Element: [[ChromeDriver: chrome on windows (73ff715d4e9facfef584313e7cf941b6)] -> xpath: //button[@id='program']]
Session ID: 73ff715d4e9facfef584313e7cf941b6
at java.base/jdk.internal.reflect.NativeConstructorAccessorImpl.newInstance0(Native Method)
at java.base/jdk.internal.reflect.NativeConstructorAccessorImpl.newInstance(NativeConstructorAccessorImpl.java:77)
at java.base/jdk.internal.reflect.DelegatingConstructorAccessorImpl.newInstance(DelegatingConstructorAccessorImpl.java:45)
at java.base/java.lang.reflect.Constructor.newInstanceWithCaller(Constructor.java:499)
at java.base/java.lang.reflect.Constructor.newInstance(Constructor.java:480)
at org.openqa.selenium.remote.codec.w3c.W3CHttpResponseCodec.createException(W3CHttpResponseCodec.java:200)
at org.openqa.selenium.remote.codec.w3c.W3CHttpResponseCodec.decode(W3CHttpResponseCodec.java:133)
at org.openqa.selenium.remote.codec.w3c.W3CHttpResponseCodec.decode(W3CHttpResponseCodec.java:52)
at org.openqa.selenium.remote.HttpCommandExecutor.execute(HttpCommandExecutor.java:191)
at org.openqa.selenium.remote.service.DriverCommandExecutor.invokeExecute(DriverCommandExecutor.java:196)
at org.openqa.selenium.remote.service.DriverCommandExecutor.execute(DriverCommandExecutor.java:171)
at org.openqa.selenium.remote.RemoteWebDriver.execute(RemoteWebDriver.java:518)
at org.openqa.selenium.remote.RemoteWebElement.execute(RemoteWebElement.java:224)
at org.openqa.selenium.remote.RemoteWebElement.click(RemoteWebElement.java:77)
at jdk.internal.reflect.GeneratedMethodAccessor159.invoke(Unknown Source)
at java.base/jdk.internal.reflect.DelegatingMethodAccessorImpl.invoke(DelegatingMethodAccessorImpl.java:43)
at java.base/java.lang.reflect.Method.invoke(Method.java:568)
at org.openqa.selenium.support.pagefactory.internal.LocatingElementHandler.invoke(LocatingElementHandler.java:51)
at jdk.proxy2/jdk.proxy2.$Proxy40.click(Unknown Source)
at pageObjectModel.ProgramPage.Programmodule(ProgramPage.java:469)
at stepDefinition.ProgramSteps.admin_is_on_program_module_kppp(ProgramSteps.java:853)
at ✽.Admin is on Program moduleKPPP(file:///C:/Users/banda/git/Team12_SeleniumHackathon/Team_12_LMS_Oct_2024/./src/test/resources/Features/03Program.feature:338)
]]>
    </failure>
  </testcase> <!-- runScenario -->
  <testcase classname="io.cucumber.testng.AbstractTestNGCucumberTests" name="runScenario" time="1.284">
    <failure type="org.openqa.selenium.ElementClickInterceptedException" message="element click intercepted: Element &amp;lt;button _ngcontent-sdw-c227=&amp;quot;&amp;quot; aria-haspopup=&amp;quot;true&amp;quot; id=&amp;quot;program&amp;quot; mat-button=&amp;quot;&amp;quot; a=&amp;quot;&amp;quot; routerlink=&amp;quot;/program&amp;quot; class=&amp;quot;mat-focus-indicator mat-menu-trigger mat-button mat-button-base&amp;quot; tabindex=&amp;quot;0&amp;quot; ng-reflect-router-link=&amp;quot;/program&amp;quot; ng-reflect-menu=&amp;quot;[object Object]&amp;quot; aria-expanded=&amp;quot;true&amp;quot; aria-controls=&amp;quot;mat-menu-panel-0&amp;quot;&amp;gt;...&amp;lt;/button&amp;gt; is not clickable at point (1235, 32). Other element would receive the click: &amp;lt;div class=&amp;quot;cdk-overlay-backdrop cdk-overlay-transparent-backdrop cdk-overlay-backdrop-showing&amp;quot;&amp;gt;&amp;lt;/div&amp;gt;
  (Session info: chrome=130.0.6723.70)
Build info: version: &amp;apos;4.11.0&amp;apos;, revision: &amp;apos;040bc5406b&amp;apos;
System info: os.name: &amp;apos;Windows 11&amp;apos;, os.arch: &amp;apos;amd64&amp;apos;, os.version: &amp;apos;10.0&amp;apos;, java.version: &amp;apos;17.0.7&amp;apos;
Driver info: org.openqa.selenium.chrome.ChromeDriver
Command: [73ff715d4e9facfef584313e7cf941b6, clickElement {id=f.E574B401B2B9A599809FF0349E503009.d.DFCB77AF637203176CA20288FB03F304.e.358}]
Capabilities {acceptInsecureCerts: false, browserName: chrome, browserVersion: 130.0.6723.70, chrome: {chromedriverVersion: 130.0.6723.69 (3ec172b971b9..., userDataDir: C:\Users\banda\AppData\Loca...}, fedcm:accounts: true, goog:chromeOptions: {debuggerAddress: localhost:57362}, networkConnectionEnabled: false, pageLoadStrategy: normal, platformName: windows, proxy: Proxy(), se:cdp: ws://localhost:57362/devtoo..., se:cdpVersion: 130.0.6723.70, setWindowRect: true, strictFileInteractability: false, timeouts: {implicit: 0, pageLoad: 300000, script: 30000}, unhandledPromptBehavior: dismiss and notify, webauthn:extension:credBlob: true, webauthn:extension:largeBlob: true, webauthn:extension:minPinLength: true, webauthn:extension:prf: true, webauthn:virtualAuthenticators: true}
Element: [[ChromeDriver: chrome on windows (73ff715d4e9facfef584313e7cf941b6)] -&amp;gt; xpath: //button[@id=&amp;apos;program&amp;apos;]]
Session ID: 73ff715d4e9facfef584313e7cf941b6">
      <![CDATA[org.openqa.selenium.ElementClickInterceptedException: element click intercepted: Element <button _ngcontent-sdw-c227="" aria-haspopup="true" id="program" mat-button="" a="" routerlink="/program" class="mat-focus-indicator mat-menu-trigger mat-button mat-button-base" tabindex="0" ng-reflect-router-link="/program" ng-reflect-menu="[object Object]" aria-expanded="true" aria-controls="mat-menu-panel-0">...</button> is not clickable at point (1235, 32). Other element would receive the click: <div class="cdk-overlay-backdrop cdk-overlay-transparent-backdrop cdk-overlay-backdrop-showing"></div>
  (Session info: chrome=130.0.6723.70)
Build info: version: '4.11.0', revision: '040bc5406b'
System info: os.name: 'Windows 11', os.arch: 'amd64', os.version: '10.0', java.version: '17.0.7'
Driver info: org.openqa.selenium.chrome.ChromeDriver
Command: [73ff715d4e9facfef584313e7cf941b6, clickElement {id=f.E574B401B2B9A599809FF0349E503009.d.DFCB77AF637203176CA20288FB03F304.e.358}]
Capabilities {acceptInsecureCerts: false, browserName: chrome, browserVersion: 130.0.6723.70, chrome: {chromedriverVersion: 130.0.6723.69 (3ec172b971b9..., userDataDir: C:\Users\banda\AppData\Loca...}, fedcm:accounts: true, goog:chromeOptions: {debuggerAddress: localhost:57362}, networkConnectionEnabled: false, pageLoadStrategy: normal, platformName: windows, proxy: Proxy(), se:cdp: ws://localhost:57362/devtoo..., se:cdpVersion: 130.0.6723.70, setWindowRect: true, strictFileInteractability: false, timeouts: {implicit: 0, pageLoad: 300000, script: 30000}, unhandledPromptBehavior: dismiss and notify, webauthn:extension:credBlob: true, webauthn:extension:largeBlob: true, webauthn:extension:minPinLength: true, webauthn:extension:prf: true, webauthn:virtualAuthenticators: true}
Element: [[ChromeDriver: chrome on windows (73ff715d4e9facfef584313e7cf941b6)] -> xpath: //button[@id='program']]
Session ID: 73ff715d4e9facfef584313e7cf941b6
at java.base/jdk.internal.reflect.NativeConstructorAccessorImpl.newInstance0(Native Method)
at java.base/jdk.internal.reflect.NativeConstructorAccessorImpl.newInstance(NativeConstructorAccessorImpl.java:77)
at java.base/jdk.internal.reflect.DelegatingConstructorAccessorImpl.newInstance(DelegatingConstructorAccessorImpl.java:45)
at java.base/java.lang.reflect.Constructor.newInstanceWithCaller(Constructor.java:499)
at java.base/java.lang.reflect.Constructor.newInstance(Constructor.java:480)
at org.openqa.selenium.remote.codec.w3c.W3CHttpResponseCodec.createException(W3CHttpResponseCodec.java:200)
at org.openqa.selenium.remote.codec.w3c.W3CHttpResponseCodec.decode(W3CHttpResponseCodec.java:133)
at org.openqa.selenium.remote.codec.w3c.W3CHttpResponseCodec.decode(W3CHttpResponseCodec.java:52)
at org.openqa.selenium.remote.HttpCommandExecutor.execute(HttpCommandExecutor.java:191)
at org.openqa.selenium.remote.service.DriverCommandExecutor.invokeExecute(DriverCommandExecutor.java:196)
at org.openqa.selenium.remote.service.DriverCommandExecutor.execute(DriverCommandExecutor.java:171)
at org.openqa.selenium.remote.RemoteWebDriver.execute(RemoteWebDriver.java:518)
at org.openqa.selenium.remote.RemoteWebElement.execute(RemoteWebElement.java:224)
at org.openqa.selenium.remote.RemoteWebElement.click(RemoteWebElement.java:77)
at jdk.internal.reflect.GeneratedMethodAccessor159.invoke(Unknown Source)
at java.base/jdk.internal.reflect.DelegatingMethodAccessorImpl.invoke(DelegatingMethodAccessorImpl.java:43)
at java.base/java.lang.reflect.Method.invoke(Method.java:568)
at org.openqa.selenium.support.pagefactory.internal.LocatingElementHandler.invoke(LocatingElementHandler.java:51)
at jdk.proxy2/jdk.proxy2.$Proxy40.click(Unknown Source)
at pageObjectModel.ProgramPage.Programmodule(ProgramPage.java:469)
at stepDefinition.ProgramSteps.admin_is_on_program_module_kppp(ProgramSteps.java:853)
at ✽.Admin is on Program moduleKPPP(file:///C:/Users/banda/git/Team12_SeleniumHackathon/Team_12_LMS_Oct_2024/./src/test/resources/Features/03Program.feature:343)
]]>
    </failure>
  </testcase> <!-- runScenario -->
  <testcase classname="io.cucumber.testng.AbstractTestNGCucumberTests" name="runScenario" time="1.28">
    <failure type="org.openqa.selenium.ElementClickInterceptedException" message="element click intercepted: Element &amp;lt;span class=&amp;quot;p-paginator-icon pi pi-angle-left&amp;quot;&amp;gt;&amp;lt;/span&amp;gt; is not clickable at point (929, 625). Other element would receive the click: &amp;lt;div class=&amp;quot;cdk-overlay-backdrop cdk-overlay-transparent-backdrop cdk-overlay-backdrop-showing&amp;quot;&amp;gt;&amp;lt;/div&amp;gt;
  (Session info: chrome=130.0.6723.70)
Build info: version: &amp;apos;4.11.0&amp;apos;, revision: &amp;apos;040bc5406b&amp;apos;
System info: os.name: &amp;apos;Windows 11&amp;apos;, os.arch: &amp;apos;amd64&amp;apos;, os.version: &amp;apos;10.0&amp;apos;, java.version: &amp;apos;17.0.7&amp;apos;
Driver info: org.openqa.selenium.chrome.ChromeDriver
Command: [73ff715d4e9facfef584313e7cf941b6, clickElement {id=f.E574B401B2B9A599809FF0349E503009.d.DFCB77AF637203176CA20288FB03F304.e.385}]
Capabilities {acceptInsecureCerts: false, browserName: chrome, browserVersion: 130.0.6723.70, chrome: {chromedriverVersion: 130.0.6723.69 (3ec172b971b9..., userDataDir: C:\Users\banda\AppData\Loca...}, fedcm:accounts: true, goog:chromeOptions: {debuggerAddress: localhost:57362}, networkConnectionEnabled: false, pageLoadStrategy: normal, platformName: windows, proxy: Proxy(), se:cdp: ws://localhost:57362/devtoo..., se:cdpVersion: 130.0.6723.70, setWindowRect: true, strictFileInteractability: false, timeouts: {implicit: 0, pageLoad: 300000, script: 30000}, unhandledPromptBehavior: dismiss and notify, webauthn:extension:credBlob: true, webauthn:extension:largeBlob: true, webauthn:extension:minPinLength: true, webauthn:extension:prf: true, webauthn:virtualAuthenticators: true}
Element: [[ChromeDriver: chrome on windows (73ff715d4e9facfef584313e7cf941b6)] -&amp;gt; xpath: //span[@class=&amp;apos;p-paginator-icon pi pi-angle-left&amp;apos;]]
Session ID: 73ff715d4e9facfef584313e7cf941b6">
      <![CDATA[org.openqa.selenium.ElementClickInterceptedException: element click intercepted: Element <span class="p-paginator-icon pi pi-angle-left"></span> is not clickable at point (929, 625). Other element would receive the click: <div class="cdk-overlay-backdrop cdk-overlay-transparent-backdrop cdk-overlay-backdrop-showing"></div>
  (Session info: chrome=130.0.6723.70)
Build info: version: '4.11.0', revision: '040bc5406b'
System info: os.name: 'Windows 11', os.arch: 'amd64', os.version: '10.0', java.version: '17.0.7'
Driver info: org.openqa.selenium.chrome.ChromeDriver
Command: [73ff715d4e9facfef584313e7cf941b6, clickElement {id=f.E574B401B2B9A599809FF0349E503009.d.DFCB77AF637203176CA20288FB03F304.e.385}]
Capabilities {acceptInsecureCerts: false, browserName: chrome, browserVersion: 130.0.6723.70, chrome: {chromedriverVersion: 130.0.6723.69 (3ec172b971b9..., userDataDir: C:\Users\banda\AppData\Loca...}, fedcm:accounts: true, goog:chromeOptions: {debuggerAddress: localhost:57362}, networkConnectionEnabled: false, pageLoadStrategy: normal, platformName: windows, proxy: Proxy(), se:cdp: ws://localhost:57362/devtoo..., se:cdpVersion: 130.0.6723.70, setWindowRect: true, strictFileInteractability: false, timeouts: {implicit: 0, pageLoad: 300000, script: 30000}, unhandledPromptBehavior: dismiss and notify, webauthn:extension:credBlob: true, webauthn:extension:largeBlob: true, webauthn:extension:minPinLength: true, webauthn:extension:prf: true, webauthn:virtualAuthenticators: true}
Element: [[ChromeDriver: chrome on windows (73ff715d4e9facfef584313e7cf941b6)] -> xpath: //span[@class='p-paginator-icon pi pi-angle-left']]
Session ID: 73ff715d4e9facfef584313e7cf941b6
at java.base/jdk.internal.reflect.NativeConstructorAccessorImpl.newInstance0(Native Method)
at java.base/jdk.internal.reflect.NativeConstructorAccessorImpl.newInstance(NativeConstructorAccessorImpl.java:77)
at java.base/jdk.internal.reflect.DelegatingConstructorAccessorImpl.newInstance(DelegatingConstructorAccessorImpl.java:45)
at java.base/java.lang.reflect.Constructor.newInstanceWithCaller(Constructor.java:499)
at java.base/java.lang.reflect.Constructor.newInstance(Constructor.java:480)
at org.openqa.selenium.remote.codec.w3c.W3CHttpResponseCodec.createException(W3CHttpResponseCodec.java:200)
at org.openqa.selenium.remote.codec.w3c.W3CHttpResponseCodec.decode(W3CHttpResponseCodec.java:133)
at org.openqa.selenium.remote.codec.w3c.W3CHttpResponseCodec.decode(W3CHttpResponseCodec.java:52)
at org.openqa.selenium.remote.HttpCommandExecutor.execute(HttpCommandExecutor.java:191)
at org.openqa.selenium.remote.service.DriverCommandExecutor.invokeExecute(DriverCommandExecutor.java:196)
at org.openqa.selenium.remote.service.DriverCommandExecutor.execute(DriverCommandExecutor.java:171)
at org.openqa.selenium.remote.RemoteWebDriver.execute(RemoteWebDriver.java:518)
at org.openqa.selenium.remote.RemoteWebElement.execute(RemoteWebElement.java:224)
at org.openqa.selenium.remote.RemoteWebElement.click(RemoteWebElement.java:77)
at jdk.internal.reflect.GeneratedMethodAccessor159.invoke(Unknown Source)
at java.base/jdk.internal.reflect.DelegatingMethodAccessorImpl.invoke(DelegatingMethodAccessorImpl.java:43)
at java.base/java.lang.reflect.Method.invoke(Method.java:568)
at org.openqa.selenium.support.pagefactory.internal.LocatingElementHandler.invoke(LocatingElementHandler.java:51)
at jdk.proxy2/jdk.proxy2.$Proxy40.click(Unknown Source)
at pageObjectModel.ProgramPage.pageleft(ProgramPage.java:661)
at stepDefinition.ProgramSteps.admin_clicks_previous_page_link(ProgramSteps.java:906)
at ✽.Admin clicks Previous page link(file:///C:/Users/banda/git/Team12_SeleniumHackathon/Team_12_LMS_Oct_2024/./src/test/resources/Features/03Program.feature:349)
]]>
    </failure>
  </testcase> <!-- runScenario -->
  <testcase classname="io.cucumber.testng.AbstractTestNGCucumberTests" name="runScenario" time="1.297">
    <failure type="org.openqa.selenium.ElementClickInterceptedException" message="element click intercepted: Element &amp;lt;span class=&amp;quot;p-paginator-icon pi pi-angle-double-left&amp;quot;&amp;gt;&amp;lt;/span&amp;gt; is not clickable at point (887, 625). Other element would receive the click: &amp;lt;div class=&amp;quot;cdk-overlay-backdrop cdk-overlay-transparent-backdrop cdk-overlay-backdrop-showing&amp;quot;&amp;gt;&amp;lt;/div&amp;gt;
  (Session info: chrome=130.0.6723.70)
Build info: version: &amp;apos;4.11.0&amp;apos;, revision: &amp;apos;040bc5406b&amp;apos;
System info: os.name: &amp;apos;Windows 11&amp;apos;, os.arch: &amp;apos;amd64&amp;apos;, os.version: &amp;apos;10.0&amp;apos;, java.version: &amp;apos;17.0.7&amp;apos;
Driver info: org.openqa.selenium.chrome.ChromeDriver
Command: [73ff715d4e9facfef584313e7cf941b6, clickElement {id=f.E574B401B2B9A599809FF0349E503009.d.DFCB77AF637203176CA20288FB03F304.e.386}]
Capabilities {acceptInsecureCerts: false, browserName: chrome, browserVersion: 130.0.6723.70, chrome: {chromedriverVersion: 130.0.6723.69 (3ec172b971b9..., userDataDir: C:\Users\banda\AppData\Loca...}, fedcm:accounts: true, goog:chromeOptions: {debuggerAddress: localhost:57362}, networkConnectionEnabled: false, pageLoadStrategy: normal, platformName: windows, proxy: Proxy(), se:cdp: ws://localhost:57362/devtoo..., se:cdpVersion: 130.0.6723.70, setWindowRect: true, strictFileInteractability: false, timeouts: {implicit: 0, pageLoad: 300000, script: 30000}, unhandledPromptBehavior: dismiss and notify, webauthn:extension:credBlob: true, webauthn:extension:largeBlob: true, webauthn:extension:minPinLength: true, webauthn:extension:prf: true, webauthn:virtualAuthenticators: true}
Element: [[ChromeDriver: chrome on windows (73ff715d4e9facfef584313e7cf941b6)] -&amp;gt; xpath: //span[@class=&amp;apos;p-paginator-icon pi pi-angle-double-left&amp;apos;]]
Session ID: 73ff715d4e9facfef584313e7cf941b6">
      <![CDATA[org.openqa.selenium.ElementClickInterceptedException: element click intercepted: Element <span class="p-paginator-icon pi pi-angle-double-left"></span> is not clickable at point (887, 625). Other element would receive the click: <div class="cdk-overlay-backdrop cdk-overlay-transparent-backdrop cdk-overlay-backdrop-showing"></div>
  (Session info: chrome=130.0.6723.70)
Build info: version: '4.11.0', revision: '040bc5406b'
System info: os.name: 'Windows 11', os.arch: 'amd64', os.version: '10.0', java.version: '17.0.7'
Driver info: org.openqa.selenium.chrome.ChromeDriver
Command: [73ff715d4e9facfef584313e7cf941b6, clickElement {id=f.E574B401B2B9A599809FF0349E503009.d.DFCB77AF637203176CA20288FB03F304.e.386}]
Capabilities {acceptInsecureCerts: false, browserName: chrome, browserVersion: 130.0.6723.70, chrome: {chromedriverVersion: 130.0.6723.69 (3ec172b971b9..., userDataDir: C:\Users\banda\AppData\Loca...}, fedcm:accounts: true, goog:chromeOptions: {debuggerAddress: localhost:57362}, networkConnectionEnabled: false, pageLoadStrategy: normal, platformName: windows, proxy: Proxy(), se:cdp: ws://localhost:57362/devtoo..., se:cdpVersion: 130.0.6723.70, setWindowRect: true, strictFileInteractability: false, timeouts: {implicit: 0, pageLoad: 300000, script: 30000}, unhandledPromptBehavior: dismiss and notify, webauthn:extension:credBlob: true, webauthn:extension:largeBlob: true, webauthn:extension:minPinLength: true, webauthn:extension:prf: true, webauthn:virtualAuthenticators: true}
Element: [[ChromeDriver: chrome on windows (73ff715d4e9facfef584313e7cf941b6)] -> xpath: //span[@class='p-paginator-icon pi pi-angle-double-left']]
Session ID: 73ff715d4e9facfef584313e7cf941b6
at java.base/jdk.internal.reflect.NativeConstructorAccessorImpl.newInstance0(Native Method)
at java.base/jdk.internal.reflect.NativeConstructorAccessorImpl.newInstance(NativeConstructorAccessorImpl.java:77)
at java.base/jdk.internal.reflect.DelegatingConstructorAccessorImpl.newInstance(DelegatingConstructorAccessorImpl.java:45)
at java.base/java.lang.reflect.Constructor.newInstanceWithCaller(Constructor.java:499)
at java.base/java.lang.reflect.Constructor.newInstance(Constructor.java:480)
at org.openqa.selenium.remote.codec.w3c.W3CHttpResponseCodec.createException(W3CHttpResponseCodec.java:200)
at org.openqa.selenium.remote.codec.w3c.W3CHttpResponseCodec.decode(W3CHttpResponseCodec.java:133)
at org.openqa.selenium.remote.codec.w3c.W3CHttpResponseCodec.decode(W3CHttpResponseCodec.java:52)
at org.openqa.selenium.remote.HttpCommandExecutor.execute(HttpCommandExecutor.java:191)
at org.openqa.selenium.remote.service.DriverCommandExecutor.invokeExecute(DriverCommandExecutor.java:196)
at org.openqa.selenium.remote.service.DriverCommandExecutor.execute(DriverCommandExecutor.java:171)
at org.openqa.selenium.remote.RemoteWebDriver.execute(RemoteWebDriver.java:518)
at org.openqa.selenium.remote.RemoteWebElement.execute(RemoteWebElement.java:224)
at org.openqa.selenium.remote.RemoteWebElement.click(RemoteWebElement.java:77)
at jdk.internal.reflect.GeneratedMethodAccessor159.invoke(Unknown Source)
at java.base/jdk.internal.reflect.DelegatingMethodAccessorImpl.invoke(DelegatingMethodAccessorImpl.java:43)
at java.base/java.lang.reflect.Method.invoke(Method.java:568)
at org.openqa.selenium.support.pagefactory.internal.LocatingElementHandler.invoke(LocatingElementHandler.java:51)
at jdk.proxy2/jdk.proxy2.$Proxy40.click(Unknown Source)
at pageObjectModel.ProgramPage.pagedoubleleft(ProgramPage.java:668)
at stepDefinition.ProgramSteps.admin_clicks_first_page_link(ProgramSteps.java:933)
at ✽.Admin clicks First page link(file:///C:/Users/banda/git/Team12_SeleniumHackathon/Team_12_LMS_Oct_2024/./src/test/resources/Features/03Program.feature:354)
]]>
    </failure>
  </testcase> <!-- runScenario -->
  <testcase classname="io.cucumber.testng.AbstractTestNGCucumberTests" name="runScenario" time="1.296">
    <failure type="org.openqa.selenium.ElementClickInterceptedException" message="element click intercepted: Element &amp;lt;button _ngcontent-sdw-c227=&amp;quot;&amp;quot; aria-haspopup=&amp;quot;true&amp;quot; id=&amp;quot;program&amp;quot; mat-button=&amp;quot;&amp;quot; a=&amp;quot;&amp;quot; routerlink=&amp;quot;/program&amp;quot; class=&amp;quot;mat-focus-indicator mat-menu-trigger mat-button mat-button-base&amp;quot; tabindex=&amp;quot;0&amp;quot; ng-reflect-router-link=&amp;quot;/program&amp;quot; ng-reflect-menu=&amp;quot;[object Object]&amp;quot; aria-expanded=&amp;quot;true&amp;quot; aria-controls=&amp;quot;mat-menu-panel-0&amp;quot;&amp;gt;...&amp;lt;/button&amp;gt; is not clickable at point (1235, 32). Other element would receive the click: &amp;lt;div class=&amp;quot;cdk-overlay-backdrop cdk-overlay-transparent-backdrop cdk-overlay-backdrop-showing&amp;quot;&amp;gt;&amp;lt;/div&amp;gt;
  (Session info: chrome=130.0.6723.70)
Build info: version: &amp;apos;4.11.0&amp;apos;, revision: &amp;apos;040bc5406b&amp;apos;
System info: os.name: &amp;apos;Windows 11&amp;apos;, os.arch: &amp;apos;amd64&amp;apos;, os.version: &amp;apos;10.0&amp;apos;, java.version: &amp;apos;17.0.7&amp;apos;
Driver info: org.openqa.selenium.chrome.ChromeDriver
Command: [73ff715d4e9facfef584313e7cf941b6, clickElement {id=f.E574B401B2B9A599809FF0349E503009.d.DFCB77AF637203176CA20288FB03F304.e.358}]
Capabilities {acceptInsecureCerts: false, browserName: chrome, browserVersion: 130.0.6723.70, chrome: {chromedriverVersion: 130.0.6723.69 (3ec172b971b9..., userDataDir: C:\Users\banda\AppData\Loca...}, fedcm:accounts: true, goog:chromeOptions: {debuggerAddress: localhost:57362}, networkConnectionEnabled: false, pageLoadStrategy: normal, platformName: windows, proxy: Proxy(), se:cdp: ws://localhost:57362/devtoo..., se:cdpVersion: 130.0.6723.70, setWindowRect: true, strictFileInteractability: false, timeouts: {implicit: 0, pageLoad: 300000, script: 30000}, unhandledPromptBehavior: dismiss and notify, webauthn:extension:credBlob: true, webauthn:extension:largeBlob: true, webauthn:extension:minPinLength: true, webauthn:extension:prf: true, webauthn:virtualAuthenticators: true}
Element: [[ChromeDriver: chrome on windows (73ff715d4e9facfef584313e7cf941b6)] -&amp;gt; xpath: //button[@id=&amp;apos;program&amp;apos;]]
Session ID: 73ff715d4e9facfef584313e7cf941b6">
      <![CDATA[org.openqa.selenium.ElementClickInterceptedException: element click intercepted: Element <button _ngcontent-sdw-c227="" aria-haspopup="true" id="program" mat-button="" a="" routerlink="/program" class="mat-focus-indicator mat-menu-trigger mat-button mat-button-base" tabindex="0" ng-reflect-router-link="/program" ng-reflect-menu="[object Object]" aria-expanded="true" aria-controls="mat-menu-panel-0">...</button> is not clickable at point (1235, 32). Other element would receive the click: <div class="cdk-overlay-backdrop cdk-overlay-transparent-backdrop cdk-overlay-backdrop-showing"></div>
  (Session info: chrome=130.0.6723.70)
Build info: version: '4.11.0', revision: '040bc5406b'
System info: os.name: 'Windows 11', os.arch: 'amd64', os.version: '10.0', java.version: '17.0.7'
Driver info: org.openqa.selenium.chrome.ChromeDriver
Command: [73ff715d4e9facfef584313e7cf941b6, clickElement {id=f.E574B401B2B9A599809FF0349E503009.d.DFCB77AF637203176CA20288FB03F304.e.358}]
Capabilities {acceptInsecureCerts: false, browserName: chrome, browserVersion: 130.0.6723.70, chrome: {chromedriverVersion: 130.0.6723.69 (3ec172b971b9..., userDataDir: C:\Users\banda\AppData\Loca...}, fedcm:accounts: true, goog:chromeOptions: {debuggerAddress: localhost:57362}, networkConnectionEnabled: false, pageLoadStrategy: normal, platformName: windows, proxy: Proxy(), se:cdp: ws://localhost:57362/devtoo..., se:cdpVersion: 130.0.6723.70, setWindowRect: true, strictFileInteractability: false, timeouts: {implicit: 0, pageLoad: 300000, script: 30000}, unhandledPromptBehavior: dismiss and notify, webauthn:extension:credBlob: true, webauthn:extension:largeBlob: true, webauthn:extension:minPinLength: true, webauthn:extension:prf: true, webauthn:virtualAuthenticators: true}
Element: [[ChromeDriver: chrome on windows (73ff715d4e9facfef584313e7cf941b6)] -> xpath: //button[@id='program']]
Session ID: 73ff715d4e9facfef584313e7cf941b6
at java.base/jdk.internal.reflect.NativeConstructorAccessorImpl.newInstance0(Native Method)
at java.base/jdk.internal.reflect.NativeConstructorAccessorImpl.newInstance(NativeConstructorAccessorImpl.java:77)
at java.base/jdk.internal.reflect.DelegatingConstructorAccessorImpl.newInstance(DelegatingConstructorAccessorImpl.java:45)
at java.base/java.lang.reflect.Constructor.newInstanceWithCaller(Constructor.java:499)
at java.base/java.lang.reflect.Constructor.newInstance(Constructor.java:480)
at org.openqa.selenium.remote.codec.w3c.W3CHttpResponseCodec.createException(W3CHttpResponseCodec.java:200)
at org.openqa.selenium.remote.codec.w3c.W3CHttpResponseCodec.decode(W3CHttpResponseCodec.java:133)
at org.openqa.selenium.remote.codec.w3c.W3CHttpResponseCodec.decode(W3CHttpResponseCodec.java:52)
at org.openqa.selenium.remote.HttpCommandExecutor.execute(HttpCommandExecutor.java:191)
at org.openqa.selenium.remote.service.DriverCommandExecutor.invokeExecute(DriverCommandExecutor.java:196)
at org.openqa.selenium.remote.service.DriverCommandExecutor.execute(DriverCommandExecutor.java:171)
at org.openqa.selenium.remote.RemoteWebDriver.execute(RemoteWebDriver.java:518)
at org.openqa.selenium.remote.RemoteWebElement.execute(RemoteWebElement.java:224)
at org.openqa.selenium.remote.RemoteWebElement.click(RemoteWebElement.java:77)
at jdk.internal.reflect.GeneratedMethodAccessor159.invoke(Unknown Source)
at java.base/jdk.internal.reflect.DelegatingMethodAccessorImpl.invoke(DelegatingMethodAccessorImpl.java:43)
at java.base/java.lang.reflect.Method.invoke(Method.java:568)
at org.openqa.selenium.support.pagefactory.internal.LocatingElementHandler.invoke(LocatingElementHandler.java:51)
at jdk.proxy2/jdk.proxy2.$Proxy40.click(Unknown Source)
at pageObjectModel.ProgramPage.Programmodule(ProgramPage.java:469)
at stepDefinition.ProgramSteps.admin_is_on_dashboard_page_after_login(ProgramSteps.java:952)
at ✽.Admin is on dashboard page after Login(file:///C:/Users/banda/git/Team12_SeleniumHackathon/Team_12_LMS_Oct_2024/./src/test/resources/Features/03Program.feature:358)
]]>
    </failure>
  </testcase> <!-- runScenario -->
  <testcase classname="io.cucumber.testng.AbstractTestNGCucumberTests" name="runScenario" time="1.251">
    <failure type="org.openqa.selenium.ElementClickInterceptedException" message="element click intercepted: Element &amp;lt;button _ngcontent-sdw-c227=&amp;quot;&amp;quot; aria-haspopup=&amp;quot;true&amp;quot; id=&amp;quot;program&amp;quot; mat-button=&amp;quot;&amp;quot; a=&amp;quot;&amp;quot; routerlink=&amp;quot;/program&amp;quot; class=&amp;quot;mat-focus-indicator mat-menu-trigger mat-button mat-button-base&amp;quot; tabindex=&amp;quot;0&amp;quot; ng-reflect-router-link=&amp;quot;/program&amp;quot; ng-reflect-menu=&amp;quot;[object Object]&amp;quot; aria-expanded=&amp;quot;true&amp;quot; aria-controls=&amp;quot;mat-menu-panel-0&amp;quot;&amp;gt;...&amp;lt;/button&amp;gt; is not clickable at point (1235, 32). Other element would receive the click: &amp;lt;div class=&amp;quot;cdk-overlay-backdrop cdk-overlay-transparent-backdrop cdk-overlay-backdrop-showing&amp;quot;&amp;gt;&amp;lt;/div&amp;gt;
  (Session info: chrome=130.0.6723.70)
Build info: version: &amp;apos;4.11.0&amp;apos;, revision: &amp;apos;040bc5406b&amp;apos;
System info: os.name: &amp;apos;Windows 11&amp;apos;, os.arch: &amp;apos;amd64&amp;apos;, os.version: &amp;apos;10.0&amp;apos;, java.version: &amp;apos;17.0.7&amp;apos;
Driver info: org.openqa.selenium.chrome.ChromeDriver
Command: [73ff715d4e9facfef584313e7cf941b6, clickElement {id=f.E574B401B2B9A599809FF0349E503009.d.DFCB77AF637203176CA20288FB03F304.e.358}]
Capabilities {acceptInsecureCerts: false, browserName: chrome, browserVersion: 130.0.6723.70, chrome: {chromedriverVersion: 130.0.6723.69 (3ec172b971b9..., userDataDir: C:\Users\banda\AppData\Loca...}, fedcm:accounts: true, goog:chromeOptions: {debuggerAddress: localhost:57362}, networkConnectionEnabled: false, pageLoadStrategy: normal, platformName: windows, proxy: Proxy(), se:cdp: ws://localhost:57362/devtoo..., se:cdpVersion: 130.0.6723.70, setWindowRect: true, strictFileInteractability: false, timeouts: {implicit: 0, pageLoad: 300000, script: 30000}, unhandledPromptBehavior: dismiss and notify, webauthn:extension:credBlob: true, webauthn:extension:largeBlob: true, webauthn:extension:minPinLength: true, webauthn:extension:prf: true, webauthn:virtualAuthenticators: true}
Element: [[ChromeDriver: chrome on windows (73ff715d4e9facfef584313e7cf941b6)] -&amp;gt; xpath: //button[@id=&amp;apos;program&amp;apos;]]
Session ID: 73ff715d4e9facfef584313e7cf941b6">
      <![CDATA[org.openqa.selenium.ElementClickInterceptedException: element click intercepted: Element <button _ngcontent-sdw-c227="" aria-haspopup="true" id="program" mat-button="" a="" routerlink="/program" class="mat-focus-indicator mat-menu-trigger mat-button mat-button-base" tabindex="0" ng-reflect-router-link="/program" ng-reflect-menu="[object Object]" aria-expanded="true" aria-controls="mat-menu-panel-0">...</button> is not clickable at point (1235, 32). Other element would receive the click: <div class="cdk-overlay-backdrop cdk-overlay-transparent-backdrop cdk-overlay-backdrop-showing"></div>
  (Session info: chrome=130.0.6723.70)
Build info: version: '4.11.0', revision: '040bc5406b'
System info: os.name: 'Windows 11', os.arch: 'amd64', os.version: '10.0', java.version: '17.0.7'
Driver info: org.openqa.selenium.chrome.ChromeDriver
Command: [73ff715d4e9facfef584313e7cf941b6, clickElement {id=f.E574B401B2B9A599809FF0349E503009.d.DFCB77AF637203176CA20288FB03F304.e.358}]
Capabilities {acceptInsecureCerts: false, browserName: chrome, browserVersion: 130.0.6723.70, chrome: {chromedriverVersion: 130.0.6723.69 (3ec172b971b9..., userDataDir: C:\Users\banda\AppData\Loca...}, fedcm:accounts: true, goog:chromeOptions: {debuggerAddress: localhost:57362}, networkConnectionEnabled: false, pageLoadStrategy: normal, platformName: windows, proxy: Proxy(), se:cdp: ws://localhost:57362/devtoo..., se:cdpVersion: 130.0.6723.70, setWindowRect: true, strictFileInteractability: false, timeouts: {implicit: 0, pageLoad: 300000, script: 30000}, unhandledPromptBehavior: dismiss and notify, webauthn:extension:credBlob: true, webauthn:extension:largeBlob: true, webauthn:extension:minPinLength: true, webauthn:extension:prf: true, webauthn:virtualAuthenticators: true}
Element: [[ChromeDriver: chrome on windows (73ff715d4e9facfef584313e7cf941b6)] -> xpath: //button[@id='program']]
Session ID: 73ff715d4e9facfef584313e7cf941b6
at java.base/jdk.internal.reflect.NativeConstructorAccessorImpl.newInstance0(Native Method)
at java.base/jdk.internal.reflect.NativeConstructorAccessorImpl.newInstance(NativeConstructorAccessorImpl.java:77)
at java.base/jdk.internal.reflect.DelegatingConstructorAccessorImpl.newInstance(DelegatingConstructorAccessorImpl.java:45)
at java.base/java.lang.reflect.Constructor.newInstanceWithCaller(Constructor.java:499)
at java.base/java.lang.reflect.Constructor.newInstance(Constructor.java:480)
at org.openqa.selenium.remote.codec.w3c.W3CHttpResponseCodec.createException(W3CHttpResponseCodec.java:200)
at org.openqa.selenium.remote.codec.w3c.W3CHttpResponseCodec.decode(W3CHttpResponseCodec.java:133)
at org.openqa.selenium.remote.codec.w3c.W3CHttpResponseCodec.decode(W3CHttpResponseCodec.java:52)
at org.openqa.selenium.remote.HttpCommandExecutor.execute(HttpCommandExecutor.java:191)
at org.openqa.selenium.remote.service.DriverCommandExecutor.invokeExecute(DriverCommandExecutor.java:196)
at org.openqa.selenium.remote.service.DriverCommandExecutor.execute(DriverCommandExecutor.java:171)
at org.openqa.selenium.remote.RemoteWebDriver.execute(RemoteWebDriver.java:518)
at org.openqa.selenium.remote.RemoteWebElement.execute(RemoteWebElement.java:224)
at org.openqa.selenium.remote.RemoteWebElement.click(RemoteWebElement.java:77)
at jdk.internal.reflect.GeneratedMethodAccessor159.invoke(Unknown Source)
at java.base/jdk.internal.reflect.DelegatingMethodAccessorImpl.invoke(DelegatingMethodAccessorImpl.java:43)
at java.base/java.lang.reflect.Method.invoke(Method.java:568)
at org.openqa.selenium.support.pagefactory.internal.LocatingElementHandler.invoke(LocatingElementHandler.java:51)
at jdk.proxy2/jdk.proxy2.$Proxy40.click(Unknown Source)
at pageObjectModel.ProgramPage.Programmodule(ProgramPage.java:469)
at stepDefinition.ProgramSteps.admin_is_on_dashboard_page_after_login(ProgramSteps.java:952)
at ✽.Admin is on dashboard page after Login(file:///C:/Users/banda/git/Team12_SeleniumHackathon/Team_12_LMS_Oct_2024/./src/test/resources/Features/03Program.feature:363)
]]>
    </failure>
  </testcase> <!-- runScenario -->
  <testcase classname="io.cucumber.testng.AbstractTestNGCucumberTests" name="runScenario" time="1.236"/>
  <testcase classname="io.cucumber.testng.AbstractTestNGCucumberTests" name="runScenario" time="1.071">
    <failure type="io.cucumber.testng.UndefinedStepException" message="The step &amp;apos;Admin should see the LMS-LearningManagementSystem Title&amp;apos; is undefined.
You can implement this step using the snippet(s) below:

@Then(&amp;quot;Admin should see the LMS-LearningManagementSystem Title&amp;quot;)
public void admin_should_see_the_lms_learning_management_system_title() {
    // Write code here that turns the phrase above into concrete actions
    throw new io.cucumber.java.PendingException();
}
">
      <![CDATA[io.cucumber.testng.UndefinedStepException: The step 'Admin should see the LMS-LearningManagementSystem Title' is undefined.
You can implement this step using the snippet(s) below:

@Then("Admin should see the LMS-LearningManagementSystem Title")
public void admin_should_see_the_lms_learning_management_system_title() {
    // Write code here that turns the phrase above into concrete actions
    throw new io.cucumber.java.PendingException();
}

at io.cucumber.core.runtime.TestCaseResultObserver.assertTestCasePassed(TestCaseResultObserver.java:69)
at io.cucumber.testng.TestCaseResultObserver.assertTestCasePassed(TestCaseResultObserver.java:23)
at io.cucumber.testng.TestNGCucumberRunner.lambda$runScenario$1(TestNGCucumberRunner.java:133)
at io.cucumber.core.runtime.CucumberExecutionContext.lambda$runTestCase$5(CucumberExecutionContext.java:130)
at io.cucumber.core.runtime.RethrowingThrowableCollector.executeAndThrow(RethrowingThrowableCollector.java:23)
at io.cucumber.core.runtime.CucumberExecutionContext.runTestCase(CucumberExecutionContext.java:130)
at io.cucumber.testng.TestNGCucumberRunner.runScenario(TestNGCucumberRunner.java:129)
at io.cucumber.testng.AbstractTestNGCucumberTests.runScenario(AbstractTestNGCucumberTests.java:35)
at jdk.internal.reflect.GeneratedMethodAccessor155.invoke(Unknown Source)
at java.base/jdk.internal.reflect.DelegatingMethodAccessorImpl.invoke(DelegatingMethodAccessorImpl.java:43)
at java.base/java.lang.reflect.Method.invoke(Method.java:568)
at org.testng.internal.invokers.MethodInvocationHelper.invokeMethod(MethodInvocationHelper.java:139)
at org.testng.internal.invokers.TestInvoker.invokeMethod(TestInvoker.java:677)
at org.testng.internal.invokers.TestInvoker.invokeTestMethod(TestInvoker.java:221)
at org.testng.internal.invokers.MethodRunner.runInSequence(MethodRunner.java:50)
at org.testng.internal.invokers.TestInvoker$MethodInvocationAgent.invoke(TestInvoker.java:969)
at org.testng.internal.invokers.TestInvoker.invokeTestMethods(TestInvoker.java:194)
at org.testng.internal.invokers.TestMethodWorker.invokeTestMethods(TestMethodWorker.java:148)
at org.testng.internal.invokers.TestMethodWorker.run(TestMethodWorker.java:128)
at java.base/java.util.ArrayList.forEach(ArrayList.java:1511)
at org.testng.TestRunner.privateRun(TestRunner.java:829)
at org.testng.TestRunner.run(TestRunner.java:602)
at org.testng.SuiteRunner.runTest(SuiteRunner.java:437)
at org.testng.SuiteRunner.runSequentially(SuiteRunner.java:431)
at org.testng.SuiteRunner.privateRun(SuiteRunner.java:391)
at org.testng.SuiteRunner.run(SuiteRunner.java:330)
at org.testng.SuiteRunnerWorker.runSuite(SuiteRunnerWorker.java:52)
at org.testng.SuiteRunnerWorker.run(SuiteRunnerWorker.java:95)
at org.testng.TestNG.runSuitesSequentially(TestNG.java:1256)
at org.testng.TestNG.runSuitesLocally(TestNG.java:1176)
at org.testng.TestNG.runSuites(TestNG.java:1099)
at org.testng.TestNG.run(TestNG.java:1067)
at org.testng.remote.AbstractRemoteTestNG.run(AbstractRemoteTestNG.java:115)
at org.testng.remote.RemoteTestNG.initAndRun(RemoteTestNG.java:293)
at org.testng.remote.RemoteTestNG.main(RemoteTestNG.java:91)
]]>
    </failure>
  </testcase> <!-- runScenario -->
  <testcase classname="io.cucumber.testng.AbstractTestNGCucumberTests" name="runScenario" time="1.047">
    <failure type="io.cucumber.testng.UndefinedStepException" message="The step &amp;apos;Admin should see the Manage Batch Heading&amp;apos; is undefined.
You can implement this step using the snippet(s) below:

@Then(&amp;quot;Admin should see the Manage Batch Heading&amp;quot;)
public void admin_should_see_the_manage_batch_heading() {
    // Write code here that turns the phrase above into concrete actions
    throw new io.cucumber.java.PendingException();
}
">
      <![CDATA[io.cucumber.testng.UndefinedStepException: The step 'Admin should see the Manage Batch Heading' is undefined.
You can implement this step using the snippet(s) below:

@Then("Admin should see the Manage Batch Heading")
public void admin_should_see_the_manage_batch_heading() {
    // Write code here that turns the phrase above into concrete actions
    throw new io.cucumber.java.PendingException();
}

at io.cucumber.core.runtime.TestCaseResultObserver.assertTestCasePassed(TestCaseResultObserver.java:69)
at io.cucumber.testng.TestCaseResultObserver.assertTestCasePassed(TestCaseResultObserver.java:23)
at io.cucumber.testng.TestNGCucumberRunner.lambda$runScenario$1(TestNGCucumberRunner.java:133)
at io.cucumber.core.runtime.CucumberExecutionContext.lambda$runTestCase$5(CucumberExecutionContext.java:130)
at io.cucumber.core.runtime.RethrowingThrowableCollector.executeAndThrow(RethrowingThrowableCollector.java:23)
at io.cucumber.core.runtime.CucumberExecutionContext.runTestCase(CucumberExecutionContext.java:130)
at io.cucumber.testng.TestNGCucumberRunner.runScenario(TestNGCucumberRunner.java:129)
at io.cucumber.testng.AbstractTestNGCucumberTests.runScenario(AbstractTestNGCucumberTests.java:35)
at jdk.internal.reflect.GeneratedMethodAccessor155.invoke(Unknown Source)
at java.base/jdk.internal.reflect.DelegatingMethodAccessorImpl.invoke(DelegatingMethodAccessorImpl.java:43)
at java.base/java.lang.reflect.Method.invoke(Method.java:568)
at org.testng.internal.invokers.MethodInvocationHelper.invokeMethod(MethodInvocationHelper.java:139)
at org.testng.internal.invokers.TestInvoker.invokeMethod(TestInvoker.java:677)
at org.testng.internal.invokers.TestInvoker.invokeTestMethod(TestInvoker.java:221)
at org.testng.internal.invokers.MethodRunner.runInSequence(MethodRunner.java:50)
at org.testng.internal.invokers.TestInvoker$MethodInvocationAgent.invoke(TestInvoker.java:969)
at org.testng.internal.invokers.TestInvoker.invokeTestMethods(TestInvoker.java:194)
at org.testng.internal.invokers.TestMethodWorker.invokeTestMethods(TestMethodWorker.java:148)
at org.testng.internal.invokers.TestMethodWorker.run(TestMethodWorker.java:128)
at java.base/java.util.ArrayList.forEach(ArrayList.java:1511)
at org.testng.TestRunner.privateRun(TestRunner.java:829)
at org.testng.TestRunner.run(TestRunner.java:602)
at org.testng.SuiteRunner.runTest(SuiteRunner.java:437)
at org.testng.SuiteRunner.runSequentially(SuiteRunner.java:431)
at org.testng.SuiteRunner.privateRun(SuiteRunner.java:391)
at org.testng.SuiteRunner.run(SuiteRunner.java:330)
at org.testng.SuiteRunnerWorker.runSuite(SuiteRunnerWorker.java:52)
at org.testng.SuiteRunnerWorker.run(SuiteRunnerWorker.java:95)
at org.testng.TestNG.runSuitesSequentially(TestNG.java:1256)
at org.testng.TestNG.runSuitesLocally(TestNG.java:1176)
at org.testng.TestNG.runSuites(TestNG.java:1099)
at org.testng.TestNG.run(TestNG.java:1067)
at org.testng.remote.AbstractRemoteTestNG.run(AbstractRemoteTestNG.java:115)
at org.testng.remote.RemoteTestNG.initAndRun(RemoteTestNG.java:293)
at org.testng.remote.RemoteTestNG.main(RemoteTestNG.java:91)
]]>
    </failure>
  </testcase> <!-- runScenario -->
  <testcase classname="io.cucumber.testng.AbstractTestNGCucumberTests" name="runScenario" time="1.024">
    <failure type="io.cucumber.testng.UndefinedStepException" message="The step &amp;apos;Admin should see the disabled Delete Icon under the header&amp;apos; is undefined.
You can implement this step using the snippet(s) below:

@Then(&amp;quot;Admin should see the disabled Delete Icon under the header&amp;quot;)
public void admin_should_see_the_disabled_delete_icon_under_the_header() {
    // Write code here that turns the phrase above into concrete actions
    throw new io.cucumber.java.PendingException();
}
">
      <![CDATA[io.cucumber.testng.UndefinedStepException: The step 'Admin should see the disabled Delete Icon under the header' is undefined.
You can implement this step using the snippet(s) below:

@Then("Admin should see the disabled Delete Icon under the header")
public void admin_should_see_the_disabled_delete_icon_under_the_header() {
    // Write code here that turns the phrase above into concrete actions
    throw new io.cucumber.java.PendingException();
}

at io.cucumber.core.runtime.TestCaseResultObserver.assertTestCasePassed(TestCaseResultObserver.java:69)
at io.cucumber.testng.TestCaseResultObserver.assertTestCasePassed(TestCaseResultObserver.java:23)
at io.cucumber.testng.TestNGCucumberRunner.lambda$runScenario$1(TestNGCucumberRunner.java:133)
at io.cucumber.core.runtime.CucumberExecutionContext.lambda$runTestCase$5(CucumberExecutionContext.java:130)
at io.cucumber.core.runtime.RethrowingThrowableCollector.executeAndThrow(RethrowingThrowableCollector.java:23)
at io.cucumber.core.runtime.CucumberExecutionContext.runTestCase(CucumberExecutionContext.java:130)
at io.cucumber.testng.TestNGCucumberRunner.runScenario(TestNGCucumberRunner.java:129)
at io.cucumber.testng.AbstractTestNGCucumberTests.runScenario(AbstractTestNGCucumberTests.java:35)
at jdk.internal.reflect.GeneratedMethodAccessor155.invoke(Unknown Source)
at java.base/jdk.internal.reflect.DelegatingMethodAccessorImpl.invoke(DelegatingMethodAccessorImpl.java:43)
at java.base/java.lang.reflect.Method.invoke(Method.java:568)
at org.testng.internal.invokers.MethodInvocationHelper.invokeMethod(MethodInvocationHelper.java:139)
at org.testng.internal.invokers.TestInvoker.invokeMethod(TestInvoker.java:677)
at org.testng.internal.invokers.TestInvoker.invokeTestMethod(TestInvoker.java:221)
at org.testng.internal.invokers.MethodRunner.runInSequence(MethodRunner.java:50)
at org.testng.internal.invokers.TestInvoker$MethodInvocationAgent.invoke(TestInvoker.java:969)
at org.testng.internal.invokers.TestInvoker.invokeTestMethods(TestInvoker.java:194)
at org.testng.internal.invokers.TestMethodWorker.invokeTestMethods(TestMethodWorker.java:148)
at org.testng.internal.invokers.TestMethodWorker.run(TestMethodWorker.java:128)
at java.base/java.util.ArrayList.forEach(ArrayList.java:1511)
at org.testng.TestRunner.privateRun(TestRunner.java:829)
at org.testng.TestRunner.run(TestRunner.java:602)
at org.testng.SuiteRunner.runTest(SuiteRunner.java:437)
at org.testng.SuiteRunner.runSequentially(SuiteRunner.java:431)
at org.testng.SuiteRunner.privateRun(SuiteRunner.java:391)
at org.testng.SuiteRunner.run(SuiteRunner.java:330)
at org.testng.SuiteRunnerWorker.runSuite(SuiteRunnerWorker.java:52)
at org.testng.SuiteRunnerWorker.run(SuiteRunnerWorker.java:95)
at org.testng.TestNG.runSuitesSequentially(TestNG.java:1256)
at org.testng.TestNG.runSuitesLocally(TestNG.java:1176)
at org.testng.TestNG.runSuites(TestNG.java:1099)
at org.testng.TestNG.run(TestNG.java:1067)
at org.testng.remote.AbstractRemoteTestNG.run(AbstractRemoteTestNG.java:115)
at org.testng.remote.RemoteTestNG.initAndRun(RemoteTestNG.java:293)
at org.testng.remote.RemoteTestNG.main(RemoteTestNG.java:91)
]]>
    </failure>
  </testcase> <!-- runScenario -->
  <testcase classname="io.cucumber.testng.AbstractTestNGCucumberTests" name="runScenario" time="1.398">
    <failure type="io.cucumber.java.PendingException" message="TODO: implement me">
      <![CDATA[io.cucumber.java.PendingException: TODO: implement me
at stepDefinition.BatchSteps.admin_should_see_the_enabled_pagination_controls_under_the_datatable(BatchSteps.java:59)
at ✽.Admin should see the enabled pagination controls under the datatable(file:///C:/Users/banda/git/Team12_SeleniumHackathon/Team_12_LMS_Oct_2024/./src/test/resources/Features/04Batch.feature:27)
]]>
    </failure>
  </testcase> <!-- runScenario -->
  <testcase classname="io.cucumber.testng.AbstractTestNGCucumberTests" name="runScenario" time="1.246">
    <failure type="io.cucumber.java.PendingException" message="TODO: implement me">
      <![CDATA[io.cucumber.java.PendingException: TODO: implement me
at stepDefinition.BatchSteps.admin_should_see_the_edit_icon_in_each_row(BatchSteps.java:65)
at ✽.Admin should see the edit icon in each row(file:///C:/Users/banda/git/Team12_SeleniumHackathon/Team_12_LMS_Oct_2024/./src/test/resources/Features/04Batch.feature:33)
]]>
    </failure>
  </testcase> <!-- runScenario -->
  <testcase classname="io.cucumber.testng.AbstractTestNGCucumberTests" name="runScenario" time="1.317">
    <failure type="io.cucumber.java.PendingException" message="TODO: implement me">
      <![CDATA[io.cucumber.java.PendingException: TODO: implement me
at stepDefinition.BatchSteps.admin_should_see_the_delete_icon_in_each_row(BatchSteps.java:71)
at ✽.Admin should see the delete icon in each row(file:///C:/Users/banda/git/Team12_SeleniumHackathon/Team_12_LMS_Oct_2024/./src/test/resources/Features/04Batch.feature:38)
]]>
    </failure>
  </testcase> <!-- runScenario -->
  <testcase classname="io.cucumber.testng.AbstractTestNGCucumberTests" name="runScenario" time="1.551">
    <failure type="io.cucumber.java.PendingException" message="TODO: implement me">
      <![CDATA[io.cucumber.java.PendingException: TODO: implement me
at stepDefinition.BatchSteps.admin_should_the_checkbox_in_each_row(BatchSteps.java:77)
at ✽.Admin should the checkbox in each row(file:///C:/Users/banda/git/Team12_SeleniumHackathon/Team_12_LMS_Oct_2024/./src/test/resources/Features/04Batch.feature:43)
]]>
    </failure>
  </testcase> <!-- runScenario -->
  <testcase classname="io.cucumber.testng.AbstractTestNGCucumberTests" name="runScenario" time="1.536">
    <failure type="io.cucumber.java.PendingException" message="TODO: implement me">
      <![CDATA[io.cucumber.java.PendingException: TODO: implement me
at stepDefinition.BatchSteps.admin_should_see_the_datatable_headers_batch_name_batch_description_batch_status_no_of_classes_program_name_edit_delete(BatchSteps.java:83)
at ✽.Admin should see the datatable headers Batch name, Batch Description,Batch Status, No Of classes, Program Name, Edit/Delete(file:///C:/Users/banda/git/Team12_SeleniumHackathon/Team_12_LMS_Oct_2024/./src/test/resources/Features/04Batch.feature:48)
]]>
    </failure>
  </testcase> <!-- runScenario -->
  <testcase classname="io.cucumber.testng.AbstractTestNGCucumberTests" name="runScenario" time="1.308">
    <failure type="io.cucumber.java.PendingException" message="TODO: implement me">
      <![CDATA[io.cucumber.java.PendingException: TODO: implement me
at stepDefinition.BatchSteps.admin_should_see_the_checkbox_in_the_datatable_header_row(BatchSteps.java:89)
at ✽.Admin should see the checkbox in the datatable header row(file:///C:/Users/banda/git/Team12_SeleniumHackathon/Team_12_LMS_Oct_2024/./src/test/resources/Features/04Batch.feature:53)
]]>
    </failure>
  </testcase> <!-- runScenario -->
  <testcase classname="io.cucumber.testng.AbstractTestNGCucumberTests" name="runScenario" time="1.235">
    <failure type="io.cucumber.java.PendingException" message="TODO: implement me">
      <![CDATA[io.cucumber.java.PendingException: TODO: implement me
at stepDefinition.BatchSteps.admin_should_see_the_sort_icon_next_to_all_datatable_headers(BatchSteps.java:95)
at ✽.Admin should see the sort icon next to all Datatable headers(file:///C:/Users/banda/git/Team12_SeleniumHackathon/Team_12_LMS_Oct_2024/./src/test/resources/Features/04Batch.feature:57)
]]>
    </failure>
  </testcase> <!-- runScenario -->
  <testcase classname="io.cucumber.testng.AbstractTestNGCucumberTests" name="runScenario" time="1.25">
    <failure type="io.cucumber.java.PendingException" message="TODO: implement me">
      <![CDATA[io.cucumber.java.PendingException: TODO: implement me
at stepDefinition.BatchSteps.admin_is_on_batch_page(BatchSteps.java:101)
at ✽.Admin is on batch page(file:///C:/Users/banda/git/Team12_SeleniumHackathon/Team_12_LMS_Oct_2024/./src/test/resources/Features/04Batch.feature:60)
]]>
    </failure>
  </testcase> <!-- runScenario -->
  <testcase classname="io.cucumber.testng.AbstractTestNGCucumberTests" name="runScenario" time="1.393">
    <failure type="io.cucumber.java.PendingException" message="TODO: implement me">
      <![CDATA[io.cucumber.java.PendingException: TODO: implement me
at stepDefinition.BatchSteps.admin_is_on_the_dashboard_page(BatchSteps.java:119)
at ✽.Admin is on the Dashboard page(file:///C:/Users/banda/git/Team12_SeleniumHackathon/Team_12_LMS_Oct_2024/./src/test/resources/Features/04Batch.feature:65)
]]>
    </failure>
  </testcase> <!-- runScenario -->
  <testcase classname="io.cucumber.testng.AbstractTestNGCucumberTests" name="runScenario" time="1.111">
    <failure type="io.cucumber.java.PendingException" message="TODO: implement me">
      <![CDATA[io.cucumber.java.PendingException: TODO: implement me
at stepDefinition.BatchSteps.admin_is_on_the_batch_details_pop_up_w_indow(BatchSteps.java:136)
at ✽.Admin is on the Batch Details Pop Up WIndow(file:///C:/Users/banda/git/Team12_SeleniumHackathon/Team_12_LMS_Oct_2024/./src/test/resources/Features/04Batch.feature:71)
]]>
    </failure>
  </testcase> <!-- runScenario -->
  <testcase classname="io.cucumber.testng.AbstractTestNGCucumberTests" name="runScenario" time="1.238">
    <failure type="io.cucumber.java.PendingException" message="TODO: implement me">
      <![CDATA[io.cucumber.java.PendingException: TODO: implement me
at stepDefinition.BatchSteps.admin_is_on_the_batch_details_pop_up_w_indow(BatchSteps.java:136)
at ✽.Admin is on the Batch Details Pop Up WIndow(file:///C:/Users/banda/git/Team12_SeleniumHackathon/Team_12_LMS_Oct_2024/./src/test/resources/Features/04Batch.feature:76)
]]>
    </failure>
  </testcase> <!-- runScenario -->
  <testcase classname="io.cucumber.testng.AbstractTestNGCucumberTests" name="runScenario" time="1.473">
    <failure type="io.cucumber.java.PendingException" message="TODO: implement me">
      <![CDATA[io.cucumber.java.PendingException: TODO: implement me
at stepDefinition.BatchSteps.admin_is_on_the_batch_details_pop_up_w_indow(BatchSteps.java:136)
at ✽.Admin is on the Batch Details Pop Up WIndow(file:///C:/Users/banda/git/Team12_SeleniumHackathon/Team_12_LMS_Oct_2024/./src/test/resources/Features/04Batch.feature:81)
]]>
    </failure>
  </testcase> <!-- runScenario -->
  <testcase classname="io.cucumber.testng.AbstractTestNGCucumberTests" name="runScenario" time="1.344">
    <failure type="io.cucumber.java.PendingException" message="TODO: implement me">
      <![CDATA[io.cucumber.java.PendingException: TODO: implement me
at stepDefinition.BatchSteps.admin_is_on_the_batch_details_pop_up_w_indow(BatchSteps.java:136)
at ✽.Admin is on the Batch Details Pop Up WIndow(file:///C:/Users/banda/git/Team12_SeleniumHackathon/Team_12_LMS_Oct_2024/./src/test/resources/Features/04Batch.feature:86)
]]>
    </failure>
  </testcase> <!-- runScenario -->
  <testcase classname="io.cucumber.testng.AbstractTestNGCucumberTests" name="runScenario" time="1.318">
    <failure type="io.cucumber.java.PendingException" message="TODO: implement me">
      <![CDATA[io.cucumber.java.PendingException: TODO: implement me
at stepDefinition.BatchSteps.admin_is_on_the_batch_details_pop_up_w_indow(BatchSteps.java:136)
at ✽.Admin is on the Batch Details Pop Up WIndow(file:///C:/Users/banda/git/Team12_SeleniumHackathon/Team_12_LMS_Oct_2024/./src/test/resources/Features/04Batch.feature:91)
]]>
    </failure>
  </testcase> <!-- runScenario -->
  <testcase classname="io.cucumber.testng.AbstractTestNGCucumberTests" name="runScenario" time="1.234">
    <failure type="io.cucumber.java.PendingException" message="TODO: implement me">
      <![CDATA[io.cucumber.java.PendingException: TODO: implement me
at stepDefinition.BatchSteps.admin_is_on_the_batch_details_pop_up_w_indow(BatchSteps.java:136)
at ✽.Admin is on the Batch Details Pop Up WIndow(file:///C:/Users/banda/git/Team12_SeleniumHackathon/Team_12_LMS_Oct_2024/./src/test/resources/Features/04Batch.feature:96)
]]>
    </failure>
  </testcase> <!-- runScenario -->
  <testcase classname="io.cucumber.testng.AbstractTestNGCucumberTests" name="runScenario" time="1.275">
    <failure type="io.cucumber.java.PendingException" message="TODO: implement me">
      <![CDATA[io.cucumber.java.PendingException: TODO: implement me
at stepDefinition.BatchSteps.admin_is_on_the_batch_details_pop_up_w_indow(BatchSteps.java:136)
at ✽.Admin is on the Batch Details Pop Up WIndow(file:///C:/Users/banda/git/Team12_SeleniumHackathon/Team_12_LMS_Oct_2024/./src/test/resources/Features/04Batch.feature:101)
]]>
    </failure>
  </testcase> <!-- runScenario -->
  <testcase classname="io.cucumber.testng.AbstractTestNGCucumberTests" name="runScenario" time="1.125">
    <failure type="io.cucumber.java.PendingException" message="TODO: implement me">
      <![CDATA[io.cucumber.java.PendingException: TODO: implement me
at stepDefinition.BatchSteps.admin_is_on_the_batch_details_pop_up_w_indow(BatchSteps.java:136)
at ✽.Admin is on the Batch Details Pop Up WIndow(file:///C:/Users/banda/git/Team12_SeleniumHackathon/Team_12_LMS_Oct_2024/./src/test/resources/Features/04Batch.feature:106)
]]>
    </failure>
  </testcase> <!-- runScenario -->
  <testcase classname="io.cucumber.testng.AbstractTestNGCucumberTests" name="runScenario" time="1.093">
    <failure type="io.cucumber.java.PendingException" message="TODO: implement me">
      <![CDATA[io.cucumber.java.PendingException: TODO: implement me
at stepDefinition.BatchSteps.admin_is_on_batch_page(BatchSteps.java:101)
at ✽.Admin is on batch page(file:///C:/Users/banda/git/Team12_SeleniumHackathon/Team_12_LMS_Oct_2024/./src/test/resources/Features/04Batch.feature:111)
]]>
    </failure>
  </testcase> <!-- runScenario -->
  <testcase classname="io.cucumber.testng.AbstractTestNGCucumberTests" name="runScenario" time="1.177">
    <failure type="io.cucumber.java.PendingException" message="TODO: implement me">
      <![CDATA[io.cucumber.java.PendingException: TODO: implement me
at stepDefinition.BatchSteps.admin_is_on_batch_page(BatchSteps.java:101)
at ✽.Admin is on batch page(file:///C:/Users/banda/git/Team12_SeleniumHackathon/Team_12_LMS_Oct_2024/./src/test/resources/Features/04Batch.feature:116)
]]>
    </failure>
  </testcase> <!-- runScenario -->
  <testcase classname="io.cucumber.testng.AbstractTestNGCucumberTests" name="runScenario" time="1.262">
    <failure type="io.cucumber.java.PendingException" message="TODO: implement me">
      <![CDATA[io.cucumber.java.PendingException: TODO: implement me
at stepDefinition.BatchSteps.admin_is_on_batch_page(BatchSteps.java:101)
at ✽.Admin is on batch page(file:///C:/Users/banda/git/Team12_SeleniumHackathon/Team_12_LMS_Oct_2024/./src/test/resources/Features/04Batch.feature:121)
]]>
    </failure>
  </testcase> <!-- runScenario -->
  <testcase classname="io.cucumber.testng.AbstractTestNGCucumberTests" name="runScenario" time="1.224">
    <failure type="io.cucumber.java.PendingException" message="TODO: implement me">
      <![CDATA[io.cucumber.java.PendingException: TODO: implement me
at stepDefinition.BatchSteps.admin_is_on_the_batch_details_page(BatchSteps.java:268)
at ✽.Admin is on the Batch Details Page(file:///C:/Users/banda/git/Team12_SeleniumHackathon/Team_12_LMS_Oct_2024/./src/test/resources/Features/04Batch.feature:126)
]]>
    </failure>
  </testcase> <!-- runScenario -->
  <testcase classname="io.cucumber.testng.AbstractTestNGCucumberTests" name="runScenario" time="1.415">
    <failure type="io.cucumber.java.PendingException" message="TODO: implement me">
      <![CDATA[io.cucumber.java.PendingException: TODO: implement me
at stepDefinition.BatchSteps.admin_is_on_the_batch_details_page(BatchSteps.java:268)
at ✽.Admin is on the Batch Details Page(file:///C:/Users/banda/git/Team12_SeleniumHackathon/Team_12_LMS_Oct_2024/./src/test/resources/Features/04Batch.feature:131)
]]>
    </failure>
  </testcase> <!-- runScenario -->
  <testcase classname="io.cucumber.testng.AbstractTestNGCucumberTests" name="runScenario" time="1.204">
    <failure type="io.cucumber.java.PendingException" message="TODO: implement me">
      <![CDATA[io.cucumber.java.PendingException: TODO: implement me
at stepDefinition.BatchSteps.admin_is_on_the_batch_details_page(BatchSteps.java:268)
at ✽.Admin is on the Batch Details Page(file:///C:/Users/banda/git/Team12_SeleniumHackathon/Team_12_LMS_Oct_2024/./src/test/resources/Features/04Batch.feature:136)
]]>
    </failure>
  </testcase> <!-- runScenario -->
  <testcase classname="io.cucumber.testng.AbstractTestNGCucumberTests" name="runScenario" time="1.048">
    <failure type="io.cucumber.java.PendingException" message="TODO: implement me">
      <![CDATA[io.cucumber.java.PendingException: TODO: implement me
at stepDefinition.BatchSteps.admin_clicks_the_delete_icon_on_any_row(BatchSteps.java:298)
at ✽.Admin clicks the delete Icon on any row(file:///C:/Users/banda/git/Team12_SeleniumHackathon/Team_12_LMS_Oct_2024/./src/test/resources/Features/04Batch.feature:143)
]]>
    </failure>
  </testcase> <!-- runScenario -->
  <testcase classname="io.cucumber.testng.AbstractTestNGCucumberTests" name="runScenario" time="1.126">
    <failure type="io.cucumber.java.PendingException" message="TODO: implement me">
      <![CDATA[io.cucumber.java.PendingException: TODO: implement me
at stepDefinition.BatchSteps.admin_is_on_the_batch_confirm_popup_page(BatchSteps.java:310)
at ✽.Admin is on the batch confirm popup page(file:///C:/Users/banda/git/Team12_SeleniumHackathon/Team_12_LMS_Oct_2024/./src/test/resources/Features/04Batch.feature:147)
]]>
    </failure>
  </testcase> <!-- runScenario -->
  <testcase classname="io.cucumber.testng.AbstractTestNGCucumberTests" name="runScenario" time="1.28">
    <failure type="io.cucumber.java.PendingException" message="TODO: implement me">
      <![CDATA[io.cucumber.java.PendingException: TODO: implement me
at stepDefinition.BatchSteps.admin_is_on_the_batch_confirm_popup_page(BatchSteps.java:310)
at ✽.Admin is on the batch confirm popup page(file:///C:/Users/banda/git/Team12_SeleniumHackathon/Team_12_LMS_Oct_2024/./src/test/resources/Features/04Batch.feature:152)
]]>
    </failure>
  </testcase> <!-- runScenario -->
  <testcase classname="io.cucumber.testng.AbstractTestNGCucumberTests" name="runScenario" time="1.266">
    <failure type="io.cucumber.java.PendingException" message="TODO: implement me">
      <![CDATA[io.cucumber.java.PendingException: TODO: implement me
at stepDefinition.BatchSteps.admin_is_on_the_batch_confirm_popup_page(BatchSteps.java:310)
at ✽.Admin is on the batch confirm popup page(file:///C:/Users/banda/git/Team12_SeleniumHackathon/Team_12_LMS_Oct_2024/./src/test/resources/Features/04Batch.feature:157)
]]>
    </failure>
  </testcase> <!-- runScenario -->
  <testcase classname="io.cucumber.testng.AbstractTestNGCucumberTests" name="runScenario" time="1.259">
    <failure type="io.cucumber.java.PendingException" message="TODO: implement me">
      <![CDATA[io.cucumber.java.PendingException: TODO: implement me
at stepDefinition.BatchSteps.admin_is_on_batch_page(BatchSteps.java:101)
at ✽.Admin is on batch page(file:///C:/Users/banda/git/Team12_SeleniumHackathon/Team_12_LMS_Oct_2024/./src/test/resources/Features/04Batch.feature:163)
]]>
    </failure>
  </testcase> <!-- runScenario -->
  <testcase classname="io.cucumber.testng.AbstractTestNGCucumberTests" name="runScenario" time="1.371">
    <failure type="io.cucumber.java.PendingException" message="TODO: implement me">
      <![CDATA[io.cucumber.java.PendingException: TODO: implement me
at stepDefinition.BatchSteps.admin_is_on_batch_page(BatchSteps.java:101)
at ✽.Admin is on batch page(file:///C:/Users/banda/git/Team12_SeleniumHackathon/Team_12_LMS_Oct_2024/./src/test/resources/Features/04Batch.feature:168)
]]>
    </failure>
  </testcase> <!-- runScenario -->
  <testcase classname="io.cucumber.testng.AbstractTestNGCucumberTests" name="runScenario" time="1.512">
    <failure type="io.cucumber.java.PendingException" message="TODO: implement me">
      <![CDATA[io.cucumber.java.PendingException: TODO: implement me
at stepDefinition.BatchSteps.admin_is_on_batch_page(BatchSteps.java:101)
at ✽.Admin is on batch page(file:///C:/Users/banda/git/Team12_SeleniumHackathon/Team_12_LMS_Oct_2024/./src/test/resources/Features/04Batch.feature:173)
]]>
    </failure>
  </testcase> <!-- runScenario -->
  <testcase classname="io.cucumber.testng.AbstractTestNGCucumberTests" name="runScenario" time="1.256">
    <failure type="io.cucumber.java.PendingException" message="TODO: implement me">
      <![CDATA[io.cucumber.java.PendingException: TODO: implement me
at stepDefinition.BatchSteps.admin_is_on_batch_page(BatchSteps.java:101)
at ✽.Admin is on batch page(file:///C:/Users/banda/git/Team12_SeleniumHackathon/Team_12_LMS_Oct_2024/./src/test/resources/Features/04Batch.feature:178)
]]>
    </failure>
  </testcase> <!-- runScenario -->
  <testcase classname="io.cucumber.testng.AbstractTestNGCucumberTests" name="runScenario" time="1.159">
    <failure type="io.cucumber.java.PendingException" message="TODO: implement me">
      <![CDATA[io.cucumber.java.PendingException: TODO: implement me
at stepDefinition.BatchSteps.admin_is_on_batch_page(BatchSteps.java:101)
at ✽.Admin is on batch page(file:///C:/Users/banda/git/Team12_SeleniumHackathon/Team_12_LMS_Oct_2024/./src/test/resources/Features/04Batch.feature:183)
]]>
    </failure>
  </testcase> <!-- runScenario -->
  <testcase classname="io.cucumber.testng.AbstractTestNGCucumberTests" name="runScenario" time="1.264">
    <failure type="io.cucumber.java.PendingException" message="TODO: implement me">
      <![CDATA[io.cucumber.java.PendingException: TODO: implement me
at stepDefinition.BatchSteps.admin_is_on_batch_page(BatchSteps.java:101)
at ✽.Admin is on batch page(file:///C:/Users/banda/git/Team12_SeleniumHackathon/Team_12_LMS_Oct_2024/./src/test/resources/Features/04Batch.feature:188)
]]>
    </failure>
  </testcase> <!-- runScenario -->
  <testcase classname="io.cucumber.testng.AbstractTestNGCucumberTests" name="runScenario" time="1.346">
    <failure type="io.cucumber.java.PendingException" message="TODO: implement me">
      <![CDATA[io.cucumber.java.PendingException: TODO: implement me
at stepDefinition.BatchSteps.admin_is_on_batch_page(BatchSteps.java:101)
at ✽.Admin is on batch page(file:///C:/Users/banda/git/Team12_SeleniumHackathon/Team_12_LMS_Oct_2024/./src/test/resources/Features/04Batch.feature:194)
]]>
    </failure>
  </testcase> <!-- runScenario -->
  <testcase classname="io.cucumber.testng.AbstractTestNGCucumberTests" name="runScenario" time="1.301">
    <failure type="io.cucumber.java.PendingException" message="TODO: implement me">
      <![CDATA[io.cucumber.java.PendingException: TODO: implement me
at stepDefinition.BatchSteps.admin_is_on_batch_page(BatchSteps.java:101)
at ✽.Admin is on batch page(file:///C:/Users/banda/git/Team12_SeleniumHackathon/Team_12_LMS_Oct_2024/./src/test/resources/Features/04Batch.feature:200)
]]>
    </failure>
  </testcase> <!-- runScenario -->
  <testcase classname="io.cucumber.testng.AbstractTestNGCucumberTests" name="runScenario" time="7.238"/>
  <testcase classname="io.cucumber.testng.AbstractTestNGCucumberTests" name="runScenario" time="3.422">
    <failure type="java.lang.NullPointerException" message="Cannot invoke &amp;quot;org.openqa.selenium.WebDriver.getWindowHandle()&amp;quot; because &amp;quot;pageObjectModel.ClassPage.driver&amp;quot; is null">
      <![CDATA[java.lang.NullPointerException: Cannot invoke "org.openqa.selenium.WebDriver.getWindowHandle()" because "pageObjectModel.ClassPage.driver" is null
at pageObjectModel.ClassPage.switchtoPopUp(ClassPage.java:136)
at stepDefinition.ClassSteps.userhb_is_redirected_to_validate_ui_of_add_a_new_class_popup(ClassSteps.java:95)
at ✽.Userhb is redirected to validate UI of Add a new Class popup(file:///C:/Users/banda/git/Team12_SeleniumHackathon/Team_12_LMS_Oct_2024/./src/test/resources/Features/05Class.feature:14)
]]>
    </failure>
  </testcase> <!-- runScenario -->
  <testcase classname="io.cucumber.testng.AbstractTestNGCucumberTests" name="runScenario" time="0.044">
    <failure type="java.lang.NullPointerException" message="Cannot invoke &amp;quot;org.openqa.selenium.WebDriver.getWindowHandle()&amp;quot; because &amp;quot;pageObjectModel.ClassPage.driver&amp;quot; is null">
      <![CDATA[java.lang.NullPointerException: Cannot invoke "org.openqa.selenium.WebDriver.getWindowHandle()" because "pageObjectModel.ClassPage.driver" is null
at pageObjectModel.ClassPage.switchtoPopUp(ClassPage.java:136)
at stepDefinition.ClassSteps.userhb_is_in_manage_classpage(ClassSteps.java:104)
at ✽.userhb is in manage classpage(file:///C:/Users/banda/git/Team12_SeleniumHackathon/Team_12_LMS_Oct_2024/./src/test/resources/Features/05Class.feature:18)
]]>
    </failure>
  </testcase> <!-- runScenario -->
  <testcase classname="io.cucumber.testng.AbstractTestNGCucumberTests" name="runScenario" time="0.06">
    <failure type="java.lang.NullPointerException" message="Cannot invoke &amp;quot;org.openqa.selenium.WebDriver.getWindowHandle()&amp;quot; because &amp;quot;pageObjectModel.ClassPage.driver&amp;quot; is null">
      <![CDATA[java.lang.NullPointerException: Cannot invoke "org.openqa.selenium.WebDriver.getWindowHandle()" because "pageObjectModel.ClassPage.driver" is null
at pageObjectModel.ClassPage.switchtoPopUp(ClassPage.java:136)
at stepDefinition.ClassSteps.userhb_is_in_manage_classpage(ClassSteps.java:104)
at ✽.userhb is in manage classpage(file:///C:/Users/banda/git/Team12_SeleniumHackathon/Team_12_LMS_Oct_2024/./src/test/resources/Features/05Class.feature:23)
]]>
    </failure>
  </testcase> <!-- runScenario -->
  <testcase classname="io.cucumber.testng.AbstractTestNGCucumberTests" name="runScenario" time="0.073">
    <failure type="java.lang.NullPointerException" message="Cannot invoke &amp;quot;org.openqa.selenium.WebDriver.getWindowHandle()&amp;quot; because &amp;quot;pageObjectModel.ClassPage.driver&amp;quot; is null">
      <![CDATA[java.lang.NullPointerException: Cannot invoke "org.openqa.selenium.WebDriver.getWindowHandle()" because "pageObjectModel.ClassPage.driver" is null
at pageObjectModel.ClassPage.switchtoPopUp(ClassPage.java:136)
at stepDefinition.ClassSteps.userhb_is_in_manage_classpage(ClassSteps.java:104)
at ✽.userhb is in manage classpage(file:///C:/Users/banda/git/Team12_SeleniumHackathon/Team_12_LMS_Oct_2024/./src/test/resources/Features/05Class.feature:28)
]]>
    </failure>
  </testcase> <!-- runScenario -->
  <testcase classname="io.cucumber.testng.AbstractTestNGCucumberTests" name="runScenario" time="0.04">
    <failure type="java.lang.NullPointerException" message="Cannot invoke &amp;quot;org.openqa.selenium.WebDriver.getWindowHandle()&amp;quot; because &amp;quot;pageObjectModel.ClassPage.driver&amp;quot; is null">
      <![CDATA[java.lang.NullPointerException: Cannot invoke "org.openqa.selenium.WebDriver.getWindowHandle()" because "pageObjectModel.ClassPage.driver" is null
at pageObjectModel.ClassPage.switchtoPopUp(ClassPage.java:136)
at stepDefinition.ClassSteps.userhb_is_in_manage_classpage(ClassSteps.java:104)
at ✽.userhb is in manage classpage(file:///C:/Users/banda/git/Team12_SeleniumHackathon/Team_12_LMS_Oct_2024/./src/test/resources/Features/05Class.feature:33)
]]>
    </failure>
  </testcase> <!-- runScenario -->
  <testcase classname="io.cucumber.testng.AbstractTestNGCucumberTests" name="runScenario" time="0.038">
    <failure type="java.lang.NullPointerException" message="Cannot invoke &amp;quot;org.openqa.selenium.WebDriver.getWindowHandle()&amp;quot; because &amp;quot;pageObjectModel.ClassPage.driver&amp;quot; is null">
      <![CDATA[java.lang.NullPointerException: Cannot invoke "org.openqa.selenium.WebDriver.getWindowHandle()" because "pageObjectModel.ClassPage.driver" is null
at pageObjectModel.ClassPage.switchtoPopUp(ClassPage.java:136)
at stepDefinition.ClassSteps.userhb_is_in_manage_classpage(ClassSteps.java:104)
at ✽.userhb is in manage classpage(file:///C:/Users/banda/git/Team12_SeleniumHackathon/Team_12_LMS_Oct_2024/./src/test/resources/Features/05Class.feature:39)
]]>
    </failure>
  </testcase> <!-- runScenario -->
  <testcase classname="io.cucumber.testng.AbstractTestNGCucumberTests" name="runScenario" time="1.263">
    <failure type="org.openqa.selenium.ElementClickInterceptedException" message="element click intercepted: Element &amp;lt;span class=&amp;quot;mat-button-wrapper&amp;quot;&amp;gt;...&amp;lt;/span&amp;gt; is not clickable at point (1312, 31). Other element would receive the click: &amp;lt;div class=&amp;quot;ng-tns-c168-7 p-dialog-mask p-component-overlay p-dialog-mask-scrollblocker ng-star-inserted&amp;quot; ng-reflect-ng-class=&amp;quot;[object Object]&amp;quot; style=&amp;quot;z-index: 1000;&amp;quot;&amp;gt;...&amp;lt;/div&amp;gt;
  (Session info: chrome=130.0.6723.70)
Build info: version: &amp;apos;4.11.0&amp;apos;, revision: &amp;apos;040bc5406b&amp;apos;
System info: os.name: &amp;apos;Windows 11&amp;apos;, os.arch: &amp;apos;amd64&amp;apos;, os.version: &amp;apos;10.0&amp;apos;, java.version: &amp;apos;17.0.7&amp;apos;
Driver info: org.openqa.selenium.chrome.ChromeDriver
Command: [73ff715d4e9facfef584313e7cf941b6, clickElement {id=f.E574B401B2B9A599809FF0349E503009.d.F228EBF7998070DA1F805674CFAB00C5.e.847}]
Capabilities {acceptInsecureCerts: false, browserName: chrome, browserVersion: 130.0.6723.70, chrome: {chromedriverVersion: 130.0.6723.69 (3ec172b971b9..., userDataDir: C:\Users\banda\AppData\Loca...}, fedcm:accounts: true, goog:chromeOptions: {debuggerAddress: localhost:57362}, networkConnectionEnabled: false, pageLoadStrategy: normal, platformName: windows, proxy: Proxy(), se:cdp: ws://localhost:57362/devtoo..., se:cdpVersion: 130.0.6723.70, setWindowRect: true, strictFileInteractability: false, timeouts: {implicit: 0, pageLoad: 300000, script: 30000}, unhandledPromptBehavior: dismiss and notify, webauthn:extension:credBlob: true, webauthn:extension:largeBlob: true, webauthn:extension:minPinLength: true, webauthn:extension:prf: true, webauthn:virtualAuthenticators: true}
Element: [[ChromeDriver: chrome on windows (73ff715d4e9facfef584313e7cf941b6)] -&amp;gt; xpath: //span[normalize-space()=&amp;apos;Batch&amp;apos;]]
Session ID: 73ff715d4e9facfef584313e7cf941b6">
      <![CDATA[org.openqa.selenium.ElementClickInterceptedException: element click intercepted: Element <span class="mat-button-wrapper">...</span> is not clickable at point (1312, 31). Other element would receive the click: <div class="ng-tns-c168-7 p-dialog-mask p-component-overlay p-dialog-mask-scrollblocker ng-star-inserted" ng-reflect-ng-class="[object Object]" style="z-index: 1000;">...</div>
  (Session info: chrome=130.0.6723.70)
Build info: version: '4.11.0', revision: '040bc5406b'
System info: os.name: 'Windows 11', os.arch: 'amd64', os.version: '10.0', java.version: '17.0.7'
Driver info: org.openqa.selenium.chrome.ChromeDriver
Command: [73ff715d4e9facfef584313e7cf941b6, clickElement {id=f.E574B401B2B9A599809FF0349E503009.d.F228EBF7998070DA1F805674CFAB00C5.e.847}]
Capabilities {acceptInsecureCerts: false, browserName: chrome, browserVersion: 130.0.6723.70, chrome: {chromedriverVersion: 130.0.6723.69 (3ec172b971b9..., userDataDir: C:\Users\banda\AppData\Loca...}, fedcm:accounts: true, goog:chromeOptions: {debuggerAddress: localhost:57362}, networkConnectionEnabled: false, pageLoadStrategy: normal, platformName: windows, proxy: Proxy(), se:cdp: ws://localhost:57362/devtoo..., se:cdpVersion: 130.0.6723.70, setWindowRect: true, strictFileInteractability: false, timeouts: {implicit: 0, pageLoad: 300000, script: 30000}, unhandledPromptBehavior: dismiss and notify, webauthn:extension:credBlob: true, webauthn:extension:largeBlob: true, webauthn:extension:minPinLength: true, webauthn:extension:prf: true, webauthn:virtualAuthenticators: true}
Element: [[ChromeDriver: chrome on windows (73ff715d4e9facfef584313e7cf941b6)] -> xpath: //span[normalize-space()='Batch']]
Session ID: 73ff715d4e9facfef584313e7cf941b6
at java.base/jdk.internal.reflect.NativeConstructorAccessorImpl.newInstance0(Native Method)
at java.base/jdk.internal.reflect.NativeConstructorAccessorImpl.newInstance(NativeConstructorAccessorImpl.java:77)
at java.base/jdk.internal.reflect.DelegatingConstructorAccessorImpl.newInstance(DelegatingConstructorAccessorImpl.java:45)
at java.base/java.lang.reflect.Constructor.newInstanceWithCaller(Constructor.java:499)
at java.base/java.lang.reflect.Constructor.newInstance(Constructor.java:480)
at org.openqa.selenium.remote.codec.w3c.W3CHttpResponseCodec.createException(W3CHttpResponseCodec.java:200)
at org.openqa.selenium.remote.codec.w3c.W3CHttpResponseCodec.decode(W3CHttpResponseCodec.java:133)
at org.openqa.selenium.remote.codec.w3c.W3CHttpResponseCodec.decode(W3CHttpResponseCodec.java:52)
at org.openqa.selenium.remote.HttpCommandExecutor.execute(HttpCommandExecutor.java:191)
at org.openqa.selenium.remote.service.DriverCommandExecutor.invokeExecute(DriverCommandExecutor.java:196)
at org.openqa.selenium.remote.service.DriverCommandExecutor.execute(DriverCommandExecutor.java:171)
at org.openqa.selenium.remote.RemoteWebDriver.execute(RemoteWebDriver.java:518)
at org.openqa.selenium.remote.RemoteWebElement.execute(RemoteWebElement.java:224)
at org.openqa.selenium.remote.RemoteWebElement.click(RemoteWebElement.java:77)
at jdk.internal.reflect.GeneratedMethodAccessor159.invoke(Unknown Source)
at java.base/jdk.internal.reflect.DelegatingMethodAccessorImpl.invoke(DelegatingMethodAccessorImpl.java:43)
at java.base/java.lang.reflect.Method.invoke(Method.java:568)
at org.openqa.selenium.support.pagefactory.internal.LocatingElementHandler.invoke(LocatingElementHandler.java:51)
at jdk.proxy2/jdk.proxy2.$Proxy40.click(Unknown Source)
at pageObjectModel.ClassPage.click_batchTab(ClassPage.java:211)
at stepDefinition.ClassSteps.userhb_clicks_batch_button(ClassSteps.java:178)
at ✽.userhb clicks batch button(file:///C:/Users/banda/git/Team12_SeleniumHackathon/Team_12_LMS_Oct_2024/./src/test/resources/Features/05Class.feature:45)
]]>
    </failure>
  </testcase> <!-- runScenario -->
  <testcase classname="io.cucumber.testng.AbstractTestNGCucumberTests" name="runScenario" time="1.298">
    <failure type="org.openqa.selenium.ElementClickInterceptedException" message="element click intercepted: Element &amp;lt;span class=&amp;quot;mat-button-wrapper&amp;quot;&amp;gt;...&amp;lt;/span&amp;gt; is not clickable at point (1379, 31). Other element would receive the click: &amp;lt;div class=&amp;quot;ng-tns-c168-7 p-dialog-mask p-component-overlay p-dialog-mask-scrollblocker ng-star-inserted&amp;quot; ng-reflect-ng-class=&amp;quot;[object Object]&amp;quot; style=&amp;quot;z-index: 1000;&amp;quot;&amp;gt;...&amp;lt;/div&amp;gt;
  (Session info: chrome=130.0.6723.70)
Build info: version: &amp;apos;4.11.0&amp;apos;, revision: &amp;apos;040bc5406b&amp;apos;
System info: os.name: &amp;apos;Windows 11&amp;apos;, os.arch: &amp;apos;amd64&amp;apos;, os.version: &amp;apos;10.0&amp;apos;, java.version: &amp;apos;17.0.7&amp;apos;
Driver info: org.openqa.selenium.chrome.ChromeDriver
Command: [73ff715d4e9facfef584313e7cf941b6, clickElement {id=f.E574B401B2B9A599809FF0349E503009.d.F228EBF7998070DA1F805674CFAB00C5.e.793}]
Capabilities {acceptInsecureCerts: false, browserName: chrome, browserVersion: 130.0.6723.70, chrome: {chromedriverVersion: 130.0.6723.69 (3ec172b971b9..., userDataDir: C:\Users\banda\AppData\Loca...}, fedcm:accounts: true, goog:chromeOptions: {debuggerAddress: localhost:57362}, networkConnectionEnabled: false, pageLoadStrategy: normal, platformName: windows, proxy: Proxy(), se:cdp: ws://localhost:57362/devtoo..., se:cdpVersion: 130.0.6723.70, setWindowRect: true, strictFileInteractability: false, timeouts: {implicit: 0, pageLoad: 300000, script: 30000}, unhandledPromptBehavior: dismiss and notify, webauthn:extension:credBlob: true, webauthn:extension:largeBlob: true, webauthn:extension:minPinLength: true, webauthn:extension:prf: true, webauthn:virtualAuthenticators: true}
Element: [[ChromeDriver: chrome on windows (73ff715d4e9facfef584313e7cf941b6)] -&amp;gt; xpath: //span[normalize-space()=&amp;apos;Class&amp;apos;]]
Session ID: 73ff715d4e9facfef584313e7cf941b6">
      <![CDATA[org.openqa.selenium.ElementClickInterceptedException: element click intercepted: Element <span class="mat-button-wrapper">...</span> is not clickable at point (1379, 31). Other element would receive the click: <div class="ng-tns-c168-7 p-dialog-mask p-component-overlay p-dialog-mask-scrollblocker ng-star-inserted" ng-reflect-ng-class="[object Object]" style="z-index: 1000;">...</div>
  (Session info: chrome=130.0.6723.70)
Build info: version: '4.11.0', revision: '040bc5406b'
System info: os.name: 'Windows 11', os.arch: 'amd64', os.version: '10.0', java.version: '17.0.7'
Driver info: org.openqa.selenium.chrome.ChromeDriver
Command: [73ff715d4e9facfef584313e7cf941b6, clickElement {id=f.E574B401B2B9A599809FF0349E503009.d.F228EBF7998070DA1F805674CFAB00C5.e.793}]
Capabilities {acceptInsecureCerts: false, browserName: chrome, browserVersion: 130.0.6723.70, chrome: {chromedriverVersion: 130.0.6723.69 (3ec172b971b9..., userDataDir: C:\Users\banda\AppData\Loca...}, fedcm:accounts: true, goog:chromeOptions: {debuggerAddress: localhost:57362}, networkConnectionEnabled: false, pageLoadStrategy: normal, platformName: windows, proxy: Proxy(), se:cdp: ws://localhost:57362/devtoo..., se:cdpVersion: 130.0.6723.70, setWindowRect: true, strictFileInteractability: false, timeouts: {implicit: 0, pageLoad: 300000, script: 30000}, unhandledPromptBehavior: dismiss and notify, webauthn:extension:credBlob: true, webauthn:extension:largeBlob: true, webauthn:extension:minPinLength: true, webauthn:extension:prf: true, webauthn:virtualAuthenticators: true}
Element: [[ChromeDriver: chrome on windows (73ff715d4e9facfef584313e7cf941b6)] -> xpath: //span[normalize-space()='Class']]
Session ID: 73ff715d4e9facfef584313e7cf941b6
at jdk.internal.reflect.GeneratedConstructorAccessor40.newInstance(Unknown Source)
at java.base/jdk.internal.reflect.DelegatingConstructorAccessorImpl.newInstance(DelegatingConstructorAccessorImpl.java:45)
at java.base/java.lang.reflect.Constructor.newInstanceWithCaller(Constructor.java:499)
at java.base/java.lang.reflect.Constructor.newInstance(Constructor.java:480)
at org.openqa.selenium.remote.codec.w3c.W3CHttpResponseCodec.createException(W3CHttpResponseCodec.java:200)
at org.openqa.selenium.remote.codec.w3c.W3CHttpResponseCodec.decode(W3CHttpResponseCodec.java:133)
at org.openqa.selenium.remote.codec.w3c.W3CHttpResponseCodec.decode(W3CHttpResponseCodec.java:52)
at org.openqa.selenium.remote.HttpCommandExecutor.execute(HttpCommandExecutor.java:191)
at org.openqa.selenium.remote.service.DriverCommandExecutor.invokeExecute(DriverCommandExecutor.java:196)
at org.openqa.selenium.remote.service.DriverCommandExecutor.execute(DriverCommandExecutor.java:171)
at org.openqa.selenium.remote.RemoteWebDriver.execute(RemoteWebDriver.java:518)
at org.openqa.selenium.remote.RemoteWebElement.execute(RemoteWebElement.java:224)
at org.openqa.selenium.remote.RemoteWebElement.click(RemoteWebElement.java:77)
at jdk.internal.reflect.GeneratedMethodAccessor159.invoke(Unknown Source)
at java.base/jdk.internal.reflect.DelegatingMethodAccessorImpl.invoke(DelegatingMethodAccessorImpl.java:43)
at java.base/java.lang.reflect.Method.invoke(Method.java:568)
at org.openqa.selenium.support.pagefactory.internal.LocatingElementHandler.invoke(LocatingElementHandler.java:51)
at jdk.proxy2/jdk.proxy2.$Proxy40.click(Unknown Source)
at pageObjectModel.ClassPage.click_classTab(ClassPage.java:205)
at stepDefinition.ClassSteps.userhb_clicks_class_button(ClassSteps.java:193)
at ✽.userhb clicks class button(file:///C:/Users/banda/git/Team12_SeleniumHackathon/Team_12_LMS_Oct_2024/./src/test/resources/Features/05Class.feature:50)
]]>
    </failure>
  </testcase> <!-- runScenario -->
  <testcase classname="io.cucumber.testng.AbstractTestNGCucumberTests" name="runScenario" time="1.311">
    <failure type="org.openqa.selenium.ElementClickInterceptedException" message="element click intercepted: Element &amp;lt;span class=&amp;quot;mat-button-wrapper&amp;quot;&amp;gt;...&amp;lt;/span&amp;gt; is not clickable at point (1312, 31). Other element would receive the click: &amp;lt;div class=&amp;quot;ng-tns-c168-7 p-dialog-mask p-component-overlay p-dialog-mask-scrollblocker ng-star-inserted&amp;quot; ng-reflect-ng-class=&amp;quot;[object Object]&amp;quot; style=&amp;quot;z-index: 1000;&amp;quot;&amp;gt;...&amp;lt;/div&amp;gt;
  (Session info: chrome=130.0.6723.70)
Build info: version: &amp;apos;4.11.0&amp;apos;, revision: &amp;apos;040bc5406b&amp;apos;
System info: os.name: &amp;apos;Windows 11&amp;apos;, os.arch: &amp;apos;amd64&amp;apos;, os.version: &amp;apos;10.0&amp;apos;, java.version: &amp;apos;17.0.7&amp;apos;
Driver info: org.openqa.selenium.chrome.ChromeDriver
Command: [73ff715d4e9facfef584313e7cf941b6, clickElement {id=f.E574B401B2B9A599809FF0349E503009.d.F228EBF7998070DA1F805674CFAB00C5.e.847}]
Capabilities {acceptInsecureCerts: false, browserName: chrome, browserVersion: 130.0.6723.70, chrome: {chromedriverVersion: 130.0.6723.69 (3ec172b971b9..., userDataDir: C:\Users\banda\AppData\Loca...}, fedcm:accounts: true, goog:chromeOptions: {debuggerAddress: localhost:57362}, networkConnectionEnabled: false, pageLoadStrategy: normal, platformName: windows, proxy: Proxy(), se:cdp: ws://localhost:57362/devtoo..., se:cdpVersion: 130.0.6723.70, setWindowRect: true, strictFileInteractability: false, timeouts: {implicit: 0, pageLoad: 300000, script: 30000}, unhandledPromptBehavior: dismiss and notify, webauthn:extension:credBlob: true, webauthn:extension:largeBlob: true, webauthn:extension:minPinLength: true, webauthn:extension:prf: true, webauthn:virtualAuthenticators: true}
Element: [[ChromeDriver: chrome on windows (73ff715d4e9facfef584313e7cf941b6)] -&amp;gt; xpath: //span[normalize-space()=&amp;apos;Batch&amp;apos;]]
Session ID: 73ff715d4e9facfef584313e7cf941b6">
      <![CDATA[org.openqa.selenium.ElementClickInterceptedException: element click intercepted: Element <span class="mat-button-wrapper">...</span> is not clickable at point (1312, 31). Other element would receive the click: <div class="ng-tns-c168-7 p-dialog-mask p-component-overlay p-dialog-mask-scrollblocker ng-star-inserted" ng-reflect-ng-class="[object Object]" style="z-index: 1000;">...</div>
  (Session info: chrome=130.0.6723.70)
Build info: version: '4.11.0', revision: '040bc5406b'
System info: os.name: 'Windows 11', os.arch: 'amd64', os.version: '10.0', java.version: '17.0.7'
Driver info: org.openqa.selenium.chrome.ChromeDriver
Command: [73ff715d4e9facfef584313e7cf941b6, clickElement {id=f.E574B401B2B9A599809FF0349E503009.d.F228EBF7998070DA1F805674CFAB00C5.e.847}]
Capabilities {acceptInsecureCerts: false, browserName: chrome, browserVersion: 130.0.6723.70, chrome: {chromedriverVersion: 130.0.6723.69 (3ec172b971b9..., userDataDir: C:\Users\banda\AppData\Loca...}, fedcm:accounts: true, goog:chromeOptions: {debuggerAddress: localhost:57362}, networkConnectionEnabled: false, pageLoadStrategy: normal, platformName: windows, proxy: Proxy(), se:cdp: ws://localhost:57362/devtoo..., se:cdpVersion: 130.0.6723.70, setWindowRect: true, strictFileInteractability: false, timeouts: {implicit: 0, pageLoad: 300000, script: 30000}, unhandledPromptBehavior: dismiss and notify, webauthn:extension:credBlob: true, webauthn:extension:largeBlob: true, webauthn:extension:minPinLength: true, webauthn:extension:prf: true, webauthn:virtualAuthenticators: true}
Element: [[ChromeDriver: chrome on windows (73ff715d4e9facfef584313e7cf941b6)] -> xpath: //span[normalize-space()='Batch']]
Session ID: 73ff715d4e9facfef584313e7cf941b6
at jdk.internal.reflect.GeneratedConstructorAccessor40.newInstance(Unknown Source)
at java.base/jdk.internal.reflect.DelegatingConstructorAccessorImpl.newInstance(DelegatingConstructorAccessorImpl.java:45)
at java.base/java.lang.reflect.Constructor.newInstanceWithCaller(Constructor.java:499)
at java.base/java.lang.reflect.Constructor.newInstance(Constructor.java:480)
at org.openqa.selenium.remote.codec.w3c.W3CHttpResponseCodec.createException(W3CHttpResponseCodec.java:200)
at org.openqa.selenium.remote.codec.w3c.W3CHttpResponseCodec.decode(W3CHttpResponseCodec.java:133)
at org.openqa.selenium.remote.codec.w3c.W3CHttpResponseCodec.decode(W3CHttpResponseCodec.java:52)
at org.openqa.selenium.remote.HttpCommandExecutor.execute(HttpCommandExecutor.java:191)
at org.openqa.selenium.remote.service.DriverCommandExecutor.invokeExecute(DriverCommandExecutor.java:196)
at org.openqa.selenium.remote.service.DriverCommandExecutor.execute(DriverCommandExecutor.java:171)
at org.openqa.selenium.remote.RemoteWebDriver.execute(RemoteWebDriver.java:518)
at org.openqa.selenium.remote.RemoteWebElement.execute(RemoteWebElement.java:224)
at org.openqa.selenium.remote.RemoteWebElement.click(RemoteWebElement.java:77)
at jdk.internal.reflect.GeneratedMethodAccessor159.invoke(Unknown Source)
at java.base/jdk.internal.reflect.DelegatingMethodAccessorImpl.invoke(DelegatingMethodAccessorImpl.java:43)
at java.base/java.lang.reflect.Method.invoke(Method.java:568)
at org.openqa.selenium.support.pagefactory.internal.LocatingElementHandler.invoke(LocatingElementHandler.java:51)
at jdk.proxy2/jdk.proxy2.$Proxy40.click(Unknown Source)
at pageObjectModel.ClassPage.click_logoutTab(ClassPage.java:214)
at stepDefinition.ClassSteps.userhb_clicks_logout_button(ClassSteps.java:208)
at ✽.userhb clicks logout button(file:///C:/Users/banda/git/Team12_SeleniumHackathon/Team_12_LMS_Oct_2024/./src/test/resources/Features/05Class.feature:55)
]]>
    </failure>
  </testcase> <!-- runScenario -->
</testsuite> <!-- Default test -->
